-- Found xacro: 2.0.4 (/opt/ros/foxy/share/xacro/cmake)
-- Found gazebo_ros: 3.5.0 (/opt/ros/foxy/share/gazebo_ros/cmake)
-- Using PYTHON_EXECUTABLE: /usr/bin/python3
-- Using all available rosidl_typesupport_c: rosidl_typesupport_fastrtps_c;rosidl_typesupport_introspection_c
-- Found rosidl_adapter: 1.2.0 (/opt/ros/foxy/share/rosidl_adapter/cmake)
-- Using all available rosidl_typesupport_cpp: rosidl_typesupport_fastrtps_cpp;rosidl_typesupport_introspection_cpp
-- Found rmw_implementation_cmake: 1.0.2 (/opt/ros/foxy/share/rmw_implementation_cmake/cmake)
-- Using RMW implementation 'rmw_fastrtps_cpp' as default
-- Found DART: /usr/include (Required is at least version "6.6") found components: dart 
-- Found Protobuf: /usr/lib/x86_64-linux-gnu/libprotobuf.so;-lpthread (found version "3.6.1") 
-- Looking for ignition-math6 -- found version 6.8.0
-- Searching for dependencies of ignition-math6
-- Looking for OGRE...
-- Found Ogre Ghadamon (1.9.0)
-- Found OGRE: optimized;/usr/lib/x86_64-linux-gnu/libOgreMain.so;debug;/usr/lib/x86_64-linux-gnu/libOgreMain.so
-- Looking for OGRE_Paging...
-- Found OGRE_Paging: optimized;/usr/lib/x86_64-linux-gnu/libOgrePaging.so;debug;/usr/lib/x86_64-linux-gnu/libOgrePaging.so
-- Looking for OGRE_Terrain...
-- Found OGRE_Terrain: optimized;/usr/lib/x86_64-linux-gnu/libOgreTerrain.so;debug;/usr/lib/x86_64-linux-gnu/libOgreTerrain.so
-- Looking for OGRE_Property...
-- Found OGRE_Property: optimized;/usr/lib/x86_64-linux-gnu/libOgreProperty.so;debug;/usr/lib/x86_64-linux-gnu/libOgreProperty.so
-- Looking for OGRE_RTShaderSystem...
-- Found OGRE_RTShaderSystem: optimized;/usr/lib/x86_64-linux-gnu/libOgreRTShaderSystem.so;debug;/usr/lib/x86_64-linux-gnu/libOgreRTShaderSystem.so
-- Looking for OGRE_Volume...
-- Found OGRE_Volume: optimized;/usr/lib/x86_64-linux-gnu/libOgreVolume.so;debug;/usr/lib/x86_64-linux-gnu/libOgreVolume.so
-- Looking for OGRE_Overlay...
-- Found OGRE_Overlay: optimized;/usr/lib/x86_64-linux-gnu/libOgreOverlay.so;debug;/usr/lib/x86_64-linux-gnu/libOgreOverlay.so
-- Looking for ignition-math6 -- found version 6.8.0
-- Looking for ignition-transport8 -- found version 8.2.0
-- Searching for dependencies of ignition-transport8
-- Found Protobuf: /usr/lib/x86_64-linux-gnu/libprotobuf.so;-lpthread (found suitable version "3.6.1", minimum required is "3") 
-- Config-file not installed for ZeroMQ -- checking for pkg-config
-- Checking for module 'libzmq >= 4'
--   Found libzmq , version 4.3.2
-- Checking for module 'uuid'
--   Found uuid, version 2.34.0
-- Looking for ignition-msgs5 -- found version 5.7.0
-- Searching for dependencies of ignition-msgs5
-- Looking for ignition-math6 -- found version 6.8.0
-- Checking for module 'tinyxml2'
--   Found tinyxml2, version 6.2.0
-- Looking for ignition-msgs5 -- found version 5.7.0
-- Looking for ignition-common3 -- found version 3.11.1
-- Searching for dependencies of ignition-common3
-- Looking for dlfcn.h - found
-- Looking for libdl - found
-- Searching for <ignition-common3> component [graphics]
-- Looking for ignition-common3-graphics -- found version 3.11.1
-- Searching for dependencies of ignition-common3-graphics
-- Looking for ignition-math6 -- found version 6.8.0
-- Looking for ignition-fuel_tools4 -- found version 4.3.0
-- Searching for dependencies of ignition-fuel_tools4
-- Checking for module 'jsoncpp'
--   Found jsoncpp, version 1.7.4
-- Checking for module 'libzip'
--   Found libzip, version 1.5.1
-- Looking for ignition-common3 -- found version 3.11.1
-- Looking for ignition-msgs5 -- found version 5.7.0
-- Gazebo version: 11.3
-- Found wave_gazebo_plugins: 1.3.0 (/home/ruize/dev_ws/install/wave_gazebo_plugins/share/wave_gazebo_plugins/cmake)
-- xacro: determining deps for: worlds/ocean.world.xacro ...
-- xacro: determining deps for: worlds/ocean_buoys.world.xacro ...
-- xacro: determining deps for: worlds/ocean_wamv.world.xacro ...
-- Found ament_lint_auto: 0.9.6 (/opt/ros/foxy/share/ament_lint_auto/cmake)
-- Added test 'copyright' to check source files copyright and LICENSE
-- Added test 'flake8' to check Python code syntax and style conventions
-- Added test 'lint_cmake' to check CMake code style
-- Added test 'pep257' to check Python code against some of the style conventions in PEP 257
-- Added test 'xmllint' to check XML markup files
-- Configuring done
-- Generating done
-- Build files have been written to: /home/ruize/dev_ws/build/wave_gazebo
[100%] Built target wave_gazebo__xacro_auto_generate
[100%] Built target model_erb_generation
-- Install configuration: ""
-- Up-to-date: /home/ruize/dev_ws/install/wave_gazebo/share/wave_gazebo/world_models
-- Up-to-date: /home/ruize/dev_ws/install/wave_gazebo/share/wave_gazebo/world_models/ocean_waves
-- Up-to-date: /home/ruize/dev_ws/install/wave_gazebo/share/wave_gazebo/world_models/ocean_waves/meshes
-- Up-to-date: /home/ruize/dev_ws/install/wave_gazebo/share/wave_gazebo/world_models/ocean_waves/meshes/mesh.dae
-- Up-to-date: /home/ruize/dev_ws/install/wave_gazebo/share/wave_gazebo/world_models/ocean_waves/meshes/mesh_below.dae
-- Up-to-date: /home/ruize/dev_ws/install/wave_gazebo/share/wave_gazebo/world_models/ocean_waves/meshes/mesh.blend
-- Up-to-date: /home/ruize/dev_ws/install/wave_gazebo/share/wave_gazebo/world_models/ocean_waves/model.xacro.erb
-- Up-to-date: /home/ruize/dev_ws/install/wave_gazebo/share/wave_gazebo/world_models/ocean_waves/model.xacro
-- Up-to-date: /home/ruize/dev_ws/install/wave_gazebo/share/wave_gazebo/world_models/ocean_waves/model.config
-- Up-to-date: /home/ruize/dev_ws/install/wave_gazebo/share/wave_gazebo/world_models/ocean_waves/materials
-- Up-to-date: /home/ruize/dev_ws/install/wave_gazebo/share/wave_gazebo/world_models/ocean_waves/materials/programs
-- Up-to-date: /home/ruize/dev_ws/install/wave_gazebo/share/wave_gazebo/world_models/ocean_waves/materials/programs/GerstnerWaves.frag
-- Up-to-date: /home/ruize/dev_ws/install/wave_gazebo/share/wave_gazebo/world_models/ocean_waves/materials/programs/GerstnerWaves.vert
-- Up-to-date: /home/ruize/dev_ws/install/wave_gazebo/share/wave_gazebo/world_models/ocean_waves/materials/scripts
-- Up-to-date: /home/ruize/dev_ws/install/wave_gazebo/share/wave_gazebo/world_models/ocean_waves/materials/scripts/waves.material
-- Up-to-date: /home/ruize/dev_ws/install/wave_gazebo/share/wave_gazebo/world_models/ocean_waves/materials/textures
-- Up-to-date: /home/ruize/dev_ws/install/wave_gazebo/share/wave_gazebo/world_models/ocean_waves/materials/textures/clouds_rt.jpg
-- Up-to-date: /home/ruize/dev_ws/install/wave_gazebo/share/wave_gazebo/world_models/ocean_waves/materials/textures/clouds_dn.jpg
-- Up-to-date: /home/ruize/dev_ws/install/wave_gazebo/share/wave_gazebo/world_models/ocean_waves/materials/textures/clouds_bk.jpg
-- Up-to-date: /home/ruize/dev_ws/install/wave_gazebo/share/wave_gazebo/world_models/ocean_waves/materials/textures/clouds_up.jpg
-- Up-to-date: /home/ruize/dev_ws/install/wave_gazebo/share/wave_gazebo/world_models/ocean_waves/materials/textures/clouds_fr.jpg
-- Up-to-date: /home/ruize/dev_ws/install/wave_gazebo/share/wave_gazebo/world_models/ocean_waves/materials/textures/clouds.jpg
-- Up-to-date: /home/ruize/dev_ws/install/wave_gazebo/share/wave_gazebo/world_models/ocean_waves/materials/textures/wave_normals.dds
-- Up-to-date: /home/ruize/dev_ws/install/wave_gazebo/share/wave_gazebo/world_models/ocean_waves/materials/textures/clouds_lf.jpg
-- Up-to-date: /home/ruize/dev_ws/install/wave_gazebo/share/wave_gazebo/launch
-- Up-to-date: /home/ruize/dev_ws/install/wave_gazebo/share/wave_gazebo/launch/ocean_world.launch.py
-- Up-to-date: /home/ruize/dev_ws/install/wave_gazebo/share/wave_gazebo/launch/ocean_demos.launch.py
-- Up-to-date: /home/ruize/dev_ws/install/wave_gazebo/share/wave_gazebo/launch/ocean_world_buoys.launch.py
-- Up-to-date: /home/ruize/dev_ws/install/wave_gazebo/share/wave_gazebo/launch/wave_wamv.launch.py
-- Up-to-date: /home/ruize/dev_ws/install/wave_gazebo/share/wave_gazebo/worlds/ocean.world
-- Up-to-date: /home/ruize/dev_ws/install/wave_gazebo/share/wave_gazebo/worlds/ocean_buoys.world
-- Up-to-date: /home/ruize/dev_ws/install/wave_gazebo/share/wave_gazebo/worlds/ocean_wamv.world
-- Installing: /home/ruize/dev_ws/install/wave_gazebo/share/ament_index/resource_index/package_run_dependencies/wave_gazebo
-- Up-to-date: /home/ruize/dev_ws/install/wave_gazebo/share/ament_index/resource_index/parent_prefix_path/wave_gazebo
-- Up-to-date: /home/ruize/dev_ws/install/wave_gazebo/share/wave_gazebo/environment/ament_prefix_path.sh
-- Installing: /home/ruize/dev_ws/install/wave_gazebo/share/wave_gazebo/environment/ament_prefix_path.dsv
-- Up-to-date: /home/ruize/dev_ws/install/wave_gazebo/share/wave_gazebo/environment/path.sh
-- Installing: /home/ruize/dev_ws/install/wave_gazebo/share/wave_gazebo/environment/path.dsv
-- Up-to-date: /home/ruize/dev_ws/install/wave_gazebo/share/wave_gazebo/local_setup.bash
-- Up-to-date: /home/ruize/dev_ws/install/wave_gazebo/share/wave_gazebo/local_setup.sh
-- Up-to-date: /home/ruize/dev_ws/install/wave_gazebo/share/wave_gazebo/local_setup.zsh
-- Installing: /home/ruize/dev_ws/install/wave_gazebo/share/wave_gazebo/local_setup.dsv
-- Installing: /home/ruize/dev_ws/install/wave_gazebo/share/wave_gazebo/package.dsv
-- Up-to-date: /home/ruize/dev_ws/install/wave_gazebo/share/ament_index/resource_index/packages/wave_gazebo
-- Up-to-date: /home/ruize/dev_ws/install/wave_gazebo/share/wave_gazebo/cmake/wave_gazeboConfig.cmake
-- Up-to-date: /home/ruize/dev_ws/install/wave_gazebo/share/wave_gazebo/cmake/wave_gazeboConfig-version.cmake
-- Installing: /home/ruize/dev_ws/install/wave_gazebo/share/wave_gazebo/package.xml
