[0.011s] Invoking command in '/home/ruize/dev_ws/build/wave_gazebo': CMAKE_PREFIX_PATH=/home/ruize/dev_ws/install/wave_gazebo_plugins:/home/ruize/dev_ws/install/wave_gazebo:/home/ruize/dev_ws/install/wamv_gazebo:/home/ruize/dev_ws/install/usv_gazebo_plugins:/home/ruize/dev_ws/install/wamv_description:/home/ruize/dev_ws/install/vrx_gazebo:/home/ruize/dev_ws/install/usv_msgs:/home/ruize/px4_ros_com_ros2/install/px4_ros_com:/home/ruize/px4_ros_com_ros2/install/px4_msgs:/opt/ros/foxy LD_LIBRARY_PATH=/home/ruize/dev_ws/install/wave_gazebo_plugins/lib:/home/ruize/dev_ws/install/usv_gazebo_plugins/lib:/home/ruize/dev_ws/install/usv_msgs/lib:/home/ruize/px4_ros_com_ros2/install/px4_ros_com/lib:/home/ruize/px4_ros_com_ros2/install/px4_msgs/lib:/usr/lib/x86_64-linux-gnu/gazebo-11/plugins:/opt/ros/foxy/opt/yaml_cpp_vendor/lib:/opt/ros/foxy/opt/rviz_ogre_vendor/lib:/opt/ros/foxy/lib/x86_64-linux-gnu:/opt/ros/foxy/lib /usr/bin/cmake --build /home/ruize/dev_ws/build/wave_gazebo -- -j4 -l4
[0.031s] -- Found xacro: 2.0.4 (/opt/ros/foxy/share/xacro/cmake)
[0.032s] -- Found gazebo_ros: 3.5.0 (/opt/ros/foxy/share/gazebo_ros/cmake)
[0.047s] -- Using PYTHON_EXECUTABLE: /usr/bin/python3
[0.189s] -- Using all available rosidl_typesupport_c: rosidl_typesupport_fastrtps_c;rosidl_typesupport_introspection_c
[0.191s] -- Found rosidl_adapter: 1.2.0 (/opt/ros/foxy/share/rosidl_adapter/cmake)
[0.280s] -- Using all available rosidl_typesupport_cpp: rosidl_typesupport_fastrtps_cpp;rosidl_typesupport_introspection_cpp
[0.315s] -- Found rmw_implementation_cmake: 1.0.2 (/opt/ros/foxy/share/rmw_implementation_cmake/cmake)
[0.316s] -- Using RMW implementation 'rmw_fastrtps_cpp' as default
[0.456s] -- Found DART: /usr/include (Required is at least version "6.6") found components: dart 
[0.477s] -- Found Protobuf: /usr/lib/x86_64-linux-gnu/libprotobuf.so;-lpthread (found version "3.6.1") 
[0.478s] -- Looking for ignition-math6 -- found version 6.8.0
[0.481s] -- Searching for dependencies of ignition-math6
[0.482s] -- Looking for OGRE...
[0.486s] -- Found Ogre Ghadamon (1.9.0)
[0.486s] -- Found OGRE: optimized;/usr/lib/x86_64-linux-gnu/libOgreMain.so;debug;/usr/lib/x86_64-linux-gnu/libOgreMain.so
[0.494s] -- Looking for OGRE_Paging...
[0.494s] -- Found OGRE_Paging: optimized;/usr/lib/x86_64-linux-gnu/libOgrePaging.so;debug;/usr/lib/x86_64-linux-gnu/libOgrePaging.so
[0.494s] -- Looking for OGRE_Terrain...
[0.494s] -- Found OGRE_Terrain: optimized;/usr/lib/x86_64-linux-gnu/libOgreTerrain.so;debug;/usr/lib/x86_64-linux-gnu/libOgreTerrain.so
[0.494s] -- Looking for OGRE_Property...
[0.494s] -- Found OGRE_Property: optimized;/usr/lib/x86_64-linux-gnu/libOgreProperty.so;debug;/usr/lib/x86_64-linux-gnu/libOgreProperty.so
[0.494s] -- Looking for OGRE_RTShaderSystem...
[0.494s] -- Found OGRE_RTShaderSystem: optimized;/usr/lib/x86_64-linux-gnu/libOgreRTShaderSystem.so;debug;/usr/lib/x86_64-linux-gnu/libOgreRTShaderSystem.so
[0.494s] -- Looking for OGRE_Volume...
[0.494s] -- Found OGRE_Volume: optimized;/usr/lib/x86_64-linux-gnu/libOgreVolume.so;debug;/usr/lib/x86_64-linux-gnu/libOgreVolume.so
[0.494s] -- Looking for OGRE_Overlay...
[0.494s] -- Found OGRE_Overlay: optimized;/usr/lib/x86_64-linux-gnu/libOgreOverlay.so;debug;/usr/lib/x86_64-linux-gnu/libOgreOverlay.so
[0.584s] -- Looking for ignition-math6 -- found version 6.8.0
[0.584s] -- Looking for ignition-transport8 -- found version 8.2.0
[0.584s] -- Searching for dependencies of ignition-transport8
[0.599s] -- Found Protobuf: /usr/lib/x86_64-linux-gnu/libprotobuf.so;-lpthread (found suitable version "3.6.1", minimum required is "3") 
[0.608s] -- Config-file not installed for ZeroMQ -- checking for pkg-config
[0.611s] -- Checking for module 'libzmq >= 4'
[0.625s] --   Found libzmq , version 4.3.2
[0.656s] -- Checking for module 'uuid'
[0.668s] --   Found uuid, version 2.34.0
[0.694s] -- Looking for ignition-msgs5 -- found version 5.7.0
[0.694s] -- Searching for dependencies of ignition-msgs5
[0.711s] -- Looking for ignition-math6 -- found version 6.8.0
[0.714s] -- Checking for module 'tinyxml2'
[0.724s] --   Found tinyxml2, version 6.2.0
[0.749s] -- Looking for ignition-msgs5 -- found version 5.7.0
[0.749s] -- Looking for ignition-common3 -- found version 3.11.1
[0.750s] -- Searching for dependencies of ignition-common3
[0.750s] -- Looking for dlfcn.h - found
[0.750s] -- Looking for libdl - found
[0.756s] -- Searching for <ignition-common3> component [graphics]
[0.756s] -- Looking for ignition-common3-graphics -- found version 3.11.1
[0.756s] -- Searching for dependencies of ignition-common3-graphics
[0.756s] -- Looking for ignition-math6 -- found version 6.8.0
[0.757s] -- Looking for ignition-fuel_tools4 -- found version 4.3.0
[0.758s] -- Searching for dependencies of ignition-fuel_tools4
[0.776s] -- Checking for module 'jsoncpp'
[0.786s] --   Found jsoncpp, version 1.7.4
[0.812s] -- Checking for module 'libzip'
[0.821s] --   Found libzip, version 1.5.1
[0.846s] -- Looking for ignition-common3 -- found version 3.11.1
[0.846s] -- Looking for ignition-msgs5 -- found version 5.7.0
[0.848s] -- Gazebo version: 11.3
[0.853s] -- Found wave_gazebo_plugins: 1.3.0 (/home/ruize/dev_ws/install/wave_gazebo_plugins/share/wave_gazebo_plugins/cmake)
[0.863s] -- xacro: determining deps for: worlds/ocean.world.xacro ...
[0.907s] -- xacro: determining deps for: worlds/ocean_buoys.world.xacro ...
[0.949s] -- xacro: determining deps for: worlds/ocean_wamv.world.xacro ...
[0.995s] -- Found ament_lint_auto: 0.9.6 (/opt/ros/foxy/share/ament_lint_auto/cmake)
[1.056s] -- Added test 'copyright' to check source files copyright and LICENSE
[1.059s] -- Added test 'flake8' to check Python code syntax and style conventions
[1.060s] -- Added test 'lint_cmake' to check CMake code style
[1.061s] -- Added test 'pep257' to check Python code against some of the style conventions in PEP 257
[1.063s] -- Added test 'xmllint' to check XML markup files
[1.066s] -- Configuring done
[1.071s] -- Generating done
[1.073s] -- Build files have been written to: /home/ruize/dev_ws/build/wave_gazebo
[1.101s] [100%] Built target wave_gazebo__xacro_auto_generate
[1.101s] [100%] Built target model_erb_generation
[1.110s] Invoked command in '/home/ruize/dev_ws/build/wave_gazebo' returned '0': CMAKE_PREFIX_PATH=/home/ruize/dev_ws/install/wave_gazebo_plugins:/home/ruize/dev_ws/install/wave_gazebo:/home/ruize/dev_ws/install/wamv_gazebo:/home/ruize/dev_ws/install/usv_gazebo_plugins:/home/ruize/dev_ws/install/wamv_description:/home/ruize/dev_ws/install/vrx_gazebo:/home/ruize/dev_ws/install/usv_msgs:/home/ruize/px4_ros_com_ros2/install/px4_ros_com:/home/ruize/px4_ros_com_ros2/install/px4_msgs:/opt/ros/foxy LD_LIBRARY_PATH=/home/ruize/dev_ws/install/wave_gazebo_plugins/lib:/home/ruize/dev_ws/install/usv_gazebo_plugins/lib:/home/ruize/dev_ws/install/usv_msgs/lib:/home/ruize/px4_ros_com_ros2/install/px4_ros_com/lib:/home/ruize/px4_ros_com_ros2/install/px4_msgs/lib:/usr/lib/x86_64-linux-gnu/gazebo-11/plugins:/opt/ros/foxy/opt/yaml_cpp_vendor/lib:/opt/ros/foxy/opt/rviz_ogre_vendor/lib:/opt/ros/foxy/lib/x86_64-linux-gnu:/opt/ros/foxy/lib /usr/bin/cmake --build /home/ruize/dev_ws/build/wave_gazebo -- -j4 -l4
[1.139s] Invoking command in '/home/ruize/dev_ws/build/wave_gazebo': CMAKE_PREFIX_PATH=/home/ruize/dev_ws/install/wave_gazebo_plugins:/home/ruize/dev_ws/install/wave_gazebo:/home/ruize/dev_ws/install/wamv_gazebo:/home/ruize/dev_ws/install/usv_gazebo_plugins:/home/ruize/dev_ws/install/wamv_description:/home/ruize/dev_ws/install/vrx_gazebo:/home/ruize/dev_ws/install/usv_msgs:/home/ruize/px4_ros_com_ros2/install/px4_ros_com:/home/ruize/px4_ros_com_ros2/install/px4_msgs:/opt/ros/foxy LD_LIBRARY_PATH=/home/ruize/dev_ws/install/wave_gazebo_plugins/lib:/home/ruize/dev_ws/install/usv_gazebo_plugins/lib:/home/ruize/dev_ws/install/usv_msgs/lib:/home/ruize/px4_ros_com_ros2/install/px4_ros_com/lib:/home/ruize/px4_ros_com_ros2/install/px4_msgs/lib:/usr/lib/x86_64-linux-gnu/gazebo-11/plugins:/opt/ros/foxy/opt/yaml_cpp_vendor/lib:/opt/ros/foxy/opt/rviz_ogre_vendor/lib:/opt/ros/foxy/lib/x86_64-linux-gnu:/opt/ros/foxy/lib /usr/bin/cmake --install /home/ruize/dev_ws/build/wave_gazebo
[1.146s] -- Install configuration: ""
[1.146s] -- Up-to-date: /home/ruize/dev_ws/install/wave_gazebo/share/wave_gazebo/world_models
[1.146s] -- Up-to-date: /home/ruize/dev_ws/install/wave_gazebo/share/wave_gazebo/world_models/ocean_waves
[1.146s] -- Up-to-date: /home/ruize/dev_ws/install/wave_gazebo/share/wave_gazebo/world_models/ocean_waves/meshes
[1.146s] -- Up-to-date: /home/ruize/dev_ws/install/wave_gazebo/share/wave_gazebo/world_models/ocean_waves/meshes/mesh.dae
[1.146s] -- Up-to-date: /home/ruize/dev_ws/install/wave_gazebo/share/wave_gazebo/world_models/ocean_waves/meshes/mesh_below.dae
[1.147s] -- Up-to-date: /home/ruize/dev_ws/install/wave_gazebo/share/wave_gazebo/world_models/ocean_waves/meshes/mesh.blend
[1.147s] -- Up-to-date: /home/ruize/dev_ws/install/wave_gazebo/share/wave_gazebo/world_models/ocean_waves/model.xacro.erb
[1.147s] -- Up-to-date: /home/ruize/dev_ws/install/wave_gazebo/share/wave_gazebo/world_models/ocean_waves/model.xacro
[1.147s] -- Up-to-date: /home/ruize/dev_ws/install/wave_gazebo/share/wave_gazebo/world_models/ocean_waves/model.config
[1.147s] -- Up-to-date: /home/ruize/dev_ws/install/wave_gazebo/share/wave_gazebo/world_models/ocean_waves/materials
[1.147s] -- Up-to-date: /home/ruize/dev_ws/install/wave_gazebo/share/wave_gazebo/world_models/ocean_waves/materials/programs
[1.147s] -- Up-to-date: /home/ruize/dev_ws/install/wave_gazebo/share/wave_gazebo/world_models/ocean_waves/materials/programs/GerstnerWaves.frag
[1.147s] -- Up-to-date: /home/ruize/dev_ws/install/wave_gazebo/share/wave_gazebo/world_models/ocean_waves/materials/programs/GerstnerWaves.vert
[1.148s] -- Up-to-date: /home/ruize/dev_ws/install/wave_gazebo/share/wave_gazebo/world_models/ocean_waves/materials/scripts
[1.148s] -- Up-to-date: /home/ruize/dev_ws/install/wave_gazebo/share/wave_gazebo/world_models/ocean_waves/materials/scripts/waves.material
[1.148s] -- Up-to-date: /home/ruize/dev_ws/install/wave_gazebo/share/wave_gazebo/world_models/ocean_waves/materials/textures
[1.148s] -- Up-to-date: /home/ruize/dev_ws/install/wave_gazebo/share/wave_gazebo/world_models/ocean_waves/materials/textures/clouds_rt.jpg
[1.148s] -- Up-to-date: /home/ruize/dev_ws/install/wave_gazebo/share/wave_gazebo/world_models/ocean_waves/materials/textures/clouds_dn.jpg
[1.148s] -- Up-to-date: /home/ruize/dev_ws/install/wave_gazebo/share/wave_gazebo/world_models/ocean_waves/materials/textures/clouds_bk.jpg
[1.148s] -- Up-to-date: /home/ruize/dev_ws/install/wave_gazebo/share/wave_gazebo/world_models/ocean_waves/materials/textures/clouds_up.jpg
[1.148s] -- Up-to-date: /home/ruize/dev_ws/install/wave_gazebo/share/wave_gazebo/world_models/ocean_waves/materials/textures/clouds_fr.jpg
[1.148s] -- Up-to-date: /home/ruize/dev_ws/install/wave_gazebo/share/wave_gazebo/world_models/ocean_waves/materials/textures/clouds.jpg
[1.148s] -- Up-to-date: /home/ruize/dev_ws/install/wave_gazebo/share/wave_gazebo/world_models/ocean_waves/materials/textures/wave_normals.dds
[1.148s] -- Up-to-date: /home/ruize/dev_ws/install/wave_gazebo/share/wave_gazebo/world_models/ocean_waves/materials/textures/clouds_lf.jpg
[1.149s] -- Up-to-date: /home/ruize/dev_ws/install/wave_gazebo/share/wave_gazebo/launch
[1.149s] -- Up-to-date: /home/ruize/dev_ws/install/wave_gazebo/share/wave_gazebo/launch/ocean_world.launch.py
[1.149s] -- Up-to-date: /home/ruize/dev_ws/install/wave_gazebo/share/wave_gazebo/launch/ocean_demos.launch.py
[1.149s] -- Up-to-date: /home/ruize/dev_ws/install/wave_gazebo/share/wave_gazebo/launch/ocean_world_buoys.launch.py
[1.149s] -- Up-to-date: /home/ruize/dev_ws/install/wave_gazebo/share/wave_gazebo/launch/wave_wamv.launch.py
[1.149s] -- Up-to-date: /home/ruize/dev_ws/install/wave_gazebo/share/wave_gazebo/worlds/ocean.world
[1.149s] -- Up-to-date: /home/ruize/dev_ws/install/wave_gazebo/share/wave_gazebo/worlds/ocean_buoys.world
[1.149s] -- Up-to-date: /home/ruize/dev_ws/install/wave_gazebo/share/wave_gazebo/worlds/ocean_wamv.world
[1.149s] -- Installing: /home/ruize/dev_ws/install/wave_gazebo/share/ament_index/resource_index/package_run_dependencies/wave_gazebo
[1.150s] -- Up-to-date: /home/ruize/dev_ws/install/wave_gazebo/share/ament_index/resource_index/parent_prefix_path/wave_gazebo
[1.150s] -- Up-to-date: /home/ruize/dev_ws/install/wave_gazebo/share/wave_gazebo/environment/ament_prefix_path.sh
[1.150s] -- Installing: /home/ruize/dev_ws/install/wave_gazebo/share/wave_gazebo/environment/ament_prefix_path.dsv
[1.151s] -- Up-to-date: /home/ruize/dev_ws/install/wave_gazebo/share/wave_gazebo/environment/path.sh
[1.151s] -- Installing: /home/ruize/dev_ws/install/wave_gazebo/share/wave_gazebo/environment/path.dsv
[1.151s] -- Up-to-date: /home/ruize/dev_ws/install/wave_gazebo/share/wave_gazebo/local_setup.bash
[1.151s] -- Up-to-date: /home/ruize/dev_ws/install/wave_gazebo/share/wave_gazebo/local_setup.sh
[1.151s] -- Up-to-date: /home/ruize/dev_ws/install/wave_gazebo/share/wave_gazebo/local_setup.zsh
[1.151s] -- Installing: /home/ruize/dev_ws/install/wave_gazebo/share/wave_gazebo/local_setup.dsv
[1.151s] -- Installing: /home/ruize/dev_ws/install/wave_gazebo/share/wave_gazebo/package.dsv
[1.152s] -- Up-to-date: /home/ruize/dev_ws/install/wave_gazebo/share/ament_index/resource_index/packages/wave_gazebo
[1.152s] -- Up-to-date: /home/ruize/dev_ws/install/wave_gazebo/share/wave_gazebo/cmake/wave_gazeboConfig.cmake
[1.152s] -- Up-to-date: /home/ruize/dev_ws/install/wave_gazebo/share/wave_gazebo/cmake/wave_gazeboConfig-version.cmake
[1.152s] -- Installing: /home/ruize/dev_ws/install/wave_gazebo/share/wave_gazebo/package.xml
[1.156s] Invoked command in '/home/ruize/dev_ws/build/wave_gazebo' returned '0': CMAKE_PREFIX_PATH=/home/ruize/dev_ws/install/wave_gazebo_plugins:/home/ruize/dev_ws/install/wave_gazebo:/home/ruize/dev_ws/install/wamv_gazebo:/home/ruize/dev_ws/install/usv_gazebo_plugins:/home/ruize/dev_ws/install/wamv_description:/home/ruize/dev_ws/install/vrx_gazebo:/home/ruize/dev_ws/install/usv_msgs:/home/ruize/px4_ros_com_ros2/install/px4_ros_com:/home/ruize/px4_ros_com_ros2/install/px4_msgs:/opt/ros/foxy LD_LIBRARY_PATH=/home/ruize/dev_ws/install/wave_gazebo_plugins/lib:/home/ruize/dev_ws/install/usv_gazebo_plugins/lib:/home/ruize/dev_ws/install/usv_msgs/lib:/home/ruize/px4_ros_com_ros2/install/px4_ros_com/lib:/home/ruize/px4_ros_com_ros2/install/px4_msgs/lib:/usr/lib/x86_64-linux-gnu/gazebo-11/plugins:/opt/ros/foxy/opt/yaml_cpp_vendor/lib:/opt/ros/foxy/opt/rviz_ogre_vendor/lib:/opt/ros/foxy/lib/x86_64-linux-gnu:/opt/ros/foxy/lib /usr/bin/cmake --install /home/ruize/dev_ws/build/wave_gazebo
