-- Found ament_cmake: 0.9.8 (/opt/ros/foxy/share/ament_cmake/cmake)
-- Using PYTHON_EXECUTABLE: /usr/bin/python3
-- Found ament_lint_auto: 0.9.6 (/opt/ros/foxy/share/ament_lint_auto/cmake)
-- Added test 'copyright' to check source files copyright and LICENSE
-- Added test 'lint_cmake' to check CMake code style
-- Added test 'xmllint' to check XML markup files
-- Configuring done
-- Generating done
-- Build files have been written to: /home/ruize/dev_ws/build/usv_gazebo_plugins
-- Install configuration: ""
-- Installing: /home/ruize/dev_ws/install/usv_gazebo_plugins/share/ament_index/resource_index/package_run_dependencies/usv_gazebo_plugins
-- Installing: /home/ruize/dev_ws/install/usv_gazebo_plugins/share/ament_index/resource_index/parent_prefix_path/usv_gazebo_plugins
-- Installing: /home/ruize/dev_ws/install/usv_gazebo_plugins/share/usv_gazebo_plugins/environment/ament_prefix_path.sh
-- Installing: /home/ruize/dev_ws/install/usv_gazebo_plugins/share/usv_gazebo_plugins/environment/ament_prefix_path.dsv
-- Installing: /home/ruize/dev_ws/install/usv_gazebo_plugins/share/usv_gazebo_plugins/environment/path.sh
-- Installing: /home/ruize/dev_ws/install/usv_gazebo_plugins/share/usv_gazebo_plugins/environment/path.dsv
-- Installing: /home/ruize/dev_ws/install/usv_gazebo_plugins/share/usv_gazebo_plugins/local_setup.bash
-- Installing: /home/ruize/dev_ws/install/usv_gazebo_plugins/share/usv_gazebo_plugins/local_setup.sh
-- Installing: /home/ruize/dev_ws/install/usv_gazebo_plugins/share/usv_gazebo_plugins/local_setup.zsh
-- Installing: /home/ruize/dev_ws/install/usv_gazebo_plugins/share/usv_gazebo_plugins/local_setup.dsv
-- Installing: /home/ruize/dev_ws/install/usv_gazebo_plugins/share/usv_gazebo_plugins/package.dsv
-- Installing: /home/ruize/dev_ws/install/usv_gazebo_plugins/share/ament_index/resource_index/packages/usv_gazebo_plugins
-- Installing: /home/ruize/dev_ws/install/usv_gazebo_plugins/share/usv_gazebo_plugins/cmake/usv_gazebo_pluginsConfig.cmake
-- Installing: /home/ruize/dev_ws/install/usv_gazebo_plugins/share/usv_gazebo_plugins/cmake/usv_gazebo_pluginsConfig-version.cmake
-- Installing: /home/ruize/dev_ws/install/usv_gazebo_plugins/share/usv_gazebo_plugins/package.xml
