-- Install configuration: ""
-- Up-to-date: /home/ruize/dev_ws/install/vrx_gazebo/share/vrx_gazebo/models
-- Installing: /home/ruize/dev_ws/install/vrx_gazebo/share/vrx_gazebo/models/dock_2018_base_dynamic
-- Installing: /home/ruize/dev_ws/install/vrx_gazebo/share/vrx_gazebo/models/dock_2018_base_dynamic/model.sdf
-- Installing: /home/ruize/dev_ws/install/vrx_gazebo/share/vrx_gazebo/models/dock_2018_base_dynamic/model.config
-- Installing: /home/ruize/dev_ws/install/vrx_gazebo/share/vrx_gazebo/models/dock_2018_base_dynamic/model.sdf.erb
-- Installing: /home/ruize/dev_ws/install/vrx_gazebo/share/vrx_gazebo/models/navigation_course3
-- Installing: /home/ruize/dev_ws/install/vrx_gazebo/share/vrx_gazebo/models/navigation_course3/model.sdf
-- Installing: /home/ruize/dev_ws/install/vrx_gazebo/share/vrx_gazebo/models/navigation_course3/model.config
-- Installing: /home/ruize/dev_ws/install/vrx_gazebo/share/vrx_gazebo/models/navigation_course5
-- Installing: /home/ruize/dev_ws/install/vrx_gazebo/share/vrx_gazebo/models/navigation_course5/model.sdf
-- Installing: /home/ruize/dev_ws/install/vrx_gazebo/share/vrx_gazebo/models/navigation_course5/model.config
-- Installing: /home/ruize/dev_ws/install/vrx_gazebo/share/vrx_gazebo/models/dock_block_4x4_dynamic
-- Installing: /home/ruize/dev_ws/install/vrx_gazebo/share/vrx_gazebo/models/dock_block_4x4_dynamic/model.sdf
-- Installing: /home/ruize/dev_ws/install/vrx_gazebo/share/vrx_gazebo/models/dock_block_4x4_dynamic/model.config
-- Installing: /home/ruize/dev_ws/install/vrx_gazebo/share/vrx_gazebo/models/dock_block_4x4_dynamic/mesh
-- Installing: /home/ruize/dev_ws/install/vrx_gazebo/share/vrx_gazebo/models/dock_block_4x4_dynamic/mesh/dock_block_4x4.dae
-- Up-to-date: /home/ruize/dev_ws/install/vrx_gazebo/share/vrx_gazebo/models/sensor_post
-- Installing: /home/ruize/dev_ws/install/vrx_gazebo/share/vrx_gazebo/models/sensor_post/model.sdf
-- Installing: /home/ruize/dev_ws/install/vrx_gazebo/share/vrx_gazebo/models/sensor_post/model.config
-- Up-to-date: /home/ruize/dev_ws/install/vrx_gazebo/share/vrx_gazebo/models/sensor_post/mesh
-- Installing: /home/ruize/dev_ws/install/vrx_gazebo/share/vrx_gazebo/models/sensor_post/mesh/sensor_post.dae
-- Installing: /home/ruize/dev_ws/install/vrx_gazebo/share/vrx_gazebo/models/sensor_post/mesh/sensor_post.png
-- Installing: /home/ruize/dev_ws/install/vrx_gazebo/share/vrx_gazebo/models/sensor_post/mesh/sensor_post_arm.dae
-- Installing: /home/ruize/dev_ws/install/vrx_gazebo/share/vrx_gazebo/models/dock_2016
-- Installing: /home/ruize/dev_ws/install/vrx_gazebo/share/vrx_gazebo/models/dock_2016/model.sdf
-- Installing: /home/ruize/dev_ws/install/vrx_gazebo/share/vrx_gazebo/models/dock_2016/model.config
-- Installing: /home/ruize/dev_ws/install/vrx_gazebo/share/vrx_gazebo/models/dock_2016/model.sdf.erb
-- Installing: /home/ruize/dev_ws/install/vrx_gazebo/share/vrx_gazebo/models/robotx_2018_qualifying_avoid_obstacles
-- Installing: /home/ruize/dev_ws/install/vrx_gazebo/share/vrx_gazebo/models/robotx_2018_qualifying_avoid_obstacles/model.sdf
-- Installing: /home/ruize/dev_ws/install/vrx_gazebo/share/vrx_gazebo/models/robotx_2018_qualifying_avoid_obstacles/model.config
-- Installing: /home/ruize/dev_ws/install/vrx_gazebo/share/vrx_gazebo/models/symbol_triangle
-- Installing: /home/ruize/dev_ws/install/vrx_gazebo/share/vrx_gazebo/models/symbol_triangle/model.sdf
-- Installing: /home/ruize/dev_ws/install/vrx_gazebo/share/vrx_gazebo/models/symbol_triangle/model.config
-- Installing: /home/ruize/dev_ws/install/vrx_gazebo/share/vrx_gazebo/models/symbol_triangle/mesh
-- Installing: /home/ruize/dev_ws/install/vrx_gazebo/share/vrx_gazebo/models/symbol_triangle/mesh/triangle.dae
-- Installing: /home/ruize/dev_ws/install/vrx_gazebo/share/vrx_gazebo/models/dock_2018_dynamic
-- Installing: /home/ruize/dev_ws/install/vrx_gazebo/share/vrx_gazebo/models/dock_2018_dynamic/model.config
-- Installing: /home/ruize/dev_ws/install/vrx_gazebo/share/vrx_gazebo/models/dock_2018_dynamic/model.sdf.erb
-- Installing: /home/ruize/dev_ws/install/vrx_gazebo/share/vrx_gazebo/models/robotx_navigation_challenge
-- Installing: /home/ruize/dev_ws/install/vrx_gazebo/share/vrx_gazebo/models/robotx_navigation_challenge/model.sdf
-- Installing: /home/ruize/dev_ws/install/vrx_gazebo/share/vrx_gazebo/models/robotx_navigation_challenge/model.config
-- Installing: /home/ruize/dev_ws/install/vrx_gazebo/share/vrx_gazebo/models/symbol_circle
-- Installing: /home/ruize/dev_ws/install/vrx_gazebo/share/vrx_gazebo/models/symbol_circle/model.sdf
-- Installing: /home/ruize/dev_ws/install/vrx_gazebo/share/vrx_gazebo/models/symbol_circle/model.config
-- Up-to-date: /home/ruize/dev_ws/install/vrx_gazebo/share/vrx_gazebo/models/3d_lidar
-- Installing: /home/ruize/dev_ws/install/vrx_gazebo/share/vrx_gazebo/models/3d_lidar/model.sdf
-- Installing: /home/ruize/dev_ws/install/vrx_gazebo/share/vrx_gazebo/models/3d_lidar/model.config
-- Up-to-date: /home/ruize/dev_ws/install/vrx_gazebo/share/vrx_gazebo/models/3d_lidar/mesh
-- Installing: /home/ruize/dev_ws/install/vrx_gazebo/share/vrx_gazebo/models/3d_lidar/mesh/3d_lidar.dae
-- Installing: /home/ruize/dev_ws/install/vrx_gazebo/share/vrx_gazebo/models/3d_lidar/mesh/3d_lidar.png
-- Installing: /home/ruize/dev_ws/install/vrx_gazebo/share/vrx_gazebo/models/blue_totem
-- Installing: /home/ruize/dev_ws/install/vrx_gazebo/share/vrx_gazebo/models/blue_totem/model.sdf
-- Installing: /home/ruize/dev_ws/install/vrx_gazebo/share/vrx_gazebo/models/blue_totem/model.config
-- Installing: /home/ruize/dev_ws/install/vrx_gazebo/share/vrx_gazebo/models/tent
-- Installing: /home/ruize/dev_ws/install/vrx_gazebo/share/vrx_gazebo/models/tent/model.sdf
-- Installing: /home/ruize/dev_ws/install/vrx_gazebo/share/vrx_gazebo/models/tent/model.config
-- Installing: /home/ruize/dev_ws/install/vrx_gazebo/share/vrx_gazebo/models/tent/mesh
-- Installing: /home/ruize/dev_ws/install/vrx_gazebo/share/vrx_gazebo/models/tent/mesh/tent.dae
-- Installing: /home/ruize/dev_ws/install/vrx_gazebo/share/vrx_gazebo/models/tent/mesh/tent.png
-- Up-to-date: /home/ruize/dev_ws/install/vrx_gazebo/share/vrx_gazebo/models/battery
-- Installing: /home/ruize/dev_ws/install/vrx_gazebo/share/vrx_gazebo/models/battery/model.sdf
-- Installing: /home/ruize/dev_ws/install/vrx_gazebo/share/vrx_gazebo/models/battery/model.config
-- Up-to-date: /home/ruize/dev_ws/install/vrx_gazebo/share/vrx_gazebo/models/battery/mesh
-- Installing: /home/ruize/dev_ws/install/vrx_gazebo/share/vrx_gazebo/models/battery/mesh/battery.dae
-- Installing: /home/ruize/dev_ws/install/vrx_gazebo/share/vrx_gazebo/models/battery/mesh/battery.png
-- Installing: /home/ruize/dev_ws/install/vrx_gazebo/share/vrx_gazebo/models/black_totem
-- Installing: /home/ruize/dev_ws/install/vrx_gazebo/share/vrx_gazebo/models/black_totem/model.sdf
-- Installing: /home/ruize/dev_ws/install/vrx_gazebo/share/vrx_gazebo/models/black_totem/model.config
-- Installing: /home/ruize/dev_ws/install/vrx_gazebo/share/vrx_gazebo/models/polyform_a5
-- Installing: /home/ruize/dev_ws/install/vrx_gazebo/share/vrx_gazebo/models/polyform_a5/model.sdf
-- Installing: /home/ruize/dev_ws/install/vrx_gazebo/share/vrx_gazebo/models/polyform_a5/model.config
-- Installing: /home/ruize/dev_ws/install/vrx_gazebo/share/vrx_gazebo/models/dock_block
-- Installing: /home/ruize/dev_ws/install/vrx_gazebo/share/vrx_gazebo/models/dock_block/model.sdf
-- Installing: /home/ruize/dev_ws/install/vrx_gazebo/share/vrx_gazebo/models/dock_block/model.config
-- Installing: /home/ruize/dev_ws/install/vrx_gazebo/share/vrx_gazebo/models/dock_block/mesh
-- Installing: /home/ruize/dev_ws/install/vrx_gazebo/share/vrx_gazebo/models/dock_block/mesh/dock_block.dae
-- Installing: /home/ruize/dev_ws/install/vrx_gazebo/share/vrx_gazebo/models/ground_station
-- Installing: /home/ruize/dev_ws/install/vrx_gazebo/share/vrx_gazebo/models/ground_station/model.sdf
-- Installing: /home/ruize/dev_ws/install/vrx_gazebo/share/vrx_gazebo/models/ground_station/model.config
-- Installing: /home/ruize/dev_ws/install/vrx_gazebo/share/vrx_gazebo/models/navigation_task
-- Installing: /home/ruize/dev_ws/install/vrx_gazebo/share/vrx_gazebo/models/navigation_task/model.sdf
-- Installing: /home/ruize/dev_ws/install/vrx_gazebo/share/vrx_gazebo/models/navigation_task/model.config
-- Installing: /home/ruize/dev_ws/install/vrx_gazebo/share/vrx_gazebo/models/robotx_2018_entrance_gate
-- Installing: /home/ruize/dev_ws/install/vrx_gazebo/share/vrx_gazebo/models/robotx_2018_entrance_gate/model.sdf
-- Installing: /home/ruize/dev_ws/install/vrx_gazebo/share/vrx_gazebo/models/robotx_2018_entrance_gate/model.config
-- Installing: /home/ruize/dev_ws/install/vrx_gazebo/share/vrx_gazebo/models/surmark950410
-- Installing: /home/ruize/dev_ws/install/vrx_gazebo/share/vrx_gazebo/models/surmark950410/model.sdf
-- Installing: /home/ruize/dev_ws/install/vrx_gazebo/share/vrx_gazebo/models/surmark950410/model.config
-- Installing: /home/ruize/dev_ws/install/vrx_gazebo/share/vrx_gazebo/models/surmark950410/mesh
-- Installing: /home/ruize/dev_ws/install/vrx_gazebo/share/vrx_gazebo/models/surmark950410/mesh/surmark950410.dae
-- Installing: /home/ruize/dev_ws/install/vrx_gazebo/share/vrx_gazebo/models/surmark950410/materials
-- Installing: /home/ruize/dev_ws/install/vrx_gazebo/share/vrx_gazebo/models/surmark950410/materials/scripts
-- Installing: /home/ruize/dev_ws/install/vrx_gazebo/share/vrx_gazebo/models/surmark950410/materials/scripts/surmark950410.material
-- Installing: /home/ruize/dev_ws/install/vrx_gazebo/share/vrx_gazebo/models/post
-- Installing: /home/ruize/dev_ws/install/vrx_gazebo/share/vrx_gazebo/models/post/meshes
-- Installing: /home/ruize/dev_ws/install/vrx_gazebo/share/vrx_gazebo/models/post/meshes/post.dae
-- Installing: /home/ruize/dev_ws/install/vrx_gazebo/share/vrx_gazebo/models/post/model.sdf
-- Installing: /home/ruize/dev_ws/install/vrx_gazebo/share/vrx_gazebo/models/post/model.config
-- Installing: /home/ruize/dev_ws/install/vrx_gazebo/share/vrx_gazebo/models/post/materials
-- Installing: /home/ruize/dev_ws/install/vrx_gazebo/share/vrx_gazebo/models/post/materials/textures
-- Installing: /home/ruize/dev_ws/install/vrx_gazebo/share/vrx_gazebo/models/post/materials/textures/post.png
-- Installing: /home/ruize/dev_ws/install/vrx_gazebo/share/vrx_gazebo/models/polyform_a7
-- Installing: /home/ruize/dev_ws/install/vrx_gazebo/share/vrx_gazebo/models/polyform_a7/model.sdf
-- Installing: /home/ruize/dev_ws/install/vrx_gazebo/share/vrx_gazebo/models/polyform_a7/model.config
-- Installing: /home/ruize/dev_ws/install/vrx_gazebo/share/vrx_gazebo/models/surmark46104
-- Installing: /home/ruize/dev_ws/install/vrx_gazebo/share/vrx_gazebo/models/surmark46104/model.sdf
-- Installing: /home/ruize/dev_ws/install/vrx_gazebo/share/vrx_gazebo/models/surmark46104/model.config
-- Installing: /home/ruize/dev_ws/install/vrx_gazebo/share/vrx_gazebo/models/surmark46104/mesh
-- Installing: /home/ruize/dev_ws/install/vrx_gazebo/share/vrx_gazebo/models/surmark46104/mesh/surmark46104.dae
-- Installing: /home/ruize/dev_ws/install/vrx_gazebo/share/vrx_gazebo/models/surmark950400
-- Installing: /home/ruize/dev_ws/install/vrx_gazebo/share/vrx_gazebo/models/surmark950400/model.sdf
-- Installing: /home/ruize/dev_ws/install/vrx_gazebo/share/vrx_gazebo/models/surmark950400/model.config
-- Installing: /home/ruize/dev_ws/install/vrx_gazebo/share/vrx_gazebo/models/surmark950400/mesh
-- Installing: /home/ruize/dev_ws/install/vrx_gazebo/share/vrx_gazebo/models/surmark950400/mesh/surmark950400.dae
-- Installing: /home/ruize/dev_ws/install/vrx_gazebo/share/vrx_gazebo/models/surmark950400/materials
-- Installing: /home/ruize/dev_ws/install/vrx_gazebo/share/vrx_gazebo/models/surmark950400/materials/scripts
-- Installing: /home/ruize/dev_ws/install/vrx_gazebo/share/vrx_gazebo/models/surmark950400/materials/scripts/surmark950400.material
-- Installing: /home/ruize/dev_ws/install/vrx_gazebo/share/vrx_gazebo/models/navigation_course4
-- Installing: /home/ruize/dev_ws/install/vrx_gazebo/share/vrx_gazebo/models/navigation_course4/model.sdf
-- Installing: /home/ruize/dev_ws/install/vrx_gazebo/share/vrx_gazebo/models/navigation_course4/model.config
-- Installing: /home/ruize/dev_ws/install/vrx_gazebo/share/vrx_gazebo/models/ocean
-- Installing: /home/ruize/dev_ws/install/vrx_gazebo/share/vrx_gazebo/models/ocean/meshes
-- Installing: /home/ruize/dev_ws/install/vrx_gazebo/share/vrx_gazebo/models/ocean/meshes/mesh.dae
-- Installing: /home/ruize/dev_ws/install/vrx_gazebo/share/vrx_gazebo/models/ocean/meshes/mesh_below.dae
-- Installing: /home/ruize/dev_ws/install/vrx_gazebo/share/vrx_gazebo/models/ocean/meshes/mesh.blend
-- Installing: /home/ruize/dev_ws/install/vrx_gazebo/share/vrx_gazebo/models/ocean/model.sdf
-- Installing: /home/ruize/dev_ws/install/vrx_gazebo/share/vrx_gazebo/models/ocean/model.config
-- Installing: /home/ruize/dev_ws/install/vrx_gazebo/share/vrx_gazebo/models/ocean/materials
-- Installing: /home/ruize/dev_ws/install/vrx_gazebo/share/vrx_gazebo/models/ocean/materials/programs
-- Installing: /home/ruize/dev_ws/install/vrx_gazebo/share/vrx_gazebo/models/ocean/materials/programs/GLSL
-- Installing: /home/ruize/dev_ws/install/vrx_gazebo/share/vrx_gazebo/models/ocean/materials/programs/GLSL/Waves.frag
-- Installing: /home/ruize/dev_ws/install/vrx_gazebo/share/vrx_gazebo/models/ocean/materials/programs/GLSL/Waves.vert
-- Installing: /home/ruize/dev_ws/install/vrx_gazebo/share/vrx_gazebo/models/ocean/materials/scripts
-- Installing: /home/ruize/dev_ws/install/vrx_gazebo/share/vrx_gazebo/models/ocean/materials/scripts/ocean.material
-- Installing: /home/ruize/dev_ws/install/vrx_gazebo/share/vrx_gazebo/models/ocean/materials/textures
-- Installing: /home/ruize/dev_ws/install/vrx_gazebo/share/vrx_gazebo/models/ocean/materials/textures/clouds_rt.jpg
-- Installing: /home/ruize/dev_ws/install/vrx_gazebo/share/vrx_gazebo/models/ocean/materials/textures/clouds_dn.jpg
-- Installing: /home/ruize/dev_ws/install/vrx_gazebo/share/vrx_gazebo/models/ocean/materials/textures/clouds_bk.jpg
-- Installing: /home/ruize/dev_ws/install/vrx_gazebo/share/vrx_gazebo/models/ocean/materials/textures/clouds_up.jpg
-- Installing: /home/ruize/dev_ws/install/vrx_gazebo/share/vrx_gazebo/models/ocean/materials/textures/clouds_fr.jpg
-- Installing: /home/ruize/dev_ws/install/vrx_gazebo/share/vrx_gazebo/models/ocean/materials/textures/clouds.jpg
-- Installing: /home/ruize/dev_ws/install/vrx_gazebo/share/vrx_gazebo/models/ocean/materials/textures/clouds_lf.jpg
-- Installing: /home/ruize/dev_ws/install/vrx_gazebo/share/vrx_gazebo/models/ocean/materials/textures/normals.dds
-- Installing: /home/ruize/dev_ws/install/vrx_gazebo/share/vrx_gazebo/models/antenna
-- Installing: /home/ruize/dev_ws/install/vrx_gazebo/share/vrx_gazebo/models/antenna/meshes
-- Installing: /home/ruize/dev_ws/install/vrx_gazebo/share/vrx_gazebo/models/antenna/meshes/antenna.dae
-- Installing: /home/ruize/dev_ws/install/vrx_gazebo/share/vrx_gazebo/models/antenna/meshes/antenna.png
-- Installing: /home/ruize/dev_ws/install/vrx_gazebo/share/vrx_gazebo/models/antenna/model.sdf
-- Installing: /home/ruize/dev_ws/install/vrx_gazebo/share/vrx_gazebo/models/antenna/model.config
-- Installing: /home/ruize/dev_ws/install/vrx_gazebo/share/vrx_gazebo/models/placard
-- Installing: /home/ruize/dev_ws/install/vrx_gazebo/share/vrx_gazebo/models/placard/model.sdf
-- Installing: /home/ruize/dev_ws/install/vrx_gazebo/share/vrx_gazebo/models/placard/model.config
-- Installing: /home/ruize/dev_ws/install/vrx_gazebo/share/vrx_gazebo/models/robotx_2016_finals_pinger_transit
-- Installing: /home/ruize/dev_ws/install/vrx_gazebo/share/vrx_gazebo/models/robotx_2016_finals_pinger_transit/model.sdf
-- Installing: /home/ruize/dev_ws/install/vrx_gazebo/share/vrx_gazebo/models/robotx_2016_finals_pinger_transit/model.config
-- Installing: /home/ruize/dev_ws/install/vrx_gazebo/share/vrx_gazebo/models/robotx_2016_qualifying_pinger_transit
-- Installing: /home/ruize/dev_ws/install/vrx_gazebo/share/vrx_gazebo/models/robotx_2016_qualifying_pinger_transit/model.sdf
-- Installing: /home/ruize/dev_ws/install/vrx_gazebo/share/vrx_gazebo/models/robotx_2016_qualifying_pinger_transit/model.config
-- Installing: /home/ruize/dev_ws/install/vrx_gazebo/share/vrx_gazebo/models/navigation_course1
-- Installing: /home/ruize/dev_ws/install/vrx_gazebo/share/vrx_gazebo/models/navigation_course1/model.sdf
-- Installing: /home/ruize/dev_ws/install/vrx_gazebo/share/vrx_gazebo/models/navigation_course1/model.config
-- Up-to-date: /home/ruize/dev_ws/install/vrx_gazebo/share/vrx_gazebo/models/cpu_cases
-- Installing: /home/ruize/dev_ws/install/vrx_gazebo/share/vrx_gazebo/models/cpu_cases/model.sdf
-- Installing: /home/ruize/dev_ws/install/vrx_gazebo/share/vrx_gazebo/models/cpu_cases/model.config
-- Up-to-date: /home/ruize/dev_ws/install/vrx_gazebo/share/vrx_gazebo/models/cpu_cases/mesh
-- Installing: /home/ruize/dev_ws/install/vrx_gazebo/share/vrx_gazebo/models/cpu_cases/mesh/cpu_cases.png
-- Installing: /home/ruize/dev_ws/install/vrx_gazebo/share/vrx_gazebo/models/cpu_cases/mesh/cpu_cases.dae
-- Installing: /home/ruize/dev_ws/install/vrx_gazebo/share/vrx_gazebo/models/navigation_course2
-- Installing: /home/ruize/dev_ws/install/vrx_gazebo/share/vrx_gazebo/models/navigation_course2/model.sdf
-- Installing: /home/ruize/dev_ws/install/vrx_gazebo/share/vrx_gazebo/models/navigation_course2/model.config
-- Installing: /home/ruize/dev_ws/install/vrx_gazebo/share/vrx_gazebo/models/dock_block_3x3
-- Installing: /home/ruize/dev_ws/install/vrx_gazebo/share/vrx_gazebo/models/dock_block_3x3/model.sdf
-- Installing: /home/ruize/dev_ws/install/vrx_gazebo/share/vrx_gazebo/models/dock_block_3x3/model.config
-- Installing: /home/ruize/dev_ws/install/vrx_gazebo/share/vrx_gazebo/models/dock_block_3x3/mesh
-- Installing: /home/ruize/dev_ws/install/vrx_gazebo/share/vrx_gazebo/models/dock_block_3x3/mesh/dock_block_3x3.dae
-- Installing: /home/ruize/dev_ws/install/vrx_gazebo/share/vrx_gazebo/models/foldable_chair
-- Installing: /home/ruize/dev_ws/install/vrx_gazebo/share/vrx_gazebo/models/foldable_chair/model.sdf
-- Installing: /home/ruize/dev_ws/install/vrx_gazebo/share/vrx_gazebo/models/foldable_chair/model.config
-- Installing: /home/ruize/dev_ws/install/vrx_gazebo/share/vrx_gazebo/models/foldable_chair/mesh
-- Installing: /home/ruize/dev_ws/install/vrx_gazebo/share/vrx_gazebo/models/foldable_chair/mesh/foldable_chair.png
-- Installing: /home/ruize/dev_ws/install/vrx_gazebo/share/vrx_gazebo/models/foldable_chair/mesh/foldable_chair.dae
-- Up-to-date: /home/ruize/dev_ws/install/vrx_gazebo/share/vrx_gazebo/models/mono_camera
-- Installing: /home/ruize/dev_ws/install/vrx_gazebo/share/vrx_gazebo/models/mono_camera/model.sdf
-- Installing: /home/ruize/dev_ws/install/vrx_gazebo/share/vrx_gazebo/models/mono_camera/model.config
-- Up-to-date: /home/ruize/dev_ws/install/vrx_gazebo/share/vrx_gazebo/models/mono_camera/mesh
-- Installing: /home/ruize/dev_ws/install/vrx_gazebo/share/vrx_gazebo/models/mono_camera/mesh/mono_camera.png
-- Installing: /home/ruize/dev_ws/install/vrx_gazebo/share/vrx_gazebo/models/mono_camera/mesh/mono_camera.dae
-- Installing: /home/ruize/dev_ws/install/vrx_gazebo/share/vrx_gazebo/models/dock_2018
-- Installing: /home/ruize/dev_ws/install/vrx_gazebo/share/vrx_gazebo/models/dock_2018/model.sdf
-- Installing: /home/ruize/dev_ws/install/vrx_gazebo/share/vrx_gazebo/models/dock_2018/model.config
-- Installing: /home/ruize/dev_ws/install/vrx_gazebo/share/vrx_gazebo/models/dock_2018/model.sdf.erb
-- Installing: /home/ruize/dev_ws/install/vrx_gazebo/share/vrx_gazebo/models/dock_block_2x2
-- Installing: /home/ruize/dev_ws/install/vrx_gazebo/share/vrx_gazebo/models/dock_block_2x2/model.sdf
-- Installing: /home/ruize/dev_ws/install/vrx_gazebo/share/vrx_gazebo/models/dock_block_2x2/model.config
-- Installing: /home/ruize/dev_ws/install/vrx_gazebo/share/vrx_gazebo/models/dock_block_2x2/mesh
-- Installing: /home/ruize/dev_ws/install/vrx_gazebo/share/vrx_gazebo/models/dock_block_2x2/mesh/dock_block_2x2.dae
-- Installing: /home/ruize/dev_ws/install/vrx_gazebo/share/vrx_gazebo/models/wavegauge
-- Installing: /home/ruize/dev_ws/install/vrx_gazebo/share/vrx_gazebo/models/wavegauge/model.sdf
-- Installing: /home/ruize/dev_ws/install/vrx_gazebo/share/vrx_gazebo/models/wavegauge/model.config
-- Installing: /home/ruize/dev_ws/install/vrx_gazebo/share/vrx_gazebo/models/dock_2016_dynamic
-- Installing: /home/ruize/dev_ws/install/vrx_gazebo/share/vrx_gazebo/models/dock_2016_dynamic/model.sdf
-- Installing: /home/ruize/dev_ws/install/vrx_gazebo/share/vrx_gazebo/models/dock_2016_dynamic/model.config
-- Installing: /home/ruize/dev_ws/install/vrx_gazebo/share/vrx_gazebo/models/dock_2016_dynamic/model.sdf.erb
-- Installing: /home/ruize/dev_ws/install/vrx_gazebo/share/vrx_gazebo/models/robotx_light_buoy
-- Installing: /home/ruize/dev_ws/install/vrx_gazebo/share/vrx_gazebo/models/robotx_light_buoy/model.sdf
-- Installing: /home/ruize/dev_ws/install/vrx_gazebo/share/vrx_gazebo/models/robotx_light_buoy/model.config
-- Installing: /home/ruize/dev_ws/install/vrx_gazebo/share/vrx_gazebo/models/robotx_light_buoy/mesh
-- Installing: /home/ruize/dev_ws/install/vrx_gazebo/share/vrx_gazebo/models/robotx_light_buoy/mesh/robotx_light_buoy.dae
-- Installing: /home/ruize/dev_ws/install/vrx_gazebo/share/vrx_gazebo/models/navigation_course
-- Installing: /home/ruize/dev_ws/install/vrx_gazebo/share/vrx_gazebo/models/navigation_course/model.sdf
-- Installing: /home/ruize/dev_ws/install/vrx_gazebo/share/vrx_gazebo/models/navigation_course/model.config
-- Installing: /home/ruize/dev_ws/install/vrx_gazebo/share/vrx_gazebo/models/polyform_a3
-- Installing: /home/ruize/dev_ws/install/vrx_gazebo/share/vrx_gazebo/models/polyform_a3/model.sdf
-- Installing: /home/ruize/dev_ws/install/vrx_gazebo/share/vrx_gazebo/models/polyform_a3/model.config
-- Installing: /home/ruize/dev_ws/install/vrx_gazebo/share/vrx_gazebo/models/red_totem
-- Installing: /home/ruize/dev_ws/install/vrx_gazebo/share/vrx_gazebo/models/red_totem/model.sdf
-- Installing: /home/ruize/dev_ws/install/vrx_gazebo/share/vrx_gazebo/models/red_totem/model.config
-- Installing: /home/ruize/dev_ws/install/vrx_gazebo/share/vrx_gazebo/models/dock_2018_base
-- Installing: /home/ruize/dev_ws/install/vrx_gazebo/share/vrx_gazebo/models/dock_2018_base/model.sdf
-- Installing: /home/ruize/dev_ws/install/vrx_gazebo/share/vrx_gazebo/models/dock_2018_base/model.config
-- Installing: /home/ruize/dev_ws/install/vrx_gazebo/share/vrx_gazebo/models/dock_2018_base/model.sdf.erb
-- Installing: /home/ruize/dev_ws/install/vrx_gazebo/share/vrx_gazebo/models/dock_permutations
-- Installing: /home/ruize/dev_ws/install/vrx_gazebo/share/vrx_gazebo/models/dock_permutations/vrx_dock_red_cross__red_triangle
-- Installing: /home/ruize/dev_ws/install/vrx_gazebo/share/vrx_gazebo/models/dock_permutations/vrx_dock_red_cross__red_triangle/model.sdf
-- Installing: /home/ruize/dev_ws/install/vrx_gazebo/share/vrx_gazebo/models/dock_permutations/vrx_dock_red_cross__red_triangle/model.config
-- Installing: /home/ruize/dev_ws/install/vrx_gazebo/share/vrx_gazebo/models/dock_permutations/vrx_dock_blue_cross__green_circle
-- Installing: /home/ruize/dev_ws/install/vrx_gazebo/share/vrx_gazebo/models/dock_permutations/vrx_dock_blue_cross__green_circle/model.sdf
-- Installing: /home/ruize/dev_ws/install/vrx_gazebo/share/vrx_gazebo/models/dock_permutations/vrx_dock_blue_cross__green_circle/model.config
-- Installing: /home/ruize/dev_ws/install/vrx_gazebo/share/vrx_gazebo/models/dock_permutations/vrx_dock_green_triangle__green_triangle
-- Installing: /home/ruize/dev_ws/install/vrx_gazebo/share/vrx_gazebo/models/dock_permutations/vrx_dock_green_triangle__green_triangle/model.sdf
-- Installing: /home/ruize/dev_ws/install/vrx_gazebo/share/vrx_gazebo/models/dock_permutations/vrx_dock_green_triangle__green_triangle/model.config
-- Installing: /home/ruize/dev_ws/install/vrx_gazebo/share/vrx_gazebo/models/dock_permutations/vrx_dock_blue_triangle__blue_cross
-- Installing: /home/ruize/dev_ws/install/vrx_gazebo/share/vrx_gazebo/models/dock_permutations/vrx_dock_blue_triangle__blue_cross/model.sdf
-- Installing: /home/ruize/dev_ws/install/vrx_gazebo/share/vrx_gazebo/models/dock_permutations/vrx_dock_blue_triangle__blue_cross/model.config
-- Installing: /home/ruize/dev_ws/install/vrx_gazebo/share/vrx_gazebo/models/dock_permutations/vrx_dock_red_triangle__green_cross
-- Installing: /home/ruize/dev_ws/install/vrx_gazebo/share/vrx_gazebo/models/dock_permutations/vrx_dock_red_triangle__green_cross/model.sdf
-- Installing: /home/ruize/dev_ws/install/vrx_gazebo/share/vrx_gazebo/models/dock_permutations/vrx_dock_red_triangle__green_cross/model.config
-- Installing: /home/ruize/dev_ws/install/vrx_gazebo/share/vrx_gazebo/models/dock_permutations/vrx_dock_blue_triangle__blue_circle
-- Installing: /home/ruize/dev_ws/install/vrx_gazebo/share/vrx_gazebo/models/dock_permutations/vrx_dock_blue_triangle__blue_circle/model.sdf
-- Installing: /home/ruize/dev_ws/install/vrx_gazebo/share/vrx_gazebo/models/dock_permutations/vrx_dock_blue_triangle__blue_circle/model.config
-- Installing: /home/ruize/dev_ws/install/vrx_gazebo/share/vrx_gazebo/models/dock_permutations/vrx_dock_blue_triangle__red_circle
-- Installing: /home/ruize/dev_ws/install/vrx_gazebo/share/vrx_gazebo/models/dock_permutations/vrx_dock_blue_triangle__red_circle/model.sdf
-- Installing: /home/ruize/dev_ws/install/vrx_gazebo/share/vrx_gazebo/models/dock_permutations/vrx_dock_blue_triangle__red_circle/model.config
-- Installing: /home/ruize/dev_ws/install/vrx_gazebo/share/vrx_gazebo/models/dock_permutations/vrx_dock_blue_cross__red_circle
-- Installing: /home/ruize/dev_ws/install/vrx_gazebo/share/vrx_gazebo/models/dock_permutations/vrx_dock_blue_cross__red_circle/model.sdf
-- Installing: /home/ruize/dev_ws/install/vrx_gazebo/share/vrx_gazebo/models/dock_permutations/vrx_dock_blue_cross__red_circle/model.config
-- Installing: /home/ruize/dev_ws/install/vrx_gazebo/share/vrx_gazebo/models/dock_permutations/vrx_dock_green_circle__green_circle
-- Installing: /home/ruize/dev_ws/install/vrx_gazebo/share/vrx_gazebo/models/dock_permutations/vrx_dock_green_circle__green_circle/model.sdf
-- Installing: /home/ruize/dev_ws/install/vrx_gazebo/share/vrx_gazebo/models/dock_permutations/vrx_dock_green_circle__green_circle/model.config
-- Installing: /home/ruize/dev_ws/install/vrx_gazebo/share/vrx_gazebo/models/dock_permutations/vrx_dock_red_circle__green_circle
-- Installing: /home/ruize/dev_ws/install/vrx_gazebo/share/vrx_gazebo/models/dock_permutations/vrx_dock_red_circle__green_circle/model.sdf
-- Installing: /home/ruize/dev_ws/install/vrx_gazebo/share/vrx_gazebo/models/dock_permutations/vrx_dock_red_circle__green_circle/model.config
-- Installing: /home/ruize/dev_ws/install/vrx_gazebo/share/vrx_gazebo/models/dock_permutations/vrx_dock_red_circle__red_cross
-- Installing: /home/ruize/dev_ws/install/vrx_gazebo/share/vrx_gazebo/models/dock_permutations/vrx_dock_red_circle__red_cross/model.sdf
-- Installing: /home/ruize/dev_ws/install/vrx_gazebo/share/vrx_gazebo/models/dock_permutations/vrx_dock_red_circle__red_cross/model.config
-- Installing: /home/ruize/dev_ws/install/vrx_gazebo/share/vrx_gazebo/models/dock_permutations/vrx_dock_red_cross__blue_cross
-- Installing: /home/ruize/dev_ws/install/vrx_gazebo/share/vrx_gazebo/models/dock_permutations/vrx_dock_red_cross__blue_cross/model.sdf
-- Installing: /home/ruize/dev_ws/install/vrx_gazebo/share/vrx_gazebo/models/dock_permutations/vrx_dock_red_cross__blue_cross/model.config
-- Installing: /home/ruize/dev_ws/install/vrx_gazebo/share/vrx_gazebo/models/dock_permutations/vrx_dock_red_circle__red_triangle
-- Installing: /home/ruize/dev_ws/install/vrx_gazebo/share/vrx_gazebo/models/dock_permutations/vrx_dock_red_circle__red_triangle/model.sdf
-- Installing: /home/ruize/dev_ws/install/vrx_gazebo/share/vrx_gazebo/models/dock_permutations/vrx_dock_red_circle__red_triangle/model.config
-- Installing: /home/ruize/dev_ws/install/vrx_gazebo/share/vrx_gazebo/models/dock_permutations/vrx_dock_red_cross__blue_circle
-- Installing: /home/ruize/dev_ws/install/vrx_gazebo/share/vrx_gazebo/models/dock_permutations/vrx_dock_red_cross__blue_circle/model.sdf
-- Installing: /home/ruize/dev_ws/install/vrx_gazebo/share/vrx_gazebo/models/dock_permutations/vrx_dock_red_cross__blue_circle/model.config
-- Installing: /home/ruize/dev_ws/install/vrx_gazebo/share/vrx_gazebo/models/dock_permutations/vrx_dock_green_circle__red_triangle
-- Installing: /home/ruize/dev_ws/install/vrx_gazebo/share/vrx_gazebo/models/dock_permutations/vrx_dock_green_circle__red_triangle/model.sdf
-- Installing: /home/ruize/dev_ws/install/vrx_gazebo/share/vrx_gazebo/models/dock_permutations/vrx_dock_green_circle__red_triangle/model.config
-- Installing: /home/ruize/dev_ws/install/vrx_gazebo/share/vrx_gazebo/models/dock_permutations/vrx_dock_blue_cross__blue_triangle
-- Installing: /home/ruize/dev_ws/install/vrx_gazebo/share/vrx_gazebo/models/dock_permutations/vrx_dock_blue_cross__blue_triangle/model.sdf
-- Installing: /home/ruize/dev_ws/install/vrx_gazebo/share/vrx_gazebo/models/dock_permutations/vrx_dock_blue_cross__blue_triangle/model.config
-- Installing: /home/ruize/dev_ws/install/vrx_gazebo/share/vrx_gazebo/models/dock_permutations/vrx_dock_green_cross__green_triangle
-- Installing: /home/ruize/dev_ws/install/vrx_gazebo/share/vrx_gazebo/models/dock_permutations/vrx_dock_green_cross__green_triangle/model.sdf
-- Installing: /home/ruize/dev_ws/install/vrx_gazebo/share/vrx_gazebo/models/dock_permutations/vrx_dock_green_cross__green_triangle/model.config
-- Installing: /home/ruize/dev_ws/install/vrx_gazebo/share/vrx_gazebo/models/dock_permutations/vrx_dock_green_triangle__red_cross
-- Installing: /home/ruize/dev_ws/install/vrx_gazebo/share/vrx_gazebo/models/dock_permutations/vrx_dock_green_triangle__red_cross/model.sdf
-- Installing: /home/ruize/dev_ws/install/vrx_gazebo/share/vrx_gazebo/models/dock_permutations/vrx_dock_green_triangle__red_cross/model.config
-- Installing: /home/ruize/dev_ws/install/vrx_gazebo/share/vrx_gazebo/models/dock_permutations/vrx_dock_green_triangle__blue_triangle
-- Installing: /home/ruize/dev_ws/install/vrx_gazebo/share/vrx_gazebo/models/dock_permutations/vrx_dock_green_triangle__blue_triangle/model.sdf
-- Installing: /home/ruize/dev_ws/install/vrx_gazebo/share/vrx_gazebo/models/dock_permutations/vrx_dock_green_triangle__blue_triangle/model.config
-- Installing: /home/ruize/dev_ws/install/vrx_gazebo/share/vrx_gazebo/models/dock_permutations/vrx_dock_green_circle__green_triangle
-- Installing: /home/ruize/dev_ws/install/vrx_gazebo/share/vrx_gazebo/models/dock_permutations/vrx_dock_green_circle__green_triangle/model.sdf
-- Installing: /home/ruize/dev_ws/install/vrx_gazebo/share/vrx_gazebo/models/dock_permutations/vrx_dock_green_circle__green_triangle/model.config
-- Installing: /home/ruize/dev_ws/install/vrx_gazebo/share/vrx_gazebo/models/dock_permutations/vrx_dock_blue_triangle__red_cross
-- Installing: /home/ruize/dev_ws/install/vrx_gazebo/share/vrx_gazebo/models/dock_permutations/vrx_dock_blue_triangle__red_cross/model.sdf
-- Installing: /home/ruize/dev_ws/install/vrx_gazebo/share/vrx_gazebo/models/dock_permutations/vrx_dock_blue_triangle__red_cross/model.config
-- Installing: /home/ruize/dev_ws/install/vrx_gazebo/share/vrx_gazebo/models/dock_permutations/vrx_dock_blue_cross__red_triangle
-- Installing: /home/ruize/dev_ws/install/vrx_gazebo/share/vrx_gazebo/models/dock_permutations/vrx_dock_blue_cross__red_triangle/model.sdf
-- Installing: /home/ruize/dev_ws/install/vrx_gazebo/share/vrx_gazebo/models/dock_permutations/vrx_dock_blue_cross__red_triangle/model.config
-- Installing: /home/ruize/dev_ws/install/vrx_gazebo/share/vrx_gazebo/models/dock_permutations/vrx_dock_blue_triangle__green_circle
-- Installing: /home/ruize/dev_ws/install/vrx_gazebo/share/vrx_gazebo/models/dock_permutations/vrx_dock_blue_triangle__green_circle/model.sdf
-- Installing: /home/ruize/dev_ws/install/vrx_gazebo/share/vrx_gazebo/models/dock_permutations/vrx_dock_blue_triangle__green_circle/model.config
-- Installing: /home/ruize/dev_ws/install/vrx_gazebo/share/vrx_gazebo/models/dock_permutations/vrx_dock_blue_circle__blue_circle
-- Installing: /home/ruize/dev_ws/install/vrx_gazebo/share/vrx_gazebo/models/dock_permutations/vrx_dock_blue_circle__blue_circle/model.sdf
-- Installing: /home/ruize/dev_ws/install/vrx_gazebo/share/vrx_gazebo/models/dock_permutations/vrx_dock_blue_circle__blue_circle/model.config
-- Installing: /home/ruize/dev_ws/install/vrx_gazebo/share/vrx_gazebo/models/dock_permutations/vrx_dock_red_triangle__red_cross
-- Installing: /home/ruize/dev_ws/install/vrx_gazebo/share/vrx_gazebo/models/dock_permutations/vrx_dock_red_triangle__red_cross/model.sdf
-- Installing: /home/ruize/dev_ws/install/vrx_gazebo/share/vrx_gazebo/models/dock_permutations/vrx_dock_red_triangle__red_cross/model.config
-- Installing: /home/ruize/dev_ws/install/vrx_gazebo/share/vrx_gazebo/models/dock_permutations/vrx_dock_green_circle__red_circle
-- Installing: /home/ruize/dev_ws/install/vrx_gazebo/share/vrx_gazebo/models/dock_permutations/vrx_dock_green_circle__red_circle/model.sdf
-- Installing: /home/ruize/dev_ws/install/vrx_gazebo/share/vrx_gazebo/models/dock_permutations/vrx_dock_green_circle__red_circle/model.config
-- Installing: /home/ruize/dev_ws/install/vrx_gazebo/share/vrx_gazebo/models/dock_permutations/vrx_dock_green_triangle__blue_circle
-- Installing: /home/ruize/dev_ws/install/vrx_gazebo/share/vrx_gazebo/models/dock_permutations/vrx_dock_green_triangle__blue_circle/model.sdf
-- Installing: /home/ruize/dev_ws/install/vrx_gazebo/share/vrx_gazebo/models/dock_permutations/vrx_dock_green_triangle__blue_circle/model.config
-- Installing: /home/ruize/dev_ws/install/vrx_gazebo/share/vrx_gazebo/models/dock_permutations/vrx_dock_green_triangle__red_circle
-- Installing: /home/ruize/dev_ws/install/vrx_gazebo/share/vrx_gazebo/models/dock_permutations/vrx_dock_green_triangle__red_circle/model.sdf
-- Installing: /home/ruize/dev_ws/install/vrx_gazebo/share/vrx_gazebo/models/dock_permutations/vrx_dock_green_triangle__red_circle/model.config
-- Installing: /home/ruize/dev_ws/install/vrx_gazebo/share/vrx_gazebo/models/dock_permutations/vrx_dock_blue_cross__red_cross
-- Installing: /home/ruize/dev_ws/install/vrx_gazebo/share/vrx_gazebo/models/dock_permutations/vrx_dock_blue_cross__red_cross/model.sdf
-- Installing: /home/ruize/dev_ws/install/vrx_gazebo/share/vrx_gazebo/models/dock_permutations/vrx_dock_blue_cross__red_cross/model.config
-- Installing: /home/ruize/dev_ws/install/vrx_gazebo/share/vrx_gazebo/models/dock_permutations/vrx_dock_red_cross__green_triangle
-- Installing: /home/ruize/dev_ws/install/vrx_gazebo/share/vrx_gazebo/models/dock_permutations/vrx_dock_red_cross__green_triangle/model.sdf
-- Installing: /home/ruize/dev_ws/install/vrx_gazebo/share/vrx_gazebo/models/dock_permutations/vrx_dock_red_cross__green_triangle/model.config
-- Installing: /home/ruize/dev_ws/install/vrx_gazebo/share/vrx_gazebo/models/dock_permutations/vrx_dock_green_circle__green_cross
-- Installing: /home/ruize/dev_ws/install/vrx_gazebo/share/vrx_gazebo/models/dock_permutations/vrx_dock_green_circle__green_cross/model.sdf
-- Installing: /home/ruize/dev_ws/install/vrx_gazebo/share/vrx_gazebo/models/dock_permutations/vrx_dock_green_circle__green_cross/model.config
-- Installing: /home/ruize/dev_ws/install/vrx_gazebo/share/vrx_gazebo/models/dock_permutations/vrx_dock_green_cross__red_triangle
-- Installing: /home/ruize/dev_ws/install/vrx_gazebo/share/vrx_gazebo/models/dock_permutations/vrx_dock_green_cross__red_triangle/model.sdf
-- Installing: /home/ruize/dev_ws/install/vrx_gazebo/share/vrx_gazebo/models/dock_permutations/vrx_dock_green_cross__red_triangle/model.config
-- Installing: /home/ruize/dev_ws/install/vrx_gazebo/share/vrx_gazebo/models/dock_permutations/vrx_dock_green_triangle__red_triangle
-- Installing: /home/ruize/dev_ws/install/vrx_gazebo/share/vrx_gazebo/models/dock_permutations/vrx_dock_green_triangle__red_triangle/model.sdf
-- Installing: /home/ruize/dev_ws/install/vrx_gazebo/share/vrx_gazebo/models/dock_permutations/vrx_dock_green_triangle__red_triangle/model.config
-- Installing: /home/ruize/dev_ws/install/vrx_gazebo/share/vrx_gazebo/models/dock_permutations/vrx_dock_green_cross__blue_circle
-- Installing: /home/ruize/dev_ws/install/vrx_gazebo/share/vrx_gazebo/models/dock_permutations/vrx_dock_green_cross__blue_circle/model.sdf
-- Installing: /home/ruize/dev_ws/install/vrx_gazebo/share/vrx_gazebo/models/dock_permutations/vrx_dock_green_cross__blue_circle/model.config
-- Installing: /home/ruize/dev_ws/install/vrx_gazebo/share/vrx_gazebo/models/dock_permutations/vrx_dock_blue_triangle__red_triangle
-- Installing: /home/ruize/dev_ws/install/vrx_gazebo/share/vrx_gazebo/models/dock_permutations/vrx_dock_blue_triangle__red_triangle/model.sdf
-- Installing: /home/ruize/dev_ws/install/vrx_gazebo/share/vrx_gazebo/models/dock_permutations/vrx_dock_blue_triangle__red_triangle/model.config
-- Installing: /home/ruize/dev_ws/install/vrx_gazebo/share/vrx_gazebo/models/dock_permutations/vrx_dock_green_cross__red_cross
-- Installing: /home/ruize/dev_ws/install/vrx_gazebo/share/vrx_gazebo/models/dock_permutations/vrx_dock_green_cross__red_cross/model.sdf
-- Installing: /home/ruize/dev_ws/install/vrx_gazebo/share/vrx_gazebo/models/dock_permutations/vrx_dock_green_cross__red_cross/model.config
-- Installing: /home/ruize/dev_ws/install/vrx_gazebo/share/vrx_gazebo/models/dock_permutations/vrx_dock_green_triangle__green_circle
-- Installing: /home/ruize/dev_ws/install/vrx_gazebo/share/vrx_gazebo/models/dock_permutations/vrx_dock_green_triangle__green_circle/model.sdf
-- Installing: /home/ruize/dev_ws/install/vrx_gazebo/share/vrx_gazebo/models/dock_permutations/vrx_dock_green_triangle__green_circle/model.config
-- Installing: /home/ruize/dev_ws/install/vrx_gazebo/share/vrx_gazebo/models/dock_permutations/vrx_dock_red_cross__green_circle
-- Installing: /home/ruize/dev_ws/install/vrx_gazebo/share/vrx_gazebo/models/dock_permutations/vrx_dock_red_cross__green_circle/model.sdf
-- Installing: /home/ruize/dev_ws/install/vrx_gazebo/share/vrx_gazebo/models/dock_permutations/vrx_dock_red_cross__green_circle/model.config
-- Installing: /home/ruize/dev_ws/install/vrx_gazebo/share/vrx_gazebo/models/dock_permutations/vrx_dock_green_triangle__blue_cross
-- Installing: /home/ruize/dev_ws/install/vrx_gazebo/share/vrx_gazebo/models/dock_permutations/vrx_dock_green_triangle__blue_cross/model.sdf
-- Installing: /home/ruize/dev_ws/install/vrx_gazebo/share/vrx_gazebo/models/dock_permutations/vrx_dock_green_triangle__blue_cross/model.config
-- Installing: /home/ruize/dev_ws/install/vrx_gazebo/share/vrx_gazebo/models/dock_permutations/vrx_dock_green_cross__green_circle
-- Installing: /home/ruize/dev_ws/install/vrx_gazebo/share/vrx_gazebo/models/dock_permutations/vrx_dock_green_cross__green_circle/model.sdf
-- Installing: /home/ruize/dev_ws/install/vrx_gazebo/share/vrx_gazebo/models/dock_permutations/vrx_dock_green_cross__green_circle/model.config
-- Installing: /home/ruize/dev_ws/install/vrx_gazebo/share/vrx_gazebo/models/dock_permutations/vrx_dock_red_triangle__blue_cross
-- Installing: /home/ruize/dev_ws/install/vrx_gazebo/share/vrx_gazebo/models/dock_permutations/vrx_dock_red_triangle__blue_cross/model.sdf
-- Installing: /home/ruize/dev_ws/install/vrx_gazebo/share/vrx_gazebo/models/dock_permutations/vrx_dock_red_triangle__blue_cross/model.config
-- Installing: /home/ruize/dev_ws/install/vrx_gazebo/share/vrx_gazebo/models/dock_permutations/vrx_dock_green_cross__blue_triangle
-- Installing: /home/ruize/dev_ws/install/vrx_gazebo/share/vrx_gazebo/models/dock_permutations/vrx_dock_green_cross__blue_triangle/model.sdf
-- Installing: /home/ruize/dev_ws/install/vrx_gazebo/share/vrx_gazebo/models/dock_permutations/vrx_dock_green_cross__blue_triangle/model.config
-- Installing: /home/ruize/dev_ws/install/vrx_gazebo/share/vrx_gazebo/models/dock_permutations/vrx_dock_blue_cross__green_cross
-- Installing: /home/ruize/dev_ws/install/vrx_gazebo/share/vrx_gazebo/models/dock_permutations/vrx_dock_blue_cross__green_cross/model.sdf
-- Installing: /home/ruize/dev_ws/install/vrx_gazebo/share/vrx_gazebo/models/dock_permutations/vrx_dock_blue_cross__green_cross/model.config
-- Installing: /home/ruize/dev_ws/install/vrx_gazebo/share/vrx_gazebo/models/dock_permutations/vrx_dock_green_cross__green_cross
-- Installing: /home/ruize/dev_ws/install/vrx_gazebo/share/vrx_gazebo/models/dock_permutations/vrx_dock_green_cross__green_cross/model.sdf
-- Installing: /home/ruize/dev_ws/install/vrx_gazebo/share/vrx_gazebo/models/dock_permutations/vrx_dock_green_cross__green_cross/model.config
-- Installing: /home/ruize/dev_ws/install/vrx_gazebo/share/vrx_gazebo/models/dock_permutations/vrx_dock_green_circle__blue_cross
-- Installing: /home/ruize/dev_ws/install/vrx_gazebo/share/vrx_gazebo/models/dock_permutations/vrx_dock_green_circle__blue_cross/model.sdf
-- Installing: /home/ruize/dev_ws/install/vrx_gazebo/share/vrx_gazebo/models/dock_permutations/vrx_dock_green_circle__blue_cross/model.config
-- Installing: /home/ruize/dev_ws/install/vrx_gazebo/share/vrx_gazebo/models/dock_permutations/vrx_dock_red_cross__green_cross
-- Installing: /home/ruize/dev_ws/install/vrx_gazebo/share/vrx_gazebo/models/dock_permutations/vrx_dock_red_cross__green_cross/model.sdf
-- Installing: /home/ruize/dev_ws/install/vrx_gazebo/share/vrx_gazebo/models/dock_permutations/vrx_dock_red_cross__green_cross/model.config
-- Installing: /home/ruize/dev_ws/install/vrx_gazebo/share/vrx_gazebo/models/dock_permutations/vrx_dock_red_triangle__red_triangle
-- Installing: /home/ruize/dev_ws/install/vrx_gazebo/share/vrx_gazebo/models/dock_permutations/vrx_dock_red_triangle__red_triangle/model.sdf
-- Installing: /home/ruize/dev_ws/install/vrx_gazebo/share/vrx_gazebo/models/dock_permutations/vrx_dock_red_triangle__red_triangle/model.config
-- Installing: /home/ruize/dev_ws/install/vrx_gazebo/share/vrx_gazebo/models/dock_permutations/vrx_dock_blue_cross__blue_circle
-- Installing: /home/ruize/dev_ws/install/vrx_gazebo/share/vrx_gazebo/models/dock_permutations/vrx_dock_blue_cross__blue_circle/model.sdf
-- Installing: /home/ruize/dev_ws/install/vrx_gazebo/share/vrx_gazebo/models/dock_permutations/vrx_dock_blue_cross__blue_circle/model.config
-- Installing: /home/ruize/dev_ws/install/vrx_gazebo/share/vrx_gazebo/models/dock_permutations/vrx_dock_blue_circle__red_cross
-- Installing: /home/ruize/dev_ws/install/vrx_gazebo/share/vrx_gazebo/models/dock_permutations/vrx_dock_blue_circle__red_cross/model.sdf
-- Installing: /home/ruize/dev_ws/install/vrx_gazebo/share/vrx_gazebo/models/dock_permutations/vrx_dock_blue_circle__red_cross/model.config
-- Installing: /home/ruize/dev_ws/install/vrx_gazebo/share/vrx_gazebo/models/dock_permutations/vrx_dock_blue_cross__blue_cross
-- Installing: /home/ruize/dev_ws/install/vrx_gazebo/share/vrx_gazebo/models/dock_permutations/vrx_dock_blue_cross__blue_cross/model.sdf
-- Installing: /home/ruize/dev_ws/install/vrx_gazebo/share/vrx_gazebo/models/dock_permutations/vrx_dock_blue_cross__blue_cross/model.config
-- Installing: /home/ruize/dev_ws/install/vrx_gazebo/share/vrx_gazebo/models/dock_permutations/vrx_dock_blue_circle__blue_triangle
-- Installing: /home/ruize/dev_ws/install/vrx_gazebo/share/vrx_gazebo/models/dock_permutations/vrx_dock_blue_circle__blue_triangle/model.sdf
-- Installing: /home/ruize/dev_ws/install/vrx_gazebo/share/vrx_gazebo/models/dock_permutations/vrx_dock_blue_circle__blue_triangle/model.config
-- Installing: /home/ruize/dev_ws/install/vrx_gazebo/share/vrx_gazebo/models/dock_permutations/vrx_dock_red_circle__red_circle
-- Installing: /home/ruize/dev_ws/install/vrx_gazebo/share/vrx_gazebo/models/dock_permutations/vrx_dock_red_circle__red_circle/model.sdf
-- Installing: /home/ruize/dev_ws/install/vrx_gazebo/share/vrx_gazebo/models/dock_permutations/vrx_dock_red_circle__red_circle/model.config
-- Installing: /home/ruize/dev_ws/install/vrx_gazebo/share/vrx_gazebo/models/dock_permutations/vrx_dock_red_circle__blue_circle
-- Installing: /home/ruize/dev_ws/install/vrx_gazebo/share/vrx_gazebo/models/dock_permutations/vrx_dock_red_circle__blue_circle/model.sdf
-- Installing: /home/ruize/dev_ws/install/vrx_gazebo/share/vrx_gazebo/models/dock_permutations/vrx_dock_red_circle__blue_circle/model.config
-- Installing: /home/ruize/dev_ws/install/vrx_gazebo/share/vrx_gazebo/models/dock_permutations/vrx_dock_blue_triangle__green_triangle
-- Installing: /home/ruize/dev_ws/install/vrx_gazebo/share/vrx_gazebo/models/dock_permutations/vrx_dock_blue_triangle__green_triangle/model.sdf
-- Installing: /home/ruize/dev_ws/install/vrx_gazebo/share/vrx_gazebo/models/dock_permutations/vrx_dock_blue_triangle__green_triangle/model.config
-- Installing: /home/ruize/dev_ws/install/vrx_gazebo/share/vrx_gazebo/models/dock_permutations/vrx_dock_red_cross__red_cross
-- Installing: /home/ruize/dev_ws/install/vrx_gazebo/share/vrx_gazebo/models/dock_permutations/vrx_dock_red_cross__red_cross/model.sdf
-- Installing: /home/ruize/dev_ws/install/vrx_gazebo/share/vrx_gazebo/models/dock_permutations/vrx_dock_red_cross__red_cross/model.config
-- Installing: /home/ruize/dev_ws/install/vrx_gazebo/share/vrx_gazebo/models/dock_permutations/vrx_dock_red_circle__green_cross
-- Installing: /home/ruize/dev_ws/install/vrx_gazebo/share/vrx_gazebo/models/dock_permutations/vrx_dock_red_circle__green_cross/model.sdf
-- Installing: /home/ruize/dev_ws/install/vrx_gazebo/share/vrx_gazebo/models/dock_permutations/vrx_dock_red_circle__green_cross/model.config
-- Installing: /home/ruize/dev_ws/install/vrx_gazebo/share/vrx_gazebo/models/dock_permutations/vrx_dock_blue_circle__blue_cross
-- Installing: /home/ruize/dev_ws/install/vrx_gazebo/share/vrx_gazebo/models/dock_permutations/vrx_dock_blue_circle__blue_cross/model.sdf
-- Installing: /home/ruize/dev_ws/install/vrx_gazebo/share/vrx_gazebo/models/dock_permutations/vrx_dock_blue_circle__blue_cross/model.config
-- Installing: /home/ruize/dev_ws/install/vrx_gazebo/share/vrx_gazebo/models/dock_permutations/.empty
-- Installing: /home/ruize/dev_ws/install/vrx_gazebo/share/vrx_gazebo/models/dock_permutations/vrx_dock_blue_circle__green_cross
-- Installing: /home/ruize/dev_ws/install/vrx_gazebo/share/vrx_gazebo/models/dock_permutations/vrx_dock_blue_circle__green_cross/model.sdf
-- Installing: /home/ruize/dev_ws/install/vrx_gazebo/share/vrx_gazebo/models/dock_permutations/vrx_dock_blue_circle__green_cross/model.config
-- Installing: /home/ruize/dev_ws/install/vrx_gazebo/share/vrx_gazebo/models/dock_permutations/vrx_dock_green_circle__red_cross
-- Installing: /home/ruize/dev_ws/install/vrx_gazebo/share/vrx_gazebo/models/dock_permutations/vrx_dock_green_circle__red_cross/model.sdf
-- Installing: /home/ruize/dev_ws/install/vrx_gazebo/share/vrx_gazebo/models/dock_permutations/vrx_dock_green_circle__red_cross/model.config
-- Installing: /home/ruize/dev_ws/install/vrx_gazebo/share/vrx_gazebo/models/dock_permutations/vrx_dock_red_triangle__green_circle
-- Installing: /home/ruize/dev_ws/install/vrx_gazebo/share/vrx_gazebo/models/dock_permutations/vrx_dock_red_triangle__green_circle/model.sdf
-- Installing: /home/ruize/dev_ws/install/vrx_gazebo/share/vrx_gazebo/models/dock_permutations/vrx_dock_red_triangle__green_circle/model.config
-- Installing: /home/ruize/dev_ws/install/vrx_gazebo/share/vrx_gazebo/models/dock_permutations/vrx_dock_blue_circle__green_circle
-- Installing: /home/ruize/dev_ws/install/vrx_gazebo/share/vrx_gazebo/models/dock_permutations/vrx_dock_blue_circle__green_circle/model.sdf
-- Installing: /home/ruize/dev_ws/install/vrx_gazebo/share/vrx_gazebo/models/dock_permutations/vrx_dock_blue_circle__green_circle/model.config
-- Installing: /home/ruize/dev_ws/install/vrx_gazebo/share/vrx_gazebo/models/dock_permutations/vrx_dock_red_circle__blue_cross
-- Installing: /home/ruize/dev_ws/install/vrx_gazebo/share/vrx_gazebo/models/dock_permutations/vrx_dock_red_circle__blue_cross/model.sdf
-- Installing: /home/ruize/dev_ws/install/vrx_gazebo/share/vrx_gazebo/models/dock_permutations/vrx_dock_red_circle__blue_cross/model.config
-- Installing: /home/ruize/dev_ws/install/vrx_gazebo/share/vrx_gazebo/models/dock_permutations/vrx_dock_red_circle__green_triangle
-- Installing: /home/ruize/dev_ws/install/vrx_gazebo/share/vrx_gazebo/models/dock_permutations/vrx_dock_red_circle__green_triangle/model.sdf
-- Installing: /home/ruize/dev_ws/install/vrx_gazebo/share/vrx_gazebo/models/dock_permutations/vrx_dock_red_circle__green_triangle/model.config
-- Installing: /home/ruize/dev_ws/install/vrx_gazebo/share/vrx_gazebo/models/dock_permutations/vrx_dock_red_cross__blue_triangle
-- Installing: /home/ruize/dev_ws/install/vrx_gazebo/share/vrx_gazebo/models/dock_permutations/vrx_dock_red_cross__blue_triangle/model.sdf
-- Installing: /home/ruize/dev_ws/install/vrx_gazebo/share/vrx_gazebo/models/dock_permutations/vrx_dock_red_cross__blue_triangle/model.config
-- Installing: /home/ruize/dev_ws/install/vrx_gazebo/share/vrx_gazebo/models/dock_permutations/vrx_dock_red_circle__blue_triangle
-- Installing: /home/ruize/dev_ws/install/vrx_gazebo/share/vrx_gazebo/models/dock_permutations/vrx_dock_red_circle__blue_triangle/model.sdf
-- Installing: /home/ruize/dev_ws/install/vrx_gazebo/share/vrx_gazebo/models/dock_permutations/vrx_dock_red_circle__blue_triangle/model.config
-- Installing: /home/ruize/dev_ws/install/vrx_gazebo/share/vrx_gazebo/models/dock_permutations/vrx_dock_blue_triangle__green_cross
-- Installing: /home/ruize/dev_ws/install/vrx_gazebo/share/vrx_gazebo/models/dock_permutations/vrx_dock_blue_triangle__green_cross/model.sdf
-- Installing: /home/ruize/dev_ws/install/vrx_gazebo/share/vrx_gazebo/models/dock_permutations/vrx_dock_blue_triangle__green_cross/model.config
-- Installing: /home/ruize/dev_ws/install/vrx_gazebo/share/vrx_gazebo/models/dock_permutations/vrx_dock_red_triangle__blue_circle
-- Installing: /home/ruize/dev_ws/install/vrx_gazebo/share/vrx_gazebo/models/dock_permutations/vrx_dock_red_triangle__blue_circle/model.sdf
-- Installing: /home/ruize/dev_ws/install/vrx_gazebo/share/vrx_gazebo/models/dock_permutations/vrx_dock_red_triangle__blue_circle/model.config
-- Installing: /home/ruize/dev_ws/install/vrx_gazebo/share/vrx_gazebo/models/dock_permutations/vrx_dock_green_circle__blue_circle
-- Installing: /home/ruize/dev_ws/install/vrx_gazebo/share/vrx_gazebo/models/dock_permutations/vrx_dock_green_circle__blue_circle/model.sdf
-- Installing: /home/ruize/dev_ws/install/vrx_gazebo/share/vrx_gazebo/models/dock_permutations/vrx_dock_green_circle__blue_circle/model.config
-- Installing: /home/ruize/dev_ws/install/vrx_gazebo/share/vrx_gazebo/models/dock_permutations/vrx_dock_green_triangle__green_cross
-- Installing: /home/ruize/dev_ws/install/vrx_gazebo/share/vrx_gazebo/models/dock_permutations/vrx_dock_green_triangle__green_cross/model.sdf
-- Installing: /home/ruize/dev_ws/install/vrx_gazebo/share/vrx_gazebo/models/dock_permutations/vrx_dock_green_triangle__green_cross/model.config
-- Installing: /home/ruize/dev_ws/install/vrx_gazebo/share/vrx_gazebo/models/dock_permutations/vrx_dock_blue_circle__green_triangle
-- Installing: /home/ruize/dev_ws/install/vrx_gazebo/share/vrx_gazebo/models/dock_permutations/vrx_dock_blue_circle__green_triangle/model.sdf
-- Installing: /home/ruize/dev_ws/install/vrx_gazebo/share/vrx_gazebo/models/dock_permutations/vrx_dock_blue_circle__green_triangle/model.config
-- Installing: /home/ruize/dev_ws/install/vrx_gazebo/share/vrx_gazebo/models/dock_permutations/vrx_dock_blue_triangle__blue_triangle
-- Installing: /home/ruize/dev_ws/install/vrx_gazebo/share/vrx_gazebo/models/dock_permutations/vrx_dock_blue_triangle__blue_triangle/model.sdf
-- Installing: /home/ruize/dev_ws/install/vrx_gazebo/share/vrx_gazebo/models/dock_permutations/vrx_dock_blue_triangle__blue_triangle/model.config
-- Installing: /home/ruize/dev_ws/install/vrx_gazebo/share/vrx_gazebo/models/dock_permutations/vrx_dock_blue_circle__red_triangle
-- Installing: /home/ruize/dev_ws/install/vrx_gazebo/share/vrx_gazebo/models/dock_permutations/vrx_dock_blue_circle__red_triangle/model.sdf
-- Installing: /home/ruize/dev_ws/install/vrx_gazebo/share/vrx_gazebo/models/dock_permutations/vrx_dock_blue_circle__red_triangle/model.config
-- Installing: /home/ruize/dev_ws/install/vrx_gazebo/share/vrx_gazebo/models/dock_permutations/vrx_dock_green_cross__red_circle
-- Installing: /home/ruize/dev_ws/install/vrx_gazebo/share/vrx_gazebo/models/dock_permutations/vrx_dock_green_cross__red_circle/model.sdf
-- Installing: /home/ruize/dev_ws/install/vrx_gazebo/share/vrx_gazebo/models/dock_permutations/vrx_dock_green_cross__red_circle/model.config
-- Installing: /home/ruize/dev_ws/install/vrx_gazebo/share/vrx_gazebo/models/dock_permutations/vrx_dock_red_cross__red_circle
-- Installing: /home/ruize/dev_ws/install/vrx_gazebo/share/vrx_gazebo/models/dock_permutations/vrx_dock_red_cross__red_circle/model.sdf
-- Installing: /home/ruize/dev_ws/install/vrx_gazebo/share/vrx_gazebo/models/dock_permutations/vrx_dock_red_cross__red_circle/model.config
-- Installing: /home/ruize/dev_ws/install/vrx_gazebo/share/vrx_gazebo/models/dock_permutations/vrx_dock_green_cross__blue_cross
-- Installing: /home/ruize/dev_ws/install/vrx_gazebo/share/vrx_gazebo/models/dock_permutations/vrx_dock_green_cross__blue_cross/model.sdf
-- Installing: /home/ruize/dev_ws/install/vrx_gazebo/share/vrx_gazebo/models/dock_permutations/vrx_dock_green_cross__blue_cross/model.config
-- Installing: /home/ruize/dev_ws/install/vrx_gazebo/share/vrx_gazebo/models/dock_permutations/vrx_dock_red_triangle__green_triangle
-- Installing: /home/ruize/dev_ws/install/vrx_gazebo/share/vrx_gazebo/models/dock_permutations/vrx_dock_red_triangle__green_triangle/model.sdf
-- Installing: /home/ruize/dev_ws/install/vrx_gazebo/share/vrx_gazebo/models/dock_permutations/vrx_dock_red_triangle__green_triangle/model.config
-- Installing: /home/ruize/dev_ws/install/vrx_gazebo/share/vrx_gazebo/models/dock_permutations/vrx_dock_red_triangle__blue_triangle
-- Installing: /home/ruize/dev_ws/install/vrx_gazebo/share/vrx_gazebo/models/dock_permutations/vrx_dock_red_triangle__blue_triangle/model.sdf
-- Installing: /home/ruize/dev_ws/install/vrx_gazebo/share/vrx_gazebo/models/dock_permutations/vrx_dock_red_triangle__blue_triangle/model.config
-- Installing: /home/ruize/dev_ws/install/vrx_gazebo/share/vrx_gazebo/models/dock_permutations/vrx_dock_blue_circle__red_circle
-- Installing: /home/ruize/dev_ws/install/vrx_gazebo/share/vrx_gazebo/models/dock_permutations/vrx_dock_blue_circle__red_circle/model.sdf
-- Installing: /home/ruize/dev_ws/install/vrx_gazebo/share/vrx_gazebo/models/dock_permutations/vrx_dock_blue_circle__red_circle/model.config
-- Installing: /home/ruize/dev_ws/install/vrx_gazebo/share/vrx_gazebo/models/dock_permutations/vrx_dock_green_circle__blue_triangle
-- Installing: /home/ruize/dev_ws/install/vrx_gazebo/share/vrx_gazebo/models/dock_permutations/vrx_dock_green_circle__blue_triangle/model.sdf
-- Installing: /home/ruize/dev_ws/install/vrx_gazebo/share/vrx_gazebo/models/dock_permutations/vrx_dock_green_circle__blue_triangle/model.config
-- Installing: /home/ruize/dev_ws/install/vrx_gazebo/share/vrx_gazebo/models/dock_permutations/vrx_dock_blue_cross__green_triangle
-- Installing: /home/ruize/dev_ws/install/vrx_gazebo/share/vrx_gazebo/models/dock_permutations/vrx_dock_blue_cross__green_triangle/model.sdf
-- Installing: /home/ruize/dev_ws/install/vrx_gazebo/share/vrx_gazebo/models/dock_permutations/vrx_dock_blue_cross__green_triangle/model.config
-- Installing: /home/ruize/dev_ws/install/vrx_gazebo/share/vrx_gazebo/models/dock_permutations/vrx_dock_red_triangle__red_circle
-- Installing: /home/ruize/dev_ws/install/vrx_gazebo/share/vrx_gazebo/models/dock_permutations/vrx_dock_red_triangle__red_circle/model.sdf
-- Installing: /home/ruize/dev_ws/install/vrx_gazebo/share/vrx_gazebo/models/dock_permutations/vrx_dock_red_triangle__red_circle/model.config
-- Installing: /home/ruize/dev_ws/install/vrx_gazebo/share/vrx_gazebo/models/yellow_totem
-- Installing: /home/ruize/dev_ws/install/vrx_gazebo/share/vrx_gazebo/models/yellow_totem/model.sdf
-- Installing: /home/ruize/dev_ws/install/vrx_gazebo/share/vrx_gazebo/models/yellow_totem/model.config
-- Installing: /home/ruize/dev_ws/install/vrx_gazebo/share/vrx_gazebo/models/dock_2016_base_dynamic
-- Installing: /home/ruize/dev_ws/install/vrx_gazebo/share/vrx_gazebo/models/dock_2016_base_dynamic/model.sdf
-- Installing: /home/ruize/dev_ws/install/vrx_gazebo/share/vrx_gazebo/models/dock_2016_base_dynamic/model.config
-- Installing: /home/ruize/dev_ws/install/vrx_gazebo/share/vrx_gazebo/models/dock_2016_base_dynamic/model.sdf.erb
-- Installing: /home/ruize/dev_ws/install/vrx_gazebo/share/vrx_gazebo/models/navigation_course0
-- Installing: /home/ruize/dev_ws/install/vrx_gazebo/share/vrx_gazebo/models/navigation_course0/model.sdf
-- Installing: /home/ruize/dev_ws/install/vrx_gazebo/share/vrx_gazebo/models/navigation_course0/model.config
-- Installing: /home/ruize/dev_ws/install/vrx_gazebo/share/vrx_gazebo/models/symbol_cross
-- Installing: /home/ruize/dev_ws/install/vrx_gazebo/share/vrx_gazebo/models/symbol_cross/model.sdf
-- Installing: /home/ruize/dev_ws/install/vrx_gazebo/share/vrx_gazebo/models/symbol_cross/model.config
-- Installing: /home/ruize/dev_ws/install/vrx_gazebo/share/vrx_gazebo/models/dock_block_4x4
-- Installing: /home/ruize/dev_ws/install/vrx_gazebo/share/vrx_gazebo/models/dock_block_4x4/model.sdf
-- Installing: /home/ruize/dev_ws/install/vrx_gazebo/share/vrx_gazebo/models/dock_block_4x4/model.config
-- Installing: /home/ruize/dev_ws/install/vrx_gazebo/share/vrx_gazebo/models/dock_block_4x4/mesh
-- Installing: /home/ruize/dev_ws/install/vrx_gazebo/share/vrx_gazebo/models/dock_block_4x4/mesh/dock_block_4x4.dae
-- Installing: /home/ruize/dev_ws/install/vrx_gazebo/share/vrx_gazebo/models/sandisland
-- Installing: /home/ruize/dev_ws/install/vrx_gazebo/share/vrx_gazebo/models/sandisland/meshes
-- Installing: /home/ruize/dev_ws/install/vrx_gazebo/share/vrx_gazebo/models/sandisland/meshes/sandisland.dae
-- Installing: /home/ruize/dev_ws/install/vrx_gazebo/share/vrx_gazebo/models/sandisland/model.sdf
-- Installing: /home/ruize/dev_ws/install/vrx_gazebo/share/vrx_gazebo/models/sandisland/heightmap.png
-- Installing: /home/ruize/dev_ws/install/vrx_gazebo/share/vrx_gazebo/models/sandisland/model.config
-- Installing: /home/ruize/dev_ws/install/vrx_gazebo/share/vrx_gazebo/models/sandisland/materials
-- Installing: /home/ruize/dev_ws/install/vrx_gazebo/share/vrx_gazebo/models/sandisland/materials/textures
-- Installing: /home/ruize/dev_ws/install/vrx_gazebo/share/vrx_gazebo/models/sandisland/materials/textures/sandisland.png
-- Installing: /home/ruize/dev_ws/install/vrx_gazebo/share/vrx_gazebo/models/dock_2016_base
-- Installing: /home/ruize/dev_ws/install/vrx_gazebo/share/vrx_gazebo/models/dock_2016_base/model.sdf
-- Installing: /home/ruize/dev_ws/install/vrx_gazebo/share/vrx_gazebo/models/dock_2016_base/model.config
-- Installing: /home/ruize/dev_ws/install/vrx_gazebo/share/vrx_gazebo/models/dock_2016_base/model.sdf.erb
-- Installing: /home/ruize/dev_ws/install/vrx_gazebo/share/vrx_gazebo/models/robotx_2018_qualifying_avoid_obstacles_buoys
-- Installing: /home/ruize/dev_ws/install/vrx_gazebo/share/vrx_gazebo/models/robotx_2018_qualifying_avoid_obstacles_buoys/model.config
-- Installing: /home/ruize/dev_ws/install/vrx_gazebo/share/vrx_gazebo/models/foldable_table
-- Installing: /home/ruize/dev_ws/install/vrx_gazebo/share/vrx_gazebo/models/foldable_table/model.sdf
-- Installing: /home/ruize/dev_ws/install/vrx_gazebo/share/vrx_gazebo/models/foldable_table/model.config
-- Installing: /home/ruize/dev_ws/install/vrx_gazebo/share/vrx_gazebo/models/foldable_table/mesh
-- Installing: /home/ruize/dev_ws/install/vrx_gazebo/share/vrx_gazebo/models/foldable_table/mesh/foldable_table.png
-- Installing: /home/ruize/dev_ws/install/vrx_gazebo/share/vrx_gazebo/models/foldable_table/mesh/foldable_table.dae
-- Installing: /home/ruize/dev_ws/install/vrx_gazebo/share/vrx_gazebo/models/green_totem
-- Installing: /home/ruize/dev_ws/install/vrx_gazebo/share/vrx_gazebo/models/green_totem/model.sdf
-- Installing: /home/ruize/dev_ws/install/vrx_gazebo/share/vrx_gazebo/models/green_totem/model.config
-- Up-to-date: /home/ruize/dev_ws/install/vrx_gazebo/share/ament_index/resource_index/package_run_dependencies/vrx_gazebo
-- Up-to-date: /home/ruize/dev_ws/install/vrx_gazebo/share/ament_index/resource_index/parent_prefix_path/vrx_gazebo
-- Up-to-date: /home/ruize/dev_ws/install/vrx_gazebo/share/vrx_gazebo/environment/ament_prefix_path.sh
-- Up-to-date: /home/ruize/dev_ws/install/vrx_gazebo/share/vrx_gazebo/environment/ament_prefix_path.dsv
-- Up-to-date: /home/ruize/dev_ws/install/vrx_gazebo/share/vrx_gazebo/environment/path.sh
-- Up-to-date: /home/ruize/dev_ws/install/vrx_gazebo/share/vrx_gazebo/environment/path.dsv
-- Up-to-date: /home/ruize/dev_ws/install/vrx_gazebo/share/vrx_gazebo/local_setup.bash
-- Up-to-date: /home/ruize/dev_ws/install/vrx_gazebo/share/vrx_gazebo/local_setup.sh
-- Up-to-date: /home/ruize/dev_ws/install/vrx_gazebo/share/vrx_gazebo/local_setup.zsh
-- Up-to-date: /home/ruize/dev_ws/install/vrx_gazebo/share/vrx_gazebo/local_setup.dsv
-- Installing: /home/ruize/dev_ws/install/vrx_gazebo/share/vrx_gazebo/package.dsv
-- Up-to-date: /home/ruize/dev_ws/install/vrx_gazebo/share/ament_index/resource_index/packages/vrx_gazebo
-- Up-to-date: /home/ruize/dev_ws/install/vrx_gazebo/share/vrx_gazebo/cmake/vrx_gazeboConfig.cmake
-- Up-to-date: /home/ruize/dev_ws/install/vrx_gazebo/share/vrx_gazebo/cmake/vrx_gazeboConfig-version.cmake
-- Up-to-date: /home/ruize/dev_ws/install/vrx_gazebo/share/vrx_gazebo/package.xml
