[0.020s] Invoking command in '/home/ruize/dev_ws/build/vrx_gazebo': CMAKE_PREFIX_PATH=${CMAKE_PREFIX_PATH}:/opt/ros/foxy /usr/bin/cmake --build /home/ruize/dev_ws/build/vrx_gazebo -- -j4 -l4
[0.070s] Invoked command in '/home/ruize/dev_ws/build/vrx_gazebo' returned '0': CMAKE_PREFIX_PATH=${CMAKE_PREFIX_PATH}:/opt/ros/foxy /usr/bin/cmake --build /home/ruize/dev_ws/build/vrx_gazebo -- -j4 -l4
[0.122s] Invoking command in '/home/ruize/dev_ws/build/vrx_gazebo': CMAKE_PREFIX_PATH=${CMAKE_PREFIX_PATH}:/opt/ros/foxy /usr/bin/cmake --install /home/ruize/dev_ws/build/vrx_gazebo
[0.148s] -- Install configuration: ""
[0.148s] -- Up-to-date: /home/ruize/dev_ws/install/vrx_gazebo/share/vrx_gazebo/models
[0.149s] -- Installing: /home/ruize/dev_ws/install/vrx_gazebo/share/vrx_gazebo/models/dock_2018_base_dynamic
[0.149s] -- Installing: /home/ruize/dev_ws/install/vrx_gazebo/share/vrx_gazebo/models/dock_2018_base_dynamic/model.sdf
[0.149s] -- Installing: /home/ruize/dev_ws/install/vrx_gazebo/share/vrx_gazebo/models/dock_2018_base_dynamic/model.config
[0.149s] -- Installing: /home/ruize/dev_ws/install/vrx_gazebo/share/vrx_gazebo/models/dock_2018_base_dynamic/model.sdf.erb
[0.149s] -- Installing: /home/ruize/dev_ws/install/vrx_gazebo/share/vrx_gazebo/models/navigation_course3
[0.149s] -- Installing: /home/ruize/dev_ws/install/vrx_gazebo/share/vrx_gazebo/models/navigation_course3/model.sdf
[0.149s] -- Installing: /home/ruize/dev_ws/install/vrx_gazebo/share/vrx_gazebo/models/navigation_course3/model.config
[0.149s] -- Installing: /home/ruize/dev_ws/install/vrx_gazebo/share/vrx_gazebo/models/navigation_course5
[0.149s] -- Installing: /home/ruize/dev_ws/install/vrx_gazebo/share/vrx_gazebo/models/navigation_course5/model.sdf
[0.149s] -- Installing: /home/ruize/dev_ws/install/vrx_gazebo/share/vrx_gazebo/models/navigation_course5/model.config
[0.149s] -- Installing: /home/ruize/dev_ws/install/vrx_gazebo/share/vrx_gazebo/models/dock_block_4x4_dynamic
[0.149s] -- Installing: /home/ruize/dev_ws/install/vrx_gazebo/share/vrx_gazebo/models/dock_block_4x4_dynamic/model.sdf
[0.149s] -- Installing: /home/ruize/dev_ws/install/vrx_gazebo/share/vrx_gazebo/models/dock_block_4x4_dynamic/model.config
[0.149s] -- Installing: /home/ruize/dev_ws/install/vrx_gazebo/share/vrx_gazebo/models/dock_block_4x4_dynamic/mesh
[0.149s] -- Installing: /home/ruize/dev_ws/install/vrx_gazebo/share/vrx_gazebo/models/dock_block_4x4_dynamic/mesh/dock_block_4x4.dae
[0.149s] -- Up-to-date: /home/ruize/dev_ws/install/vrx_gazebo/share/vrx_gazebo/models/sensor_post
[0.149s] -- Installing: /home/ruize/dev_ws/install/vrx_gazebo/share/vrx_gazebo/models/sensor_post/model.sdf
[0.150s] -- Installing: /home/ruize/dev_ws/install/vrx_gazebo/share/vrx_gazebo/models/sensor_post/model.config
[0.150s] -- Up-to-date: /home/ruize/dev_ws/install/vrx_gazebo/share/vrx_gazebo/models/sensor_post/mesh
[0.150s] -- Installing: /home/ruize/dev_ws/install/vrx_gazebo/share/vrx_gazebo/models/sensor_post/mesh/sensor_post.dae
[0.150s] -- Installing: /home/ruize/dev_ws/install/vrx_gazebo/share/vrx_gazebo/models/sensor_post/mesh/sensor_post.png
[0.150s] -- Installing: /home/ruize/dev_ws/install/vrx_gazebo/share/vrx_gazebo/models/sensor_post/mesh/sensor_post_arm.dae
[0.150s] -- Installing: /home/ruize/dev_ws/install/vrx_gazebo/share/vrx_gazebo/models/dock_2016
[0.150s] -- Installing: /home/ruize/dev_ws/install/vrx_gazebo/share/vrx_gazebo/models/dock_2016/model.sdf
[0.150s] -- Installing: /home/ruize/dev_ws/install/vrx_gazebo/share/vrx_gazebo/models/dock_2016/model.config
[0.150s] -- Installing: /home/ruize/dev_ws/install/vrx_gazebo/share/vrx_gazebo/models/dock_2016/model.sdf.erb
[0.150s] -- Installing: /home/ruize/dev_ws/install/vrx_gazebo/share/vrx_gazebo/models/robotx_2018_qualifying_avoid_obstacles
[0.150s] -- Installing: /home/ruize/dev_ws/install/vrx_gazebo/share/vrx_gazebo/models/robotx_2018_qualifying_avoid_obstacles/model.sdf
[0.150s] -- Installing: /home/ruize/dev_ws/install/vrx_gazebo/share/vrx_gazebo/models/robotx_2018_qualifying_avoid_obstacles/model.config
[0.150s] -- Installing: /home/ruize/dev_ws/install/vrx_gazebo/share/vrx_gazebo/models/symbol_triangle
[0.150s] -- Installing: /home/ruize/dev_ws/install/vrx_gazebo/share/vrx_gazebo/models/symbol_triangle/model.sdf
[0.150s] -- Installing: /home/ruize/dev_ws/install/vrx_gazebo/share/vrx_gazebo/models/symbol_triangle/model.config
[0.150s] -- Installing: /home/ruize/dev_ws/install/vrx_gazebo/share/vrx_gazebo/models/symbol_triangle/mesh
[0.150s] -- Installing: /home/ruize/dev_ws/install/vrx_gazebo/share/vrx_gazebo/models/symbol_triangle/mesh/triangle.dae
[0.151s] -- Installing: /home/ruize/dev_ws/install/vrx_gazebo/share/vrx_gazebo/models/dock_2018_dynamic
[0.151s] -- Installing: /home/ruize/dev_ws/install/vrx_gazebo/share/vrx_gazebo/models/dock_2018_dynamic/model.config
[0.151s] -- Installing: /home/ruize/dev_ws/install/vrx_gazebo/share/vrx_gazebo/models/dock_2018_dynamic/model.sdf.erb
[0.151s] -- Installing: /home/ruize/dev_ws/install/vrx_gazebo/share/vrx_gazebo/models/robotx_navigation_challenge
[0.151s] -- Installing: /home/ruize/dev_ws/install/vrx_gazebo/share/vrx_gazebo/models/robotx_navigation_challenge/model.sdf
[0.151s] -- Installing: /home/ruize/dev_ws/install/vrx_gazebo/share/vrx_gazebo/models/robotx_navigation_challenge/model.config
[0.151s] -- Installing: /home/ruize/dev_ws/install/vrx_gazebo/share/vrx_gazebo/models/symbol_circle
[0.151s] -- Installing: /home/ruize/dev_ws/install/vrx_gazebo/share/vrx_gazebo/models/symbol_circle/model.sdf
[0.151s] -- Installing: /home/ruize/dev_ws/install/vrx_gazebo/share/vrx_gazebo/models/symbol_circle/model.config
[0.151s] -- Up-to-date: /home/ruize/dev_ws/install/vrx_gazebo/share/vrx_gazebo/models/3d_lidar
[0.151s] -- Installing: /home/ruize/dev_ws/install/vrx_gazebo/share/vrx_gazebo/models/3d_lidar/model.sdf
[0.151s] -- Installing: /home/ruize/dev_ws/install/vrx_gazebo/share/vrx_gazebo/models/3d_lidar/model.config
[0.151s] -- Up-to-date: /home/ruize/dev_ws/install/vrx_gazebo/share/vrx_gazebo/models/3d_lidar/mesh
[0.159s] -- Installing: /home/ruize/dev_ws/install/vrx_gazebo/share/vrx_gazebo/models/3d_lidar/mesh/3d_lidar.dae
[0.159s] -- Installing: /home/ruize/dev_ws/install/vrx_gazebo/share/vrx_gazebo/models/3d_lidar/mesh/3d_lidar.png
[0.159s] -- Installing: /home/ruize/dev_ws/install/vrx_gazebo/share/vrx_gazebo/models/blue_totem
[0.159s] -- Installing: /home/ruize/dev_ws/install/vrx_gazebo/share/vrx_gazebo/models/blue_totem/model.sdf
[0.159s] -- Installing: /home/ruize/dev_ws/install/vrx_gazebo/share/vrx_gazebo/models/blue_totem/model.config
[0.160s] -- Installing: /home/ruize/dev_ws/install/vrx_gazebo/share/vrx_gazebo/models/tent
[0.160s] -- Installing: /home/ruize/dev_ws/install/vrx_gazebo/share/vrx_gazebo/models/tent/model.sdf
[0.160s] -- Installing: /home/ruize/dev_ws/install/vrx_gazebo/share/vrx_gazebo/models/tent/model.config
[0.160s] -- Installing: /home/ruize/dev_ws/install/vrx_gazebo/share/vrx_gazebo/models/tent/mesh
[0.160s] -- Installing: /home/ruize/dev_ws/install/vrx_gazebo/share/vrx_gazebo/models/tent/mesh/tent.dae
[0.160s] -- Installing: /home/ruize/dev_ws/install/vrx_gazebo/share/vrx_gazebo/models/tent/mesh/tent.png
[0.160s] -- Up-to-date: /home/ruize/dev_ws/install/vrx_gazebo/share/vrx_gazebo/models/battery
[0.160s] -- Installing: /home/ruize/dev_ws/install/vrx_gazebo/share/vrx_gazebo/models/battery/model.sdf
[0.160s] -- Installing: /home/ruize/dev_ws/install/vrx_gazebo/share/vrx_gazebo/models/battery/model.config
[0.160s] -- Up-to-date: /home/ruize/dev_ws/install/vrx_gazebo/share/vrx_gazebo/models/battery/mesh
[0.160s] -- Installing: /home/ruize/dev_ws/install/vrx_gazebo/share/vrx_gazebo/models/battery/mesh/battery.dae
[0.160s] -- Installing: /home/ruize/dev_ws/install/vrx_gazebo/share/vrx_gazebo/models/battery/mesh/battery.png
[0.160s] -- Installing: /home/ruize/dev_ws/install/vrx_gazebo/share/vrx_gazebo/models/black_totem
[0.160s] -- Installing: /home/ruize/dev_ws/install/vrx_gazebo/share/vrx_gazebo/models/black_totem/model.sdf
[0.161s] -- Installing: /home/ruize/dev_ws/install/vrx_gazebo/share/vrx_gazebo/models/black_totem/model.config
[0.161s] -- Installing: /home/ruize/dev_ws/install/vrx_gazebo/share/vrx_gazebo/models/polyform_a5
[0.161s] -- Installing: /home/ruize/dev_ws/install/vrx_gazebo/share/vrx_gazebo/models/polyform_a5/model.sdf
[0.161s] -- Installing: /home/ruize/dev_ws/install/vrx_gazebo/share/vrx_gazebo/models/polyform_a5/model.config
[0.161s] -- Installing: /home/ruize/dev_ws/install/vrx_gazebo/share/vrx_gazebo/models/dock_block
[0.161s] -- Installing: /home/ruize/dev_ws/install/vrx_gazebo/share/vrx_gazebo/models/dock_block/model.sdf
[0.161s] -- Installing: /home/ruize/dev_ws/install/vrx_gazebo/share/vrx_gazebo/models/dock_block/model.config
[0.161s] -- Installing: /home/ruize/dev_ws/install/vrx_gazebo/share/vrx_gazebo/models/dock_block/mesh
[0.161s] -- Installing: /home/ruize/dev_ws/install/vrx_gazebo/share/vrx_gazebo/models/dock_block/mesh/dock_block.dae
[0.161s] -- Installing: /home/ruize/dev_ws/install/vrx_gazebo/share/vrx_gazebo/models/ground_station
[0.161s] -- Installing: /home/ruize/dev_ws/install/vrx_gazebo/share/vrx_gazebo/models/ground_station/model.sdf
[0.161s] -- Installing: /home/ruize/dev_ws/install/vrx_gazebo/share/vrx_gazebo/models/ground_station/model.config
[0.162s] -- Installing: /home/ruize/dev_ws/install/vrx_gazebo/share/vrx_gazebo/models/navigation_task
[0.162s] -- Installing: /home/ruize/dev_ws/install/vrx_gazebo/share/vrx_gazebo/models/navigation_task/model.sdf
[0.162s] -- Installing: /home/ruize/dev_ws/install/vrx_gazebo/share/vrx_gazebo/models/navigation_task/model.config
[0.162s] -- Installing: /home/ruize/dev_ws/install/vrx_gazebo/share/vrx_gazebo/models/robotx_2018_entrance_gate
[0.162s] -- Installing: /home/ruize/dev_ws/install/vrx_gazebo/share/vrx_gazebo/models/robotx_2018_entrance_gate/model.sdf
[0.162s] -- Installing: /home/ruize/dev_ws/install/vrx_gazebo/share/vrx_gazebo/models/robotx_2018_entrance_gate/model.config
[0.162s] -- Installing: /home/ruize/dev_ws/install/vrx_gazebo/share/vrx_gazebo/models/surmark950410
[0.168s] -- Installing: /home/ruize/dev_ws/install/vrx_gazebo/share/vrx_gazebo/models/surmark950410/model.sdf
[0.169s] -- Installing: /home/ruize/dev_ws/install/vrx_gazebo/share/vrx_gazebo/models/surmark950410/model.config
[0.169s] -- Installing: /home/ruize/dev_ws/install/vrx_gazebo/share/vrx_gazebo/models/surmark950410/mesh
[0.169s] -- Installing: /home/ruize/dev_ws/install/vrx_gazebo/share/vrx_gazebo/models/surmark950410/mesh/surmark950410.dae
[0.169s] -- Installing: /home/ruize/dev_ws/install/vrx_gazebo/share/vrx_gazebo/models/surmark950410/materials
[0.169s] -- Installing: /home/ruize/dev_ws/install/vrx_gazebo/share/vrx_gazebo/models/surmark950410/materials/scripts
[0.169s] -- Installing: /home/ruize/dev_ws/install/vrx_gazebo/share/vrx_gazebo/models/surmark950410/materials/scripts/surmark950410.material
[0.169s] -- Installing: /home/ruize/dev_ws/install/vrx_gazebo/share/vrx_gazebo/models/post
[0.169s] -- Installing: /home/ruize/dev_ws/install/vrx_gazebo/share/vrx_gazebo/models/post/meshes
[0.169s] -- Installing: /home/ruize/dev_ws/install/vrx_gazebo/share/vrx_gazebo/models/post/meshes/post.dae
[0.169s] -- Installing: /home/ruize/dev_ws/install/vrx_gazebo/share/vrx_gazebo/models/post/model.sdf
[0.169s] -- Installing: /home/ruize/dev_ws/install/vrx_gazebo/share/vrx_gazebo/models/post/model.config
[0.170s] -- Installing: /home/ruize/dev_ws/install/vrx_gazebo/share/vrx_gazebo/models/post/materials
[0.170s] -- Installing: /home/ruize/dev_ws/install/vrx_gazebo/share/vrx_gazebo/models/post/materials/textures
[0.170s] -- Installing: /home/ruize/dev_ws/install/vrx_gazebo/share/vrx_gazebo/models/post/materials/textures/post.png
[0.170s] -- Installing: /home/ruize/dev_ws/install/vrx_gazebo/share/vrx_gazebo/models/polyform_a7
[0.170s] -- Installing: /home/ruize/dev_ws/install/vrx_gazebo/share/vrx_gazebo/models/polyform_a7/model.sdf
[0.170s] -- Installing: /home/ruize/dev_ws/install/vrx_gazebo/share/vrx_gazebo/models/polyform_a7/model.config
[0.170s] -- Installing: /home/ruize/dev_ws/install/vrx_gazebo/share/vrx_gazebo/models/surmark46104
[0.170s] -- Installing: /home/ruize/dev_ws/install/vrx_gazebo/share/vrx_gazebo/models/surmark46104/model.sdf
[0.170s] -- Installing: /home/ruize/dev_ws/install/vrx_gazebo/share/vrx_gazebo/models/surmark46104/model.config
[0.170s] -- Installing: /home/ruize/dev_ws/install/vrx_gazebo/share/vrx_gazebo/models/surmark46104/mesh
[0.171s] -- Installing: /home/ruize/dev_ws/install/vrx_gazebo/share/vrx_gazebo/models/surmark46104/mesh/surmark46104.dae
[0.171s] -- Installing: /home/ruize/dev_ws/install/vrx_gazebo/share/vrx_gazebo/models/surmark950400
[0.171s] -- Installing: /home/ruize/dev_ws/install/vrx_gazebo/share/vrx_gazebo/models/surmark950400/model.sdf
[0.171s] -- Installing: /home/ruize/dev_ws/install/vrx_gazebo/share/vrx_gazebo/models/surmark950400/model.config
[0.171s] -- Installing: /home/ruize/dev_ws/install/vrx_gazebo/share/vrx_gazebo/models/surmark950400/mesh
[0.171s] -- Installing: /home/ruize/dev_ws/install/vrx_gazebo/share/vrx_gazebo/models/surmark950400/mesh/surmark950400.dae
[0.171s] -- Installing: /home/ruize/dev_ws/install/vrx_gazebo/share/vrx_gazebo/models/surmark950400/materials
[0.171s] -- Installing: /home/ruize/dev_ws/install/vrx_gazebo/share/vrx_gazebo/models/surmark950400/materials/scripts
[0.171s] -- Installing: /home/ruize/dev_ws/install/vrx_gazebo/share/vrx_gazebo/models/surmark950400/materials/scripts/surmark950400.material
[0.171s] -- Installing: /home/ruize/dev_ws/install/vrx_gazebo/share/vrx_gazebo/models/navigation_course4
[0.171s] -- Installing: /home/ruize/dev_ws/install/vrx_gazebo/share/vrx_gazebo/models/navigation_course4/model.sdf
[0.171s] -- Installing: /home/ruize/dev_ws/install/vrx_gazebo/share/vrx_gazebo/models/navigation_course4/model.config
[0.171s] -- Installing: /home/ruize/dev_ws/install/vrx_gazebo/share/vrx_gazebo/models/ocean
[0.171s] -- Installing: /home/ruize/dev_ws/install/vrx_gazebo/share/vrx_gazebo/models/ocean/meshes
[0.171s] -- Installing: /home/ruize/dev_ws/install/vrx_gazebo/share/vrx_gazebo/models/ocean/meshes/mesh.dae
[0.171s] -- Installing: /home/ruize/dev_ws/install/vrx_gazebo/share/vrx_gazebo/models/ocean/meshes/mesh_below.dae
[0.171s] -- Installing: /home/ruize/dev_ws/install/vrx_gazebo/share/vrx_gazebo/models/ocean/meshes/mesh.blend
[0.172s] -- Installing: /home/ruize/dev_ws/install/vrx_gazebo/share/vrx_gazebo/models/ocean/model.sdf
[0.172s] -- Installing: /home/ruize/dev_ws/install/vrx_gazebo/share/vrx_gazebo/models/ocean/model.config
[0.172s] -- Installing: /home/ruize/dev_ws/install/vrx_gazebo/share/vrx_gazebo/models/ocean/materials
[0.172s] -- Installing: /home/ruize/dev_ws/install/vrx_gazebo/share/vrx_gazebo/models/ocean/materials/programs
[0.172s] -- Installing: /home/ruize/dev_ws/install/vrx_gazebo/share/vrx_gazebo/models/ocean/materials/programs/GLSL
[0.172s] -- Installing: /home/ruize/dev_ws/install/vrx_gazebo/share/vrx_gazebo/models/ocean/materials/programs/GLSL/Waves.frag
[0.172s] -- Installing: /home/ruize/dev_ws/install/vrx_gazebo/share/vrx_gazebo/models/ocean/materials/programs/GLSL/Waves.vert
[0.172s] -- Installing: /home/ruize/dev_ws/install/vrx_gazebo/share/vrx_gazebo/models/ocean/materials/scripts
[0.172s] -- Installing: /home/ruize/dev_ws/install/vrx_gazebo/share/vrx_gazebo/models/ocean/materials/scripts/ocean.material
[0.172s] -- Installing: /home/ruize/dev_ws/install/vrx_gazebo/share/vrx_gazebo/models/ocean/materials/textures
[0.172s] -- Installing: /home/ruize/dev_ws/install/vrx_gazebo/share/vrx_gazebo/models/ocean/materials/textures/clouds_rt.jpg
[0.172s] -- Installing: /home/ruize/dev_ws/install/vrx_gazebo/share/vrx_gazebo/models/ocean/materials/textures/clouds_dn.jpg
[0.172s] -- Installing: /home/ruize/dev_ws/install/vrx_gazebo/share/vrx_gazebo/models/ocean/materials/textures/clouds_bk.jpg
[0.172s] -- Installing: /home/ruize/dev_ws/install/vrx_gazebo/share/vrx_gazebo/models/ocean/materials/textures/clouds_up.jpg
[0.172s] -- Installing: /home/ruize/dev_ws/install/vrx_gazebo/share/vrx_gazebo/models/ocean/materials/textures/clouds_fr.jpg
[0.172s] -- Installing: /home/ruize/dev_ws/install/vrx_gazebo/share/vrx_gazebo/models/ocean/materials/textures/clouds.jpg
[0.172s] -- Installing: /home/ruize/dev_ws/install/vrx_gazebo/share/vrx_gazebo/models/ocean/materials/textures/clouds_lf.jpg
[0.173s] -- Installing: /home/ruize/dev_ws/install/vrx_gazebo/share/vrx_gazebo/models/ocean/materials/textures/normals.dds
[0.173s] -- Installing: /home/ruize/dev_ws/install/vrx_gazebo/share/vrx_gazebo/models/antenna
[0.173s] -- Installing: /home/ruize/dev_ws/install/vrx_gazebo/share/vrx_gazebo/models/antenna/meshes
[0.173s] -- Installing: /home/ruize/dev_ws/install/vrx_gazebo/share/vrx_gazebo/models/antenna/meshes/antenna.dae
[0.173s] -- Installing: /home/ruize/dev_ws/install/vrx_gazebo/share/vrx_gazebo/models/antenna/meshes/antenna.png
[0.173s] -- Installing: /home/ruize/dev_ws/install/vrx_gazebo/share/vrx_gazebo/models/antenna/model.sdf
[0.173s] -- Installing: /home/ruize/dev_ws/install/vrx_gazebo/share/vrx_gazebo/models/antenna/model.config
[0.173s] -- Installing: /home/ruize/dev_ws/install/vrx_gazebo/share/vrx_gazebo/models/placard
[0.173s] -- Installing: /home/ruize/dev_ws/install/vrx_gazebo/share/vrx_gazebo/models/placard/model.sdf
[0.173s] -- Installing: /home/ruize/dev_ws/install/vrx_gazebo/share/vrx_gazebo/models/placard/model.config
[0.173s] -- Installing: /home/ruize/dev_ws/install/vrx_gazebo/share/vrx_gazebo/models/robotx_2016_finals_pinger_transit
[0.173s] -- Installing: /home/ruize/dev_ws/install/vrx_gazebo/share/vrx_gazebo/models/robotx_2016_finals_pinger_transit/model.sdf
[0.173s] -- Installing: /home/ruize/dev_ws/install/vrx_gazebo/share/vrx_gazebo/models/robotx_2016_finals_pinger_transit/model.config
[0.173s] -- Installing: /home/ruize/dev_ws/install/vrx_gazebo/share/vrx_gazebo/models/robotx_2016_qualifying_pinger_transit
[0.173s] -- Installing: /home/ruize/dev_ws/install/vrx_gazebo/share/vrx_gazebo/models/robotx_2016_qualifying_pinger_transit/model.sdf
[0.173s] -- Installing: /home/ruize/dev_ws/install/vrx_gazebo/share/vrx_gazebo/models/robotx_2016_qualifying_pinger_transit/model.config
[0.173s] -- Installing: /home/ruize/dev_ws/install/vrx_gazebo/share/vrx_gazebo/models/navigation_course1
[0.173s] -- Installing: /home/ruize/dev_ws/install/vrx_gazebo/share/vrx_gazebo/models/navigation_course1/model.sdf
[0.174s] -- Installing: /home/ruize/dev_ws/install/vrx_gazebo/share/vrx_gazebo/models/navigation_course1/model.config
[0.174s] -- Up-to-date: /home/ruize/dev_ws/install/vrx_gazebo/share/vrx_gazebo/models/cpu_cases
[0.174s] -- Installing: /home/ruize/dev_ws/install/vrx_gazebo/share/vrx_gazebo/models/cpu_cases/model.sdf
[0.174s] -- Installing: /home/ruize/dev_ws/install/vrx_gazebo/share/vrx_gazebo/models/cpu_cases/model.config
[0.174s] -- Up-to-date: /home/ruize/dev_ws/install/vrx_gazebo/share/vrx_gazebo/models/cpu_cases/mesh
[0.174s] -- Installing: /home/ruize/dev_ws/install/vrx_gazebo/share/vrx_gazebo/models/cpu_cases/mesh/cpu_cases.png
[0.179s] -- Installing: /home/ruize/dev_ws/install/vrx_gazebo/share/vrx_gazebo/models/cpu_cases/mesh/cpu_cases.dae
[0.179s] -- Installing: /home/ruize/dev_ws/install/vrx_gazebo/share/vrx_gazebo/models/navigation_course2
[0.179s] -- Installing: /home/ruize/dev_ws/install/vrx_gazebo/share/vrx_gazebo/models/navigation_course2/model.sdf
[0.179s] -- Installing: /home/ruize/dev_ws/install/vrx_gazebo/share/vrx_gazebo/models/navigation_course2/model.config
[0.180s] -- Installing: /home/ruize/dev_ws/install/vrx_gazebo/share/vrx_gazebo/models/dock_block_3x3
[0.180s] -- Installing: /home/ruize/dev_ws/install/vrx_gazebo/share/vrx_gazebo/models/dock_block_3x3/model.sdf
[0.180s] -- Installing: /home/ruize/dev_ws/install/vrx_gazebo/share/vrx_gazebo/models/dock_block_3x3/model.config
[0.180s] -- Installing: /home/ruize/dev_ws/install/vrx_gazebo/share/vrx_gazebo/models/dock_block_3x3/mesh
[0.180s] -- Installing: /home/ruize/dev_ws/install/vrx_gazebo/share/vrx_gazebo/models/dock_block_3x3/mesh/dock_block_3x3.dae
[0.182s] -- Installing: /home/ruize/dev_ws/install/vrx_gazebo/share/vrx_gazebo/models/foldable_chair
[0.182s] -- Installing: /home/ruize/dev_ws/install/vrx_gazebo/share/vrx_gazebo/models/foldable_chair/model.sdf
[0.182s] -- Installing: /home/ruize/dev_ws/install/vrx_gazebo/share/vrx_gazebo/models/foldable_chair/model.config
[0.182s] -- Installing: /home/ruize/dev_ws/install/vrx_gazebo/share/vrx_gazebo/models/foldable_chair/mesh
[0.182s] -- Installing: /home/ruize/dev_ws/install/vrx_gazebo/share/vrx_gazebo/models/foldable_chair/mesh/foldable_chair.png
[0.189s] -- Installing: /home/ruize/dev_ws/install/vrx_gazebo/share/vrx_gazebo/models/foldable_chair/mesh/foldable_chair.dae
[0.189s] -- Up-to-date: /home/ruize/dev_ws/install/vrx_gazebo/share/vrx_gazebo/models/mono_camera
[0.189s] -- Installing: /home/ruize/dev_ws/install/vrx_gazebo/share/vrx_gazebo/models/mono_camera/model.sdf
[0.190s] -- Installing: /home/ruize/dev_ws/install/vrx_gazebo/share/vrx_gazebo/models/mono_camera/model.config
[0.190s] -- Up-to-date: /home/ruize/dev_ws/install/vrx_gazebo/share/vrx_gazebo/models/mono_camera/mesh
[0.190s] -- Installing: /home/ruize/dev_ws/install/vrx_gazebo/share/vrx_gazebo/models/mono_camera/mesh/mono_camera.png
[0.191s] -- Installing: /home/ruize/dev_ws/install/vrx_gazebo/share/vrx_gazebo/models/mono_camera/mesh/mono_camera.dae
[0.192s] -- Installing: /home/ruize/dev_ws/install/vrx_gazebo/share/vrx_gazebo/models/dock_2018
[0.192s] -- Installing: /home/ruize/dev_ws/install/vrx_gazebo/share/vrx_gazebo/models/dock_2018/model.sdf
[0.192s] -- Installing: /home/ruize/dev_ws/install/vrx_gazebo/share/vrx_gazebo/models/dock_2018/model.config
[0.192s] -- Installing: /home/ruize/dev_ws/install/vrx_gazebo/share/vrx_gazebo/models/dock_2018/model.sdf.erb
[0.192s] -- Installing: /home/ruize/dev_ws/install/vrx_gazebo/share/vrx_gazebo/models/dock_block_2x2
[0.192s] -- Installing: /home/ruize/dev_ws/install/vrx_gazebo/share/vrx_gazebo/models/dock_block_2x2/model.sdf
[0.192s] -- Installing: /home/ruize/dev_ws/install/vrx_gazebo/share/vrx_gazebo/models/dock_block_2x2/model.config
[0.192s] -- Installing: /home/ruize/dev_ws/install/vrx_gazebo/share/vrx_gazebo/models/dock_block_2x2/mesh
[0.192s] -- Installing: /home/ruize/dev_ws/install/vrx_gazebo/share/vrx_gazebo/models/dock_block_2x2/mesh/dock_block_2x2.dae
[0.193s] -- Installing: /home/ruize/dev_ws/install/vrx_gazebo/share/vrx_gazebo/models/wavegauge
[0.193s] -- Installing: /home/ruize/dev_ws/install/vrx_gazebo/share/vrx_gazebo/models/wavegauge/model.sdf
[0.194s] -- Installing: /home/ruize/dev_ws/install/vrx_gazebo/share/vrx_gazebo/models/wavegauge/model.config
[0.194s] -- Installing: /home/ruize/dev_ws/install/vrx_gazebo/share/vrx_gazebo/models/dock_2016_dynamic
[0.194s] -- Installing: /home/ruize/dev_ws/install/vrx_gazebo/share/vrx_gazebo/models/dock_2016_dynamic/model.sdf
[0.194s] -- Installing: /home/ruize/dev_ws/install/vrx_gazebo/share/vrx_gazebo/models/dock_2016_dynamic/model.config
[0.194s] -- Installing: /home/ruize/dev_ws/install/vrx_gazebo/share/vrx_gazebo/models/dock_2016_dynamic/model.sdf.erb
[0.194s] -- Installing: /home/ruize/dev_ws/install/vrx_gazebo/share/vrx_gazebo/models/robotx_light_buoy
[0.194s] -- Installing: /home/ruize/dev_ws/install/vrx_gazebo/share/vrx_gazebo/models/robotx_light_buoy/model.sdf
[0.194s] -- Installing: /home/ruize/dev_ws/install/vrx_gazebo/share/vrx_gazebo/models/robotx_light_buoy/model.config
[0.194s] -- Installing: /home/ruize/dev_ws/install/vrx_gazebo/share/vrx_gazebo/models/robotx_light_buoy/mesh
[0.195s] -- Installing: /home/ruize/dev_ws/install/vrx_gazebo/share/vrx_gazebo/models/robotx_light_buoy/mesh/robotx_light_buoy.dae
[0.196s] -- Installing: /home/ruize/dev_ws/install/vrx_gazebo/share/vrx_gazebo/models/navigation_course
[0.197s] -- Installing: /home/ruize/dev_ws/install/vrx_gazebo/share/vrx_gazebo/models/navigation_course/model.sdf
[0.197s] -- Installing: /home/ruize/dev_ws/install/vrx_gazebo/share/vrx_gazebo/models/navigation_course/model.config
[0.197s] -- Installing: /home/ruize/dev_ws/install/vrx_gazebo/share/vrx_gazebo/models/polyform_a3
[0.197s] -- Installing: /home/ruize/dev_ws/install/vrx_gazebo/share/vrx_gazebo/models/polyform_a3/model.sdf
[0.197s] -- Installing: /home/ruize/dev_ws/install/vrx_gazebo/share/vrx_gazebo/models/polyform_a3/model.config
[0.197s] -- Installing: /home/ruize/dev_ws/install/vrx_gazebo/share/vrx_gazebo/models/red_totem
[0.197s] -- Installing: /home/ruize/dev_ws/install/vrx_gazebo/share/vrx_gazebo/models/red_totem/model.sdf
[0.197s] -- Installing: /home/ruize/dev_ws/install/vrx_gazebo/share/vrx_gazebo/models/red_totem/model.config
[0.198s] -- Installing: /home/ruize/dev_ws/install/vrx_gazebo/share/vrx_gazebo/models/dock_2018_base
[0.198s] -- Installing: /home/ruize/dev_ws/install/vrx_gazebo/share/vrx_gazebo/models/dock_2018_base/model.sdf
[0.198s] -- Installing: /home/ruize/dev_ws/install/vrx_gazebo/share/vrx_gazebo/models/dock_2018_base/model.config
[0.198s] -- Installing: /home/ruize/dev_ws/install/vrx_gazebo/share/vrx_gazebo/models/dock_2018_base/model.sdf.erb
[0.198s] -- Installing: /home/ruize/dev_ws/install/vrx_gazebo/share/vrx_gazebo/models/dock_permutations
[0.198s] -- Installing: /home/ruize/dev_ws/install/vrx_gazebo/share/vrx_gazebo/models/dock_permutations/vrx_dock_red_cross__red_triangle
[0.199s] -- Installing: /home/ruize/dev_ws/install/vrx_gazebo/share/vrx_gazebo/models/dock_permutations/vrx_dock_red_cross__red_triangle/model.sdf
[0.199s] -- Installing: /home/ruize/dev_ws/install/vrx_gazebo/share/vrx_gazebo/models/dock_permutations/vrx_dock_red_cross__red_triangle/model.config
[0.199s] -- Installing: /home/ruize/dev_ws/install/vrx_gazebo/share/vrx_gazebo/models/dock_permutations/vrx_dock_blue_cross__green_circle
[0.199s] -- Installing: /home/ruize/dev_ws/install/vrx_gazebo/share/vrx_gazebo/models/dock_permutations/vrx_dock_blue_cross__green_circle/model.sdf
[0.199s] -- Installing: /home/ruize/dev_ws/install/vrx_gazebo/share/vrx_gazebo/models/dock_permutations/vrx_dock_blue_cross__green_circle/model.config
[0.200s] -- Installing: /home/ruize/dev_ws/install/vrx_gazebo/share/vrx_gazebo/models/dock_permutations/vrx_dock_green_triangle__green_triangle
[0.200s] -- Installing: /home/ruize/dev_ws/install/vrx_gazebo/share/vrx_gazebo/models/dock_permutations/vrx_dock_green_triangle__green_triangle/model.sdf
[0.200s] -- Installing: /home/ruize/dev_ws/install/vrx_gazebo/share/vrx_gazebo/models/dock_permutations/vrx_dock_green_triangle__green_triangle/model.config
[0.200s] -- Installing: /home/ruize/dev_ws/install/vrx_gazebo/share/vrx_gazebo/models/dock_permutations/vrx_dock_blue_triangle__blue_cross
[0.200s] -- Installing: /home/ruize/dev_ws/install/vrx_gazebo/share/vrx_gazebo/models/dock_permutations/vrx_dock_blue_triangle__blue_cross/model.sdf
[0.200s] -- Installing: /home/ruize/dev_ws/install/vrx_gazebo/share/vrx_gazebo/models/dock_permutations/vrx_dock_blue_triangle__blue_cross/model.config
[0.200s] -- Installing: /home/ruize/dev_ws/install/vrx_gazebo/share/vrx_gazebo/models/dock_permutations/vrx_dock_red_triangle__green_cross
[0.200s] -- Installing: /home/ruize/dev_ws/install/vrx_gazebo/share/vrx_gazebo/models/dock_permutations/vrx_dock_red_triangle__green_cross/model.sdf
[0.201s] -- Installing: /home/ruize/dev_ws/install/vrx_gazebo/share/vrx_gazebo/models/dock_permutations/vrx_dock_red_triangle__green_cross/model.config
[0.201s] -- Installing: /home/ruize/dev_ws/install/vrx_gazebo/share/vrx_gazebo/models/dock_permutations/vrx_dock_blue_triangle__blue_circle
[0.201s] -- Installing: /home/ruize/dev_ws/install/vrx_gazebo/share/vrx_gazebo/models/dock_permutations/vrx_dock_blue_triangle__blue_circle/model.sdf
[0.201s] -- Installing: /home/ruize/dev_ws/install/vrx_gazebo/share/vrx_gazebo/models/dock_permutations/vrx_dock_blue_triangle__blue_circle/model.config
[0.201s] -- Installing: /home/ruize/dev_ws/install/vrx_gazebo/share/vrx_gazebo/models/dock_permutations/vrx_dock_blue_triangle__red_circle
[0.202s] -- Installing: /home/ruize/dev_ws/install/vrx_gazebo/share/vrx_gazebo/models/dock_permutations/vrx_dock_blue_triangle__red_circle/model.sdf
[0.202s] -- Installing: /home/ruize/dev_ws/install/vrx_gazebo/share/vrx_gazebo/models/dock_permutations/vrx_dock_blue_triangle__red_circle/model.config
[0.202s] -- Installing: /home/ruize/dev_ws/install/vrx_gazebo/share/vrx_gazebo/models/dock_permutations/vrx_dock_blue_cross__red_circle
[0.202s] -- Installing: /home/ruize/dev_ws/install/vrx_gazebo/share/vrx_gazebo/models/dock_permutations/vrx_dock_blue_cross__red_circle/model.sdf
[0.202s] -- Installing: /home/ruize/dev_ws/install/vrx_gazebo/share/vrx_gazebo/models/dock_permutations/vrx_dock_blue_cross__red_circle/model.config
[0.202s] -- Installing: /home/ruize/dev_ws/install/vrx_gazebo/share/vrx_gazebo/models/dock_permutations/vrx_dock_green_circle__green_circle
[0.202s] -- Installing: /home/ruize/dev_ws/install/vrx_gazebo/share/vrx_gazebo/models/dock_permutations/vrx_dock_green_circle__green_circle/model.sdf
[0.202s] -- Installing: /home/ruize/dev_ws/install/vrx_gazebo/share/vrx_gazebo/models/dock_permutations/vrx_dock_green_circle__green_circle/model.config
[0.202s] -- Installing: /home/ruize/dev_ws/install/vrx_gazebo/share/vrx_gazebo/models/dock_permutations/vrx_dock_red_circle__green_circle
[0.202s] -- Installing: /home/ruize/dev_ws/install/vrx_gazebo/share/vrx_gazebo/models/dock_permutations/vrx_dock_red_circle__green_circle/model.sdf
[0.203s] -- Installing: /home/ruize/dev_ws/install/vrx_gazebo/share/vrx_gazebo/models/dock_permutations/vrx_dock_red_circle__green_circle/model.config
[0.203s] -- Installing: /home/ruize/dev_ws/install/vrx_gazebo/share/vrx_gazebo/models/dock_permutations/vrx_dock_red_circle__red_cross
[0.203s] -- Installing: /home/ruize/dev_ws/install/vrx_gazebo/share/vrx_gazebo/models/dock_permutations/vrx_dock_red_circle__red_cross/model.sdf
[0.203s] -- Installing: /home/ruize/dev_ws/install/vrx_gazebo/share/vrx_gazebo/models/dock_permutations/vrx_dock_red_circle__red_cross/model.config
[0.203s] -- Installing: /home/ruize/dev_ws/install/vrx_gazebo/share/vrx_gazebo/models/dock_permutations/vrx_dock_red_cross__blue_cross
[0.203s] -- Installing: /home/ruize/dev_ws/install/vrx_gazebo/share/vrx_gazebo/models/dock_permutations/vrx_dock_red_cross__blue_cross/model.sdf
[0.203s] -- Installing: /home/ruize/dev_ws/install/vrx_gazebo/share/vrx_gazebo/models/dock_permutations/vrx_dock_red_cross__blue_cross/model.config
[0.203s] -- Installing: /home/ruize/dev_ws/install/vrx_gazebo/share/vrx_gazebo/models/dock_permutations/vrx_dock_red_circle__red_triangle
[0.203s] -- Installing: /home/ruize/dev_ws/install/vrx_gazebo/share/vrx_gazebo/models/dock_permutations/vrx_dock_red_circle__red_triangle/model.sdf
[0.204s] -- Installing: /home/ruize/dev_ws/install/vrx_gazebo/share/vrx_gazebo/models/dock_permutations/vrx_dock_red_circle__red_triangle/model.config
[0.204s] -- Installing: /home/ruize/dev_ws/install/vrx_gazebo/share/vrx_gazebo/models/dock_permutations/vrx_dock_red_cross__blue_circle
[0.204s] -- Installing: /home/ruize/dev_ws/install/vrx_gazebo/share/vrx_gazebo/models/dock_permutations/vrx_dock_red_cross__blue_circle/model.sdf
[0.204s] -- Installing: /home/ruize/dev_ws/install/vrx_gazebo/share/vrx_gazebo/models/dock_permutations/vrx_dock_red_cross__blue_circle/model.config
[0.204s] -- Installing: /home/ruize/dev_ws/install/vrx_gazebo/share/vrx_gazebo/models/dock_permutations/vrx_dock_green_circle__red_triangle
[0.204s] -- Installing: /home/ruize/dev_ws/install/vrx_gazebo/share/vrx_gazebo/models/dock_permutations/vrx_dock_green_circle__red_triangle/model.sdf
[0.204s] -- Installing: /home/ruize/dev_ws/install/vrx_gazebo/share/vrx_gazebo/models/dock_permutations/vrx_dock_green_circle__red_triangle/model.config
[0.204s] -- Installing: /home/ruize/dev_ws/install/vrx_gazebo/share/vrx_gazebo/models/dock_permutations/vrx_dock_blue_cross__blue_triangle
[0.204s] -- Installing: /home/ruize/dev_ws/install/vrx_gazebo/share/vrx_gazebo/models/dock_permutations/vrx_dock_blue_cross__blue_triangle/model.sdf
[0.205s] -- Installing: /home/ruize/dev_ws/install/vrx_gazebo/share/vrx_gazebo/models/dock_permutations/vrx_dock_blue_cross__blue_triangle/model.config
[0.205s] -- Installing: /home/ruize/dev_ws/install/vrx_gazebo/share/vrx_gazebo/models/dock_permutations/vrx_dock_green_cross__green_triangle
[0.205s] -- Installing: /home/ruize/dev_ws/install/vrx_gazebo/share/vrx_gazebo/models/dock_permutations/vrx_dock_green_cross__green_triangle/model.sdf
[0.205s] -- Installing: /home/ruize/dev_ws/install/vrx_gazebo/share/vrx_gazebo/models/dock_permutations/vrx_dock_green_cross__green_triangle/model.config
[0.205s] -- Installing: /home/ruize/dev_ws/install/vrx_gazebo/share/vrx_gazebo/models/dock_permutations/vrx_dock_green_triangle__red_cross
[0.205s] -- Installing: /home/ruize/dev_ws/install/vrx_gazebo/share/vrx_gazebo/models/dock_permutations/vrx_dock_green_triangle__red_cross/model.sdf
[0.205s] -- Installing: /home/ruize/dev_ws/install/vrx_gazebo/share/vrx_gazebo/models/dock_permutations/vrx_dock_green_triangle__red_cross/model.config
[0.205s] -- Installing: /home/ruize/dev_ws/install/vrx_gazebo/share/vrx_gazebo/models/dock_permutations/vrx_dock_green_triangle__blue_triangle
[0.206s] -- Installing: /home/ruize/dev_ws/install/vrx_gazebo/share/vrx_gazebo/models/dock_permutations/vrx_dock_green_triangle__blue_triangle/model.sdf
[0.206s] -- Installing: /home/ruize/dev_ws/install/vrx_gazebo/share/vrx_gazebo/models/dock_permutations/vrx_dock_green_triangle__blue_triangle/model.config
[0.206s] -- Installing: /home/ruize/dev_ws/install/vrx_gazebo/share/vrx_gazebo/models/dock_permutations/vrx_dock_green_circle__green_triangle
[0.206s] -- Installing: /home/ruize/dev_ws/install/vrx_gazebo/share/vrx_gazebo/models/dock_permutations/vrx_dock_green_circle__green_triangle/model.sdf
[0.206s] -- Installing: /home/ruize/dev_ws/install/vrx_gazebo/share/vrx_gazebo/models/dock_permutations/vrx_dock_green_circle__green_triangle/model.config
[0.206s] -- Installing: /home/ruize/dev_ws/install/vrx_gazebo/share/vrx_gazebo/models/dock_permutations/vrx_dock_blue_triangle__red_cross
[0.206s] -- Installing: /home/ruize/dev_ws/install/vrx_gazebo/share/vrx_gazebo/models/dock_permutations/vrx_dock_blue_triangle__red_cross/model.sdf
[0.206s] -- Installing: /home/ruize/dev_ws/install/vrx_gazebo/share/vrx_gazebo/models/dock_permutations/vrx_dock_blue_triangle__red_cross/model.config
[0.206s] -- Installing: /home/ruize/dev_ws/install/vrx_gazebo/share/vrx_gazebo/models/dock_permutations/vrx_dock_blue_cross__red_triangle
[0.207s] -- Installing: /home/ruize/dev_ws/install/vrx_gazebo/share/vrx_gazebo/models/dock_permutations/vrx_dock_blue_cross__red_triangle/model.sdf
[0.207s] -- Installing: /home/ruize/dev_ws/install/vrx_gazebo/share/vrx_gazebo/models/dock_permutations/vrx_dock_blue_cross__red_triangle/model.config
[0.207s] -- Installing: /home/ruize/dev_ws/install/vrx_gazebo/share/vrx_gazebo/models/dock_permutations/vrx_dock_blue_triangle__green_circle
[0.207s] -- Installing: /home/ruize/dev_ws/install/vrx_gazebo/share/vrx_gazebo/models/dock_permutations/vrx_dock_blue_triangle__green_circle/model.sdf
[0.207s] -- Installing: /home/ruize/dev_ws/install/vrx_gazebo/share/vrx_gazebo/models/dock_permutations/vrx_dock_blue_triangle__green_circle/model.config
[0.207s] -- Installing: /home/ruize/dev_ws/install/vrx_gazebo/share/vrx_gazebo/models/dock_permutations/vrx_dock_blue_circle__blue_circle
[0.207s] -- Installing: /home/ruize/dev_ws/install/vrx_gazebo/share/vrx_gazebo/models/dock_permutations/vrx_dock_blue_circle__blue_circle/model.sdf
[0.207s] -- Installing: /home/ruize/dev_ws/install/vrx_gazebo/share/vrx_gazebo/models/dock_permutations/vrx_dock_blue_circle__blue_circle/model.config
[0.208s] -- Installing: /home/ruize/dev_ws/install/vrx_gazebo/share/vrx_gazebo/models/dock_permutations/vrx_dock_red_triangle__red_cross
[0.208s] -- Installing: /home/ruize/dev_ws/install/vrx_gazebo/share/vrx_gazebo/models/dock_permutations/vrx_dock_red_triangle__red_cross/model.sdf
[0.208s] -- Installing: /home/ruize/dev_ws/install/vrx_gazebo/share/vrx_gazebo/models/dock_permutations/vrx_dock_red_triangle__red_cross/model.config
[0.208s] -- Installing: /home/ruize/dev_ws/install/vrx_gazebo/share/vrx_gazebo/models/dock_permutations/vrx_dock_green_circle__red_circle
[0.208s] -- Installing: /home/ruize/dev_ws/install/vrx_gazebo/share/vrx_gazebo/models/dock_permutations/vrx_dock_green_circle__red_circle/model.sdf
[0.208s] -- Installing: /home/ruize/dev_ws/install/vrx_gazebo/share/vrx_gazebo/models/dock_permutations/vrx_dock_green_circle__red_circle/model.config
[0.208s] -- Installing: /home/ruize/dev_ws/install/vrx_gazebo/share/vrx_gazebo/models/dock_permutations/vrx_dock_green_triangle__blue_circle
[0.209s] -- Installing: /home/ruize/dev_ws/install/vrx_gazebo/share/vrx_gazebo/models/dock_permutations/vrx_dock_green_triangle__blue_circle/model.sdf
[0.209s] -- Installing: /home/ruize/dev_ws/install/vrx_gazebo/share/vrx_gazebo/models/dock_permutations/vrx_dock_green_triangle__blue_circle/model.config
[0.209s] -- Installing: /home/ruize/dev_ws/install/vrx_gazebo/share/vrx_gazebo/models/dock_permutations/vrx_dock_green_triangle__red_circle
[0.209s] -- Installing: /home/ruize/dev_ws/install/vrx_gazebo/share/vrx_gazebo/models/dock_permutations/vrx_dock_green_triangle__red_circle/model.sdf
[0.209s] -- Installing: /home/ruize/dev_ws/install/vrx_gazebo/share/vrx_gazebo/models/dock_permutations/vrx_dock_green_triangle__red_circle/model.config
[0.209s] -- Installing: /home/ruize/dev_ws/install/vrx_gazebo/share/vrx_gazebo/models/dock_permutations/vrx_dock_blue_cross__red_cross
[0.209s] -- Installing: /home/ruize/dev_ws/install/vrx_gazebo/share/vrx_gazebo/models/dock_permutations/vrx_dock_blue_cross__red_cross/model.sdf
[0.209s] -- Installing: /home/ruize/dev_ws/install/vrx_gazebo/share/vrx_gazebo/models/dock_permutations/vrx_dock_blue_cross__red_cross/model.config
[0.210s] -- Installing: /home/ruize/dev_ws/install/vrx_gazebo/share/vrx_gazebo/models/dock_permutations/vrx_dock_red_cross__green_triangle
[0.210s] -- Installing: /home/ruize/dev_ws/install/vrx_gazebo/share/vrx_gazebo/models/dock_permutations/vrx_dock_red_cross__green_triangle/model.sdf
[0.210s] -- Installing: /home/ruize/dev_ws/install/vrx_gazebo/share/vrx_gazebo/models/dock_permutations/vrx_dock_red_cross__green_triangle/model.config
[0.210s] -- Installing: /home/ruize/dev_ws/install/vrx_gazebo/share/vrx_gazebo/models/dock_permutations/vrx_dock_green_circle__green_cross
[0.210s] -- Installing: /home/ruize/dev_ws/install/vrx_gazebo/share/vrx_gazebo/models/dock_permutations/vrx_dock_green_circle__green_cross/model.sdf
[0.210s] -- Installing: /home/ruize/dev_ws/install/vrx_gazebo/share/vrx_gazebo/models/dock_permutations/vrx_dock_green_circle__green_cross/model.config
[0.210s] -- Installing: /home/ruize/dev_ws/install/vrx_gazebo/share/vrx_gazebo/models/dock_permutations/vrx_dock_green_cross__red_triangle
[0.210s] -- Installing: /home/ruize/dev_ws/install/vrx_gazebo/share/vrx_gazebo/models/dock_permutations/vrx_dock_green_cross__red_triangle/model.sdf
[0.210s] -- Installing: /home/ruize/dev_ws/install/vrx_gazebo/share/vrx_gazebo/models/dock_permutations/vrx_dock_green_cross__red_triangle/model.config
[0.211s] -- Installing: /home/ruize/dev_ws/install/vrx_gazebo/share/vrx_gazebo/models/dock_permutations/vrx_dock_green_triangle__red_triangle
[0.211s] -- Installing: /home/ruize/dev_ws/install/vrx_gazebo/share/vrx_gazebo/models/dock_permutations/vrx_dock_green_triangle__red_triangle/model.sdf
[0.211s] -- Installing: /home/ruize/dev_ws/install/vrx_gazebo/share/vrx_gazebo/models/dock_permutations/vrx_dock_green_triangle__red_triangle/model.config
[0.211s] -- Installing: /home/ruize/dev_ws/install/vrx_gazebo/share/vrx_gazebo/models/dock_permutations/vrx_dock_green_cross__blue_circle
[0.211s] -- Installing: /home/ruize/dev_ws/install/vrx_gazebo/share/vrx_gazebo/models/dock_permutations/vrx_dock_green_cross__blue_circle/model.sdf
[0.211s] -- Installing: /home/ruize/dev_ws/install/vrx_gazebo/share/vrx_gazebo/models/dock_permutations/vrx_dock_green_cross__blue_circle/model.config
[0.211s] -- Installing: /home/ruize/dev_ws/install/vrx_gazebo/share/vrx_gazebo/models/dock_permutations/vrx_dock_blue_triangle__red_triangle
[0.211s] -- Installing: /home/ruize/dev_ws/install/vrx_gazebo/share/vrx_gazebo/models/dock_permutations/vrx_dock_blue_triangle__red_triangle/model.sdf
[0.212s] -- Installing: /home/ruize/dev_ws/install/vrx_gazebo/share/vrx_gazebo/models/dock_permutations/vrx_dock_blue_triangle__red_triangle/model.config
[0.212s] -- Installing: /home/ruize/dev_ws/install/vrx_gazebo/share/vrx_gazebo/models/dock_permutations/vrx_dock_green_cross__red_cross
[0.212s] -- Installing: /home/ruize/dev_ws/install/vrx_gazebo/share/vrx_gazebo/models/dock_permutations/vrx_dock_green_cross__red_cross/model.sdf
[0.212s] -- Installing: /home/ruize/dev_ws/install/vrx_gazebo/share/vrx_gazebo/models/dock_permutations/vrx_dock_green_cross__red_cross/model.config
[0.212s] -- Installing: /home/ruize/dev_ws/install/vrx_gazebo/share/vrx_gazebo/models/dock_permutations/vrx_dock_green_triangle__green_circle
[0.212s] -- Installing: /home/ruize/dev_ws/install/vrx_gazebo/share/vrx_gazebo/models/dock_permutations/vrx_dock_green_triangle__green_circle/model.sdf
[0.212s] -- Installing: /home/ruize/dev_ws/install/vrx_gazebo/share/vrx_gazebo/models/dock_permutations/vrx_dock_green_triangle__green_circle/model.config
[0.212s] -- Installing: /home/ruize/dev_ws/install/vrx_gazebo/share/vrx_gazebo/models/dock_permutations/vrx_dock_red_cross__green_circle
[0.213s] -- Installing: /home/ruize/dev_ws/install/vrx_gazebo/share/vrx_gazebo/models/dock_permutations/vrx_dock_red_cross__green_circle/model.sdf
[0.213s] -- Installing: /home/ruize/dev_ws/install/vrx_gazebo/share/vrx_gazebo/models/dock_permutations/vrx_dock_red_cross__green_circle/model.config
[0.213s] -- Installing: /home/ruize/dev_ws/install/vrx_gazebo/share/vrx_gazebo/models/dock_permutations/vrx_dock_green_triangle__blue_cross
[0.213s] -- Installing: /home/ruize/dev_ws/install/vrx_gazebo/share/vrx_gazebo/models/dock_permutations/vrx_dock_green_triangle__blue_cross/model.sdf
[0.213s] -- Installing: /home/ruize/dev_ws/install/vrx_gazebo/share/vrx_gazebo/models/dock_permutations/vrx_dock_green_triangle__blue_cross/model.config
[0.213s] -- Installing: /home/ruize/dev_ws/install/vrx_gazebo/share/vrx_gazebo/models/dock_permutations/vrx_dock_green_cross__green_circle
[0.213s] -- Installing: /home/ruize/dev_ws/install/vrx_gazebo/share/vrx_gazebo/models/dock_permutations/vrx_dock_green_cross__green_circle/model.sdf
[0.214s] -- Installing: /home/ruize/dev_ws/install/vrx_gazebo/share/vrx_gazebo/models/dock_permutations/vrx_dock_green_cross__green_circle/model.config
[0.214s] -- Installing: /home/ruize/dev_ws/install/vrx_gazebo/share/vrx_gazebo/models/dock_permutations/vrx_dock_red_triangle__blue_cross
[0.214s] -- Installing: /home/ruize/dev_ws/install/vrx_gazebo/share/vrx_gazebo/models/dock_permutations/vrx_dock_red_triangle__blue_cross/model.sdf
[0.214s] -- Installing: /home/ruize/dev_ws/install/vrx_gazebo/share/vrx_gazebo/models/dock_permutations/vrx_dock_red_triangle__blue_cross/model.config
[0.214s] -- Installing: /home/ruize/dev_ws/install/vrx_gazebo/share/vrx_gazebo/models/dock_permutations/vrx_dock_green_cross__blue_triangle
[0.214s] -- Installing: /home/ruize/dev_ws/install/vrx_gazebo/share/vrx_gazebo/models/dock_permutations/vrx_dock_green_cross__blue_triangle/model.sdf
[0.214s] -- Installing: /home/ruize/dev_ws/install/vrx_gazebo/share/vrx_gazebo/models/dock_permutations/vrx_dock_green_cross__blue_triangle/model.config
[0.215s] -- Installing: /home/ruize/dev_ws/install/vrx_gazebo/share/vrx_gazebo/models/dock_permutations/vrx_dock_blue_cross__green_cross
[0.215s] -- Installing: /home/ruize/dev_ws/install/vrx_gazebo/share/vrx_gazebo/models/dock_permutations/vrx_dock_blue_cross__green_cross/model.sdf
[0.215s] -- Installing: /home/ruize/dev_ws/install/vrx_gazebo/share/vrx_gazebo/models/dock_permutations/vrx_dock_blue_cross__green_cross/model.config
[0.215s] -- Installing: /home/ruize/dev_ws/install/vrx_gazebo/share/vrx_gazebo/models/dock_permutations/vrx_dock_green_cross__green_cross
[0.215s] -- Installing: /home/ruize/dev_ws/install/vrx_gazebo/share/vrx_gazebo/models/dock_permutations/vrx_dock_green_cross__green_cross/model.sdf
[0.215s] -- Installing: /home/ruize/dev_ws/install/vrx_gazebo/share/vrx_gazebo/models/dock_permutations/vrx_dock_green_cross__green_cross/model.config
[0.216s] -- Installing: /home/ruize/dev_ws/install/vrx_gazebo/share/vrx_gazebo/models/dock_permutations/vrx_dock_green_circle__blue_cross
[0.216s] -- Installing: /home/ruize/dev_ws/install/vrx_gazebo/share/vrx_gazebo/models/dock_permutations/vrx_dock_green_circle__blue_cross/model.sdf
[0.216s] -- Installing: /home/ruize/dev_ws/install/vrx_gazebo/share/vrx_gazebo/models/dock_permutations/vrx_dock_green_circle__blue_cross/model.config
[0.216s] -- Installing: /home/ruize/dev_ws/install/vrx_gazebo/share/vrx_gazebo/models/dock_permutations/vrx_dock_red_cross__green_cross
[0.216s] -- Installing: /home/ruize/dev_ws/install/vrx_gazebo/share/vrx_gazebo/models/dock_permutations/vrx_dock_red_cross__green_cross/model.sdf
[0.216s] -- Installing: /home/ruize/dev_ws/install/vrx_gazebo/share/vrx_gazebo/models/dock_permutations/vrx_dock_red_cross__green_cross/model.config
[0.217s] -- Installing: /home/ruize/dev_ws/install/vrx_gazebo/share/vrx_gazebo/models/dock_permutations/vrx_dock_red_triangle__red_triangle
[0.217s] -- Installing: /home/ruize/dev_ws/install/vrx_gazebo/share/vrx_gazebo/models/dock_permutations/vrx_dock_red_triangle__red_triangle/model.sdf
[0.217s] -- Installing: /home/ruize/dev_ws/install/vrx_gazebo/share/vrx_gazebo/models/dock_permutations/vrx_dock_red_triangle__red_triangle/model.config
[0.217s] -- Installing: /home/ruize/dev_ws/install/vrx_gazebo/share/vrx_gazebo/models/dock_permutations/vrx_dock_blue_cross__blue_circle
[0.217s] -- Installing: /home/ruize/dev_ws/install/vrx_gazebo/share/vrx_gazebo/models/dock_permutations/vrx_dock_blue_cross__blue_circle/model.sdf
[0.218s] -- Installing: /home/ruize/dev_ws/install/vrx_gazebo/share/vrx_gazebo/models/dock_permutations/vrx_dock_blue_cross__blue_circle/model.config
[0.218s] -- Installing: /home/ruize/dev_ws/install/vrx_gazebo/share/vrx_gazebo/models/dock_permutations/vrx_dock_blue_circle__red_cross
[0.218s] -- Installing: /home/ruize/dev_ws/install/vrx_gazebo/share/vrx_gazebo/models/dock_permutations/vrx_dock_blue_circle__red_cross/model.sdf
[0.218s] -- Installing: /home/ruize/dev_ws/install/vrx_gazebo/share/vrx_gazebo/models/dock_permutations/vrx_dock_blue_circle__red_cross/model.config
[0.218s] -- Installing: /home/ruize/dev_ws/install/vrx_gazebo/share/vrx_gazebo/models/dock_permutations/vrx_dock_blue_cross__blue_cross
[0.218s] -- Installing: /home/ruize/dev_ws/install/vrx_gazebo/share/vrx_gazebo/models/dock_permutations/vrx_dock_blue_cross__blue_cross/model.sdf
[0.218s] -- Installing: /home/ruize/dev_ws/install/vrx_gazebo/share/vrx_gazebo/models/dock_permutations/vrx_dock_blue_cross__blue_cross/model.config
[0.219s] -- Installing: /home/ruize/dev_ws/install/vrx_gazebo/share/vrx_gazebo/models/dock_permutations/vrx_dock_blue_circle__blue_triangle
[0.219s] -- Installing: /home/ruize/dev_ws/install/vrx_gazebo/share/vrx_gazebo/models/dock_permutations/vrx_dock_blue_circle__blue_triangle/model.sdf
[0.219s] -- Installing: /home/ruize/dev_ws/install/vrx_gazebo/share/vrx_gazebo/models/dock_permutations/vrx_dock_blue_circle__blue_triangle/model.config
[0.219s] -- Installing: /home/ruize/dev_ws/install/vrx_gazebo/share/vrx_gazebo/models/dock_permutations/vrx_dock_red_circle__red_circle
[0.219s] -- Installing: /home/ruize/dev_ws/install/vrx_gazebo/share/vrx_gazebo/models/dock_permutations/vrx_dock_red_circle__red_circle/model.sdf
[0.220s] -- Installing: /home/ruize/dev_ws/install/vrx_gazebo/share/vrx_gazebo/models/dock_permutations/vrx_dock_red_circle__red_circle/model.config
[0.220s] -- Installing: /home/ruize/dev_ws/install/vrx_gazebo/share/vrx_gazebo/models/dock_permutations/vrx_dock_red_circle__blue_circle
[0.220s] -- Installing: /home/ruize/dev_ws/install/vrx_gazebo/share/vrx_gazebo/models/dock_permutations/vrx_dock_red_circle__blue_circle/model.sdf
[0.220s] -- Installing: /home/ruize/dev_ws/install/vrx_gazebo/share/vrx_gazebo/models/dock_permutations/vrx_dock_red_circle__blue_circle/model.config
[0.220s] -- Installing: /home/ruize/dev_ws/install/vrx_gazebo/share/vrx_gazebo/models/dock_permutations/vrx_dock_blue_triangle__green_triangle
[0.221s] -- Installing: /home/ruize/dev_ws/install/vrx_gazebo/share/vrx_gazebo/models/dock_permutations/vrx_dock_blue_triangle__green_triangle/model.sdf
[0.221s] -- Installing: /home/ruize/dev_ws/install/vrx_gazebo/share/vrx_gazebo/models/dock_permutations/vrx_dock_blue_triangle__green_triangle/model.config
[0.221s] -- Installing: /home/ruize/dev_ws/install/vrx_gazebo/share/vrx_gazebo/models/dock_permutations/vrx_dock_red_cross__red_cross
[0.221s] -- Installing: /home/ruize/dev_ws/install/vrx_gazebo/share/vrx_gazebo/models/dock_permutations/vrx_dock_red_cross__red_cross/model.sdf
[0.221s] -- Installing: /home/ruize/dev_ws/install/vrx_gazebo/share/vrx_gazebo/models/dock_permutations/vrx_dock_red_cross__red_cross/model.config
[0.222s] -- Installing: /home/ruize/dev_ws/install/vrx_gazebo/share/vrx_gazebo/models/dock_permutations/vrx_dock_red_circle__green_cross
[0.222s] -- Installing: /home/ruize/dev_ws/install/vrx_gazebo/share/vrx_gazebo/models/dock_permutations/vrx_dock_red_circle__green_cross/model.sdf
[0.222s] -- Installing: /home/ruize/dev_ws/install/vrx_gazebo/share/vrx_gazebo/models/dock_permutations/vrx_dock_red_circle__green_cross/model.config
[0.222s] -- Installing: /home/ruize/dev_ws/install/vrx_gazebo/share/vrx_gazebo/models/dock_permutations/vrx_dock_blue_circle__blue_cross
[0.222s] -- Installing: /home/ruize/dev_ws/install/vrx_gazebo/share/vrx_gazebo/models/dock_permutations/vrx_dock_blue_circle__blue_cross/model.sdf
[0.222s] -- Installing: /home/ruize/dev_ws/install/vrx_gazebo/share/vrx_gazebo/models/dock_permutations/vrx_dock_blue_circle__blue_cross/model.config
[0.223s] -- Installing: /home/ruize/dev_ws/install/vrx_gazebo/share/vrx_gazebo/models/dock_permutations/.empty
[0.223s] -- Installing: /home/ruize/dev_ws/install/vrx_gazebo/share/vrx_gazebo/models/dock_permutations/vrx_dock_blue_circle__green_cross
[0.223s] -- Installing: /home/ruize/dev_ws/install/vrx_gazebo/share/vrx_gazebo/models/dock_permutations/vrx_dock_blue_circle__green_cross/model.sdf
[0.223s] -- Installing: /home/ruize/dev_ws/install/vrx_gazebo/share/vrx_gazebo/models/dock_permutations/vrx_dock_blue_circle__green_cross/model.config
[0.223s] -- Installing: /home/ruize/dev_ws/install/vrx_gazebo/share/vrx_gazebo/models/dock_permutations/vrx_dock_green_circle__red_cross
[0.223s] -- Installing: /home/ruize/dev_ws/install/vrx_gazebo/share/vrx_gazebo/models/dock_permutations/vrx_dock_green_circle__red_cross/model.sdf
[0.224s] -- Installing: /home/ruize/dev_ws/install/vrx_gazebo/share/vrx_gazebo/models/dock_permutations/vrx_dock_green_circle__red_cross/model.config
[0.224s] -- Installing: /home/ruize/dev_ws/install/vrx_gazebo/share/vrx_gazebo/models/dock_permutations/vrx_dock_red_triangle__green_circle
[0.224s] -- Installing: /home/ruize/dev_ws/install/vrx_gazebo/share/vrx_gazebo/models/dock_permutations/vrx_dock_red_triangle__green_circle/model.sdf
[0.224s] -- Installing: /home/ruize/dev_ws/install/vrx_gazebo/share/vrx_gazebo/models/dock_permutations/vrx_dock_red_triangle__green_circle/model.config
[0.224s] -- Installing: /home/ruize/dev_ws/install/vrx_gazebo/share/vrx_gazebo/models/dock_permutations/vrx_dock_blue_circle__green_circle
[0.224s] -- Installing: /home/ruize/dev_ws/install/vrx_gazebo/share/vrx_gazebo/models/dock_permutations/vrx_dock_blue_circle__green_circle/model.sdf
[0.224s] -- Installing: /home/ruize/dev_ws/install/vrx_gazebo/share/vrx_gazebo/models/dock_permutations/vrx_dock_blue_circle__green_circle/model.config
[0.224s] -- Installing: /home/ruize/dev_ws/install/vrx_gazebo/share/vrx_gazebo/models/dock_permutations/vrx_dock_red_circle__blue_cross
[0.224s] -- Installing: /home/ruize/dev_ws/install/vrx_gazebo/share/vrx_gazebo/models/dock_permutations/vrx_dock_red_circle__blue_cross/model.sdf
[0.224s] -- Installing: /home/ruize/dev_ws/install/vrx_gazebo/share/vrx_gazebo/models/dock_permutations/vrx_dock_red_circle__blue_cross/model.config
[0.224s] -- Installing: /home/ruize/dev_ws/install/vrx_gazebo/share/vrx_gazebo/models/dock_permutations/vrx_dock_red_circle__green_triangle
[0.225s] -- Installing: /home/ruize/dev_ws/install/vrx_gazebo/share/vrx_gazebo/models/dock_permutations/vrx_dock_red_circle__green_triangle/model.sdf
[0.225s] -- Installing: /home/ruize/dev_ws/install/vrx_gazebo/share/vrx_gazebo/models/dock_permutations/vrx_dock_red_circle__green_triangle/model.config
[0.225s] -- Installing: /home/ruize/dev_ws/install/vrx_gazebo/share/vrx_gazebo/models/dock_permutations/vrx_dock_red_cross__blue_triangle
[0.225s] -- Installing: /home/ruize/dev_ws/install/vrx_gazebo/share/vrx_gazebo/models/dock_permutations/vrx_dock_red_cross__blue_triangle/model.sdf
[0.225s] -- Installing: /home/ruize/dev_ws/install/vrx_gazebo/share/vrx_gazebo/models/dock_permutations/vrx_dock_red_cross__blue_triangle/model.config
[0.225s] -- Installing: /home/ruize/dev_ws/install/vrx_gazebo/share/vrx_gazebo/models/dock_permutations/vrx_dock_red_circle__blue_triangle
[0.226s] -- Installing: /home/ruize/dev_ws/install/vrx_gazebo/share/vrx_gazebo/models/dock_permutations/vrx_dock_red_circle__blue_triangle/model.sdf
[0.226s] -- Installing: /home/ruize/dev_ws/install/vrx_gazebo/share/vrx_gazebo/models/dock_permutations/vrx_dock_red_circle__blue_triangle/model.config
[0.226s] -- Installing: /home/ruize/dev_ws/install/vrx_gazebo/share/vrx_gazebo/models/dock_permutations/vrx_dock_blue_triangle__green_cross
[0.226s] -- Installing: /home/ruize/dev_ws/install/vrx_gazebo/share/vrx_gazebo/models/dock_permutations/vrx_dock_blue_triangle__green_cross/model.sdf
[0.226s] -- Installing: /home/ruize/dev_ws/install/vrx_gazebo/share/vrx_gazebo/models/dock_permutations/vrx_dock_blue_triangle__green_cross/model.config
[0.226s] -- Installing: /home/ruize/dev_ws/install/vrx_gazebo/share/vrx_gazebo/models/dock_permutations/vrx_dock_red_triangle__blue_circle
[0.226s] -- Installing: /home/ruize/dev_ws/install/vrx_gazebo/share/vrx_gazebo/models/dock_permutations/vrx_dock_red_triangle__blue_circle/model.sdf
[0.226s] -- Installing: /home/ruize/dev_ws/install/vrx_gazebo/share/vrx_gazebo/models/dock_permutations/vrx_dock_red_triangle__blue_circle/model.config
[0.226s] -- Installing: /home/ruize/dev_ws/install/vrx_gazebo/share/vrx_gazebo/models/dock_permutations/vrx_dock_green_circle__blue_circle
[0.227s] -- Installing: /home/ruize/dev_ws/install/vrx_gazebo/share/vrx_gazebo/models/dock_permutations/vrx_dock_green_circle__blue_circle/model.sdf
[0.227s] -- Installing: /home/ruize/dev_ws/install/vrx_gazebo/share/vrx_gazebo/models/dock_permutations/vrx_dock_green_circle__blue_circle/model.config
[0.227s] -- Installing: /home/ruize/dev_ws/install/vrx_gazebo/share/vrx_gazebo/models/dock_permutations/vrx_dock_green_triangle__green_cross
[0.227s] -- Installing: /home/ruize/dev_ws/install/vrx_gazebo/share/vrx_gazebo/models/dock_permutations/vrx_dock_green_triangle__green_cross/model.sdf
[0.227s] -- Installing: /home/ruize/dev_ws/install/vrx_gazebo/share/vrx_gazebo/models/dock_permutations/vrx_dock_green_triangle__green_cross/model.config
[0.227s] -- Installing: /home/ruize/dev_ws/install/vrx_gazebo/share/vrx_gazebo/models/dock_permutations/vrx_dock_blue_circle__green_triangle
[0.227s] -- Installing: /home/ruize/dev_ws/install/vrx_gazebo/share/vrx_gazebo/models/dock_permutations/vrx_dock_blue_circle__green_triangle/model.sdf
[0.227s] -- Installing: /home/ruize/dev_ws/install/vrx_gazebo/share/vrx_gazebo/models/dock_permutations/vrx_dock_blue_circle__green_triangle/model.config
[0.227s] -- Installing: /home/ruize/dev_ws/install/vrx_gazebo/share/vrx_gazebo/models/dock_permutations/vrx_dock_blue_triangle__blue_triangle
[0.228s] -- Installing: /home/ruize/dev_ws/install/vrx_gazebo/share/vrx_gazebo/models/dock_permutations/vrx_dock_blue_triangle__blue_triangle/model.sdf
[0.228s] -- Installing: /home/ruize/dev_ws/install/vrx_gazebo/share/vrx_gazebo/models/dock_permutations/vrx_dock_blue_triangle__blue_triangle/model.config
[0.228s] -- Installing: /home/ruize/dev_ws/install/vrx_gazebo/share/vrx_gazebo/models/dock_permutations/vrx_dock_blue_circle__red_triangle
[0.228s] -- Installing: /home/ruize/dev_ws/install/vrx_gazebo/share/vrx_gazebo/models/dock_permutations/vrx_dock_blue_circle__red_triangle/model.sdf
[0.228s] -- Installing: /home/ruize/dev_ws/install/vrx_gazebo/share/vrx_gazebo/models/dock_permutations/vrx_dock_blue_circle__red_triangle/model.config
[0.228s] -- Installing: /home/ruize/dev_ws/install/vrx_gazebo/share/vrx_gazebo/models/dock_permutations/vrx_dock_green_cross__red_circle
[0.228s] -- Installing: /home/ruize/dev_ws/install/vrx_gazebo/share/vrx_gazebo/models/dock_permutations/vrx_dock_green_cross__red_circle/model.sdf
[0.228s] -- Installing: /home/ruize/dev_ws/install/vrx_gazebo/share/vrx_gazebo/models/dock_permutations/vrx_dock_green_cross__red_circle/model.config
[0.228s] -- Installing: /home/ruize/dev_ws/install/vrx_gazebo/share/vrx_gazebo/models/dock_permutations/vrx_dock_red_cross__red_circle
[0.228s] -- Installing: /home/ruize/dev_ws/install/vrx_gazebo/share/vrx_gazebo/models/dock_permutations/vrx_dock_red_cross__red_circle/model.sdf
[0.229s] -- Installing: /home/ruize/dev_ws/install/vrx_gazebo/share/vrx_gazebo/models/dock_permutations/vrx_dock_red_cross__red_circle/model.config
[0.229s] -- Installing: /home/ruize/dev_ws/install/vrx_gazebo/share/vrx_gazebo/models/dock_permutations/vrx_dock_green_cross__blue_cross
[0.229s] -- Installing: /home/ruize/dev_ws/install/vrx_gazebo/share/vrx_gazebo/models/dock_permutations/vrx_dock_green_cross__blue_cross/model.sdf
[0.229s] -- Installing: /home/ruize/dev_ws/install/vrx_gazebo/share/vrx_gazebo/models/dock_permutations/vrx_dock_green_cross__blue_cross/model.config
[0.229s] -- Installing: /home/ruize/dev_ws/install/vrx_gazebo/share/vrx_gazebo/models/dock_permutations/vrx_dock_red_triangle__green_triangle
[0.229s] -- Installing: /home/ruize/dev_ws/install/vrx_gazebo/share/vrx_gazebo/models/dock_permutations/vrx_dock_red_triangle__green_triangle/model.sdf
[0.229s] -- Installing: /home/ruize/dev_ws/install/vrx_gazebo/share/vrx_gazebo/models/dock_permutations/vrx_dock_red_triangle__green_triangle/model.config
[0.229s] -- Installing: /home/ruize/dev_ws/install/vrx_gazebo/share/vrx_gazebo/models/dock_permutations/vrx_dock_red_triangle__blue_triangle
[0.229s] -- Installing: /home/ruize/dev_ws/install/vrx_gazebo/share/vrx_gazebo/models/dock_permutations/vrx_dock_red_triangle__blue_triangle/model.sdf
[0.230s] -- Installing: /home/ruize/dev_ws/install/vrx_gazebo/share/vrx_gazebo/models/dock_permutations/vrx_dock_red_triangle__blue_triangle/model.config
[0.230s] -- Installing: /home/ruize/dev_ws/install/vrx_gazebo/share/vrx_gazebo/models/dock_permutations/vrx_dock_blue_circle__red_circle
[0.230s] -- Installing: /home/ruize/dev_ws/install/vrx_gazebo/share/vrx_gazebo/models/dock_permutations/vrx_dock_blue_circle__red_circle/model.sdf
[0.231s] -- Installing: /home/ruize/dev_ws/install/vrx_gazebo/share/vrx_gazebo/models/dock_permutations/vrx_dock_blue_circle__red_circle/model.config
[0.231s] -- Installing: /home/ruize/dev_ws/install/vrx_gazebo/share/vrx_gazebo/models/dock_permutations/vrx_dock_green_circle__blue_triangle
[0.231s] -- Installing: /home/ruize/dev_ws/install/vrx_gazebo/share/vrx_gazebo/models/dock_permutations/vrx_dock_green_circle__blue_triangle/model.sdf
[0.231s] -- Installing: /home/ruize/dev_ws/install/vrx_gazebo/share/vrx_gazebo/models/dock_permutations/vrx_dock_green_circle__blue_triangle/model.config
[0.232s] -- Installing: /home/ruize/dev_ws/install/vrx_gazebo/share/vrx_gazebo/models/dock_permutations/vrx_dock_blue_cross__green_triangle
[0.232s] -- Installing: /home/ruize/dev_ws/install/vrx_gazebo/share/vrx_gazebo/models/dock_permutations/vrx_dock_blue_cross__green_triangle/model.sdf
[0.232s] -- Installing: /home/ruize/dev_ws/install/vrx_gazebo/share/vrx_gazebo/models/dock_permutations/vrx_dock_blue_cross__green_triangle/model.config
[0.232s] -- Installing: /home/ruize/dev_ws/install/vrx_gazebo/share/vrx_gazebo/models/dock_permutations/vrx_dock_red_triangle__red_circle
[0.232s] -- Installing: /home/ruize/dev_ws/install/vrx_gazebo/share/vrx_gazebo/models/dock_permutations/vrx_dock_red_triangle__red_circle/model.sdf
[0.232s] -- Installing: /home/ruize/dev_ws/install/vrx_gazebo/share/vrx_gazebo/models/dock_permutations/vrx_dock_red_triangle__red_circle/model.config
[0.232s] -- Installing: /home/ruize/dev_ws/install/vrx_gazebo/share/vrx_gazebo/models/yellow_totem
[0.232s] -- Installing: /home/ruize/dev_ws/install/vrx_gazebo/share/vrx_gazebo/models/yellow_totem/model.sdf
[0.232s] -- Installing: /home/ruize/dev_ws/install/vrx_gazebo/share/vrx_gazebo/models/yellow_totem/model.config
[0.232s] -- Installing: /home/ruize/dev_ws/install/vrx_gazebo/share/vrx_gazebo/models/dock_2016_base_dynamic
[0.232s] -- Installing: /home/ruize/dev_ws/install/vrx_gazebo/share/vrx_gazebo/models/dock_2016_base_dynamic/model.sdf
[0.233s] -- Installing: /home/ruize/dev_ws/install/vrx_gazebo/share/vrx_gazebo/models/dock_2016_base_dynamic/model.config
[0.233s] -- Installing: /home/ruize/dev_ws/install/vrx_gazebo/share/vrx_gazebo/models/dock_2016_base_dynamic/model.sdf.erb
[0.233s] -- Installing: /home/ruize/dev_ws/install/vrx_gazebo/share/vrx_gazebo/models/navigation_course0
[0.233s] -- Installing: /home/ruize/dev_ws/install/vrx_gazebo/share/vrx_gazebo/models/navigation_course0/model.sdf
[0.233s] -- Installing: /home/ruize/dev_ws/install/vrx_gazebo/share/vrx_gazebo/models/navigation_course0/model.config
[0.233s] -- Installing: /home/ruize/dev_ws/install/vrx_gazebo/share/vrx_gazebo/models/symbol_cross
[0.233s] -- Installing: /home/ruize/dev_ws/install/vrx_gazebo/share/vrx_gazebo/models/symbol_cross/model.sdf
[0.233s] -- Installing: /home/ruize/dev_ws/install/vrx_gazebo/share/vrx_gazebo/models/symbol_cross/model.config
[0.233s] -- Installing: /home/ruize/dev_ws/install/vrx_gazebo/share/vrx_gazebo/models/dock_block_4x4
[0.233s] -- Installing: /home/ruize/dev_ws/install/vrx_gazebo/share/vrx_gazebo/models/dock_block_4x4/model.sdf
[0.234s] -- Installing: /home/ruize/dev_ws/install/vrx_gazebo/share/vrx_gazebo/models/dock_block_4x4/model.config
[0.234s] -- Installing: /home/ruize/dev_ws/install/vrx_gazebo/share/vrx_gazebo/models/dock_block_4x4/mesh
[0.234s] -- Installing: /home/ruize/dev_ws/install/vrx_gazebo/share/vrx_gazebo/models/dock_block_4x4/mesh/dock_block_4x4.dae
[0.234s] -- Installing: /home/ruize/dev_ws/install/vrx_gazebo/share/vrx_gazebo/models/sandisland
[0.234s] -- Installing: /home/ruize/dev_ws/install/vrx_gazebo/share/vrx_gazebo/models/sandisland/meshes
[0.234s] -- Installing: /home/ruize/dev_ws/install/vrx_gazebo/share/vrx_gazebo/models/sandisland/meshes/sandisland.dae
[0.234s] -- Installing: /home/ruize/dev_ws/install/vrx_gazebo/share/vrx_gazebo/models/sandisland/model.sdf
[0.234s] -- Installing: /home/ruize/dev_ws/install/vrx_gazebo/share/vrx_gazebo/models/sandisland/heightmap.png
[0.235s] -- Installing: /home/ruize/dev_ws/install/vrx_gazebo/share/vrx_gazebo/models/sandisland/model.config
[0.235s] -- Installing: /home/ruize/dev_ws/install/vrx_gazebo/share/vrx_gazebo/models/sandisland/materials
[0.235s] -- Installing: /home/ruize/dev_ws/install/vrx_gazebo/share/vrx_gazebo/models/sandisland/materials/textures
[0.235s] -- Installing: /home/ruize/dev_ws/install/vrx_gazebo/share/vrx_gazebo/models/sandisland/materials/textures/sandisland.png
[0.275s] -- Installing: /home/ruize/dev_ws/install/vrx_gazebo/share/vrx_gazebo/models/dock_2016_base
[0.275s] -- Installing: /home/ruize/dev_ws/install/vrx_gazebo/share/vrx_gazebo/models/dock_2016_base/model.sdf
[0.275s] -- Installing: /home/ruize/dev_ws/install/vrx_gazebo/share/vrx_gazebo/models/dock_2016_base/model.config
[0.275s] -- Installing: /home/ruize/dev_ws/install/vrx_gazebo/share/vrx_gazebo/models/dock_2016_base/model.sdf.erb
[0.275s] -- Installing: /home/ruize/dev_ws/install/vrx_gazebo/share/vrx_gazebo/models/robotx_2018_qualifying_avoid_obstacles_buoys
[0.275s] -- Installing: /home/ruize/dev_ws/install/vrx_gazebo/share/vrx_gazebo/models/robotx_2018_qualifying_avoid_obstacles_buoys/model.config
[0.275s] -- Installing: /home/ruize/dev_ws/install/vrx_gazebo/share/vrx_gazebo/models/foldable_table
[0.275s] -- Installing: /home/ruize/dev_ws/install/vrx_gazebo/share/vrx_gazebo/models/foldable_table/model.sdf
[0.275s] -- Installing: /home/ruize/dev_ws/install/vrx_gazebo/share/vrx_gazebo/models/foldable_table/model.config
[0.276s] -- Installing: /home/ruize/dev_ws/install/vrx_gazebo/share/vrx_gazebo/models/foldable_table/mesh
[0.276s] -- Installing: /home/ruize/dev_ws/install/vrx_gazebo/share/vrx_gazebo/models/foldable_table/mesh/foldable_table.png
[0.276s] -- Installing: /home/ruize/dev_ws/install/vrx_gazebo/share/vrx_gazebo/models/foldable_table/mesh/foldable_table.dae
[0.277s] -- Installing: /home/ruize/dev_ws/install/vrx_gazebo/share/vrx_gazebo/models/green_totem
[0.277s] -- Installing: /home/ruize/dev_ws/install/vrx_gazebo/share/vrx_gazebo/models/green_totem/model.sdf
[0.277s] -- Installing: /home/ruize/dev_ws/install/vrx_gazebo/share/vrx_gazebo/models/green_totem/model.config
[0.277s] -- Up-to-date: /home/ruize/dev_ws/install/vrx_gazebo/share/ament_index/resource_index/package_run_dependencies/vrx_gazebo
[0.277s] -- Up-to-date: /home/ruize/dev_ws/install/vrx_gazebo/share/ament_index/resource_index/parent_prefix_path/vrx_gazebo
[0.277s] -- Up-to-date: /home/ruize/dev_ws/install/vrx_gazebo/share/vrx_gazebo/environment/ament_prefix_path.sh
[0.278s] -- Up-to-date: /home/ruize/dev_ws/install/vrx_gazebo/share/vrx_gazebo/environment/ament_prefix_path.dsv
[0.278s] -- Up-to-date: /home/ruize/dev_ws/install/vrx_gazebo/share/vrx_gazebo/environment/path.sh
[0.278s] -- Up-to-date: /home/ruize/dev_ws/install/vrx_gazebo/share/vrx_gazebo/environment/path.dsv
[0.278s] -- Up-to-date: /home/ruize/dev_ws/install/vrx_gazebo/share/vrx_gazebo/local_setup.bash
[0.278s] -- Up-to-date: /home/ruize/dev_ws/install/vrx_gazebo/share/vrx_gazebo/local_setup.sh
[0.278s] -- Up-to-date: /home/ruize/dev_ws/install/vrx_gazebo/share/vrx_gazebo/local_setup.zsh
[0.279s] -- Up-to-date: /home/ruize/dev_ws/install/vrx_gazebo/share/vrx_gazebo/local_setup.dsv
[0.279s] -- Installing: /home/ruize/dev_ws/install/vrx_gazebo/share/vrx_gazebo/package.dsv
[0.279s] -- Up-to-date: /home/ruize/dev_ws/install/vrx_gazebo/share/ament_index/resource_index/packages/vrx_gazebo
[0.279s] -- Up-to-date: /home/ruize/dev_ws/install/vrx_gazebo/share/vrx_gazebo/cmake/vrx_gazeboConfig.cmake
[0.279s] -- Up-to-date: /home/ruize/dev_ws/install/vrx_gazebo/share/vrx_gazebo/cmake/vrx_gazeboConfig-version.cmake
[0.279s] -- Up-to-date: /home/ruize/dev_ws/install/vrx_gazebo/share/vrx_gazebo/package.xml
[0.282s] Invoked command in '/home/ruize/dev_ws/build/vrx_gazebo' returned '0': CMAKE_PREFIX_PATH=${CMAKE_PREFIX_PATH}:/opt/ros/foxy /usr/bin/cmake --install /home/ruize/dev_ws/build/vrx_gazebo
