-- The C compiler identification is GNU 9.3.0
-- The CXX compiler identification is GNU 9.3.0
-- Check for working C compiler: /usr/bin/cc
-- Check for working C compiler: /usr/bin/cc -- works
-- Detecting C compiler ABI info
-- Detecting C compiler ABI info - done
-- Detecting C compile features
-- Detecting C compile features - done
-- Check for working CXX compiler: /usr/bin/c++
-- Check for working CXX compiler: /usr/bin/c++ -- works
-- Detecting CXX compiler ABI info
-- Detecting CXX compiler ABI info - done
-- Detecting CXX compile features
-- Detecting CXX compile features - done
-- Found ament_cmake: 0.9.8 (/opt/ros/foxy/share/ament_cmake/cmake)
-- Found PythonInterp: /usr/bin/python3 (found suitable version "3.8.5", minimum required is "3") 
-- Using PYTHON_EXECUTABLE: /usr/bin/python3
-- Found gazebo_ros: 3.5.0 (/opt/ros/foxy/share/gazebo_ros/cmake)
-- Using all available rosidl_typesupport_c: rosidl_typesupport_fastrtps_c;rosidl_typesupport_introspection_c
-- Found rosidl_adapter: 1.2.0 (/opt/ros/foxy/share/rosidl_adapter/cmake)
-- Found OpenSSL: /usr/lib/x86_64-linux-gnu/libcrypto.so (found version "1.1.1f")  
-- Found FastRTPS: /opt/ros/foxy/include  
-- Using all available rosidl_typesupport_cpp: rosidl_typesupport_fastrtps_cpp;rosidl_typesupport_introspection_cpp
-- Found rmw_implementation_cmake: 1.0.2 (/opt/ros/foxy/share/rmw_implementation_cmake/cmake)
-- Using RMW implementation 'rmw_fastrtps_cpp' as default
-- Looking for pthread.h
-- Looking for pthread.h - found
-- Performing Test CMAKE_HAVE_LIBC_PTHREAD
-- Performing Test CMAKE_HAVE_LIBC_PTHREAD - Failed
-- Looking for pthread_create in pthreads
-- Looking for pthread_create in pthreads - not found
-- Looking for pthread_create in pthread
-- Looking for pthread_create in pthread - found
-- Found Threads: TRUE  
-- Found PkgConfig: /usr/bin/pkg-config (found version "0.29.1") 
-- Checking for module 'bullet>=2.82'
--   Found bullet, version 2.88
-- Found ccd: /usr/include (found suitable version "2.0", minimum required is "2.0") 
-- Found fcl: /usr/include (found suitable version "0.5.0", minimum required is "0.3.2") 
-- Found assimp: /usr/include (found version "5.0.0") 
-- Found DART: /usr/include (Required is at least version "6.6") found components: dart 
-- Found Boost: /usr/lib/x86_64-linux-gnu/cmake/Boost-1.71.0/BoostConfig.cmake (found suitable version "1.71.0", minimum required is "1.40.0") found components: thread system filesystem program_options regex iostreams date_time 
-- Found Protobuf: /usr/lib/x86_64-linux-gnu/libprotobuf.so;-lpthread (found version "3.6.1") 
-- Looking for ignition-math6 -- found version 6.8.0
-- Searching for dependencies of ignition-math6
-- Looking for OGRE...
-- OGRE_PREFIX_WATCH changed.
-- Checking for module 'OGRE'
--   Found OGRE, version 1.9.0
-- Found Ogre Ghadamon (1.9.0)
-- Found OGRE: optimized;/usr/lib/x86_64-linux-gnu/libOgreMain.so;debug;/usr/lib/x86_64-linux-gnu/libOgreMain.so
-- Looking for OGRE_Paging...
-- Found OGRE_Paging: optimized;/usr/lib/x86_64-linux-gnu/libOgrePaging.so;debug;/usr/lib/x86_64-linux-gnu/libOgrePaging.so
-- Looking for OGRE_Terrain...
-- Found OGRE_Terrain: optimized;/usr/lib/x86_64-linux-gnu/libOgreTerrain.so;debug;/usr/lib/x86_64-linux-gnu/libOgreTerrain.so
-- Looking for OGRE_Property...
-- Found OGRE_Property: optimized;/usr/lib/x86_64-linux-gnu/libOgreProperty.so;debug;/usr/lib/x86_64-linux-gnu/libOgreProperty.so
-- Looking for OGRE_RTShaderSystem...
-- Found OGRE_RTShaderSystem: optimized;/usr/lib/x86_64-linux-gnu/libOgreRTShaderSystem.so;debug;/usr/lib/x86_64-linux-gnu/libOgreRTShaderSystem.so
-- Looking for OGRE_Volume...
-- Found OGRE_Volume: optimized;/usr/lib/x86_64-linux-gnu/libOgreVolume.so;debug;/usr/lib/x86_64-linux-gnu/libOgreVolume.so
-- Looking for OGRE_Overlay...
-- Found OGRE_Overlay: optimized;/usr/lib/x86_64-linux-gnu/libOgreOverlay.so;debug;/usr/lib/x86_64-linux-gnu/libOgreOverlay.so
-- Looking for ignition-math6 -- found version 6.8.0
-- Looking for ignition-transport8 -- found version 8.2.0
-- Searching for dependencies of ignition-transport8
-- Found Protobuf: /usr/lib/x86_64-linux-gnu/libprotobuf.so;-lpthread (found suitable version "3.6.1", minimum required is "3") 
-- Config-file not installed for ZeroMQ -- checking for pkg-config
-- Checking for module 'libzmq >= 4'
--   Found libzmq , version 4.3.2
-- Found ZeroMQ: TRUE (Required is at least version "4") 
-- Checking for module 'uuid'
--   Found uuid, version 2.34.0
-- Found UUID: TRUE  
-- Looking for ignition-msgs5 -- found version 5.7.0
-- Searching for dependencies of ignition-msgs5
-- Looking for ignition-math6 -- found version 6.8.0
-- Checking for module 'tinyxml2'
--   Found tinyxml2, version 6.2.0
-- Looking for ignition-msgs5 -- found version 5.7.0
-- Looking for ignition-common3 -- found version 3.11.1
-- Searching for dependencies of ignition-common3
-- Looking for dlfcn.h - found
-- Looking for libdl - found
-- Found DL: TRUE  
-- Searching for <ignition-common3> component [graphics]
-- Looking for ignition-common3-graphics -- found version 3.11.1
-- Searching for dependencies of ignition-common3-graphics
-- Looking for ignition-math6 -- found version 6.8.0
-- Looking for ignition-fuel_tools4 -- found version 4.3.0
-- Searching for dependencies of ignition-fuel_tools4
-- Found CURL: /usr/lib/x86_64-linux-gnu/libcurl.so (found version "7.68.0")  
-- Checking for module 'jsoncpp'
--   Found jsoncpp, version 1.7.4
-- Found JSONCPP: TRUE  
-- Checking for module 'libzip'
--   Found libzip, version 1.5.1
-- Found ZIP: TRUE  
-- Looking for ignition-common3 -- found version 3.11.1
-- Looking for ignition-msgs5 -- found version 5.7.0
-- Gazebo version: 11.3
-- Configuring done
-- Generating done
-- Build files have been written to: /home/ruize/dev_ws/build/wave_gazebo_plugins
[35m[1mScanning dependencies of target Hydrodynamics[0m
[  7%] [32mBuilding CXX object CMakeFiles/Hydrodynamics.dir/src/Gazebo.cc.o[0m
[ 14%] [32mBuilding CXX object CMakeFiles/Hydrodynamics.dir/src/Geometry.cc.o[0m
[ 21%] [32mBuilding CXX object CMakeFiles/Hydrodynamics.dir/src/PhysicalConstants.cc.o[0m
[ 28%] [32mBuilding CXX object CMakeFiles/Hydrodynamics.dir/src/Physics.cc.o[0m
[ 35%] [32mBuilding CXX object CMakeFiles/Hydrodynamics.dir/src/Utilities.cc.o[0m
[ 42%] [32mBuilding CXX object CMakeFiles/Hydrodynamics.dir/src/Wavefield.cc.o[0m
[ 50%] [32mBuilding CXX object CMakeFiles/Hydrodynamics.dir/src/WavefieldEntity.cc.o[0m
[01m[K/home/ruize/dev_ws/src/wave_gazebo_plugins/src/Wavefield.cc:[m[K In constructor ‘[01m[Kasv::WaveParametersPrivate::WaveParametersPrivate()[m[K’:
[01m[K/home/ruize/dev_ws/src/wave_gazebo_plugins/src/Wavefield.cc:116:20:[m[K [01;35m[Kwarning: [m[K‘[01m[Kasv::WaveParametersPrivate::wavenumber[m[K’ will be initialized after [[01;35m[K-Wreorder[m[K]
  116 |     public: double [01;35m[Kwavenumber[m[K;
      |                    [01;35m[K^~~~~~~~~~[m[K
[01m[K/home/ruize/dev_ws/src/wave_gazebo_plugins/src/Wavefield.cc:104:20:[m[K [01;35m[Kwarning: [m[K  ‘[01m[Kdouble asv::WaveParametersPrivate::tau[m[K’ [[01;35m[K-Wreorder[m[K]
  104 |     public: double [01;35m[Ktau[m[K;
      |                    [01;35m[K^~~[m[K
[01m[K/home/ruize/dev_ws/src/wave_gazebo_plugins/src/Wavefield.cc:58:13:[m[K [01;35m[Kwarning: [m[K  when initialized here [[01;35m[K-Wreorder[m[K]
   58 |     public: [01;35m[KWaveParametersPrivate[m[K():
      |             [01;35m[K^~~~~~~~~~~~~~~~~~~~~[m[K
/home/ruize/dev_ws/src/wave_gazebo_plugins/src/Wavefield.cc: In instantiation of ‘[01m[Kasv::WavefieldSampler::ComputeDepthDirectly(const asv::WaveParameters&, const Vector3d&, double, double)::<lambda(auto:24, auto:25, auto:26, auto:27&, auto:28&, auto:29&)> [with auto:24 = Eigen::Matrix<double, 2, 1>; auto:25 = Eigen::Matrix<double, 2, 1>; auto:26 = double; auto:27 = asv::WavefieldSampler::ComputeDepthDirectly(const asv::WaveParameters&, const Vector3d&, double, double)::WaveParams; auto:28 = Eigen::Matrix<double, 2, 1>; auto:29 = Eigen::Matrix<double, 2, 2>][m[K’:
[01m[K/home/ruize/dev_ws/src/wave_gazebo_plugins/src/Wavefield.cc:619:20:[m[K   required from ‘[01m[Kasv::WavefieldSampler::ComputeDepthDirectly(const asv::WaveParameters&, const Vector3d&, double, double)::<lambda(auto:30&, auto:31, auto:32, auto:33, auto:34&, auto:35, auto:36)> [with auto:30 = asv::WavefieldSampler::ComputeDepthDirectly(const asv::WaveParameters&, const Vector3d&, double, double)::<lambda(auto:24, auto:25, auto:26, auto:27&, auto:28&, auto:29&)>; auto:31 = Eigen::Matrix<double, 2, 1>; auto:32 = Eigen::Matrix<double, 2, 1>; auto:33 = double; auto:34 = asv::WavefieldSampler::ComputeDepthDirectly(const asv::WaveParameters&, const Vector3d&, double, double)::WaveParams; auto:35 = double; auto:36 = double][m[K’
[01m[K/home/ruize/dev_ws/src/wave_gazebo_plugins/src/Wavefield.cc:644:67:[m[K   required from here
[01m[K/home/ruize/dev_ws/src/wave_gazebo_plugins/src/Wavefield.cc:577:28:[m[K [01;35m[Kwarning: [m[Kcomparison of integer expressions of different signedness: ‘[01m[Kint[m[K’ and ‘[01m[Kconst size_t[m[K’ {aka ‘[01m[Kconst long unsigned int[m[K’} [[01;35m[K-Wsign-compare[m[K]
  577 |       for (auto&& i = 0; [01;35m[Ki < n[m[K; ++i) // NOLINT
      |                          [01;35m[K~~^~~[m[K
In file included from [01m[K/home/ruize/dev_ws/src/wave_gazebo_plugins/src/Gazebo.cc:27[m[K:
[01m[K/home/ruize/dev_ws/src/wave_gazebo_plugins/include/wave_gazebo_plugins/Gazebo.hh:47:4:[m[K [01;35m[Kwarning: [m[Kextra ‘[01m[K;[m[K’ [[01;35m[K-Wpedantic[m[K]
   47 |   }[01;35m[K;[m[K
      |    [01;35m[K^[m[K
[ 57%] [32m[1mLinking CXX shared library libHydrodynamics.so[0m
[ 57%] Built target Hydrodynamics
[35m[1mScanning dependencies of target WavefieldModelPlugin[0m
[35m[1mScanning dependencies of target WavefieldVisualPlugin[0m
[ 64%] [32mBuilding CXX object CMakeFiles/WavefieldVisualPlugin.dir/src/WavefieldVisualPlugin.cc.o[0m
[ 71%] [32mBuilding CXX object CMakeFiles/WavefieldModelPlugin.dir/src/WavefieldModelPlugin.cc.o[0m
[01m[K/home/ruize/dev_ws/src/wave_gazebo_plugins/src/WavefieldModelPlugin.cc:199:5:[m[K [01;35m[Kwarning: [m[Kmulti-line comment [[01;35m[K-Wcomment[m[K]
  199 |     [01;35m[K/[m[K/ GZ_ASSERT(wavefieldEntity->GetWavefield() != nullptr, \
      |     [01;35m[K^[m[K
[ 78%] [32m[1mLinking CXX shared library libWavefieldModelPlugin.so[0m
[ 78%] Built target WavefieldModelPlugin
[35m[1mScanning dependencies of target wavegauge_plugin[0m
[ 85%] [32mBuilding CXX object CMakeFiles/wavegauge_plugin.dir/src/wavegauge_plugin.cc.o[0m
In file included from [01m[K/home/ruize/dev_ws/src/wave_gazebo_plugins/src/WavefieldVisualPlugin.cc:43[m[K:
[01m[K/home/ruize/dev_ws/src/wave_gazebo_plugins/include/wave_gazebo_plugins/Gazebo.hh:47:4:[m[K [01;35m[Kwarning: [m[Kextra ‘[01m[K;[m[K’ [[01;35m[K-Wpedantic[m[K]
   47 |   }[01;35m[K;[m[K
      |    [01;35m[K^[m[K
[ 92%] [32m[1mLinking CXX shared library libWavefieldVisualPlugin.so[0m
[ 92%] Built target WavefieldVisualPlugin
[100%] [32m[1mLinking CXX shared library libwavegauge_plugin.so[0m
[100%] Built target wavegauge_plugin
-- Install configuration: ""
-- Installing: /home/ruize/dev_ws/install/wave_gazebo_plugins/share/wave_gazebo_plugins/environment/library_path.sh
-- Installing: /home/ruize/dev_ws/install/wave_gazebo_plugins/share/wave_gazebo_plugins/environment/library_path.dsv
-- Installing: /home/ruize/dev_ws/install/wave_gazebo_plugins/lib/libHydrodynamics.so
-- Set runtime path of "/home/ruize/dev_ws/install/wave_gazebo_plugins/lib/libHydrodynamics.so" to ""
-- Installing: /home/ruize/dev_ws/install/wave_gazebo_plugins/lib/libWavefieldModelPlugin.so
-- Set runtime path of "/home/ruize/dev_ws/install/wave_gazebo_plugins/lib/libWavefieldModelPlugin.so" to ""
-- Installing: /home/ruize/dev_ws/install/wave_gazebo_plugins/lib/libWavefieldVisualPlugin.so
-- Set runtime path of "/home/ruize/dev_ws/install/wave_gazebo_plugins/lib/libWavefieldVisualPlugin.so" to ""
-- Installing: /home/ruize/dev_ws/install/wave_gazebo_plugins/lib/libwavegauge_plugin.so
-- Set runtime path of "/home/ruize/dev_ws/install/wave_gazebo_plugins/lib/libwavegauge_plugin.so" to ""
-- Installing: /home/ruize/dev_ws/install/wave_gazebo_plugins/include/wave_gazebo_plugins
-- Installing: /home/ruize/dev_ws/install/wave_gazebo_plugins/include/wave_gazebo_plugins/WavefieldEntity.hh
-- Installing: /home/ruize/dev_ws/install/wave_gazebo_plugins/include/wave_gazebo_plugins/PhysicalConstants.hh
-- Installing: /home/ruize/dev_ws/install/wave_gazebo_plugins/include/wave_gazebo_plugins/WavefieldModelPlugin.hh
-- Installing: /home/ruize/dev_ws/install/wave_gazebo_plugins/include/wave_gazebo_plugins/Geometry.hh
-- Installing: /home/ruize/dev_ws/install/wave_gazebo_plugins/include/wave_gazebo_plugins/WavefieldVisualPlugin.hh
-- Installing: /home/ruize/dev_ws/install/wave_gazebo_plugins/include/wave_gazebo_plugins/Wavefield.hh
-- Installing: /home/ruize/dev_ws/install/wave_gazebo_plugins/include/wave_gazebo_plugins/wavegauge_plugin.hh
-- Installing: /home/ruize/dev_ws/install/wave_gazebo_plugins/include/wave_gazebo_plugins/Utilities.hh
-- Installing: /home/ruize/dev_ws/install/wave_gazebo_plugins/include/wave_gazebo_plugins/Physics.hh
-- Installing: /home/ruize/dev_ws/install/wave_gazebo_plugins/include/wave_gazebo_plugins/Gazebo.hh
-- Up-to-date: /home/ruize/dev_ws/install/wave_gazebo_plugins/include
-- Up-to-date: /home/ruize/dev_ws/install/wave_gazebo_plugins/include/wave_gazebo_plugins
-- Up-to-date: /home/ruize/dev_ws/install/wave_gazebo_plugins/include/wave_gazebo_plugins
-- Installing: /home/ruize/dev_ws/install/wave_gazebo_plugins/include/wave_gazebo_plugins/ament_cmake_export_dependencies
-- Installing: /home/ruize/dev_ws/install/wave_gazebo_plugins/include/wave_gazebo_plugins/ament_cmake_environment_hooks
-- Installing: /home/ruize/dev_ws/install/wave_gazebo_plugins/include/wave_gazebo_plugins/ament_cmake_uninstall_target
-- Installing: /home/ruize/dev_ws/install/wave_gazebo_plugins/include/wave_gazebo_plugins/ament_cmake_core
-- Installing: /home/ruize/dev_ws/install/wave_gazebo_plugins/include/wave_gazebo_plugins/ament_cmake_core/stamps
-- Installing: /home/ruize/dev_ws/install/wave_gazebo_plugins/include/wave_gazebo_plugins/ament_cmake_package_templates
-- Installing: /home/ruize/dev_ws/install/wave_gazebo_plugins/include/wave_gazebo_plugins/CMakeFiles
-- Installing: /home/ruize/dev_ws/install/wave_gazebo_plugins/include/wave_gazebo_plugins/CMakeFiles/uninstall.dir
-- Installing: /home/ruize/dev_ws/install/wave_gazebo_plugins/include/wave_gazebo_plugins/CMakeFiles/WavefieldModelPlugin.dir
-- Installing: /home/ruize/dev_ws/install/wave_gazebo_plugins/include/wave_gazebo_plugins/CMakeFiles/WavefieldModelPlugin.dir/src
-- Installing: /home/ruize/dev_ws/install/wave_gazebo_plugins/include/wave_gazebo_plugins/CMakeFiles/WavefieldVisualPlugin.dir
-- Installing: /home/ruize/dev_ws/install/wave_gazebo_plugins/include/wave_gazebo_plugins/CMakeFiles/WavefieldVisualPlugin.dir/src
-- Installing: /home/ruize/dev_ws/install/wave_gazebo_plugins/include/wave_gazebo_plugins/CMakeFiles/3.16.3
-- Installing: /home/ruize/dev_ws/install/wave_gazebo_plugins/include/wave_gazebo_plugins/CMakeFiles/3.16.3/CompilerIdCXX
-- Installing: /home/ruize/dev_ws/install/wave_gazebo_plugins/include/wave_gazebo_plugins/CMakeFiles/3.16.3/CompilerIdCXX/tmp
-- Installing: /home/ruize/dev_ws/install/wave_gazebo_plugins/include/wave_gazebo_plugins/CMakeFiles/3.16.3/CompilerIdC
-- Installing: /home/ruize/dev_ws/install/wave_gazebo_plugins/include/wave_gazebo_plugins/CMakeFiles/3.16.3/CompilerIdC/tmp
-- Installing: /home/ruize/dev_ws/install/wave_gazebo_plugins/include/wave_gazebo_plugins/CMakeFiles/Hydrodynamics.dir
-- Installing: /home/ruize/dev_ws/install/wave_gazebo_plugins/include/wave_gazebo_plugins/CMakeFiles/Hydrodynamics.dir/src
-- Installing: /home/ruize/dev_ws/install/wave_gazebo_plugins/include/wave_gazebo_plugins/CMakeFiles/CMakeTmp
-- Installing: /home/ruize/dev_ws/install/wave_gazebo_plugins/include/wave_gazebo_plugins/CMakeFiles/wavegauge_plugin.dir
-- Installing: /home/ruize/dev_ws/install/wave_gazebo_plugins/include/wave_gazebo_plugins/CMakeFiles/wavegauge_plugin.dir/src
-- Installing: /home/ruize/dev_ws/install/wave_gazebo_plugins/include/wave_gazebo_plugins/CMakeFiles/wave_gazebo_plugins_uninstall.dir
-- Installing: /home/ruize/dev_ws/install/wave_gazebo_plugins/include/wave_gazebo_plugins/ament_cmake_export_include_directories
-- Installing: /home/ruize/dev_ws/install/wave_gazebo_plugins/include/wave_gazebo_plugins/ament_cmake_index
-- Installing: /home/ruize/dev_ws/install/wave_gazebo_plugins/include/wave_gazebo_plugins/ament_cmake_index/share
-- Installing: /home/ruize/dev_ws/install/wave_gazebo_plugins/include/wave_gazebo_plugins/ament_cmake_index/share/ament_index
-- Installing: /home/ruize/dev_ws/install/wave_gazebo_plugins/include/wave_gazebo_plugins/ament_cmake_index/share/ament_index/resource_index
-- Installing: /home/ruize/dev_ws/install/wave_gazebo_plugins/include/wave_gazebo_plugins/ament_cmake_index/share/ament_index/resource_index/packages
-- Installing: /home/ruize/dev_ws/install/wave_gazebo_plugins/include/wave_gazebo_plugins/ament_cmake_index/share/ament_index/resource_index/parent_prefix_path
-- Installing: /home/ruize/dev_ws/install/wave_gazebo_plugins/include/wave_gazebo_plugins/ament_cmake_index/share/ament_index/resource_index/package_run_dependencies
-- Installing: /home/ruize/dev_ws/install/wave_gazebo_plugins/include/wave_gazebo_plugins/ament_cmake_export_libraries
-- Installing: /home/ruize/dev_ws/install/wave_gazebo_plugins/share/ament_index/resource_index/package_run_dependencies/wave_gazebo_plugins
-- Installing: /home/ruize/dev_ws/install/wave_gazebo_plugins/share/ament_index/resource_index/parent_prefix_path/wave_gazebo_plugins
-- Installing: /home/ruize/dev_ws/install/wave_gazebo_plugins/share/wave_gazebo_plugins/environment/ament_prefix_path.sh
-- Installing: /home/ruize/dev_ws/install/wave_gazebo_plugins/share/wave_gazebo_plugins/environment/ament_prefix_path.dsv
-- Installing: /home/ruize/dev_ws/install/wave_gazebo_plugins/share/wave_gazebo_plugins/environment/path.sh
-- Installing: /home/ruize/dev_ws/install/wave_gazebo_plugins/share/wave_gazebo_plugins/environment/path.dsv
-- Installing: /home/ruize/dev_ws/install/wave_gazebo_plugins/share/wave_gazebo_plugins/local_setup.bash
-- Installing: /home/ruize/dev_ws/install/wave_gazebo_plugins/share/wave_gazebo_plugins/local_setup.sh
-- Installing: /home/ruize/dev_ws/install/wave_gazebo_plugins/share/wave_gazebo_plugins/local_setup.zsh
-- Installing: /home/ruize/dev_ws/install/wave_gazebo_plugins/share/wave_gazebo_plugins/local_setup.dsv
-- Installing: /home/ruize/dev_ws/install/wave_gazebo_plugins/share/wave_gazebo_plugins/package.dsv
-- Installing: /home/ruize/dev_ws/install/wave_gazebo_plugins/share/ament_index/resource_index/packages/wave_gazebo_plugins
-- Installing: /home/ruize/dev_ws/install/wave_gazebo_plugins/share/wave_gazebo_plugins/cmake/ament_cmake_export_include_directories-extras.cmake
-- Installing: /home/ruize/dev_ws/install/wave_gazebo_plugins/share/wave_gazebo_plugins/cmake/ament_cmake_export_dependencies-extras.cmake
-- Installing: /home/ruize/dev_ws/install/wave_gazebo_plugins/share/wave_gazebo_plugins/cmake/ament_cmake_export_libraries-extras.cmake
-- Installing: /home/ruize/dev_ws/install/wave_gazebo_plugins/share/wave_gazebo_plugins/cmake/wave_gazebo_pluginsConfig.cmake
-- Installing: /home/ruize/dev_ws/install/wave_gazebo_plugins/share/wave_gazebo_plugins/cmake/wave_gazebo_pluginsConfig-version.cmake
-- Installing: /home/ruize/dev_ws/install/wave_gazebo_plugins/share/wave_gazebo_plugins/package.xml
