[0.010s] Invoking command in '/home/ruize/dev_ws/build/wave_gazebo_plugins': CMAKE_PREFIX_PATH=${CMAKE_PREFIX_PATH}:/opt/ros/foxy /usr/bin/cmake /home/ruize/dev_ws/src/wave_gazebo_plugins -DCMAKE_INSTALL_PREFIX=/home/ruize/dev_ws/install/wave_gazebo_plugins
[0.048s] -- The C compiler identification is GNU 9.3.0
[0.083s] -- The CXX compiler identification is GNU 9.3.0
[0.086s] -- Check for working C compiler: /usr/bin/cc
[0.136s] -- Check for working C compiler: /usr/bin/cc -- works
[0.136s] -- Detecting C compiler ABI info
[0.182s] -- Detecting C compiler ABI info - done
[0.190s] -- Detecting C compile features
[0.190s] -- Detecting C compile features - done
[0.191s] -- Check for working CXX compiler: /usr/bin/c++
[0.245s] -- Check for working CXX compiler: /usr/bin/c++ -- works
[0.246s] -- Detecting CXX compiler ABI info
[0.298s] -- Detecting CXX compiler ABI info - done
[0.306s] -- Detecting CXX compile features
[0.306s] -- Detecting CXX compile features - done
[0.308s] -- Found ament_cmake: 0.9.8 (/opt/ros/foxy/share/ament_cmake/cmake)
[0.324s] -- Found PythonInterp: /usr/bin/python3 (found suitable version "3.8.5", minimum required is "3") 
[0.324s] -- Using PYTHON_EXECUTABLE: /usr/bin/python3
[0.467s] -- Found gazebo_ros: 3.5.0 (/opt/ros/foxy/share/gazebo_ros/cmake)
[0.503s] -- Using all available rosidl_typesupport_c: rosidl_typesupport_fastrtps_c;rosidl_typesupport_introspection_c
[0.509s] -- Found rosidl_adapter: 1.2.0 (/opt/ros/foxy/share/rosidl_adapter/cmake)
[0.560s] -- Found OpenSSL: /usr/lib/x86_64-linux-gnu/libcrypto.so (found version "1.1.1f")  
[0.582s] -- Found FastRTPS: /opt/ros/foxy/include  
[0.642s] -- Using all available rosidl_typesupport_cpp: rosidl_typesupport_fastrtps_cpp;rosidl_typesupport_introspection_cpp
[0.680s] -- Found rmw_implementation_cmake: 1.0.2 (/opt/ros/foxy/share/rmw_implementation_cmake/cmake)
[0.682s] -- Using RMW implementation 'rmw_fastrtps_cpp' as default
[0.683s] -- Looking for pthread.h
[0.743s] -- Looking for pthread.h - found
[0.743s] -- Performing Test CMAKE_HAVE_LIBC_PTHREAD
[0.827s] -- Performing Test CMAKE_HAVE_LIBC_PTHREAD - Failed
[0.828s] -- Looking for pthread_create in pthreads
[0.897s] -- Looking for pthread_create in pthreads - not found
[0.902s] -- Looking for pthread_create in pthread
[0.956s] -- Looking for pthread_create in pthread - found
[0.958s] -- Found Threads: TRUE  
[1.075s] -- Found PkgConfig: /usr/bin/pkg-config (found version "0.29.1") 
[1.077s] -- Checking for module 'bullet>=2.82'
[1.087s] --   Found bullet, version 2.88
[1.164s] -- Found ccd: /usr/include (found suitable version "2.0", minimum required is "2.0") 
[1.202s] -- Found fcl: /usr/include (found suitable version "0.5.0", minimum required is "0.3.2") 
[1.238s] -- Found assimp: /usr/include (found version "5.0.0") 
[1.256s] -- Found DART: /usr/include (Required is at least version "6.6") found components: dart 
[1.275s] -- Found Boost: /usr/lib/x86_64-linux-gnu/cmake/Boost-1.71.0/BoostConfig.cmake (found suitable version "1.71.0", minimum required is "1.40.0") found components: thread system filesystem program_options regex iostreams date_time 
[1.288s] -- Found Protobuf: /usr/lib/x86_64-linux-gnu/libprotobuf.so;-lpthread (found version "3.6.1") 
[1.292s] -- Looking for ignition-math6 -- found version 6.8.0
[1.297s] -- Searching for dependencies of ignition-math6
[1.298s] -- Looking for OGRE...
[1.298s] -- OGRE_PREFIX_WATCH changed.
[1.302s] -- Checking for module 'OGRE'
[1.312s] --   Found OGRE, version 1.9.0
[1.337s] -- Found Ogre Ghadamon (1.9.0)
[1.343s] -- Found OGRE: optimized;/usr/lib/x86_64-linux-gnu/libOgreMain.so;debug;/usr/lib/x86_64-linux-gnu/libOgreMain.so
[1.351s] -- Looking for OGRE_Paging...
[1.355s] -- Found OGRE_Paging: optimized;/usr/lib/x86_64-linux-gnu/libOgrePaging.so;debug;/usr/lib/x86_64-linux-gnu/libOgrePaging.so
[1.355s] -- Looking for OGRE_Terrain...
[1.359s] -- Found OGRE_Terrain: optimized;/usr/lib/x86_64-linux-gnu/libOgreTerrain.so;debug;/usr/lib/x86_64-linux-gnu/libOgreTerrain.so
[1.359s] -- Looking for OGRE_Property...
[1.363s] -- Found OGRE_Property: optimized;/usr/lib/x86_64-linux-gnu/libOgreProperty.so;debug;/usr/lib/x86_64-linux-gnu/libOgreProperty.so
[1.363s] -- Looking for OGRE_RTShaderSystem...
[1.368s] -- Found OGRE_RTShaderSystem: optimized;/usr/lib/x86_64-linux-gnu/libOgreRTShaderSystem.so;debug;/usr/lib/x86_64-linux-gnu/libOgreRTShaderSystem.so
[1.368s] -- Looking for OGRE_Volume...
[1.372s] -- Found OGRE_Volume: optimized;/usr/lib/x86_64-linux-gnu/libOgreVolume.so;debug;/usr/lib/x86_64-linux-gnu/libOgreVolume.so
[1.372s] -- Looking for OGRE_Overlay...
[1.376s] -- Found OGRE_Overlay: optimized;/usr/lib/x86_64-linux-gnu/libOgreOverlay.so;debug;/usr/lib/x86_64-linux-gnu/libOgreOverlay.so
[1.463s] -- Looking for ignition-math6 -- found version 6.8.0
[1.465s] -- Looking for ignition-transport8 -- found version 8.2.0
[1.465s] -- Searching for dependencies of ignition-transport8
[1.480s] -- Found Protobuf: /usr/lib/x86_64-linux-gnu/libprotobuf.so;-lpthread (found suitable version "3.6.1", minimum required is "3") 
[1.489s] -- Config-file not installed for ZeroMQ -- checking for pkg-config
[1.493s] -- Checking for module 'libzmq >= 4'
[1.503s] --   Found libzmq , version 4.3.2
[1.533s] -- Found ZeroMQ: TRUE (Required is at least version "4") 
[1.537s] -- Checking for module 'uuid'
[1.549s] --   Found uuid, version 2.34.0
[1.576s] -- Found UUID: TRUE  
[1.577s] -- Looking for ignition-msgs5 -- found version 5.7.0
[1.578s] -- Searching for dependencies of ignition-msgs5
[1.593s] -- Looking for ignition-math6 -- found version 6.8.0
[1.596s] -- Checking for module 'tinyxml2'
[1.607s] --   Found tinyxml2, version 6.2.0
[1.633s] -- Looking for ignition-msgs5 -- found version 5.7.0
[1.634s] -- Looking for ignition-common3 -- found version 3.11.1
[1.635s] -- Searching for dependencies of ignition-common3
[1.635s] -- Looking for dlfcn.h - found
[1.636s] -- Looking for libdl - found
[1.638s] -- Found DL: TRUE  
[1.643s] -- Searching for <ignition-common3> component [graphics]
[1.645s] -- Looking for ignition-common3-graphics -- found version 3.11.1
[1.645s] -- Searching for dependencies of ignition-common3-graphics
[1.645s] -- Looking for ignition-math6 -- found version 6.8.0
[1.647s] -- Looking for ignition-fuel_tools4 -- found version 4.3.0
[1.648s] -- Searching for dependencies of ignition-fuel_tools4
[1.695s] -- Found CURL: /usr/lib/x86_64-linux-gnu/libcurl.so (found version "7.68.0")  
[1.701s] -- Checking for module 'jsoncpp'
[1.710s] --   Found jsoncpp, version 1.7.4
[1.733s] -- Found JSONCPP: TRUE  
[1.738s] -- Checking for module 'libzip'
[1.748s] --   Found libzip, version 1.5.1
[1.773s] -- Found ZIP: TRUE  
[1.773s] -- Looking for ignition-common3 -- found version 3.11.1
[1.774s] -- Looking for ignition-msgs5 -- found version 5.7.0
[1.774s] -- Gazebo version: 11.3
[1.824s] -- Configuring done
[1.901s] -- Generating done
[1.903s] -- Build files have been written to: /home/ruize/dev_ws/build/wave_gazebo_plugins
[1.912s] Invoked command in '/home/ruize/dev_ws/build/wave_gazebo_plugins' returned '0': CMAKE_PREFIX_PATH=${CMAKE_PREFIX_PATH}:/opt/ros/foxy /usr/bin/cmake /home/ruize/dev_ws/src/wave_gazebo_plugins -DCMAKE_INSTALL_PREFIX=/home/ruize/dev_ws/install/wave_gazebo_plugins
[1.913s] Invoking command in '/home/ruize/dev_ws/build/wave_gazebo_plugins': CMAKE_PREFIX_PATH=${CMAKE_PREFIX_PATH}:/opt/ros/foxy /usr/bin/cmake --build /home/ruize/dev_ws/build/wave_gazebo_plugins -- -j4 -l4
[1.942s] [35m[1mScanning dependencies of target Hydrodynamics[0m
[2.046s] [  7%] [32mBuilding CXX object CMakeFiles/Hydrodynamics.dir/src/Gazebo.cc.o[0m
[2.047s] [ 14%] [32mBuilding CXX object CMakeFiles/Hydrodynamics.dir/src/Geometry.cc.o[0m
[2.048s] [ 21%] [32mBuilding CXX object CMakeFiles/Hydrodynamics.dir/src/PhysicalConstants.cc.o[0m
[2.054s] [ 28%] [32mBuilding CXX object CMakeFiles/Hydrodynamics.dir/src/Physics.cc.o[0m
[2.074s] [ 35%] [32mBuilding CXX object CMakeFiles/Hydrodynamics.dir/src/Utilities.cc.o[0m
[2.212s] [ 42%] [32mBuilding CXX object CMakeFiles/Hydrodynamics.dir/src/Wavefield.cc.o[0m
[3.872s] [ 50%] [32mBuilding CXX object CMakeFiles/Hydrodynamics.dir/src/WavefieldEntity.cc.o[0m
[7.238s] [01m[K/home/ruize/dev_ws/src/wave_gazebo_plugins/src/Wavefield.cc:[m[K In constructor ‘[01m[Kasv::WaveParametersPrivate::WaveParametersPrivate()[m[K’:
[7.238s] [01m[K/home/ruize/dev_ws/src/wave_gazebo_plugins/src/Wavefield.cc:116:20:[m[K [01;35m[Kwarning: [m[K‘[01m[Kasv::WaveParametersPrivate::wavenumber[m[K’ will be initialized after [[01;35m[K-Wreorder[m[K]
[7.238s]   116 |     public: double [01;35m[Kwavenumber[m[K;
[7.238s]       |                    [01;35m[K^~~~~~~~~~[m[K
[7.238s] [01m[K/home/ruize/dev_ws/src/wave_gazebo_plugins/src/Wavefield.cc:104:20:[m[K [01;35m[Kwarning: [m[K  ‘[01m[Kdouble asv::WaveParametersPrivate::tau[m[K’ [[01;35m[K-Wreorder[m[K]
[7.238s]   104 |     public: double [01;35m[Ktau[m[K;
[7.238s]       |                    [01;35m[K^~~[m[K
[7.238s] [01m[K/home/ruize/dev_ws/src/wave_gazebo_plugins/src/Wavefield.cc:58:13:[m[K [01;35m[Kwarning: [m[K  when initialized here [[01;35m[K-Wreorder[m[K]
[7.238s]    58 |     public: [01;35m[KWaveParametersPrivate[m[K():
[7.239s]       |             [01;35m[K^~~~~~~~~~~~~~~~~~~~~[m[K
[7.296s] /home/ruize/dev_ws/src/wave_gazebo_plugins/src/Wavefield.cc: In instantiation of ‘[01m[Kasv::WavefieldSampler::ComputeDepthDirectly(const asv::WaveParameters&, const Vector3d&, double, double)::<lambda(auto:24, auto:25, auto:26, auto:27&, auto:28&, auto:29&)> [with auto:24 = Eigen::Matrix<double, 2, 1>; auto:25 = Eigen::Matrix<double, 2, 1>; auto:26 = double; auto:27 = asv::WavefieldSampler::ComputeDepthDirectly(const asv::WaveParameters&, const Vector3d&, double, double)::WaveParams; auto:28 = Eigen::Matrix<double, 2, 1>; auto:29 = Eigen::Matrix<double, 2, 2>][m[K’:
[7.296s] [01m[K/home/ruize/dev_ws/src/wave_gazebo_plugins/src/Wavefield.cc:619:20:[m[K   required from ‘[01m[Kasv::WavefieldSampler::ComputeDepthDirectly(const asv::WaveParameters&, const Vector3d&, double, double)::<lambda(auto:30&, auto:31, auto:32, auto:33, auto:34&, auto:35, auto:36)> [with auto:30 = asv::WavefieldSampler::ComputeDepthDirectly(const asv::WaveParameters&, const Vector3d&, double, double)::<lambda(auto:24, auto:25, auto:26, auto:27&, auto:28&, auto:29&)>; auto:31 = Eigen::Matrix<double, 2, 1>; auto:32 = Eigen::Matrix<double, 2, 1>; auto:33 = double; auto:34 = asv::WavefieldSampler::ComputeDepthDirectly(const asv::WaveParameters&, const Vector3d&, double, double)::WaveParams; auto:35 = double; auto:36 = double][m[K’
[7.296s] [01m[K/home/ruize/dev_ws/src/wave_gazebo_plugins/src/Wavefield.cc:644:67:[m[K   required from here
[7.296s] [01m[K/home/ruize/dev_ws/src/wave_gazebo_plugins/src/Wavefield.cc:577:28:[m[K [01;35m[Kwarning: [m[Kcomparison of integer expressions of different signedness: ‘[01m[Kint[m[K’ and ‘[01m[Kconst size_t[m[K’ {aka ‘[01m[Kconst long unsigned int[m[K’} [[01;35m[K-Wsign-compare[m[K]
[7.296s]   577 |       for (auto&& i = 0; [01;35m[Ki < n[m[K; ++i) // NOLINT
[7.297s]       |                          [01;35m[K~~^~~[m[K
[12.340s] In file included from [01m[K/home/ruize/dev_ws/src/wave_gazebo_plugins/src/Gazebo.cc:27[m[K:
[12.340s] [01m[K/home/ruize/dev_ws/src/wave_gazebo_plugins/include/wave_gazebo_plugins/Gazebo.hh:47:4:[m[K [01;35m[Kwarning: [m[Kextra ‘[01m[K;[m[K’ [[01;35m[K-Wpedantic[m[K]
[12.340s]    47 |   }[01;35m[K;[m[K
[12.340s]       |    [01;35m[K^[m[K
[14.744s] [ 57%] [32m[1mLinking CXX shared library libHydrodynamics.so[0m
[15.225s] [ 57%] Built target Hydrodynamics
[15.235s] [35m[1mScanning dependencies of target WavefieldModelPlugin[0m
[15.235s] [35m[1mScanning dependencies of target WavefieldVisualPlugin[0m
[15.312s] [ 64%] [32mBuilding CXX object CMakeFiles/WavefieldVisualPlugin.dir/src/WavefieldVisualPlugin.cc.o[0m
[15.315s] [ 71%] [32mBuilding CXX object CMakeFiles/WavefieldModelPlugin.dir/src/WavefieldModelPlugin.cc.o[0m
[16.450s] [01m[K/home/ruize/dev_ws/src/wave_gazebo_plugins/src/WavefieldModelPlugin.cc:199:5:[m[K [01;35m[Kwarning: [m[Kmulti-line comment [[01;35m[K-Wcomment[m[K]
[16.450s]   199 |     [01;35m[K/[m[K/ GZ_ASSERT(wavefieldEntity->GetWavefield() != nullptr, \
[16.450s]       |     [01;35m[K^[m[K
[23.048s] [ 78%] [32m[1mLinking CXX shared library libWavefieldModelPlugin.so[0m
[23.360s] [ 78%] Built target WavefieldModelPlugin
[23.371s] [35m[1mScanning dependencies of target wavegauge_plugin[0m
[23.465s] [ 85%] [32mBuilding CXX object CMakeFiles/wavegauge_plugin.dir/src/wavegauge_plugin.cc.o[0m
[24.092s] In file included from [01m[K/home/ruize/dev_ws/src/wave_gazebo_plugins/src/WavefieldVisualPlugin.cc:43[m[K:
[24.092s] [01m[K/home/ruize/dev_ws/src/wave_gazebo_plugins/include/wave_gazebo_plugins/Gazebo.hh:47:4:[m[K [01;35m[Kwarning: [m[Kextra ‘[01m[K;[m[K’ [[01;35m[K-Wpedantic[m[K]
[24.092s]    47 |   }[01;35m[K;[m[K
[24.092s]       |    [01;35m[K^[m[K
[27.405s] [ 92%] [32m[1mLinking CXX shared library libWavefieldVisualPlugin.so[0m
[27.753s] [ 92%] Built target WavefieldVisualPlugin
[31.249s] [100%] [32m[1mLinking CXX shared library libwavegauge_plugin.so[0m
[31.515s] [100%] Built target wavegauge_plugin
[31.526s] Invoked command in '/home/ruize/dev_ws/build/wave_gazebo_plugins' returned '0': CMAKE_PREFIX_PATH=${CMAKE_PREFIX_PATH}:/opt/ros/foxy /usr/bin/cmake --build /home/ruize/dev_ws/build/wave_gazebo_plugins -- -j4 -l4
[31.571s] Invoking command in '/home/ruize/dev_ws/build/wave_gazebo_plugins': CMAKE_PREFIX_PATH=${CMAKE_PREFIX_PATH}:/opt/ros/foxy /usr/bin/cmake --install /home/ruize/dev_ws/build/wave_gazebo_plugins
[31.578s] -- Install configuration: ""
[31.578s] -- Installing: /home/ruize/dev_ws/install/wave_gazebo_plugins/share/wave_gazebo_plugins/environment/library_path.sh
[31.578s] -- Installing: /home/ruize/dev_ws/install/wave_gazebo_plugins/share/wave_gazebo_plugins/environment/library_path.dsv
[31.578s] -- Installing: /home/ruize/dev_ws/install/wave_gazebo_plugins/lib/libHydrodynamics.so
[31.580s] -- Set runtime path of "/home/ruize/dev_ws/install/wave_gazebo_plugins/lib/libHydrodynamics.so" to ""
[31.580s] -- Installing: /home/ruize/dev_ws/install/wave_gazebo_plugins/lib/libWavefieldModelPlugin.so
[31.581s] -- Set runtime path of "/home/ruize/dev_ws/install/wave_gazebo_plugins/lib/libWavefieldModelPlugin.so" to ""
[31.581s] -- Installing: /home/ruize/dev_ws/install/wave_gazebo_plugins/lib/libWavefieldVisualPlugin.so
[31.583s] -- Set runtime path of "/home/ruize/dev_ws/install/wave_gazebo_plugins/lib/libWavefieldVisualPlugin.so" to ""
[31.583s] -- Installing: /home/ruize/dev_ws/install/wave_gazebo_plugins/lib/libwavegauge_plugin.so
[31.585s] -- Set runtime path of "/home/ruize/dev_ws/install/wave_gazebo_plugins/lib/libwavegauge_plugin.so" to ""
[31.586s] -- Installing: /home/ruize/dev_ws/install/wave_gazebo_plugins/include/wave_gazebo_plugins
[31.587s] -- Installing: /home/ruize/dev_ws/install/wave_gazebo_plugins/include/wave_gazebo_plugins/WavefieldEntity.hh
[31.587s] -- Installing: /home/ruize/dev_ws/install/wave_gazebo_plugins/include/wave_gazebo_plugins/PhysicalConstants.hh
[31.587s] -- Installing: /home/ruize/dev_ws/install/wave_gazebo_plugins/include/wave_gazebo_plugins/WavefieldModelPlugin.hh
[31.588s] -- Installing: /home/ruize/dev_ws/install/wave_gazebo_plugins/include/wave_gazebo_plugins/Geometry.hh
[31.588s] -- Installing: /home/ruize/dev_ws/install/wave_gazebo_plugins/include/wave_gazebo_plugins/WavefieldVisualPlugin.hh
[31.588s] -- Installing: /home/ruize/dev_ws/install/wave_gazebo_plugins/include/wave_gazebo_plugins/Wavefield.hh
[31.588s] -- Installing: /home/ruize/dev_ws/install/wave_gazebo_plugins/include/wave_gazebo_plugins/wavegauge_plugin.hh
[31.588s] -- Installing: /home/ruize/dev_ws/install/wave_gazebo_plugins/include/wave_gazebo_plugins/Utilities.hh
[31.588s] -- Installing: /home/ruize/dev_ws/install/wave_gazebo_plugins/include/wave_gazebo_plugins/Physics.hh
[31.588s] -- Installing: /home/ruize/dev_ws/install/wave_gazebo_plugins/include/wave_gazebo_plugins/Gazebo.hh
[31.588s] -- Up-to-date: /home/ruize/dev_ws/install/wave_gazebo_plugins/include
[31.588s] -- Up-to-date: /home/ruize/dev_ws/install/wave_gazebo_plugins/include/wave_gazebo_plugins
[31.589s] -- Up-to-date: /home/ruize/dev_ws/install/wave_gazebo_plugins/include/wave_gazebo_plugins
[31.589s] -- Installing: /home/ruize/dev_ws/install/wave_gazebo_plugins/include/wave_gazebo_plugins/ament_cmake_export_dependencies
[31.589s] -- Installing: /home/ruize/dev_ws/install/wave_gazebo_plugins/include/wave_gazebo_plugins/ament_cmake_environment_hooks
[31.589s] -- Installing: /home/ruize/dev_ws/install/wave_gazebo_plugins/include/wave_gazebo_plugins/ament_cmake_uninstall_target
[31.589s] -- Installing: /home/ruize/dev_ws/install/wave_gazebo_plugins/include/wave_gazebo_plugins/ament_cmake_core
[31.589s] -- Installing: /home/ruize/dev_ws/install/wave_gazebo_plugins/include/wave_gazebo_plugins/ament_cmake_core/stamps
[31.589s] -- Installing: /home/ruize/dev_ws/install/wave_gazebo_plugins/include/wave_gazebo_plugins/ament_cmake_package_templates
[31.589s] -- Installing: /home/ruize/dev_ws/install/wave_gazebo_plugins/include/wave_gazebo_plugins/CMakeFiles
[31.589s] -- Installing: /home/ruize/dev_ws/install/wave_gazebo_plugins/include/wave_gazebo_plugins/CMakeFiles/uninstall.dir
[31.589s] -- Installing: /home/ruize/dev_ws/install/wave_gazebo_plugins/include/wave_gazebo_plugins/CMakeFiles/WavefieldModelPlugin.dir
[31.589s] -- Installing: /home/ruize/dev_ws/install/wave_gazebo_plugins/include/wave_gazebo_plugins/CMakeFiles/WavefieldModelPlugin.dir/src
[31.590s] -- Installing: /home/ruize/dev_ws/install/wave_gazebo_plugins/include/wave_gazebo_plugins/CMakeFiles/WavefieldVisualPlugin.dir
[31.590s] -- Installing: /home/ruize/dev_ws/install/wave_gazebo_plugins/include/wave_gazebo_plugins/CMakeFiles/WavefieldVisualPlugin.dir/src
[31.590s] -- Installing: /home/ruize/dev_ws/install/wave_gazebo_plugins/include/wave_gazebo_plugins/CMakeFiles/3.16.3
[31.590s] -- Installing: /home/ruize/dev_ws/install/wave_gazebo_plugins/include/wave_gazebo_plugins/CMakeFiles/3.16.3/CompilerIdCXX
[31.590s] -- Installing: /home/ruize/dev_ws/install/wave_gazebo_plugins/include/wave_gazebo_plugins/CMakeFiles/3.16.3/CompilerIdCXX/tmp
[31.590s] -- Installing: /home/ruize/dev_ws/install/wave_gazebo_plugins/include/wave_gazebo_plugins/CMakeFiles/3.16.3/CompilerIdC
[31.590s] -- Installing: /home/ruize/dev_ws/install/wave_gazebo_plugins/include/wave_gazebo_plugins/CMakeFiles/3.16.3/CompilerIdC/tmp
[31.590s] -- Installing: /home/ruize/dev_ws/install/wave_gazebo_plugins/include/wave_gazebo_plugins/CMakeFiles/Hydrodynamics.dir
[31.590s] -- Installing: /home/ruize/dev_ws/install/wave_gazebo_plugins/include/wave_gazebo_plugins/CMakeFiles/Hydrodynamics.dir/src
[31.590s] -- Installing: /home/ruize/dev_ws/install/wave_gazebo_plugins/include/wave_gazebo_plugins/CMakeFiles/CMakeTmp
[31.590s] -- Installing: /home/ruize/dev_ws/install/wave_gazebo_plugins/include/wave_gazebo_plugins/CMakeFiles/wavegauge_plugin.dir
[31.590s] -- Installing: /home/ruize/dev_ws/install/wave_gazebo_plugins/include/wave_gazebo_plugins/CMakeFiles/wavegauge_plugin.dir/src
[31.590s] -- Installing: /home/ruize/dev_ws/install/wave_gazebo_plugins/include/wave_gazebo_plugins/CMakeFiles/wave_gazebo_plugins_uninstall.dir
[31.590s] -- Installing: /home/ruize/dev_ws/install/wave_gazebo_plugins/include/wave_gazebo_plugins/ament_cmake_export_include_directories
[31.590s] -- Installing: /home/ruize/dev_ws/install/wave_gazebo_plugins/include/wave_gazebo_plugins/ament_cmake_index
[31.590s] -- Installing: /home/ruize/dev_ws/install/wave_gazebo_plugins/include/wave_gazebo_plugins/ament_cmake_index/share
[31.590s] -- Installing: /home/ruize/dev_ws/install/wave_gazebo_plugins/include/wave_gazebo_plugins/ament_cmake_index/share/ament_index
[31.591s] -- Installing: /home/ruize/dev_ws/install/wave_gazebo_plugins/include/wave_gazebo_plugins/ament_cmake_index/share/ament_index/resource_index
[31.591s] -- Installing: /home/ruize/dev_ws/install/wave_gazebo_plugins/include/wave_gazebo_plugins/ament_cmake_index/share/ament_index/resource_index/packages
[31.591s] -- Installing: /home/ruize/dev_ws/install/wave_gazebo_plugins/include/wave_gazebo_plugins/ament_cmake_index/share/ament_index/resource_index/parent_prefix_path
[31.591s] -- Installing: /home/ruize/dev_ws/install/wave_gazebo_plugins/include/wave_gazebo_plugins/ament_cmake_index/share/ament_index/resource_index/package_run_dependencies
[31.591s] -- Installing: /home/ruize/dev_ws/install/wave_gazebo_plugins/include/wave_gazebo_plugins/ament_cmake_export_libraries
[31.591s] -- Installing: /home/ruize/dev_ws/install/wave_gazebo_plugins/share/ament_index/resource_index/package_run_dependencies/wave_gazebo_plugins
[31.591s] -- Installing: /home/ruize/dev_ws/install/wave_gazebo_plugins/share/ament_index/resource_index/parent_prefix_path/wave_gazebo_plugins
[31.591s] -- Installing: /home/ruize/dev_ws/install/wave_gazebo_plugins/share/wave_gazebo_plugins/environment/ament_prefix_path.sh
[31.591s] -- Installing: /home/ruize/dev_ws/install/wave_gazebo_plugins/share/wave_gazebo_plugins/environment/ament_prefix_path.dsv
[31.591s] -- Installing: /home/ruize/dev_ws/install/wave_gazebo_plugins/share/wave_gazebo_plugins/environment/path.sh
[31.591s] -- Installing: /home/ruize/dev_ws/install/wave_gazebo_plugins/share/wave_gazebo_plugins/environment/path.dsv
[31.591s] -- Installing: /home/ruize/dev_ws/install/wave_gazebo_plugins/share/wave_gazebo_plugins/local_setup.bash
[31.592s] -- Installing: /home/ruize/dev_ws/install/wave_gazebo_plugins/share/wave_gazebo_plugins/local_setup.sh
[31.592s] -- Installing: /home/ruize/dev_ws/install/wave_gazebo_plugins/share/wave_gazebo_plugins/local_setup.zsh
[31.592s] -- Installing: /home/ruize/dev_ws/install/wave_gazebo_plugins/share/wave_gazebo_plugins/local_setup.dsv
[31.592s] -- Installing: /home/ruize/dev_ws/install/wave_gazebo_plugins/share/wave_gazebo_plugins/package.dsv
[31.592s] -- Installing: /home/ruize/dev_ws/install/wave_gazebo_plugins/share/ament_index/resource_index/packages/wave_gazebo_plugins
[31.592s] -- Installing: /home/ruize/dev_ws/install/wave_gazebo_plugins/share/wave_gazebo_plugins/cmake/ament_cmake_export_include_directories-extras.cmake
[31.592s] -- Installing: /home/ruize/dev_ws/install/wave_gazebo_plugins/share/wave_gazebo_plugins/cmake/ament_cmake_export_dependencies-extras.cmake
[31.593s] -- Installing: /home/ruize/dev_ws/install/wave_gazebo_plugins/share/wave_gazebo_plugins/cmake/ament_cmake_export_libraries-extras.cmake
[31.593s] -- Installing: /home/ruize/dev_ws/install/wave_gazebo_plugins/share/wave_gazebo_plugins/cmake/wave_gazebo_pluginsConfig.cmake
[31.593s] -- Installing: /home/ruize/dev_ws/install/wave_gazebo_plugins/share/wave_gazebo_plugins/cmake/wave_gazebo_pluginsConfig-version.cmake
[31.593s] -- Installing: /home/ruize/dev_ws/install/wave_gazebo_plugins/share/wave_gazebo_plugins/package.xml
[31.594s] Invoked command in '/home/ruize/dev_ws/build/wave_gazebo_plugins' returned '0': CMAKE_PREFIX_PATH=${CMAKE_PREFIX_PATH}:/opt/ros/foxy /usr/bin/cmake --install /home/ruize/dev_ws/build/wave_gazebo_plugins
