[0.012s] Invoking command in '/home/ruize/dev_ws/build/usv_gazebo_plugins': CMAKE_PREFIX_PATH=${CMAKE_PREFIX_PATH}:/opt/ros/foxy /usr/bin/cmake /home/ruize/dev_ws/src/usv_gazebo_plugins -DCMAKE_INSTALL_PREFIX=/home/ruize/dev_ws/install/usv_gazebo_plugins
[0.056s] -- The C compiler identification is GNU 9.3.0
[0.098s] -- The CXX compiler identification is GNU 9.3.0
[0.102s] -- Check for working C compiler: /usr/bin/cc
[0.173s] -- Check for working C compiler: /usr/bin/cc -- works
[0.173s] -- Detecting C compiler ABI info
[0.230s] -- Detecting C compiler ABI info - done
[0.239s] -- Detecting C compile features
[0.240s] -- Detecting C compile features - done
[0.242s] -- Check for working CXX compiler: /usr/bin/c++
[0.301s] -- Check for working CXX compiler: /usr/bin/c++ -- works
[0.303s] -- Detecting CXX compiler ABI info
[0.366s] -- Detecting CXX compiler ABI info - done
[0.376s] -- Detecting CXX compile features
[0.377s] -- Detecting CXX compile features - done
[0.379s] -- Found ament_cmake: 0.9.8 (/opt/ros/foxy/share/ament_cmake/cmake)
[0.399s] -- Found PythonInterp: /usr/bin/python3 (found suitable version "3.8.5", minimum required is "3") 
[0.400s] -- Using PYTHON_EXECUTABLE: /usr/bin/python3
[0.548s] -- Found gazebo_dev: 3.5.0 (/opt/ros/foxy/share/gazebo_dev/cmake)
[0.553s] -- Found PkgConfig: /usr/bin/pkg-config (found version "0.29.1") 
[0.557s] -- Checking for module 'bullet>=2.82'
[0.569s] --   Found bullet, version 2.88
[0.656s] -- Found ccd: /usr/include (found suitable version "2.0", minimum required is "2.0") 
[0.694s] -- Found fcl: /usr/include (found suitable version "0.5.0", minimum required is "0.3.2") 
[0.732s] -- Found assimp: /usr/include (found version "5.0.0") 
[0.751s] -- Found DART: /usr/include (Required is at least version "6.6") found components: dart 
[0.995s] -- Found Boost: /usr/lib/x86_64-linux-gnu/cmake/Boost-1.71.0/BoostConfig.cmake (found suitable version "1.71.0", minimum required is "1.40.0") found components: thread system filesystem program_options regex iostreams date_time 
[1.013s] -- Found Protobuf: /usr/lib/x86_64-linux-gnu/libprotobuf.so;-lpthread (found version "3.6.1") 
[1.017s] -- Looking for ignition-math6 -- found version 6.8.0
[1.022s] -- Searching for dependencies of ignition-math6
[1.024s] -- Looking for OGRE...
[1.025s] -- OGRE_PREFIX_WATCH changed.
[1.028s] -- Checking for module 'OGRE'
[1.040s] --   Found OGRE, version 1.9.0
[1.067s] -- Found Ogre Ghadamon (1.9.0)
[1.076s] -- Found OGRE: optimized;/usr/lib/x86_64-linux-gnu/libOgreMain.so;debug;/usr/lib/x86_64-linux-gnu/libOgreMain.so
[1.085s] -- Looking for OGRE_Paging...
[1.091s] -- Found OGRE_Paging: optimized;/usr/lib/x86_64-linux-gnu/libOgrePaging.so;debug;/usr/lib/x86_64-linux-gnu/libOgrePaging.so
[1.091s] -- Looking for OGRE_Terrain...
[1.095s] -- Found OGRE_Terrain: optimized;/usr/lib/x86_64-linux-gnu/libOgreTerrain.so;debug;/usr/lib/x86_64-linux-gnu/libOgreTerrain.so
[1.095s] -- Looking for OGRE_Property...
[1.100s] -- Found OGRE_Property: optimized;/usr/lib/x86_64-linux-gnu/libOgreProperty.so;debug;/usr/lib/x86_64-linux-gnu/libOgreProperty.so
[1.100s] -- Looking for OGRE_RTShaderSystem...
[1.105s] -- Found OGRE_RTShaderSystem: optimized;/usr/lib/x86_64-linux-gnu/libOgreRTShaderSystem.so;debug;/usr/lib/x86_64-linux-gnu/libOgreRTShaderSystem.so
[1.105s] -- Looking for OGRE_Volume...
[1.109s] -- Found OGRE_Volume: optimized;/usr/lib/x86_64-linux-gnu/libOgreVolume.so;debug;/usr/lib/x86_64-linux-gnu/libOgreVolume.so
[1.109s] -- Looking for OGRE_Overlay...
[1.113s] -- Found OGRE_Overlay: optimized;/usr/lib/x86_64-linux-gnu/libOgreOverlay.so;debug;/usr/lib/x86_64-linux-gnu/libOgreOverlay.so
[1.206s] -- Looking for ignition-math6 -- found version 6.8.0
[1.208s] -- Looking for ignition-transport8 -- found version 8.2.0
[1.208s] -- Searching for dependencies of ignition-transport8
[1.223s] -- Found Protobuf: /usr/lib/x86_64-linux-gnu/libprotobuf.so;-lpthread (found suitable version "3.6.1", minimum required is "3") 
[1.233s] -- Config-file not installed for ZeroMQ -- checking for pkg-config
[1.237s] -- Checking for module 'libzmq >= 4'
[1.247s] --   Found libzmq , version 4.3.2
[1.275s] -- Found ZeroMQ: TRUE (Required is at least version "4") 
[1.278s] -- Checking for module 'uuid'
[1.289s] --   Found uuid, version 2.34.0
[1.320s] -- Found UUID: TRUE  
[1.322s] -- Looking for ignition-msgs5 -- found version 5.7.0
[1.322s] -- Searching for dependencies of ignition-msgs5
[1.339s] -- Looking for ignition-math6 -- found version 6.8.0
[1.343s] -- Checking for module 'tinyxml2'
[1.354s] --   Found tinyxml2, version 6.2.0
[1.381s] -- Looking for ignition-msgs5 -- found version 5.7.0
[1.383s] -- Looking for ignition-common3 -- found version 3.11.1
[1.384s] -- Searching for dependencies of ignition-common3
[1.384s] -- Looking for dlfcn.h - found
[1.385s] -- Looking for libdl - found
[1.386s] -- Found DL: TRUE  
[1.391s] -- Searching for <ignition-common3> component [graphics]
[1.393s] -- Looking for ignition-common3-graphics -- found version 3.11.1
[1.394s] -- Searching for dependencies of ignition-common3-graphics
[1.394s] -- Looking for ignition-math6 -- found version 6.8.0
[1.396s] -- Looking for ignition-fuel_tools4 -- found version 4.3.0
[1.397s] -- Searching for dependencies of ignition-fuel_tools4
[1.449s] -- Found CURL: /usr/lib/x86_64-linux-gnu/libcurl.so (found version "7.68.0")  
[1.455s] -- Checking for module 'jsoncpp'
[1.465s] --   Found jsoncpp, version 1.7.4
[1.490s] -- Found JSONCPP: TRUE  
[1.496s] -- Checking for module 'libzip'
[1.507s] --   Found libzip, version 1.5.1
[1.536s] -- Found ZIP: TRUE  
[1.537s] -- Looking for ignition-common3 -- found version 3.11.1
[1.537s] -- Looking for ignition-msgs5 -- found version 5.7.0
[1.539s] -- Gazebo version: 11.3
[1.540s] -- Found rclcpp: 2.3.0 (/opt/ros/foxy/share/rclcpp/cmake)
[1.570s] -- Using all available rosidl_typesupport_c: rosidl_typesupport_fastrtps_c;rosidl_typesupport_introspection_c
[1.577s] -- Found rosidl_adapter: 1.2.0 (/opt/ros/foxy/share/rosidl_adapter/cmake)
[1.638s] -- Found OpenSSL: /usr/lib/x86_64-linux-gnu/libcrypto.so (found version "1.1.1f")  
[1.661s] -- Found FastRTPS: /opt/ros/foxy/include  
[1.725s] -- Using all available rosidl_typesupport_cpp: rosidl_typesupport_fastrtps_cpp;rosidl_typesupport_introspection_cpp
[1.770s] -- Found rmw_implementation_cmake: 1.0.2 (/opt/ros/foxy/share/rmw_implementation_cmake/cmake)
[1.771s] -- Using RMW implementation 'rmw_fastrtps_cpp' as default
[1.773s] -- Found Threads: TRUE  
[1.903s] CMake Error at CMakeLists.txt:22 (find_package):
[1.904s]   By not providing "Findmessage_generation.cmake" in CMAKE_MODULE_PATH this
[1.904s]   project has asked CMake to find a package configuration file provided by
[1.904s]   "message_generation", but CMake did not find one.
[1.904s] 
[1.904s]   Could not find a package configuration file provided by
[1.904s]   "message_generation" with any of the following names:
[1.904s] 
[1.904s]     message_generationConfig.cmake
[1.904s]     message_generation-config.cmake
[1.904s] 
[1.904s]   Add the installation prefix of "message_generation" to CMAKE_PREFIX_PATH or
[1.904s]   set "message_generation_DIR" to a directory containing one of the above
[1.904s]   files.  If "message_generation" provides a separate development package or
[1.904s]   SDK, be sure it has been installed.
[1.904s] 
[1.904s] 
[1.907s] -- Configuring incomplete, errors occurred!
[1.907s] See also "/home/ruize/dev_ws/build/usv_gazebo_plugins/CMakeFiles/CMakeOutput.log".
[1.907s] See also "/home/ruize/dev_ws/build/usv_gazebo_plugins/CMakeFiles/CMakeError.log".
[1.917s] Invoked command in '/home/ruize/dev_ws/build/usv_gazebo_plugins' returned '1': CMAKE_PREFIX_PATH=${CMAKE_PREFIX_PATH}:/opt/ros/foxy /usr/bin/cmake /home/ruize/dev_ws/src/usv_gazebo_plugins -DCMAKE_INSTALL_PREFIX=/home/ruize/dev_ws/install/usv_gazebo_plugins
