-- Found ament_cmake: 0.9.8 (/opt/ros/foxy/share/ament_cmake/cmake)
-- Using PYTHON_EXECUTABLE: /usr/bin/python3
-- Found gazebo_ros: 3.5.0 (/opt/ros/foxy/share/gazebo_ros/cmake)
-- Using all available rosidl_typesupport_c: rosidl_typesupport_fastrtps_c;rosidl_typesupport_introspection_c
-- Found rosidl_adapter: 1.2.0 (/opt/ros/foxy/share/rosidl_adapter/cmake)
-- Using all available rosidl_typesupport_cpp: rosidl_typesupport_fastrtps_cpp;rosidl_typesupport_introspection_cpp
-- Found rmw_implementation_cmake: 1.0.2 (/opt/ros/foxy/share/rmw_implementation_cmake/cmake)
-- Using RMW implementation 'rmw_fastrtps_cpp' as default
-- Found DART: /usr/include (Required is at least version "6.6") found components: dart 
-- Found Protobuf: /usr/lib/x86_64-linux-gnu/libprotobuf.so;-lpthread (found version "3.6.1") 
-- Looking for ignition-math6 -- found version 6.8.0
-- Searching for dependencies of ignition-math6
-- Looking for OGRE...
-- Found Ogre Ghadamon (1.9.0)
-- Found OGRE: optimized;/usr/lib/x86_64-linux-gnu/libOgreMain.so;debug;/usr/lib/x86_64-linux-gnu/libOgreMain.so
-- Looking for OGRE_Paging...
-- Found OGRE_Paging: optimized;/usr/lib/x86_64-linux-gnu/libOgrePaging.so;debug;/usr/lib/x86_64-linux-gnu/libOgrePaging.so
-- Looking for OGRE_Terrain...
-- Found OGRE_Terrain: optimized;/usr/lib/x86_64-linux-gnu/libOgreTerrain.so;debug;/usr/lib/x86_64-linux-gnu/libOgreTerrain.so
-- Looking for OGRE_Property...
-- Found OGRE_Property: optimized;/usr/lib/x86_64-linux-gnu/libOgreProperty.so;debug;/usr/lib/x86_64-linux-gnu/libOgreProperty.so
-- Looking for OGRE_RTShaderSystem...
-- Found OGRE_RTShaderSystem: optimized;/usr/lib/x86_64-linux-gnu/libOgreRTShaderSystem.so;debug;/usr/lib/x86_64-linux-gnu/libOgreRTShaderSystem.so
-- Looking for OGRE_Volume...
-- Found OGRE_Volume: optimized;/usr/lib/x86_64-linux-gnu/libOgreVolume.so;debug;/usr/lib/x86_64-linux-gnu/libOgreVolume.so
-- Looking for OGRE_Overlay...
-- Found OGRE_Overlay: optimized;/usr/lib/x86_64-linux-gnu/libOgreOverlay.so;debug;/usr/lib/x86_64-linux-gnu/libOgreOverlay.so
-- Looking for ignition-math6 -- found version 6.8.0
-- Looking for ignition-transport8 -- found version 8.2.0
-- Searching for dependencies of ignition-transport8
-- Found Protobuf: /usr/lib/x86_64-linux-gnu/libprotobuf.so;-lpthread (found suitable version "3.6.1", minimum required is "3") 
-- Config-file not installed for ZeroMQ -- checking for pkg-config
-- Checking for module 'libzmq >= 4'
--   Found libzmq , version 4.3.2
-- Checking for module 'uuid'
--   Found uuid, version 2.34.0
-- Looking for ignition-msgs5 -- found version 5.7.0
-- Searching for dependencies of ignition-msgs5
-- Looking for ignition-math6 -- found version 6.8.0
-- Checking for module 'tinyxml2'
--   Found tinyxml2, version 6.2.0
-- Looking for ignition-msgs5 -- found version 5.7.0
-- Looking for ignition-common3 -- found version 3.11.1
-- Searching for dependencies of ignition-common3
-- Looking for dlfcn.h - found
-- Looking for libdl - found
-- Searching for <ignition-common3> component [graphics]
-- Looking for ignition-common3-graphics -- found version 3.11.1
-- Searching for dependencies of ignition-common3-graphics
-- Looking for ignition-math6 -- found version 6.8.0
-- Looking for ignition-fuel_tools4 -- found version 4.3.0
-- Searching for dependencies of ignition-fuel_tools4
-- Checking for module 'jsoncpp'
--   Found jsoncpp, version 1.7.4
-- Checking for module 'libzip'
--   Found libzip, version 1.5.1
-- Looking for ignition-common3 -- found version 3.11.1
-- Looking for ignition-msgs5 -- found version 5.7.0
-- Gazebo version: 11.3
-- Found rosidl_default_generators: 1.0.0 (/opt/ros/foxy/share/rosidl_default_generators/cmake)
-- Found xacro: 2.0.4 (/opt/ros/foxy/share/xacro/cmake)
-- Found wave_gazebo_plugins: 1.3.0 (/home/ruize/dev_ws/install/wave_gazebo_plugins/share/wave_gazebo_plugins/cmake)
-- Found usv_msgs: 0.0.0 (/home/ruize/dev_ws/install/usv_msgs/share/usv_msgs/cmake)
-- xacro: determining deps for: worlds/buoyancy_plugin_demo.world.xacro ...
-- Found ament_lint_auto: 0.9.6 (/opt/ros/foxy/share/ament_lint_auto/cmake)
-- Added test 'copyright' to check source files copyright and LICENSE
-- Added test 'cppcheck' to perform static code analysis on C / C++ code
-- Configured cppcheck include dirs: /home/ruize/dev_ws/src/usv_gazebo_plugins/include
-- Configured cppcheck exclude dirs and/or files: 
-- Added test 'cpplint' to check C / C++ code against the Google style
-- Configured cpplint exclude dirs and/or files: 
-- Added test 'flake8' to check Python code syntax and style conventions
-- Added test 'lint_cmake' to check CMake code style
-- Added test 'pep257' to check Python code against some of the style conventions in PEP 257
-- Added test 'uncrustify' to check C / C++ code style
-- Configured uncrustify additional arguments: 
-- Added test 'xmllint' to check XML markup files
-- Configuring done
-- Generating done
-- Build files have been written to: /home/ruize/dev_ws/build/usv_gazebo_plugins
[35m[1mScanning dependencies of target buoyancy_gazebo_plugin[0m
[ 40%] [32mBuilding CXX object CMakeFiles/buoyancy_gazebo_plugin.dir/src/shape_volume.cc.o[0m
[ 40%] [32mBuilding CXX object CMakeFiles/buoyancy_gazebo_plugin.dir/src/buoyancy_gazebo_plugin.cc.o[0m
[ 60%] Built target usv_gazebo_plugins__xacro_auto_generate
[ 80%] [32mBuilding CXX object CMakeFiles/buoyancy_gazebo_plugin.dir/src/polyhedron_volume.cc.o[0m
In file included from [01m[K/home/ruize/dev_ws/src/usv_gazebo_plugins/src/buoyancy_gazebo_plugin.cc:22[m[K:
[01m[K/home/ruize/dev_ws/src/usv_gazebo_plugins/include/usv_gazebo_plugins/buoyancy_gazebo_plugin.hh:33:10:[m[K [01;31m[Kfatal error: [m[Kwave_gazebo_plugins/Wavefield.hh: No such file or directory
   33 | #include [01;31m[K"wave_gazebo_plugins/Wavefield.hh"[m[K
      |          [01;31m[K^~~~~~~~~~~~~~~~~~~~~~~~~~~~~~~~~~[m[K
compilation terminated.
make[2]: *** [CMakeFiles/buoyancy_gazebo_plugin.dir/build.make:63: CMakeFiles/buoyancy_gazebo_plugin.dir/src/buoyancy_gazebo_plugin.cc.o] Error 1
make[2]: *** Waiting for unfinished jobs....
In file included from [01m[K/usr/include/c++/9/cassert:44[m[K,
                 from [01m[K/usr/include/google/protobuf/extension_set.h:42[m[K,
                 from [01m[K/usr/include/gazebo-11/gazebo/msgs/poses_stamped.pb.h:31[m[K,
                 from [01m[K/usr/include/gazebo-11/gazebo/physics/PhysicsTypes.hh:26[m[K,
                 from [01m[K/usr/include/gazebo-11/gazebo/common/Plugin.hh:41[m[K,
                 from [01m[K/usr/include/gazebo-11/gazebo/common/common.hh:36[m[K,
                 from [01m[K/home/ruize/dev_ws/src/usv_gazebo_plugins/include/usv_gazebo_plugins/polyhedron_volume.hh:22[m[K,
                 from [01m[K/home/ruize/dev_ws/src/usv_gazebo_plugins/src/polyhedron_volume.cc:18[m[K:
[01m[K/home/ruize/dev_ws/src/usv_gazebo_plugins/src/polyhedron_volume.cc:[m[K In static member function ‘[01m[Kstatic buoyancy::Polyhedron buoyancy::Polyhedron::makeCylinder(double, double, int)[m[K’:
[01m[K/home/ruize/dev_ws/src/usv_gazebo_plugins/src/polyhedron_volume.cc:121:35:[m[K [01;35m[Kwarning: [m[Kcomparison of integer expressions of different signedness: ‘[01m[Kstd::vector<ignition::math::v6::Vector3<double> >::size_type[m[K’ {aka ‘[01m[Klong unsigned int[m[K’} and ‘[01m[Kint[m[K’ [[01;35m[K-Wsign-compare[m[K]
  121 |   assert([01;35m[Kcylinder.vertices.size() == 2 * n + 2[m[K);
      |          [01;35m[K~~~~~~~~~~~~~~~~~~~~~~~~~^~~~~~~~~~~~[m[K
[01m[K/home/ruize/dev_ws/src/usv_gazebo_plugins/src/polyhedron_volume.cc:122:32:[m[K [01;35m[Kwarning: [m[Kcomparison of integer expressions of different signedness: ‘[01m[Kstd::vector<buoyancy::Polyhedron::Face>::size_type[m[K’ {aka ‘[01m[Klong unsigned int[m[K’} and ‘[01m[Kint[m[K’ [[01;35m[K-Wsign-compare[m[K]
  122 |   assert([01;35m[Kcylinder.faces.size() == 4 * n[m[K);
      |          [01;35m[K~~~~~~~~~~~~~~~~~~~~~~^~~~~~~~[m[K
[01m[K/home/ruize/dev_ws/src/usv_gazebo_plugins/src/shape_volume.cc:[m[K In member function ‘[01m[Kvirtual std::string buoyancy::ShapeVolume::Display()[m[K’:
[01m[K/home/ruize/dev_ws/src/usv_gazebo_plugins/src/shape_volume.cc:116:1:[m[K [01;35m[Kwarning: [m[Kcontrol reaches end of non-void function [[01;35m[K-Wreturn-type[m[K]
  116 | [01;35m[K}[m[K
      | [01;35m[K^[m[K
make[1]: *** [CMakeFiles/Makefile2:107: CMakeFiles/buoyancy_gazebo_plugin.dir/all] Error 2
make: *** [Makefile:141: all] Error 2
