[0.013s] Invoking command in '/home/ruize/dev_ws/build/usv_gazebo_plugins': CMAKE_PREFIX_PATH=${CMAKE_PREFIX_PATH}:/opt/ros/foxy /usr/bin/cmake /home/ruize/dev_ws/src/usv_gazebo_plugins -DCMAKE_INSTALL_PREFIX=/home/ruize/dev_ws/install/usv_gazebo_plugins
[0.025s] -- Found ament_cmake: 0.9.8 (/opt/ros/foxy/share/ament_cmake/cmake)
[0.042s] -- Using PYTHON_EXECUTABLE: /usr/bin/python3
[0.175s] -- Found gazebo_dev: 3.5.0 (/opt/ros/foxy/share/gazebo_dev/cmake)
[0.209s] -- Found DART: /usr/include (Required is at least version "6.6") found components: dart 
[0.235s] -- Found Protobuf: /usr/lib/x86_64-linux-gnu/libprotobuf.so;-lpthread (found version "3.6.1") 
[0.236s] -- Looking for ignition-math6 -- found version 6.8.0
[0.239s] -- Searching for dependencies of ignition-math6
[0.241s] -- Looking for OGRE...
[0.245s] -- Found Ogre Ghadamon (1.9.0)
[0.245s] -- Found OGRE: optimized;/usr/lib/x86_64-linux-gnu/libOgreMain.so;debug;/usr/lib/x86_64-linux-gnu/libOgreMain.so
[0.254s] -- Looking for OGRE_Paging...
[0.254s] -- Found OGRE_Paging: optimized;/usr/lib/x86_64-linux-gnu/libOgrePaging.so;debug;/usr/lib/x86_64-linux-gnu/libOgrePaging.so
[0.254s] -- Looking for OGRE_Terrain...
[0.254s] -- Found OGRE_Terrain: optimized;/usr/lib/x86_64-linux-gnu/libOgreTerrain.so;debug;/usr/lib/x86_64-linux-gnu/libOgreTerrain.so
[0.254s] -- Looking for OGRE_Property...
[0.254s] -- Found OGRE_Property: optimized;/usr/lib/x86_64-linux-gnu/libOgreProperty.so;debug;/usr/lib/x86_64-linux-gnu/libOgreProperty.so
[0.254s] -- Looking for OGRE_RTShaderSystem...
[0.254s] -- Found OGRE_RTShaderSystem: optimized;/usr/lib/x86_64-linux-gnu/libOgreRTShaderSystem.so;debug;/usr/lib/x86_64-linux-gnu/libOgreRTShaderSystem.so
[0.254s] -- Looking for OGRE_Volume...
[0.254s] -- Found OGRE_Volume: optimized;/usr/lib/x86_64-linux-gnu/libOgreVolume.so;debug;/usr/lib/x86_64-linux-gnu/libOgreVolume.so
[0.254s] -- Looking for OGRE_Overlay...
[0.254s] -- Found OGRE_Overlay: optimized;/usr/lib/x86_64-linux-gnu/libOgreOverlay.so;debug;/usr/lib/x86_64-linux-gnu/libOgreOverlay.so
[0.355s] -- Looking for ignition-math6 -- found version 6.8.0
[0.355s] -- Looking for ignition-transport8 -- found version 8.2.0
[0.355s] -- Searching for dependencies of ignition-transport8
[0.370s] -- Found Protobuf: /usr/lib/x86_64-linux-gnu/libprotobuf.so;-lpthread (found suitable version "3.6.1", minimum required is "3") 
[0.379s] -- Config-file not installed for ZeroMQ -- checking for pkg-config
[0.383s] -- Checking for module 'libzmq >= 4'
[0.393s] --   Found libzmq , version 4.3.2
[0.424s] -- Checking for module 'uuid'
[0.436s] --   Found uuid, version 2.34.0
[0.460s] -- Looking for ignition-msgs5 -- found version 5.7.0
[0.462s] -- Searching for dependencies of ignition-msgs5
[0.478s] -- Looking for ignition-math6 -- found version 6.8.0
[0.482s] -- Checking for module 'tinyxml2'
[0.492s] --   Found tinyxml2, version 6.2.0
[0.522s] -- Looking for ignition-msgs5 -- found version 5.7.0
[0.523s] -- Looking for ignition-common3 -- found version 3.11.1
[0.524s] -- Searching for dependencies of ignition-common3
[0.525s] -- Looking for dlfcn.h - found
[0.525s] -- Looking for libdl - found
[0.534s] -- Searching for <ignition-common3> component [graphics]
[0.535s] -- Looking for ignition-common3-graphics -- found version 3.11.1
[0.536s] -- Searching for dependencies of ignition-common3-graphics
[0.537s] -- Looking for ignition-math6 -- found version 6.8.0
[0.538s] -- Looking for ignition-fuel_tools4 -- found version 4.3.0
[0.539s] -- Searching for dependencies of ignition-fuel_tools4
[0.560s] -- Checking for module 'jsoncpp'
[0.571s] --   Found jsoncpp, version 1.7.4
[0.604s] -- Checking for module 'libzip'
[0.617s] --   Found libzip, version 1.5.1
[0.652s] -- Looking for ignition-common3 -- found version 3.11.1
[0.653s] -- Looking for ignition-msgs5 -- found version 5.7.0
[0.655s] -- Gazebo version: 11.3
[0.656s] -- Found rclcpp: 2.3.0 (/opt/ros/foxy/share/rclcpp/cmake)
[0.680s] -- Using all available rosidl_typesupport_c: rosidl_typesupport_fastrtps_c;rosidl_typesupport_introspection_c
[0.683s] -- Found rosidl_adapter: 1.2.0 (/opt/ros/foxy/share/rosidl_adapter/cmake)
[0.790s] -- Using all available rosidl_typesupport_cpp: rosidl_typesupport_fastrtps_cpp;rosidl_typesupport_introspection_cpp
[0.828s] -- Found rmw_implementation_cmake: 1.0.2 (/opt/ros/foxy/share/rmw_implementation_cmake/cmake)
[0.829s] -- Using RMW implementation 'rmw_fastrtps_cpp' as default
[0.944s] -- Found rosidl_default_generators: 1.0.0 (/opt/ros/foxy/share/rosidl_default_generators/cmake)
[0.957s] -- Found xacro: 2.0.4 (/opt/ros/foxy/share/xacro/cmake)
[0.968s] CMake Error at CMakeLists.txt:24 (find_package):
[0.968s]   By not providing "Findwave_gazebo_plugins.cmake" in CMAKE_MODULE_PATH this
[0.968s]   project has asked CMake to find a package configuration file provided by
[0.968s]   "wave_gazebo_plugins", but CMake did not find one.
[0.968s] 
[0.968s]   Could not find a package configuration file provided by
[0.968s]   "wave_gazebo_plugins" with any of the following names:
[0.968s] 
[0.969s]     wave_gazebo_pluginsConfig.cmake
[0.969s]     wave_gazebo_plugins-config.cmake
[0.969s] 
[0.969s]   Add the installation prefix of "wave_gazebo_plugins" to CMAKE_PREFIX_PATH
[0.969s]   or set "wave_gazebo_plugins_DIR" to a directory containing one of the above
[0.969s]   files.  If "wave_gazebo_plugins" provides a separate development package or
[0.969s]   SDK, be sure it has been installed.
[0.969s] 
[0.969s] 
[0.969s] -- Configuring incomplete, errors occurred!
[0.969s] See also "/home/ruize/dev_ws/build/usv_gazebo_plugins/CMakeFiles/CMakeOutput.log".
[0.969s] See also "/home/ruize/dev_ws/build/usv_gazebo_plugins/CMakeFiles/CMakeError.log".
[0.976s] Invoked command in '/home/ruize/dev_ws/build/usv_gazebo_plugins' returned '1': CMAKE_PREFIX_PATH=${CMAKE_PREFIX_PATH}:/opt/ros/foxy /usr/bin/cmake /home/ruize/dev_ws/src/usv_gazebo_plugins -DCMAKE_INSTALL_PREFIX=/home/ruize/dev_ws/install/usv_gazebo_plugins
