[ 14%] Built target usv_gazebo_plugins__xacro_auto_generate
[ 42%] Built target usv_gazebo_dynamics_plugin
[100%] Built target buoyancy_gazebo_plugin
-- Install configuration: ""
-- Up-to-date: /home/ruize/dev_ws/install/usv_gazebo_plugins/share/usv_gazebo_plugins/environment/library_path.sh
-- Up-to-date: /home/ruize/dev_ws/install/usv_gazebo_plugins/share/usv_gazebo_plugins/environment/library_path.dsv
-- Up-to-date: /home/ruize/dev_ws/install/usv_gazebo_plugins/lib/libbuoyancy_gazebo_plugin.so
-- Up-to-date: /home/ruize/dev_ws/install/usv_gazebo_plugins/lib/libusv_gazebo_dynamics_plugin.so
-- Up-to-date: /home/ruize/dev_ws/install/usv_gazebo_plugins/share/usv_gazebo_plugins/worlds/buoyancy_plugin_demo.world
-- Up-to-date: /home/ruize/dev_ws/install/usv_gazebo_plugins/share/usv_gazebo_plugins/worlds
-- Up-to-date: /home/ruize/dev_ws/install/usv_gazebo_plugins/share/usv_gazebo_plugins/worlds/buoyancy_plugin_demo.world.xacro
-- Up-to-date: /home/ruize/dev_ws/install/usv_gazebo_plugins/share/usv_gazebo_plugins/launch
-- Up-to-date: /home/ruize/dev_ws/install/usv_gazebo_plugins/share/usv_gazebo_plugins/launch/buoyancy_plugin_demo.launch.py
-- Up-to-date: /home/ruize/dev_ws/install/usv_gazebo_plugins/include/usv_gazebo_plugins
-- Up-to-date: /home/ruize/dev_ws/install/usv_gazebo_plugins/include/usv_gazebo_plugins/buoyancy_gazebo_plugin.hh
-- Up-to-date: /home/ruize/dev_ws/install/usv_gazebo_plugins/include/usv_gazebo_plugins/WavefieldEntity.hh
-- Up-to-date: /home/ruize/dev_ws/install/usv_gazebo_plugins/include/usv_gazebo_plugins/usv_gazebo_dynamics_plugin.hh
-- Up-to-date: /home/ruize/dev_ws/install/usv_gazebo_plugins/include/usv_gazebo_plugins/WavefieldModelPlugin.hh
-- Up-to-date: /home/ruize/dev_ws/install/usv_gazebo_plugins/include/usv_gazebo_plugins/Wavefield.hh
-- Up-to-date: /home/ruize/dev_ws/install/usv_gazebo_plugins/include/usv_gazebo_plugins/shape_volume.hh
-- Up-to-date: /home/ruize/dev_ws/install/usv_gazebo_plugins/include/usv_gazebo_plugins/polyhedron_volume.hh
-- Up-to-date: /home/ruize/dev_ws/install/usv_gazebo_plugins/include
-- Up-to-date: /home/ruize/dev_ws/install/usv_gazebo_plugins/include/usv_gazebo_plugins
-- Up-to-date: /home/ruize/dev_ws/install/usv_gazebo_plugins/include/usv_gazebo_plugins
-- Up-to-date: /home/ruize/dev_ws/install/usv_gazebo_plugins/include/usv_gazebo_plugins/ament_cpplint
-- Up-to-date: /home/ruize/dev_ws/install/usv_gazebo_plugins/include/usv_gazebo_plugins/ament_cmake_export_dependencies
-- Up-to-date: /home/ruize/dev_ws/install/usv_gazebo_plugins/include/usv_gazebo_plugins/ament_xmllint
-- Up-to-date: /home/ruize/dev_ws/install/usv_gazebo_plugins/include/usv_gazebo_plugins/ament_pep257
-- Up-to-date: /home/ruize/dev_ws/install/usv_gazebo_plugins/include/usv_gazebo_plugins/ament_cmake_environment_hooks
-- Up-to-date: /home/ruize/dev_ws/install/usv_gazebo_plugins/include/usv_gazebo_plugins/ament_flake8
-- Up-to-date: /home/ruize/dev_ws/install/usv_gazebo_plugins/include/usv_gazebo_plugins/ament_cmake_uninstall_target
-- Up-to-date: /home/ruize/dev_ws/install/usv_gazebo_plugins/include/usv_gazebo_plugins/ament_cmake_core
-- Up-to-date: /home/ruize/dev_ws/install/usv_gazebo_plugins/include/usv_gazebo_plugins/ament_cmake_core/stamps
-- Up-to-date: /home/ruize/dev_ws/install/usv_gazebo_plugins/include/usv_gazebo_plugins/ament_cppcheck
-- Up-to-date: /home/ruize/dev_ws/install/usv_gazebo_plugins/include/usv_gazebo_plugins/ament_uncrustify
-- Up-to-date: /home/ruize/dev_ws/install/usv_gazebo_plugins/include/usv_gazebo_plugins/ament_cmake_package_templates
-- Up-to-date: /home/ruize/dev_ws/install/usv_gazebo_plugins/include/usv_gazebo_plugins/worlds
-- Up-to-date: /home/ruize/dev_ws/install/usv_gazebo_plugins/include/usv_gazebo_plugins/CMakeFiles
-- Up-to-date: /home/ruize/dev_ws/install/usv_gazebo_plugins/include/usv_gazebo_plugins/CMakeFiles/usv_gazebo_thrust_plugin.dir
-- Up-to-date: /home/ruize/dev_ws/install/usv_gazebo_plugins/include/usv_gazebo_plugins/CMakeFiles/usv_gazebo_thrust_plugin.dir/src
-- Up-to-date: /home/ruize/dev_ws/install/usv_gazebo_plugins/include/usv_gazebo_plugins/CMakeFiles/uninstall.dir
-- Up-to-date: /home/ruize/dev_ws/install/usv_gazebo_plugins/include/usv_gazebo_plugins/CMakeFiles/3.16.3
-- Up-to-date: /home/ruize/dev_ws/install/usv_gazebo_plugins/include/usv_gazebo_plugins/CMakeFiles/3.16.3/CompilerIdCXX
-- Up-to-date: /home/ruize/dev_ws/install/usv_gazebo_plugins/include/usv_gazebo_plugins/CMakeFiles/3.16.3/CompilerIdCXX/tmp
-- Up-to-date: /home/ruize/dev_ws/install/usv_gazebo_plugins/include/usv_gazebo_plugins/CMakeFiles/3.16.3/CompilerIdC
-- Up-to-date: /home/ruize/dev_ws/install/usv_gazebo_plugins/include/usv_gazebo_plugins/CMakeFiles/3.16.3/CompilerIdC/tmp
-- Up-to-date: /home/ruize/dev_ws/install/usv_gazebo_plugins/include/usv_gazebo_plugins/CMakeFiles/usv_gazebo_wind_plugin.dir
-- Up-to-date: /home/ruize/dev_ws/install/usv_gazebo_plugins/include/usv_gazebo_plugins/CMakeFiles/usv_gazebo_wind_plugin.dir/src
-- Up-to-date: /home/ruize/dev_ws/install/usv_gazebo_plugins/include/usv_gazebo_plugins/CMakeFiles/usv_gazebo_plugins__xacro_auto_generate.dir
-- Up-to-date: /home/ruize/dev_ws/install/usv_gazebo_plugins/include/usv_gazebo_plugins/CMakeFiles/usv_gazebo_dynamics_plugin.dir
-- Up-to-date: /home/ruize/dev_ws/install/usv_gazebo_plugins/include/usv_gazebo_plugins/CMakeFiles/usv_gazebo_dynamics_plugin.dir/src
-- Up-to-date: /home/ruize/dev_ws/install/usv_gazebo_plugins/include/usv_gazebo_plugins/CMakeFiles/buoyancy_gazebo_plugin.dir
-- Up-to-date: /home/ruize/dev_ws/install/usv_gazebo_plugins/include/usv_gazebo_plugins/CMakeFiles/buoyancy_gazebo_plugin.dir/src
-- Up-to-date: /home/ruize/dev_ws/install/usv_gazebo_plugins/include/usv_gazebo_plugins/CMakeFiles/CMakeTmp
-- Up-to-date: /home/ruize/dev_ws/install/usv_gazebo_plugins/include/usv_gazebo_plugins/CMakeFiles/usv_gazebo_plugins_uninstall.dir
-- Up-to-date: /home/ruize/dev_ws/install/usv_gazebo_plugins/include/usv_gazebo_plugins/CMakeFiles/usv_gazebo_acoustic_pinger_plugin.dir
-- Up-to-date: /home/ruize/dev_ws/install/usv_gazebo_plugins/include/usv_gazebo_plugins/CMakeFiles/usv_gazebo_acoustic_pinger_plugin.dir/src
-- Up-to-date: /home/ruize/dev_ws/install/usv_gazebo_plugins/include/usv_gazebo_plugins/ament_lint_cmake
-- Up-to-date: /home/ruize/dev_ws/install/usv_gazebo_plugins/include/usv_gazebo_plugins/ament_cmake_export_include_directories
-- Up-to-date: /home/ruize/dev_ws/install/usv_gazebo_plugins/include/usv_gazebo_plugins/ament_copyright
-- Up-to-date: /home/ruize/dev_ws/install/usv_gazebo_plugins/include/usv_gazebo_plugins/ament_cmake_index
-- Up-to-date: /home/ruize/dev_ws/install/usv_gazebo_plugins/include/usv_gazebo_plugins/ament_cmake_index/share
-- Up-to-date: /home/ruize/dev_ws/install/usv_gazebo_plugins/include/usv_gazebo_plugins/ament_cmake_index/share/ament_index
-- Up-to-date: /home/ruize/dev_ws/install/usv_gazebo_plugins/include/usv_gazebo_plugins/ament_cmake_index/share/ament_index/resource_index
-- Up-to-date: /home/ruize/dev_ws/install/usv_gazebo_plugins/include/usv_gazebo_plugins/ament_cmake_index/share/ament_index/resource_index/packages
-- Up-to-date: /home/ruize/dev_ws/install/usv_gazebo_plugins/include/usv_gazebo_plugins/ament_cmake_index/share/ament_index/resource_index/parent_prefix_path
-- Up-to-date: /home/ruize/dev_ws/install/usv_gazebo_plugins/include/usv_gazebo_plugins/ament_cmake_index/share/ament_index/resource_index/package_run_dependencies
-- Up-to-date: /home/ruize/dev_ws/install/usv_gazebo_plugins/include/usv_gazebo_plugins/ament_cmake_export_libraries
-- Up-to-date: /home/ruize/dev_ws/install/usv_gazebo_plugins/share/ament_index/resource_index/package_run_dependencies/usv_gazebo_plugins
-- Up-to-date: /home/ruize/dev_ws/install/usv_gazebo_plugins/share/ament_index/resource_index/parent_prefix_path/usv_gazebo_plugins
-- Up-to-date: /home/ruize/dev_ws/install/usv_gazebo_plugins/share/usv_gazebo_plugins/environment/ament_prefix_path.sh
-- Up-to-date: /home/ruize/dev_ws/install/usv_gazebo_plugins/share/usv_gazebo_plugins/environment/ament_prefix_path.dsv
-- Up-to-date: /home/ruize/dev_ws/install/usv_gazebo_plugins/share/usv_gazebo_plugins/environment/path.sh
-- Up-to-date: /home/ruize/dev_ws/install/usv_gazebo_plugins/share/usv_gazebo_plugins/environment/path.dsv
-- Up-to-date: /home/ruize/dev_ws/install/usv_gazebo_plugins/share/usv_gazebo_plugins/local_setup.bash
-- Up-to-date: /home/ruize/dev_ws/install/usv_gazebo_plugins/share/usv_gazebo_plugins/local_setup.sh
-- Up-to-date: /home/ruize/dev_ws/install/usv_gazebo_plugins/share/usv_gazebo_plugins/local_setup.zsh
-- Up-to-date: /home/ruize/dev_ws/install/usv_gazebo_plugins/share/usv_gazebo_plugins/local_setup.dsv
-- Installing: /home/ruize/dev_ws/install/usv_gazebo_plugins/share/usv_gazebo_plugins/package.dsv
-- Up-to-date: /home/ruize/dev_ws/install/usv_gazebo_plugins/share/ament_index/resource_index/packages/usv_gazebo_plugins
-- Up-to-date: /home/ruize/dev_ws/install/usv_gazebo_plugins/share/usv_gazebo_plugins/cmake/ament_cmake_export_include_directories-extras.cmake
-- Up-to-date: /home/ruize/dev_ws/install/usv_gazebo_plugins/share/usv_gazebo_plugins/cmake/ament_cmake_export_dependencies-extras.cmake
-- Up-to-date: /home/ruize/dev_ws/install/usv_gazebo_plugins/share/usv_gazebo_plugins/cmake/ament_cmake_export_libraries-extras.cmake
-- Up-to-date: /home/ruize/dev_ws/install/usv_gazebo_plugins/share/usv_gazebo_plugins/cmake/usv_gazebo_pluginsConfig.cmake
-- Up-to-date: /home/ruize/dev_ws/install/usv_gazebo_plugins/share/usv_gazebo_plugins/cmake/usv_gazebo_pluginsConfig-version.cmake
-- Up-to-date: /home/ruize/dev_ws/install/usv_gazebo_plugins/share/usv_gazebo_plugins/package.xml
