[0.016s] Invoking command in '/home/ruize/dev_ws/build/usv_gazebo_plugins': CMAKE_PREFIX_PATH=/home/ruize/dev_ws/install/wave_gazebo_plugins:/home/ruize/dev_ws/install/usv_msgs:/home/ruize/dev_ws/install/usv_gazebo_plugins:/home/ruize/px4_ros_com_ros2/install/px4_ros_com:/home/ruize/px4_ros_com_ros2/install/px4_msgs:/opt/ros/foxy LD_LIBRARY_PATH=/home/ruize/dev_ws/install/wave_gazebo_plugins/lib:/home/ruize/dev_ws/install/usv_msgs/lib:/home/ruize/dev_ws/install/usv_gazebo_plugins/lib:/home/ruize/px4_ros_com_ros2/install/px4_ros_com/lib:/home/ruize/px4_ros_com_ros2/install/px4_msgs/lib:/usr/lib/x86_64-linux-gnu/gazebo-11/plugins:/opt/ros/foxy/opt/yaml_cpp_vendor/lib:/opt/ros/foxy/opt/rviz_ogre_vendor/lib:/opt/ros/foxy/lib/x86_64-linux-gnu:/opt/ros/foxy/lib /usr/bin/cmake --build /home/ruize/dev_ws/build/usv_gazebo_plugins -- -j4 -l4
[0.063s] [ 14%] Built target usv_gazebo_plugins__xacro_auto_generate
[0.077s] [ 42%] Built target usv_gazebo_dynamics_plugin
[0.078s] [100%] Built target buoyancy_gazebo_plugin
[0.085s] Invoked command in '/home/ruize/dev_ws/build/usv_gazebo_plugins' returned '0': CMAKE_PREFIX_PATH=/home/ruize/dev_ws/install/wave_gazebo_plugins:/home/ruize/dev_ws/install/usv_msgs:/home/ruize/dev_ws/install/usv_gazebo_plugins:/home/ruize/px4_ros_com_ros2/install/px4_ros_com:/home/ruize/px4_ros_com_ros2/install/px4_msgs:/opt/ros/foxy LD_LIBRARY_PATH=/home/ruize/dev_ws/install/wave_gazebo_plugins/lib:/home/ruize/dev_ws/install/usv_msgs/lib:/home/ruize/dev_ws/install/usv_gazebo_plugins/lib:/home/ruize/px4_ros_com_ros2/install/px4_ros_com/lib:/home/ruize/px4_ros_com_ros2/install/px4_msgs/lib:/usr/lib/x86_64-linux-gnu/gazebo-11/plugins:/opt/ros/foxy/opt/yaml_cpp_vendor/lib:/opt/ros/foxy/opt/rviz_ogre_vendor/lib:/opt/ros/foxy/lib/x86_64-linux-gnu:/opt/ros/foxy/lib /usr/bin/cmake --build /home/ruize/dev_ws/build/usv_gazebo_plugins -- -j4 -l4
[0.129s] Invoking command in '/home/ruize/dev_ws/build/usv_gazebo_plugins': CMAKE_PREFIX_PATH=/home/ruize/dev_ws/install/wave_gazebo_plugins:/home/ruize/dev_ws/install/usv_msgs:/home/ruize/dev_ws/install/usv_gazebo_plugins:/home/ruize/px4_ros_com_ros2/install/px4_ros_com:/home/ruize/px4_ros_com_ros2/install/px4_msgs:/opt/ros/foxy LD_LIBRARY_PATH=/home/ruize/dev_ws/install/wave_gazebo_plugins/lib:/home/ruize/dev_ws/install/usv_msgs/lib:/home/ruize/dev_ws/install/usv_gazebo_plugins/lib:/home/ruize/px4_ros_com_ros2/install/px4_ros_com/lib:/home/ruize/px4_ros_com_ros2/install/px4_msgs/lib:/usr/lib/x86_64-linux-gnu/gazebo-11/plugins:/opt/ros/foxy/opt/yaml_cpp_vendor/lib:/opt/ros/foxy/opt/rviz_ogre_vendor/lib:/opt/ros/foxy/lib/x86_64-linux-gnu:/opt/ros/foxy/lib /usr/bin/cmake --install /home/ruize/dev_ws/build/usv_gazebo_plugins
[0.136s] -- Install configuration: ""
[0.137s] -- Up-to-date: /home/ruize/dev_ws/install/usv_gazebo_plugins/share/usv_gazebo_plugins/environment/library_path.sh
[0.137s] -- Up-to-date: /home/ruize/dev_ws/install/usv_gazebo_plugins/share/usv_gazebo_plugins/environment/library_path.dsv
[0.137s] -- Up-to-date: /home/ruize/dev_ws/install/usv_gazebo_plugins/lib/libbuoyancy_gazebo_plugin.so
[0.138s] -- Up-to-date: /home/ruize/dev_ws/install/usv_gazebo_plugins/lib/libusv_gazebo_dynamics_plugin.so
[0.138s] -- Up-to-date: /home/ruize/dev_ws/install/usv_gazebo_plugins/share/usv_gazebo_plugins/worlds/buoyancy_plugin_demo.world
[0.138s] -- Up-to-date: /home/ruize/dev_ws/install/usv_gazebo_plugins/share/usv_gazebo_plugins/worlds
[0.138s] -- Up-to-date: /home/ruize/dev_ws/install/usv_gazebo_plugins/share/usv_gazebo_plugins/worlds/buoyancy_plugin_demo.world.xacro
[0.138s] -- Up-to-date: /home/ruize/dev_ws/install/usv_gazebo_plugins/share/usv_gazebo_plugins/launch
[0.138s] -- Up-to-date: /home/ruize/dev_ws/install/usv_gazebo_plugins/share/usv_gazebo_plugins/launch/buoyancy_plugin_demo.launch.py
[0.138s] -- Up-to-date: /home/ruize/dev_ws/install/usv_gazebo_plugins/include/usv_gazebo_plugins
[0.138s] -- Up-to-date: /home/ruize/dev_ws/install/usv_gazebo_plugins/include/usv_gazebo_plugins/buoyancy_gazebo_plugin.hh
[0.138s] -- Up-to-date: /home/ruize/dev_ws/install/usv_gazebo_plugins/include/usv_gazebo_plugins/WavefieldEntity.hh
[0.138s] -- Up-to-date: /home/ruize/dev_ws/install/usv_gazebo_plugins/include/usv_gazebo_plugins/usv_gazebo_dynamics_plugin.hh
[0.138s] -- Up-to-date: /home/ruize/dev_ws/install/usv_gazebo_plugins/include/usv_gazebo_plugins/WavefieldModelPlugin.hh
[0.138s] -- Up-to-date: /home/ruize/dev_ws/install/usv_gazebo_plugins/include/usv_gazebo_plugins/Wavefield.hh
[0.139s] -- Up-to-date: /home/ruize/dev_ws/install/usv_gazebo_plugins/include/usv_gazebo_plugins/shape_volume.hh
[0.139s] -- Up-to-date: /home/ruize/dev_ws/install/usv_gazebo_plugins/include/usv_gazebo_plugins/polyhedron_volume.hh
[0.139s] -- Up-to-date: /home/ruize/dev_ws/install/usv_gazebo_plugins/include
[0.140s] -- Up-to-date: /home/ruize/dev_ws/install/usv_gazebo_plugins/include/usv_gazebo_plugins
[0.140s] -- Up-to-date: /home/ruize/dev_ws/install/usv_gazebo_plugins/include/usv_gazebo_plugins
[0.140s] -- Up-to-date: /home/ruize/dev_ws/install/usv_gazebo_plugins/include/usv_gazebo_plugins/ament_cpplint
[0.140s] -- Up-to-date: /home/ruize/dev_ws/install/usv_gazebo_plugins/include/usv_gazebo_plugins/ament_cmake_export_dependencies
[0.140s] -- Up-to-date: /home/ruize/dev_ws/install/usv_gazebo_plugins/include/usv_gazebo_plugins/ament_xmllint
[0.140s] -- Up-to-date: /home/ruize/dev_ws/install/usv_gazebo_plugins/include/usv_gazebo_plugins/ament_pep257
[0.141s] -- Up-to-date: /home/ruize/dev_ws/install/usv_gazebo_plugins/include/usv_gazebo_plugins/ament_cmake_environment_hooks
[0.141s] -- Up-to-date: /home/ruize/dev_ws/install/usv_gazebo_plugins/include/usv_gazebo_plugins/ament_flake8
[0.141s] -- Up-to-date: /home/ruize/dev_ws/install/usv_gazebo_plugins/include/usv_gazebo_plugins/ament_cmake_uninstall_target
[0.141s] -- Up-to-date: /home/ruize/dev_ws/install/usv_gazebo_plugins/include/usv_gazebo_plugins/ament_cmake_core
[0.141s] -- Up-to-date: /home/ruize/dev_ws/install/usv_gazebo_plugins/include/usv_gazebo_plugins/ament_cmake_core/stamps
[0.141s] -- Up-to-date: /home/ruize/dev_ws/install/usv_gazebo_plugins/include/usv_gazebo_plugins/ament_cppcheck
[0.141s] -- Up-to-date: /home/ruize/dev_ws/install/usv_gazebo_plugins/include/usv_gazebo_plugins/ament_uncrustify
[0.141s] -- Up-to-date: /home/ruize/dev_ws/install/usv_gazebo_plugins/include/usv_gazebo_plugins/ament_cmake_package_templates
[0.141s] -- Up-to-date: /home/ruize/dev_ws/install/usv_gazebo_plugins/include/usv_gazebo_plugins/worlds
[0.141s] -- Up-to-date: /home/ruize/dev_ws/install/usv_gazebo_plugins/include/usv_gazebo_plugins/CMakeFiles
[0.141s] -- Up-to-date: /home/ruize/dev_ws/install/usv_gazebo_plugins/include/usv_gazebo_plugins/CMakeFiles/usv_gazebo_thrust_plugin.dir
[0.141s] -- Up-to-date: /home/ruize/dev_ws/install/usv_gazebo_plugins/include/usv_gazebo_plugins/CMakeFiles/usv_gazebo_thrust_plugin.dir/src
[0.142s] -- Up-to-date: /home/ruize/dev_ws/install/usv_gazebo_plugins/include/usv_gazebo_plugins/CMakeFiles/uninstall.dir
[0.142s] -- Up-to-date: /home/ruize/dev_ws/install/usv_gazebo_plugins/include/usv_gazebo_plugins/CMakeFiles/3.16.3
[0.142s] -- Up-to-date: /home/ruize/dev_ws/install/usv_gazebo_plugins/include/usv_gazebo_plugins/CMakeFiles/3.16.3/CompilerIdCXX
[0.142s] -- Up-to-date: /home/ruize/dev_ws/install/usv_gazebo_plugins/include/usv_gazebo_plugins/CMakeFiles/3.16.3/CompilerIdCXX/tmp
[0.142s] -- Up-to-date: /home/ruize/dev_ws/install/usv_gazebo_plugins/include/usv_gazebo_plugins/CMakeFiles/3.16.3/CompilerIdC
[0.142s] -- Up-to-date: /home/ruize/dev_ws/install/usv_gazebo_plugins/include/usv_gazebo_plugins/CMakeFiles/3.16.3/CompilerIdC/tmp
[0.142s] -- Up-to-date: /home/ruize/dev_ws/install/usv_gazebo_plugins/include/usv_gazebo_plugins/CMakeFiles/usv_gazebo_wind_plugin.dir
[0.142s] -- Up-to-date: /home/ruize/dev_ws/install/usv_gazebo_plugins/include/usv_gazebo_plugins/CMakeFiles/usv_gazebo_wind_plugin.dir/src
[0.142s] -- Up-to-date: /home/ruize/dev_ws/install/usv_gazebo_plugins/include/usv_gazebo_plugins/CMakeFiles/usv_gazebo_plugins__xacro_auto_generate.dir
[0.142s] -- Up-to-date: /home/ruize/dev_ws/install/usv_gazebo_plugins/include/usv_gazebo_plugins/CMakeFiles/usv_gazebo_dynamics_plugin.dir
[0.142s] -- Up-to-date: /home/ruize/dev_ws/install/usv_gazebo_plugins/include/usv_gazebo_plugins/CMakeFiles/usv_gazebo_dynamics_plugin.dir/src
[0.143s] -- Up-to-date: /home/ruize/dev_ws/install/usv_gazebo_plugins/include/usv_gazebo_plugins/CMakeFiles/buoyancy_gazebo_plugin.dir
[0.143s] -- Up-to-date: /home/ruize/dev_ws/install/usv_gazebo_plugins/include/usv_gazebo_plugins/CMakeFiles/buoyancy_gazebo_plugin.dir/src
[0.143s] -- Up-to-date: /home/ruize/dev_ws/install/usv_gazebo_plugins/include/usv_gazebo_plugins/CMakeFiles/CMakeTmp
[0.143s] -- Up-to-date: /home/ruize/dev_ws/install/usv_gazebo_plugins/include/usv_gazebo_plugins/CMakeFiles/usv_gazebo_plugins_uninstall.dir
[0.143s] -- Up-to-date: /home/ruize/dev_ws/install/usv_gazebo_plugins/include/usv_gazebo_plugins/CMakeFiles/usv_gazebo_acoustic_pinger_plugin.dir
[0.143s] -- Up-to-date: /home/ruize/dev_ws/install/usv_gazebo_plugins/include/usv_gazebo_plugins/CMakeFiles/usv_gazebo_acoustic_pinger_plugin.dir/src
[0.143s] -- Up-to-date: /home/ruize/dev_ws/install/usv_gazebo_plugins/include/usv_gazebo_plugins/ament_lint_cmake
[0.143s] -- Up-to-date: /home/ruize/dev_ws/install/usv_gazebo_plugins/include/usv_gazebo_plugins/ament_cmake_export_include_directories
[0.143s] -- Up-to-date: /home/ruize/dev_ws/install/usv_gazebo_plugins/include/usv_gazebo_plugins/ament_copyright
[0.144s] -- Up-to-date: /home/ruize/dev_ws/install/usv_gazebo_plugins/include/usv_gazebo_plugins/ament_cmake_index
[0.144s] -- Up-to-date: /home/ruize/dev_ws/install/usv_gazebo_plugins/include/usv_gazebo_plugins/ament_cmake_index/share
[0.144s] -- Up-to-date: /home/ruize/dev_ws/install/usv_gazebo_plugins/include/usv_gazebo_plugins/ament_cmake_index/share/ament_index
[0.144s] -- Up-to-date: /home/ruize/dev_ws/install/usv_gazebo_plugins/include/usv_gazebo_plugins/ament_cmake_index/share/ament_index/resource_index
[0.144s] -- Up-to-date: /home/ruize/dev_ws/install/usv_gazebo_plugins/include/usv_gazebo_plugins/ament_cmake_index/share/ament_index/resource_index/packages
[0.144s] -- Up-to-date: /home/ruize/dev_ws/install/usv_gazebo_plugins/include/usv_gazebo_plugins/ament_cmake_index/share/ament_index/resource_index/parent_prefix_path
[0.144s] -- Up-to-date: /home/ruize/dev_ws/install/usv_gazebo_plugins/include/usv_gazebo_plugins/ament_cmake_index/share/ament_index/resource_index/package_run_dependencies
[0.145s] -- Up-to-date: /home/ruize/dev_ws/install/usv_gazebo_plugins/include/usv_gazebo_plugins/ament_cmake_export_libraries
[0.145s] -- Up-to-date: /home/ruize/dev_ws/install/usv_gazebo_plugins/share/ament_index/resource_index/package_run_dependencies/usv_gazebo_plugins
[0.145s] -- Up-to-date: /home/ruize/dev_ws/install/usv_gazebo_plugins/share/ament_index/resource_index/parent_prefix_path/usv_gazebo_plugins
[0.145s] -- Up-to-date: /home/ruize/dev_ws/install/usv_gazebo_plugins/share/usv_gazebo_plugins/environment/ament_prefix_path.sh
[0.145s] -- Up-to-date: /home/ruize/dev_ws/install/usv_gazebo_plugins/share/usv_gazebo_plugins/environment/ament_prefix_path.dsv
[0.145s] -- Up-to-date: /home/ruize/dev_ws/install/usv_gazebo_plugins/share/usv_gazebo_plugins/environment/path.sh
[0.145s] -- Up-to-date: /home/ruize/dev_ws/install/usv_gazebo_plugins/share/usv_gazebo_plugins/environment/path.dsv
[0.145s] -- Up-to-date: /home/ruize/dev_ws/install/usv_gazebo_plugins/share/usv_gazebo_plugins/local_setup.bash
[0.145s] -- Up-to-date: /home/ruize/dev_ws/install/usv_gazebo_plugins/share/usv_gazebo_plugins/local_setup.sh
[0.145s] -- Up-to-date: /home/ruize/dev_ws/install/usv_gazebo_plugins/share/usv_gazebo_plugins/local_setup.zsh
[0.145s] -- Up-to-date: /home/ruize/dev_ws/install/usv_gazebo_plugins/share/usv_gazebo_plugins/local_setup.dsv
[0.145s] -- Installing: /home/ruize/dev_ws/install/usv_gazebo_plugins/share/usv_gazebo_plugins/package.dsv
[0.145s] -- Up-to-date: /home/ruize/dev_ws/install/usv_gazebo_plugins/share/ament_index/resource_index/packages/usv_gazebo_plugins
[0.145s] -- Up-to-date: /home/ruize/dev_ws/install/usv_gazebo_plugins/share/usv_gazebo_plugins/cmake/ament_cmake_export_include_directories-extras.cmake
[0.146s] -- Up-to-date: /home/ruize/dev_ws/install/usv_gazebo_plugins/share/usv_gazebo_plugins/cmake/ament_cmake_export_dependencies-extras.cmake
[0.146s] -- Up-to-date: /home/ruize/dev_ws/install/usv_gazebo_plugins/share/usv_gazebo_plugins/cmake/ament_cmake_export_libraries-extras.cmake
[0.146s] -- Up-to-date: /home/ruize/dev_ws/install/usv_gazebo_plugins/share/usv_gazebo_plugins/cmake/usv_gazebo_pluginsConfig.cmake
[0.146s] -- Up-to-date: /home/ruize/dev_ws/install/usv_gazebo_plugins/share/usv_gazebo_plugins/cmake/usv_gazebo_pluginsConfig-version.cmake
[0.146s] -- Up-to-date: /home/ruize/dev_ws/install/usv_gazebo_plugins/share/usv_gazebo_plugins/package.xml
[0.147s] Invoked command in '/home/ruize/dev_ws/build/usv_gazebo_plugins' returned '0': CMAKE_PREFIX_PATH=/home/ruize/dev_ws/install/wave_gazebo_plugins:/home/ruize/dev_ws/install/usv_msgs:/home/ruize/dev_ws/install/usv_gazebo_plugins:/home/ruize/px4_ros_com_ros2/install/px4_ros_com:/home/ruize/px4_ros_com_ros2/install/px4_msgs:/opt/ros/foxy LD_LIBRARY_PATH=/home/ruize/dev_ws/install/wave_gazebo_plugins/lib:/home/ruize/dev_ws/install/usv_msgs/lib:/home/ruize/dev_ws/install/usv_gazebo_plugins/lib:/home/ruize/px4_ros_com_ros2/install/px4_ros_com/lib:/home/ruize/px4_ros_com_ros2/install/px4_msgs/lib:/usr/lib/x86_64-linux-gnu/gazebo-11/plugins:/opt/ros/foxy/opt/yaml_cpp_vendor/lib:/opt/ros/foxy/opt/rviz_ogre_vendor/lib:/opt/ros/foxy/lib/x86_64-linux-gnu:/opt/ros/foxy/lib /usr/bin/cmake --install /home/ruize/dev_ws/build/usv_gazebo_plugins
