[0.012s] Invoking command in '/home/ruize/dev_ws/build/wamv_description': CMAKE_PREFIX_PATH=${CMAKE_PREFIX_PATH}:/opt/ros/foxy /usr/bin/cmake --build /home/ruize/dev_ws/build/wamv_description -- -j4 -l4
[0.035s] -- Found xacro: 2.0.4 (/opt/ros/foxy/share/xacro/cmake)
[0.036s] -- xacro: determining deps for: urdf/wamv_base.urdf.xacro ...
[0.074s] -- Found ament_lint_auto: 0.9.6 (/opt/ros/foxy/share/ament_lint_auto/cmake)
[0.091s] -- Using PYTHON_EXECUTABLE: /usr/bin/python3
[0.267s] -- Added test 'copyright' to check source files copyright and LICENSE
[0.270s] -- Added test 'lint_cmake' to check CMake code style
[0.271s] -- Added test 'xmllint' to check XML markup files
[0.273s] -- Configuring done
[0.276s] -- Generating done
[0.278s] -- Build files have been written to: /home/ruize/dev_ws/build/wamv_description
[0.297s] [35m[1mScanning dependencies of target wamv_description__xacro_auto_generate[0m
[0.309s] [100%] [34m[1mxacro: generating urdf/wamv_base.urdf from urdf/wamv_base.urdf.xacro[0m
[0.359s] [100%] Built target wamv_description__xacro_auto_generate
[0.369s] Invoked command in '/home/ruize/dev_ws/build/wamv_description' returned '0': CMAKE_PREFIX_PATH=${CMAKE_PREFIX_PATH}:/opt/ros/foxy /usr/bin/cmake --build /home/ruize/dev_ws/build/wamv_description -- -j4 -l4
[0.398s] Invoking command in '/home/ruize/dev_ws/build/wamv_description': CMAKE_PREFIX_PATH=${CMAKE_PREFIX_PATH}:/opt/ros/foxy /usr/bin/cmake --install /home/ruize/dev_ws/build/wamv_description
[0.408s] -- Install configuration: ""
[0.408s] -- Installing: /home/ruize/dev_ws/install/wamv_description/share/wamv_description/urdf/wamv_base.urdf
[0.408s] -- Installing: /home/ruize/dev_ws/install/wamv_description/share/wamv_description/models
[0.408s] -- Installing: /home/ruize/dev_ws/install/wamv_description/share/wamv_description/models/WAM-V-Base
[0.408s] -- Installing: /home/ruize/dev_ws/install/wamv_description/share/wamv_description/models/WAM-V-Base/model.config
[0.408s] -- Installing: /home/ruize/dev_ws/install/wamv_description/share/wamv_description/models/WAM-V-Base/mesh
[0.408s] -- Installing: /home/ruize/dev_ws/install/wamv_description/share/wamv_description/models/WAM-V-Base/mesh/WamV.png
[0.409s] -- Installing: /home/ruize/dev_ws/install/wamv_description/share/wamv_description/models/WAM-V-Base/mesh/WAM-V-Base.dae
[0.409s] -- Installing: /home/ruize/dev_ws/install/wamv_description/share/wamv_description/models/propeller
[0.409s] -- Installing: /home/ruize/dev_ws/install/wamv_description/share/wamv_description/models/propeller/model.config
[0.410s] -- Installing: /home/ruize/dev_ws/install/wamv_description/share/wamv_description/models/propeller/mesh
[0.410s] -- Installing: /home/ruize/dev_ws/install/wamv_description/share/wamv_description/models/propeller/mesh/propeller.dae
[0.410s] -- Installing: /home/ruize/dev_ws/install/wamv_description/share/wamv_description/models/engine
[0.410s] -- Installing: /home/ruize/dev_ws/install/wamv_description/share/wamv_description/models/engine/model.config
[0.410s] -- Installing: /home/ruize/dev_ws/install/wamv_description/share/wamv_description/models/engine/mesh
[0.410s] -- Installing: /home/ruize/dev_ws/install/wamv_description/share/wamv_description/models/engine/mesh/engine.dae
[0.423s] -- Up-to-date: /home/ruize/dev_ws/install/wamv_description/share/wamv_description/urdf
[0.423s] -- Installing: /home/ruize/dev_ws/install/wamv_description/share/wamv_description/urdf/cpu_cases.xacro
[0.423s] -- Installing: /home/ruize/dev_ws/install/wamv_description/share/wamv_description/urdf/thrusters
[0.423s] -- Installing: /home/ruize/dev_ws/install/wamv_description/share/wamv_description/urdf/thrusters/engine.xacro
[0.423s] -- Installing: /home/ruize/dev_ws/install/wamv_description/share/wamv_description/urdf/battery.xacro
[0.423s] -- Installing: /home/ruize/dev_ws/install/wamv_description/share/wamv_description/urdf/wamv_base.urdf.xacro
[0.423s] -- Up-to-date: /home/ruize/dev_ws/install/wamv_description/share/ament_index/resource_index/package_run_dependencies/wamv_description
[0.423s] -- Installing: /home/ruize/dev_ws/install/wamv_description/share/ament_index/resource_index/parent_prefix_path/wamv_description
[0.426s] -- Up-to-date: /home/ruize/dev_ws/install/wamv_description/share/wamv_description/environment/ament_prefix_path.sh
[0.426s] -- Installing: /home/ruize/dev_ws/install/wamv_description/share/wamv_description/environment/ament_prefix_path.dsv
[0.426s] -- Up-to-date: /home/ruize/dev_ws/install/wamv_description/share/wamv_description/environment/path.sh
[0.426s] -- Installing: /home/ruize/dev_ws/install/wamv_description/share/wamv_description/environment/path.dsv
[0.426s] -- Up-to-date: /home/ruize/dev_ws/install/wamv_description/share/wamv_description/local_setup.bash
[0.426s] -- Up-to-date: /home/ruize/dev_ws/install/wamv_description/share/wamv_description/local_setup.sh
[0.427s] -- Up-to-date: /home/ruize/dev_ws/install/wamv_description/share/wamv_description/local_setup.zsh
[0.427s] -- Installing: /home/ruize/dev_ws/install/wamv_description/share/wamv_description/local_setup.dsv
[0.427s] -- Installing: /home/ruize/dev_ws/install/wamv_description/share/wamv_description/package.dsv
[0.428s] -- Up-to-date: /home/ruize/dev_ws/install/wamv_description/share/ament_index/resource_index/packages/wamv_description
[0.428s] -- Up-to-date: /home/ruize/dev_ws/install/wamv_description/share/wamv_description/cmake/wamv_descriptionConfig.cmake
[0.428s] -- Up-to-date: /home/ruize/dev_ws/install/wamv_description/share/wamv_description/cmake/wamv_descriptionConfig-version.cmake
[0.429s] -- Up-to-date: /home/ruize/dev_ws/install/wamv_description/share/wamv_description/package.xml
[0.432s] Invoked command in '/home/ruize/dev_ws/build/wamv_description' returned '0': CMAKE_PREFIX_PATH=${CMAKE_PREFIX_PATH}:/opt/ros/foxy /usr/bin/cmake --install /home/ruize/dev_ws/build/wamv_description
