[0.018s] Invoking command in '/home/ruize/dev_ws/build/usv_gazebo_plugins': CMAKE_PREFIX_PATH=${CMAKE_PREFIX_PATH}:/opt/ros/foxy /usr/bin/cmake --build /home/ruize/dev_ws/build/usv_gazebo_plugins -- -j4 -l4
[0.048s] -- Found ament_cmake: 0.9.8 (/opt/ros/foxy/share/ament_cmake/cmake)
[0.070s] -- Using PYTHON_EXECUTABLE: /usr/bin/python3
[0.236s] -- Found gazebo_ros: 3.5.0 (/opt/ros/foxy/share/gazebo_ros/cmake)
[0.267s] -- Using all available rosidl_typesupport_c: rosidl_typesupport_fastrtps_c;rosidl_typesupport_introspection_c
[0.270s] -- Found rosidl_adapter: 1.2.0 (/opt/ros/foxy/share/rosidl_adapter/cmake)
[0.395s] -- Using all available rosidl_typesupport_cpp: rosidl_typesupport_fastrtps_cpp;rosidl_typesupport_introspection_cpp
[0.439s] -- Found rmw_implementation_cmake: 1.0.2 (/opt/ros/foxy/share/rmw_implementation_cmake/cmake)
[0.440s] -- Using RMW implementation 'rmw_fastrtps_cpp' as default
[0.609s] -- Found DART: /usr/include (Required is at least version "6.6") found components: dart 
[0.640s] -- Found Protobuf: /usr/lib/x86_64-linux-gnu/libprotobuf.so;-lpthread (found version "3.6.1") 
[0.640s] -- Looking for ignition-math6 -- found version 6.8.0
[0.645s] -- Searching for dependencies of ignition-math6
[0.646s] -- Looking for OGRE...
[0.651s] -- Found Ogre Ghadamon (1.9.0)
[0.651s] -- Found OGRE: optimized;/usr/lib/x86_64-linux-gnu/libOgreMain.so;debug;/usr/lib/x86_64-linux-gnu/libOgreMain.so
[0.662s] -- Looking for OGRE_Paging...
[0.662s] -- Found OGRE_Paging: optimized;/usr/lib/x86_64-linux-gnu/libOgrePaging.so;debug;/usr/lib/x86_64-linux-gnu/libOgrePaging.so
[0.662s] -- Looking for OGRE_Terrain...
[0.662s] -- Found OGRE_Terrain: optimized;/usr/lib/x86_64-linux-gnu/libOgreTerrain.so;debug;/usr/lib/x86_64-linux-gnu/libOgreTerrain.so
[0.662s] -- Looking for OGRE_Property...
[0.662s] -- Found OGRE_Property: optimized;/usr/lib/x86_64-linux-gnu/libOgreProperty.so;debug;/usr/lib/x86_64-linux-gnu/libOgreProperty.so
[0.662s] -- Looking for OGRE_RTShaderSystem...
[0.663s] -- Found OGRE_RTShaderSystem: optimized;/usr/lib/x86_64-linux-gnu/libOgreRTShaderSystem.so;debug;/usr/lib/x86_64-linux-gnu/libOgreRTShaderSystem.so
[0.663s] -- Looking for OGRE_Volume...
[0.663s] -- Found OGRE_Volume: optimized;/usr/lib/x86_64-linux-gnu/libOgreVolume.so;debug;/usr/lib/x86_64-linux-gnu/libOgreVolume.so
[0.663s] -- Looking for OGRE_Overlay...
[0.663s] -- Found OGRE_Overlay: optimized;/usr/lib/x86_64-linux-gnu/libOgreOverlay.so;debug;/usr/lib/x86_64-linux-gnu/libOgreOverlay.so
[0.791s] -- Looking for ignition-math6 -- found version 6.8.0
[0.792s] -- Looking for ignition-transport8 -- found version 8.2.0
[0.793s] -- Searching for dependencies of ignition-transport8
[0.812s] -- Found Protobuf: /usr/lib/x86_64-linux-gnu/libprotobuf.so;-lpthread (found suitable version "3.6.1", minimum required is "3") 
[0.826s] -- Config-file not installed for ZeroMQ -- checking for pkg-config
[0.831s] -- Checking for module 'libzmq >= 4'
[0.845s] --   Found libzmq , version 4.3.2
[0.884s] -- Checking for module 'uuid'
[0.897s] --   Found uuid, version 2.34.0
[0.933s] -- Looking for ignition-msgs5 -- found version 5.7.0
[0.933s] -- Searching for dependencies of ignition-msgs5
[0.953s] -- Looking for ignition-math6 -- found version 6.8.0
[0.958s] -- Checking for module 'tinyxml2'
[0.972s] --   Found tinyxml2, version 6.2.0
[1.006s] -- Looking for ignition-msgs5 -- found version 5.7.0
[1.007s] -- Looking for ignition-common3 -- found version 3.11.1
[1.008s] -- Searching for dependencies of ignition-common3
[1.008s] -- Looking for dlfcn.h - found
[1.008s] -- Looking for libdl - found
[1.016s] -- Searching for <ignition-common3> component [graphics]
[1.016s] -- Looking for ignition-common3-graphics -- found version 3.11.1
[1.017s] -- Searching for dependencies of ignition-common3-graphics
[1.017s] -- Looking for ignition-math6 -- found version 6.8.0
[1.019s] -- Looking for ignition-fuel_tools4 -- found version 4.3.0
[1.020s] -- Searching for dependencies of ignition-fuel_tools4
[1.043s] -- Checking for module 'jsoncpp'
[1.057s] --   Found jsoncpp, version 1.7.4
[1.093s] -- Checking for module 'libzip'
[1.109s] --   Found libzip, version 1.5.1
[1.144s] -- Looking for ignition-common3 -- found version 3.11.1
[1.144s] -- Looking for ignition-msgs5 -- found version 5.7.0
[1.146s] -- Gazebo version: 11.3
[1.153s] -- Found rosidl_default_generators: 1.0.0 (/opt/ros/foxy/share/rosidl_default_generators/cmake)
[1.163s] -- Found xacro: 2.0.4 (/opt/ros/foxy/share/xacro/cmake)
[1.163s] -- Found wave_gazebo_plugins: 1.3.0 (/home/ruize/dev_ws/install/wave_gazebo_plugins/share/wave_gazebo_plugins/cmake)
[1.177s] -- Found usv_msgs: 0.0.0 (/home/ruize/dev_ws/install/usv_msgs/share/usv_msgs/cmake)
[1.216s] -- xacro: determining deps for: worlds/buoyancy_plugin_demo.world.xacro ...
[1.274s] -- Found ament_lint_auto: 0.9.6 (/opt/ros/foxy/share/ament_lint_auto/cmake)
[1.343s] -- Added test 'copyright' to check source files copyright and LICENSE
[1.345s] -- Added test 'cppcheck' to perform static code analysis on C / C++ code
[1.347s] -- Configured cppcheck include dirs: /home/ruize/dev_ws/src/usv_gazebo_plugins/include
[1.347s] -- Configured cppcheck exclude dirs and/or files: 
[1.349s] -- Added test 'cpplint' to check C / C++ code against the Google style
[1.349s] -- Configured cpplint exclude dirs and/or files: 
[1.349s] -- Added test 'flake8' to check Python code syntax and style conventions
[1.350s] -- Added test 'lint_cmake' to check CMake code style
[1.351s] -- Added test 'pep257' to check Python code against some of the style conventions in PEP 257
[1.352s] -- Added test 'uncrustify' to check C / C++ code style
[1.352s] -- Configured uncrustify additional arguments: 
[1.352s] -- Added test 'xmllint' to check XML markup files
[1.357s] -- Configuring done
[1.382s] -- Generating done
[1.386s] -- Build files have been written to: /home/ruize/dev_ws/build/usv_gazebo_plugins
[1.422s] [35m[1mScanning dependencies of target usv_gazebo_dynamics_plugin[0m
[1.428s] [ 14%] Built target usv_gazebo_plugins__xacro_auto_generate
[1.445s] [ 71%] Built target buoyancy_gazebo_plugin
[1.543s] [ 85%] [32mBuilding CXX object CMakeFiles/usv_gazebo_dynamics_plugin.dir/src/usv_gazebo_dynamics_plugin.cc.o[0m
[1.550s] [01m[K/home/ruize/dev_ws/src/usv_gazebo_plugins/src/usv_gazebo_dynamics_plugin.cc:17:10:[m[K [01;31m[Kfatal error: [m[Krclcpp/rclcpp.hpp: No such file or directory
[1.551s]    17 | #include [01;31m[K<rclcpp/rclcpp.hpp>[m[K
[1.551s]       |          [01;31m[K^~~~~~~~~~~~~~~~~~~[m[K
[1.551s] compilation terminated.
[1.551s] make[2]: *** [CMakeFiles/usv_gazebo_dynamics_plugin.dir/build.make:63: CMakeFiles/usv_gazebo_dynamics_plugin.dir/src/usv_gazebo_dynamics_plugin.cc.o] Error 1
[1.552s] make[1]: *** [CMakeFiles/Makefile2:109: CMakeFiles/usv_gazebo_dynamics_plugin.dir/all] Error 2
[1.552s] make: *** [Makefile:141: all] Error 2
[1.554s] Invoked command in '/home/ruize/dev_ws/build/usv_gazebo_plugins' returned '2': CMAKE_PREFIX_PATH=${CMAKE_PREFIX_PATH}:/opt/ros/foxy /usr/bin/cmake --build /home/ruize/dev_ws/build/usv_gazebo_plugins -- -j4 -l4
