[ 14%] Built target usv_gazebo_plugins__xacro_auto_generate
[ 42%] [32mBuilding CXX object CMakeFiles/usv_gazebo_dynamics_plugin.dir/src/usv_gazebo_dynamics_plugin.cc.o[0m
[ 85%] Built target buoyancy_gazebo_plugin
[01m[K/home/ruize/dev_ws/src/usv_gazebo_plugins/src/usv_gazebo_dynamics_plugin.cc:46:70:[m[K [01;31m[Kerror: [m[Kmacro "RCLCPP_INFO_STREAM" requires 2 arguments, but only 1 given
   46 |                     "Using default value of <" << _defaultVal << ">."[01;31m[K)[m[K;
      |                                                                      [01;31m[K^[m[K
In file included from [01m[K/opt/ros/foxy/include/rclcpp/service.hpp:34[m[K,
                 from [01m[K/opt/ros/foxy/include/rclcpp/callback_group.hpp:25[m[K,
                 from [01m[K/opt/ros/foxy/include/rclcpp/any_executable.hpp:20[m[K,
                 from [01m[K/opt/ros/foxy/include/rclcpp/memory_strategy.hpp:24[m[K,
                 from [01m[K/opt/ros/foxy/include/rclcpp/memory_strategies.hpp:18[m[K,
                 from [01m[K/opt/ros/foxy/include/rclcpp/executor_options.hpp:20[m[K,
                 from [01m[K/opt/ros/foxy/include/rclcpp/executor.hpp:33[m[K,
                 from [01m[K/opt/ros/foxy/include/rclcpp/executors/multi_threaded_executor.hpp:25[m[K,
                 from [01m[K/opt/ros/foxy/include/rclcpp/executors.hpp:21[m[K,
                 from [01m[K/opt/ros/foxy/include/rclcpp/rclcpp.hpp:146[m[K,
                 from [01m[K/home/ruize/dev_ws/src/usv_gazebo_plugins/src/usv_gazebo_dynamics_plugin.cc:17[m[K:
[01m[K/opt/ros/foxy/include/rclcpp/logging.hpp:736:[m[K [01;36m[Knote: [m[Kmacro "RCLCPP_INFO_STREAM" defined here
  736 | #define RCLCPP_INFO_STREAM(logger, stream_arg) \
      | 
[01m[K/home/ruize/dev_ws/src/usv_gazebo_plugins/src/usv_gazebo_dynamics_plugin.cc:52:42:[m[K [01;31m[Kerror: [m[Kmacro "RCLCPP_DEBUG_STREAM" requires 2 arguments, but only 1 given
   52 |                   "> to <" << val << ">."[01;31m[K)[m[K;
      |                                          [01;31m[K^[m[K
In file included from [01m[K/opt/ros/foxy/include/rclcpp/service.hpp:34[m[K,
                 from [01m[K/opt/ros/foxy/include/rclcpp/callback_group.hpp:25[m[K,
                 from [01m[K/opt/ros/foxy/include/rclcpp/any_executable.hpp:20[m[K,
                 from [01m[K/opt/ros/foxy/include/rclcpp/memory_strategy.hpp:24[m[K,
                 from [01m[K/opt/ros/foxy/include/rclcpp/memory_strategies.hpp:18[m[K,
                 from [01m[K/opt/ros/foxy/include/rclcpp/executor_options.hpp:20[m[K,
                 from [01m[K/opt/ros/foxy/include/rclcpp/executor.hpp:33[m[K,
                 from [01m[K/opt/ros/foxy/include/rclcpp/executors/multi_threaded_executor.hpp:25[m[K,
                 from [01m[K/opt/ros/foxy/include/rclcpp/executors.hpp:21[m[K,
                 from [01m[K/opt/ros/foxy/include/rclcpp/rclcpp.hpp:146[m[K,
                 from [01m[K/home/ruize/dev_ws/src/usv_gazebo_plugins/src/usv_gazebo_dynamics_plugin.cc:17[m[K:
[01m[K/opt/ros/foxy/include/rclcpp/logging.hpp:294:[m[K [01;36m[Knote: [m[Kmacro "RCLCPP_DEBUG_STREAM" defined here
  294 | #define RCLCPP_DEBUG_STREAM(logger, stream_arg) \
      | 
[01m[K/home/ruize/dev_ws/src/usv_gazebo_plugins/src/usv_gazebo_dynamics_plugin.cc:69:61:[m[K [01;31m[Kerror: [m[Kmacro "RCLCPP_INFO_STREAM" requires 2 arguments, but only 1 given
   69 |     RCLCPP_INFO_STREAM("Did not find SDF parameter bodyName"[01;31m[K)[m[K;
      |                                                             [01;31m[K^[m[K
In file included from [01m[K/opt/ros/foxy/include/rclcpp/service.hpp:34[m[K,
                 from [01m[K/opt/ros/foxy/include/rclcpp/callback_group.hpp:25[m[K,
                 from [01m[K/opt/ros/foxy/include/rclcpp/any_executable.hpp:20[m[K,
                 from [01m[K/opt/ros/foxy/include/rclcpp/memory_strategy.hpp:24[m[K,
                 from [01m[K/opt/ros/foxy/include/rclcpp/memory_strategies.hpp:18[m[K,
                 from [01m[K/opt/ros/foxy/include/rclcpp/executor_options.hpp:20[m[K,
                 from [01m[K/opt/ros/foxy/include/rclcpp/executor.hpp:33[m[K,
                 from [01m[K/opt/ros/foxy/include/rclcpp/executors/multi_threaded_executor.hpp:25[m[K,
                 from [01m[K/opt/ros/foxy/include/rclcpp/executors.hpp:21[m[K,
                 from [01m[K/opt/ros/foxy/include/rclcpp/rclcpp.hpp:146[m[K,
                 from [01m[K/home/ruize/dev_ws/src/usv_gazebo_plugins/src/usv_gazebo_dynamics_plugin.cc:17[m[K:
[01m[K/opt/ros/foxy/include/rclcpp/logging.hpp:736:[m[K [01;36m[Knote: [m[Kmacro "RCLCPP_INFO_STREAM" defined here
  736 | #define RCLCPP_INFO_STREAM(logger, stream_arg) \
      | 
[01m[K/home/ruize/dev_ws/src/usv_gazebo_plugins/src/usv_gazebo_dynamics_plugin.cc:76:78:[m[K [01;31m[Kerror: [m[Kmacro "RCLCPP_DEBUG_STREAM" requires 2 arguments, but only 1 given
   76 |     RCLCPP_DEBUG_STREAM("Found SDF parameter bodyName as <" << linkName<< ">"[01;31m[K)[m[K;
      |                                                                              [01;31m[K^[m[K
In file included from [01m[K/opt/ros/foxy/include/rclcpp/service.hpp:34[m[K,
                 from [01m[K/opt/ros/foxy/include/rclcpp/callback_group.hpp:25[m[K,
                 from [01m[K/opt/ros/foxy/include/rclcpp/any_executable.hpp:20[m[K,
                 from [01m[K/opt/ros/foxy/include/rclcpp/memory_strategy.hpp:24[m[K,
                 from [01m[K/opt/ros/foxy/include/rclcpp/memory_strategies.hpp:18[m[K,
                 from [01m[K/opt/ros/foxy/include/rclcpp/executor_options.hpp:20[m[K,
                 from [01m[K/opt/ros/foxy/include/rclcpp/executor.hpp:33[m[K,
                 from [01m[K/opt/ros/foxy/include/rclcpp/executors/multi_threaded_executor.hpp:25[m[K,
                 from [01m[K/opt/ros/foxy/include/rclcpp/executors.hpp:21[m[K,
                 from [01m[K/opt/ros/foxy/include/rclcpp/rclcpp.hpp:146[m[K,
                 from [01m[K/home/ruize/dev_ws/src/usv_gazebo_plugins/src/usv_gazebo_dynamics_plugin.cc:17[m[K:
[01m[K/opt/ros/foxy/include/rclcpp/logging.hpp:294:[m[K [01;36m[Knote: [m[Kmacro "RCLCPP_DEBUG_STREAM" defined here
  294 | #define RCLCPP_DEBUG_STREAM(logger, stream_arg) \
      | 
[01m[K/home/ruize/dev_ws/src/usv_gazebo_plugins/src/usv_gazebo_dynamics_plugin.cc:86:70:[m[K [01;31m[Kerror: [m[Kmacro "RCLCPP_DEBUG_STREAM" requires 2 arguments, but only 1 given
   86 |     RCLCPP_DEBUG_STREAM("USV Dynamics Model Link Name = " << linkName[01;31m[K)[m[K;
      |                                                                      [01;31m[K^[m[K
In file included from [01m[K/opt/ros/foxy/include/rclcpp/service.hpp:34[m[K,
                 from [01m[K/opt/ros/foxy/include/rclcpp/callback_group.hpp:25[m[K,
                 from [01m[K/opt/ros/foxy/include/rclcpp/any_executable.hpp:20[m[K,
                 from [01m[K/opt/ros/foxy/include/rclcpp/memory_strategy.hpp:24[m[K,
                 from [01m[K/opt/ros/foxy/include/rclcpp/memory_strategies.hpp:18[m[K,
                 from [01m[K/opt/ros/foxy/include/rclcpp/executor_options.hpp:20[m[K,
                 from [01m[K/opt/ros/foxy/include/rclcpp/executor.hpp:33[m[K,
                 from [01m[K/opt/ros/foxy/include/rclcpp/executors/multi_threaded_executor.hpp:25[m[K,
                 from [01m[K/opt/ros/foxy/include/rclcpp/executors.hpp:21[m[K,
                 from [01m[K/opt/ros/foxy/include/rclcpp/rclcpp.hpp:146[m[K,
                 from [01m[K/home/ruize/dev_ws/src/usv_gazebo_plugins/src/usv_gazebo_dynamics_plugin.cc:17[m[K:
[01m[K/opt/ros/foxy/include/rclcpp/logging.hpp:294:[m[K [01;36m[Knote: [m[Kmacro "RCLCPP_DEBUG_STREAM" defined here
  294 | #define RCLCPP_DEBUG_STREAM(logger, stream_arg) \
      | 
[01m[K/home/ruize/dev_ws/src/usv_gazebo_plugins/src/usv_gazebo_dynamics_plugin.cc:117:69:[m[K [01;31m[Kerror: [m[Kmacro "RCLCPP_INFO_STREAM" requires 2 arguments, but only 1 given
  117 |                     "Using default value of <" << defaultVal << ">."[01;31m[K)[m[K;
      |                                                                     [01;31m[K^[m[K
In file included from [01m[K/opt/ros/foxy/include/rclcpp/service.hpp:34[m[K,
                 from [01m[K/opt/ros/foxy/include/rclcpp/callback_group.hpp:25[m[K,
                 from [01m[K/opt/ros/foxy/include/rclcpp/any_executable.hpp:20[m[K,
                 from [01m[K/opt/ros/foxy/include/rclcpp/memory_strategy.hpp:24[m[K,
                 from [01m[K/opt/ros/foxy/include/rclcpp/memory_strategies.hpp:18[m[K,
                 from [01m[K/opt/ros/foxy/include/rclcpp/executor_options.hpp:20[m[K,
                 from [01m[K/opt/ros/foxy/include/rclcpp/executor.hpp:33[m[K,
                 from [01m[K/opt/ros/foxy/include/rclcpp/executors/multi_threaded_executor.hpp:25[m[K,
                 from [01m[K/opt/ros/foxy/include/rclcpp/executors.hpp:21[m[K,
                 from [01m[K/opt/ros/foxy/include/rclcpp/rclcpp.hpp:146[m[K,
                 from [01m[K/home/ruize/dev_ws/src/usv_gazebo_plugins/src/usv_gazebo_dynamics_plugin.cc:17[m[K:
[01m[K/opt/ros/foxy/include/rclcpp/logging.hpp:736:[m[K [01;36m[Knote: [m[Kmacro "RCLCPP_INFO_STREAM" defined here
  736 | #define RCLCPP_INFO_STREAM(logger, stream_arg) \
      | 
[01m[K/home/ruize/dev_ws/src/usv_gazebo_plugins/src/usv_gazebo_dynamics_plugin.cc:146:60:[m[K [01;31m[Kerror: [m[Kmacro "RCLCPP_DEBUG_STREAM" requires 2 arguments, but only 1 given
  146 |   RCLCPP_DEBUG_STREAM("Vessel Mass (rigid-body): " << kMass[01;31m[K)[m[K;
      |                                                            [01;31m[K^[m[K
In file included from [01m[K/opt/ros/foxy/include/rclcpp/service.hpp:34[m[K,
                 from [01m[K/opt/ros/foxy/include/rclcpp/callback_group.hpp:25[m[K,
                 from [01m[K/opt/ros/foxy/include/rclcpp/any_executable.hpp:20[m[K,
                 from [01m[K/opt/ros/foxy/include/rclcpp/memory_strategy.hpp:24[m[K,
                 from [01m[K/opt/ros/foxy/include/rclcpp/memory_strategies.hpp:18[m[K,
                 from [01m[K/opt/ros/foxy/include/rclcpp/executor_options.hpp:20[m[K,
                 from [01m[K/opt/ros/foxy/include/rclcpp/executor.hpp:33[m[K,
                 from [01m[K/opt/ros/foxy/include/rclcpp/executors/multi_threaded_executor.hpp:25[m[K,
                 from [01m[K/opt/ros/foxy/include/rclcpp/executors.hpp:21[m[K,
                 from [01m[K/opt/ros/foxy/include/rclcpp/rclcpp.hpp:146[m[K,
                 from [01m[K/home/ruize/dev_ws/src/usv_gazebo_plugins/src/usv_gazebo_dynamics_plugin.cc:17[m[K:
[01m[K/opt/ros/foxy/include/rclcpp/logging.hpp:294:[m[K [01;36m[Knote: [m[Kmacro "RCLCPP_DEBUG_STREAM" defined here
  294 | #define RCLCPP_DEBUG_STREAM(logger, stream_arg) \
      | 
[01m[K/home/ruize/dev_ws/src/usv_gazebo_plugins/src/usv_gazebo_dynamics_plugin.cc:148:63:[m[K [01;31m[Kerror: [m[Kmacro "RCLCPP_DEBUG_STREAM" requires 2 arguments, but only 1 given
  148 |                   " Y:" << kInertia[1] << " Z:" << kInertia[2][01;31m[K)[m[K;
      |                                                               [01;31m[K^[m[K
In file included from [01m[K/opt/ros/foxy/include/rclcpp/service.hpp:34[m[K,
                 from [01m[K/opt/ros/foxy/include/rclcpp/callback_group.hpp:25[m[K,
                 from [01m[K/opt/ros/foxy/include/rclcpp/any_executable.hpp:20[m[K,
                 from [01m[K/opt/ros/foxy/include/rclcpp/memory_strategy.hpp:24[m[K,
                 from [01m[K/opt/ros/foxy/include/rclcpp/memory_strategies.hpp:18[m[K,
                 from [01m[K/opt/ros/foxy/include/rclcpp/executor_options.hpp:20[m[K,
                 from [01m[K/opt/ros/foxy/include/rclcpp/executor.hpp:33[m[K,
                 from [01m[K/opt/ros/foxy/include/rclcpp/executors/multi_threaded_executor.hpp:25[m[K,
                 from [01m[K/opt/ros/foxy/include/rclcpp/executors.hpp:21[m[K,
                 from [01m[K/opt/ros/foxy/include/rclcpp/rclcpp.hpp:146[m[K,
                 from [01m[K/home/ruize/dev_ws/src/usv_gazebo_plugins/src/usv_gazebo_dynamics_plugin.cc:17[m[K:
[01m[K/opt/ros/foxy/include/rclcpp/logging.hpp:294:[m[K [01;36m[Knote: [m[Kmacro "RCLCPP_DEBUG_STREAM" defined here
  294 | #define RCLCPP_DEBUG_STREAM(logger, stream_arg) \
      | 
[01m[K/home/ruize/dev_ws/src/usv_gazebo_plugins/src/usv_gazebo_dynamics_plugin.cc:213:69:[m[K [01;31m[Kerror: [m[Kmacro "RCLCPP_DEBUG_STREAM_THROTTLE" requires 4 arguments, but only 2 given
  213 |   RCLCPP_DEBUG_STREAM_THROTTLE(0.5, "Vel linear: " << kVelLinearBody[01;31m[K)[m[K;
      |                                                                     [01;31m[K^[m[K
In file included from [01m[K/opt/ros/foxy/include/rclcpp/service.hpp:34[m[K,
                 from [01m[K/opt/ros/foxy/include/rclcpp/callback_group.hpp:25[m[K,
                 from [01m[K/opt/ros/foxy/include/rclcpp/any_executable.hpp:20[m[K,
                 from [01m[K/opt/ros/foxy/include/rclcpp/memory_strategy.hpp:24[m[K,
                 from [01m[K/opt/ros/foxy/include/rclcpp/memory_strategies.hpp:18[m[K,
                 from [01m[K/opt/ros/foxy/include/rclcpp/executor_options.hpp:20[m[K,
                 from [01m[K/opt/ros/foxy/include/rclcpp/executor.hpp:33[m[K,
                 from [01m[K/opt/ros/foxy/include/rclcpp/executors/multi_threaded_executor.hpp:25[m[K,
                 from [01m[K/opt/ros/foxy/include/rclcpp/executors.hpp:21[m[K,
                 from [01m[K/opt/ros/foxy/include/rclcpp/rclcpp.hpp:146[m[K,
                 from [01m[K/home/ruize/dev_ws/src/usv_gazebo_plugins/src/usv_gazebo_dynamics_plugin.cc:17[m[K:
[01m[K/opt/ros/foxy/include/rclcpp/logging.hpp:420:[m[K [01;36m[Knote: [m[Kmacro "RCLCPP_DEBUG_STREAM_THROTTLE" defined here
  420 | #define RCLCPP_DEBUG_STREAM_THROTTLE(logger, clock, duration, stream_arg) \
      | 
[01m[K/home/ruize/dev_ws/src/usv_gazebo_plugins/src/usv_gazebo_dynamics_plugin.cc:222:71:[m[K [01;31m[Kerror: [m[Kmacro "RCLCPP_DEBUG_STREAM_THROTTLE" requires 4 arguments, but only 2 given
  222 |   RCLCPP_DEBUG_STREAM_THROTTLE(0.5, "Vel angular: " << kVelAngularBody[01;31m[K)[m[K;
      |                                                                       [01;31m[K^[m[K
In file included from [01m[K/opt/ros/foxy/include/rclcpp/service.hpp:34[m[K,
                 from [01m[K/opt/ros/foxy/include/rclcpp/callback_group.hpp:25[m[K,
                 from [01m[K/opt/ros/foxy/include/rclcpp/any_executable.hpp:20[m[K,
                 from [01m[K/opt/ros/foxy/include/rclcpp/memory_strategy.hpp:24[m[K,
                 from [01m[K/opt/ros/foxy/include/rclcpp/memory_strategies.hpp:18[m[K,
                 from [01m[K/opt/ros/foxy/include/rclcpp/executor_options.hpp:20[m[K,
                 from [01m[K/opt/ros/foxy/include/rclcpp/executor.hpp:33[m[K,
                 from [01m[K/opt/ros/foxy/include/rclcpp/executors/multi_threaded_executor.hpp:25[m[K,
                 from [01m[K/opt/ros/foxy/include/rclcpp/executors.hpp:21[m[K,
                 from [01m[K/opt/ros/foxy/include/rclcpp/rclcpp.hpp:146[m[K,
                 from [01m[K/home/ruize/dev_ws/src/usv_gazebo_plugins/src/usv_gazebo_dynamics_plugin.cc:17[m[K:
[01m[K/opt/ros/foxy/include/rclcpp/logging.hpp:420:[m[K [01;36m[Knote: [m[Kmacro "RCLCPP_DEBUG_STREAM_THROTTLE" defined here
  420 | #define RCLCPP_DEBUG_STREAM_THROTTLE(logger, clock, duration, stream_arg) \
      | 
[01m[K/home/ruize/dev_ws/src/usv_gazebo_plugins/src/usv_gazebo_dynamics_plugin.cc:230:73:[m[K [01;31m[Kerror: [m[Kmacro "RCLCPP_DEBUG_STREAM_THROTTLE" requires 4 arguments, but only 2 given
  230 |   RCLCPP_DEBUG_STREAM_THROTTLE(0.5, "Accel linear: " << kAccelLinearBody[01;31m[K)[m[K;
      |                                                                         [01;31m[K^[m[K
In file included from [01m[K/opt/ros/foxy/include/rclcpp/service.hpp:34[m[K,
                 from [01m[K/opt/ros/foxy/include/rclcpp/callback_group.hpp:25[m[K,
                 from [01m[K/opt/ros/foxy/include/rclcpp/any_executable.hpp:20[m[K,
                 from [01m[K/opt/ros/foxy/include/rclcpp/memory_strategy.hpp:24[m[K,
                 from [01m[K/opt/ros/foxy/include/rclcpp/memory_strategies.hpp:18[m[K,
                 from [01m[K/opt/ros/foxy/include/rclcpp/executor_options.hpp:20[m[K,
                 from [01m[K/opt/ros/foxy/include/rclcpp/executor.hpp:33[m[K,
                 from [01m[K/opt/ros/foxy/include/rclcpp/executors/multi_threaded_executor.hpp:25[m[K,
                 from [01m[K/opt/ros/foxy/include/rclcpp/executors.hpp:21[m[K,
                 from [01m[K/opt/ros/foxy/include/rclcpp/rclcpp.hpp:146[m[K,
                 from [01m[K/home/ruize/dev_ws/src/usv_gazebo_plugins/src/usv_gazebo_dynamics_plugin.cc:17[m[K:
[01m[K/opt/ros/foxy/include/rclcpp/logging.hpp:420:[m[K [01;36m[Knote: [m[Kmacro "RCLCPP_DEBUG_STREAM_THROTTLE" defined here
  420 | #define RCLCPP_DEBUG_STREAM_THROTTLE(logger, clock, duration, stream_arg) \
      | 
[01m[K/home/ruize/dev_ws/src/usv_gazebo_plugins/src/usv_gazebo_dynamics_plugin.cc:234:75:[m[K [01;31m[Kerror: [m[Kmacro "RCLCPP_DEBUG_STREAM_THROTTLE" requires 4 arguments, but only 2 given
  234 |   RCLCPP_DEBUG_STREAM_THROTTLE(0.5, "Accel angular: " << kAccelAngularBody[01;31m[K)[m[K;
      |                                                                           [01;31m[K^[m[K
In file included from [01m[K/opt/ros/foxy/include/rclcpp/service.hpp:34[m[K,
                 from [01m[K/opt/ros/foxy/include/rclcpp/callback_group.hpp:25[m[K,
                 from [01m[K/opt/ros/foxy/include/rclcpp/any_executable.hpp:20[m[K,
                 from [01m[K/opt/ros/foxy/include/rclcpp/memory_strategy.hpp:24[m[K,
                 from [01m[K/opt/ros/foxy/include/rclcpp/memory_strategies.hpp:18[m[K,
                 from [01m[K/opt/ros/foxy/include/rclcpp/executor_options.hpp:20[m[K,
                 from [01m[K/opt/ros/foxy/include/rclcpp/executor.hpp:33[m[K,
                 from [01m[K/opt/ros/foxy/include/rclcpp/executors/multi_threaded_executor.hpp:25[m[K,
                 from [01m[K/opt/ros/foxy/include/rclcpp/executors.hpp:21[m[K,
                 from [01m[K/opt/ros/foxy/include/rclcpp/rclcpp.hpp:146[m[K,
                 from [01m[K/home/ruize/dev_ws/src/usv_gazebo_plugins/src/usv_gazebo_dynamics_plugin.cc:17[m[K:
[01m[K/opt/ros/foxy/include/rclcpp/logging.hpp:420:[m[K [01;36m[Knote: [m[Kmacro "RCLCPP_DEBUG_STREAM_THROTTLE" defined here
  420 | #define RCLCPP_DEBUG_STREAM_THROTTLE(logger, clock, duration, stream_arg) \
      | 
[01m[K/home/ruize/dev_ws/src/usv_gazebo_plugins/src/usv_gazebo_dynamics_plugin.cc:250:63:[m[K [01;31m[Kerror: [m[Kmacro "RCLCPP_DEBUG_STREAM_THROTTLE" requires 4 arguments, but only 2 given
  250 |   RCLCPP_DEBUG_STREAM_THROTTLE(1.0, "stateDot: \n" << stateDot[01;31m[K)[m[K;
      |                                                               [01;31m[K^[m[K
In file included from [01m[K/opt/ros/foxy/include/rclcpp/service.hpp:34[m[K,
                 from [01m[K/opt/ros/foxy/include/rclcpp/callback_group.hpp:25[m[K,
                 from [01m[K/opt/ros/foxy/include/rclcpp/any_executable.hpp:20[m[K,
                 from [01m[K/opt/ros/foxy/include/rclcpp/memory_strategy.hpp:24[m[K,
                 from [01m[K/opt/ros/foxy/include/rclcpp/memory_strategies.hpp:18[m[K,
                 from [01m[K/opt/ros/foxy/include/rclcpp/executor_options.hpp:20[m[K,
                 from [01m[K/opt/ros/foxy/include/rclcpp/executor.hpp:33[m[K,
                 from [01m[K/opt/ros/foxy/include/rclcpp/executors/multi_threaded_executor.hpp:25[m[K,
                 from [01m[K/opt/ros/foxy/include/rclcpp/executors.hpp:21[m[K,
                 from [01m[K/opt/ros/foxy/include/rclcpp/rclcpp.hpp:146[m[K,
                 from [01m[K/home/ruize/dev_ws/src/usv_gazebo_plugins/src/usv_gazebo_dynamics_plugin.cc:17[m[K:
[01m[K/opt/ros/foxy/include/rclcpp/logging.hpp:420:[m[K [01;36m[Knote: [m[Kmacro "RCLCPP_DEBUG_STREAM_THROTTLE" defined here
  420 | #define RCLCPP_DEBUG_STREAM_THROTTLE(logger, clock, duration, stream_arg) \
      | 
[01m[K/home/ruize/dev_ws/src/usv_gazebo_plugins/src/usv_gazebo_dynamics_plugin.cc:251:64:[m[K [01;31m[Kerror: [m[Kmacro "RCLCPP_DEBUG_STREAM_THROTTLE" requires 4 arguments, but only 2 given
  251 |   RCLCPP_DEBUG_STREAM_THROTTLE(1.0, "amassVec :\n" << kAmassVec[01;31m[K)[m[K;
      |                                                                [01;31m[K^[m[K
In file included from [01m[K/opt/ros/foxy/include/rclcpp/service.hpp:34[m[K,
                 from [01m[K/opt/ros/foxy/include/rclcpp/callback_group.hpp:25[m[K,
                 from [01m[K/opt/ros/foxy/include/rclcpp/any_executable.hpp:20[m[K,
                 from [01m[K/opt/ros/foxy/include/rclcpp/memory_strategy.hpp:24[m[K,
                 from [01m[K/opt/ros/foxy/include/rclcpp/memory_strategies.hpp:18[m[K,
                 from [01m[K/opt/ros/foxy/include/rclcpp/executor_options.hpp:20[m[K,
                 from [01m[K/opt/ros/foxy/include/rclcpp/executor.hpp:33[m[K,
                 from [01m[K/opt/ros/foxy/include/rclcpp/executors/multi_threaded_executor.hpp:25[m[K,
                 from [01m[K/opt/ros/foxy/include/rclcpp/executors.hpp:21[m[K,
                 from [01m[K/opt/ros/foxy/include/rclcpp/rclcpp.hpp:146[m[K,
                 from [01m[K/home/ruize/dev_ws/src/usv_gazebo_plugins/src/usv_gazebo_dynamics_plugin.cc:17[m[K:
[01m[K/opt/ros/foxy/include/rclcpp/logging.hpp:420:[m[K [01;36m[Knote: [m[Kmacro "RCLCPP_DEBUG_STREAM_THROTTLE" defined here
  420 | #define RCLCPP_DEBUG_STREAM_THROTTLE(logger, clock, duration, stream_arg) \
      | 
[01m[K/home/ruize/dev_ws/src/usv_gazebo_plugins/src/usv_gazebo_dynamics_plugin.cc:266:55:[m[K [01;31m[Kerror: [m[Kmacro "RCLCPP_DEBUG_STREAM_THROTTLE" requires 4 arguments, but only 2 given
  266 |   RCLCPP_DEBUG_STREAM_THROTTLE(1.0, "Dmat :\n" << Dmat[01;31m[K)[m[K;
      |                                                       [01;31m[K^[m[K
In file included from [01m[K/opt/ros/foxy/include/rclcpp/service.hpp:34[m[K,
                 from [01m[K/opt/ros/foxy/include/rclcpp/callback_group.hpp:25[m[K,
                 from [01m[K/opt/ros/foxy/include/rclcpp/any_executable.hpp:20[m[K,
                 from [01m[K/opt/ros/foxy/include/rclcpp/memory_strategy.hpp:24[m[K,
                 from [01m[K/opt/ros/foxy/include/rclcpp/memory_strategies.hpp:18[m[K,
                 from [01m[K/opt/ros/foxy/include/rclcpp/executor_options.hpp:20[m[K,
                 from [01m[K/opt/ros/foxy/include/rclcpp/executor.hpp:33[m[K,
                 from [01m[K/opt/ros/foxy/include/rclcpp/executors/multi_threaded_executor.hpp:25[m[K,
                 from [01m[K/opt/ros/foxy/include/rclcpp/executors.hpp:21[m[K,
                 from [01m[K/opt/ros/foxy/include/rclcpp/rclcpp.hpp:146[m[K,
                 from [01m[K/home/ruize/dev_ws/src/usv_gazebo_plugins/src/usv_gazebo_dynamics_plugin.cc:17[m[K:
[01m[K/opt/ros/foxy/include/rclcpp/logging.hpp:420:[m[K [01;36m[Knote: [m[Kmacro "RCLCPP_DEBUG_STREAM_THROTTLE" defined here
  420 | #define RCLCPP_DEBUG_STREAM_THROTTLE(logger, clock, duration, stream_arg) \
      | 
[01m[K/home/ruize/dev_ws/src/usv_gazebo_plugins/src/usv_gazebo_dynamics_plugin.cc:268:56:[m[K [01;31m[Kerror: [m[Kmacro "RCLCPP_DEBUG_STREAM_THROTTLE" requires 4 arguments, but only 2 given
  268 |   RCLCPP_DEBUG_STREAM_THROTTLE(1.0, "Dvec :\n" << kDvec[01;31m[K)[m[K;
      |                                                        [01;31m[K^[m[K
In file included from [01m[K/opt/ros/foxy/include/rclcpp/service.hpp:34[m[K,
                 from [01m[K/opt/ros/foxy/include/rclcpp/callback_group.hpp:25[m[K,
                 from [01m[K/opt/ros/foxy/include/rclcpp/any_executable.hpp:20[m[K,
                 from [01m[K/opt/ros/foxy/include/rclcpp/memory_strategy.hpp:24[m[K,
                 from [01m[K/opt/ros/foxy/include/rclcpp/memory_strategies.hpp:18[m[K,
                 from [01m[K/opt/ros/foxy/include/rclcpp/executor_options.hpp:20[m[K,
                 from [01m[K/opt/ros/foxy/include/rclcpp/executor.hpp:33[m[K,
                 from [01m[K/opt/ros/foxy/include/rclcpp/executors/multi_threaded_executor.hpp:25[m[K,
                 from [01m[K/opt/ros/foxy/include/rclcpp/executors.hpp:21[m[K,
                 from [01m[K/opt/ros/foxy/include/rclcpp/rclcpp.hpp:146[m[K,
                 from [01m[K/home/ruize/dev_ws/src/usv_gazebo_plugins/src/usv_gazebo_dynamics_plugin.cc:17[m[K:
[01m[K/opt/ros/foxy/include/rclcpp/logging.hpp:420:[m[K [01;36m[Knote: [m[Kmacro "RCLCPP_DEBUG_STREAM_THROTTLE" defined here
  420 | #define RCLCPP_DEBUG_STREAM_THROTTLE(logger, clock, duration, stream_arg) \
      | 
[01m[K/home/ruize/dev_ws/src/usv_gazebo_plugins/src/usv_gazebo_dynamics_plugin.cc:281:64:[m[K [01;31m[Kerror: [m[Kmacro "RCLCPP_DEBUG_STREAM_THROTTLE" requires 4 arguments, but only 2 given
  281 |   RCLCPP_DEBUG_STREAM_THROTTLE(1.0, "forceSum :\n" << kForceSum[01;31m[K)[m[K;
      |                                                                [01;31m[K^[m[K
In file included from [01m[K/opt/ros/foxy/include/rclcpp/service.hpp:34[m[K,
                 from [01m[K/opt/ros/foxy/include/rclcpp/callback_group.hpp:25[m[K,
                 from [01m[K/opt/ros/foxy/include/rclcpp/any_executable.hpp:20[m[K,
                 from [01m[K/opt/ros/foxy/include/rclcpp/memory_strategy.hpp:24[m[K,
                 from [01m[K/opt/ros/foxy/include/rclcpp/memory_strategies.hpp:18[m[K,
                 from [01m[K/opt/ros/foxy/include/rclcpp/executor_options.hpp:20[m[K,
                 from [01m[K/opt/ros/foxy/include/rclcpp/executor.hpp:33[m[K,
                 from [01m[K/opt/ros/foxy/include/rclcpp/executors/multi_threaded_executor.hpp:25[m[K,
                 from [01m[K/opt/ros/foxy/include/rclcpp/executors.hpp:21[m[K,
                 from [01m[K/opt/ros/foxy/include/rclcpp/rclcpp.hpp:146[m[K,
                 from [01m[K/home/ruize/dev_ws/src/usv_gazebo_plugins/src/usv_gazebo_dynamics_plugin.cc:17[m[K:
[01m[K/opt/ros/foxy/include/rclcpp/logging.hpp:420:[m[K [01;36m[Knote: [m[Kmacro "RCLCPP_DEBUG_STREAM_THROTTLE" defined here
  420 | #define RCLCPP_DEBUG_STREAM_THROTTLE(logger, clock, duration, stream_arg) \
      | 
[01m[K/home/ruize/dev_ws/src/usv_gazebo_plugins/src/usv_gazebo_dynamics_plugin.cc:310:76:[m[K [01;31m[Kerror: [m[Kmacro "RCLCPP_DEBUG_STREAM_THROTTLE" requires 4 arguments, but only 2 given
  310 |           "] grid points" << bpnt.x() << "," << bpnt.y() << "," << bpnt.z()[01;31m[K)[m[K;
      |                                                                            [01;31m[K^[m[K
In file included from [01m[K/opt/ros/foxy/include/rclcpp/service.hpp:34[m[K,
                 from [01m[K/opt/ros/foxy/include/rclcpp/callback_group.hpp:25[m[K,
                 from [01m[K/opt/ros/foxy/include/rclcpp/any_executable.hpp:20[m[K,
                 from [01m[K/opt/ros/foxy/include/rclcpp/memory_strategy.hpp:24[m[K,
                 from [01m[K/opt/ros/foxy/include/rclcpp/memory_strategies.hpp:18[m[K,
                 from [01m[K/opt/ros/foxy/include/rclcpp/executor_options.hpp:20[m[K,
                 from [01m[K/opt/ros/foxy/include/rclcpp/executor.hpp:33[m[K,
                 from [01m[K/opt/ros/foxy/include/rclcpp/executors/multi_threaded_executor.hpp:25[m[K,
                 from [01m[K/opt/ros/foxy/include/rclcpp/executors.hpp:21[m[K,
                 from [01m[K/opt/ros/foxy/include/rclcpp/rclcpp.hpp:146[m[K,
                 from [01m[K/home/ruize/dev_ws/src/usv_gazebo_plugins/src/usv_gazebo_dynamics_plugin.cc:17[m[K:
[01m[K/opt/ros/foxy/include/rclcpp/logging.hpp:420:[m[K [01;36m[Knote: [m[Kmacro "RCLCPP_DEBUG_STREAM_THROTTLE" defined here
  420 | #define RCLCPP_DEBUG_STREAM_THROTTLE(logger, clock, duration, stream_arg) \
      | 
[01m[K/home/ruize/dev_ws/src/usv_gazebo_plugins/src/usv_gazebo_dynamics_plugin.cc:311:67:[m[K [01;31m[Kerror: [m[Kmacro "RCLCPP_DEBUG_STREAM_THROTTLE" requires 4 arguments, but only 2 given
  311 |       RCLCPP_DEBUG_STREAM_THROTTLE(1.0, "v frame euler " << kEuler[01;31m[K)[m[K;
      |                                                                   [01;31m[K^[m[K
In file included from [01m[K/opt/ros/foxy/include/rclcpp/service.hpp:34[m[K,
                 from [01m[K/opt/ros/foxy/include/rclcpp/callback_group.hpp:25[m[K,
                 from [01m[K/opt/ros/foxy/include/rclcpp/any_executable.hpp:20[m[K,
                 from [01m[K/opt/ros/foxy/include/rclcpp/memory_strategy.hpp:24[m[K,
                 from [01m[K/opt/ros/foxy/include/rclcpp/memory_strategies.hpp:18[m[K,
                 from [01m[K/opt/ros/foxy/include/rclcpp/executor_options.hpp:20[m[K,
                 from [01m[K/opt/ros/foxy/include/rclcpp/executor.hpp:33[m[K,
                 from [01m[K/opt/ros/foxy/include/rclcpp/executors/multi_threaded_executor.hpp:25[m[K,
                 from [01m[K/opt/ros/foxy/include/rclcpp/executors.hpp:21[m[K,
                 from [01m[K/opt/ros/foxy/include/rclcpp/rclcpp.hpp:146[m[K,
                 from [01m[K/home/ruize/dev_ws/src/usv_gazebo_plugins/src/usv_gazebo_dynamics_plugin.cc:17[m[K:
[01m[K/opt/ros/foxy/include/rclcpp/logging.hpp:420:[m[K [01;36m[Knote: [m[Kmacro "RCLCPP_DEBUG_STREAM_THROTTLE" defined here
  420 | #define RCLCPP_DEBUG_STREAM_THROTTLE(logger, clock, duration, stream_arg) \
      | 
[01m[K/home/ruize/dev_ws/src/usv_gazebo_plugins/src/usv_gazebo_dynamics_plugin.cc:313:40:[m[K [01;31m[Kerror: [m[Kmacro "RCLCPP_DEBUG_STREAM_THROTTLE" requires 4 arguments, but only 2 given
  313 |           bpntW.y() << "," << bpntW.z()[01;31m[K)[m[K;
      |                                        [01;31m[K^[m[K
In file included from [01m[K/opt/ros/foxy/include/rclcpp/service.hpp:34[m[K,
                 from [01m[K/opt/ros/foxy/include/rclcpp/callback_group.hpp:25[m[K,
                 from [01m[K/opt/ros/foxy/include/rclcpp/any_executable.hpp:20[m[K,
                 from [01m[K/opt/ros/foxy/include/rclcpp/memory_strategy.hpp:24[m[K,
                 from [01m[K/opt/ros/foxy/include/rclcpp/memory_strategies.hpp:18[m[K,
                 from [01m[K/opt/ros/foxy/include/rclcpp/executor_options.hpp:20[m[K,
                 from [01m[K/opt/ros/foxy/include/rclcpp/executor.hpp:33[m[K,
                 from [01m[K/opt/ros/foxy/include/rclcpp/executors/multi_threaded_executor.hpp:25[m[K,
                 from [01m[K/opt/ros/foxy/include/rclcpp/executors.hpp:21[m[K,
                 from [01m[K/opt/ros/foxy/include/rclcpp/rclcpp.hpp:146[m[K,
                 from [01m[K/home/ruize/dev_ws/src/usv_gazebo_plugins/src/usv_gazebo_dynamics_plugin.cc:17[m[K:
[01m[K/opt/ros/foxy/include/rclcpp/logging.hpp:420:[m[K [01;36m[Knote: [m[Kmacro "RCLCPP_DEBUG_STREAM_THROTTLE" defined here
  420 | #define RCLCPP_DEBUG_STREAM_THROTTLE(logger, clock, duration, stream_arg) \
      | 
[01m[K/home/ruize/dev_ws/src/usv_gazebo_plugins/src/usv_gazebo_dynamics_plugin.cc:318:41:[m[K [01;31m[Kerror: [m[Kmacro "RCLCPP_DEBUG_STREAM" requires 2 arguments, but only 1 given
  318 |         << bpntW.z() << ", dd: " << kDdz[01;31m[K)[m[K;
      |                                         [01;31m[K^[m[K
In file included from [01m[K/opt/ros/foxy/include/rclcpp/service.hpp:34[m[K,
                 from [01m[K/opt/ros/foxy/include/rclcpp/callback_group.hpp:25[m[K,
                 from [01m[K/opt/ros/foxy/include/rclcpp/any_executable.hpp:20[m[K,
                 from [01m[K/opt/ros/foxy/include/rclcpp/memory_strategy.hpp:24[m[K,
                 from [01m[K/opt/ros/foxy/include/rclcpp/memory_strategies.hpp:18[m[K,
                 from [01m[K/opt/ros/foxy/include/rclcpp/executor_options.hpp:20[m[K,
                 from [01m[K/opt/ros/foxy/include/rclcpp/executor.hpp:33[m[K,
                 from [01m[K/opt/ros/foxy/include/rclcpp/executors/multi_threaded_executor.hpp:25[m[K,
                 from [01m[K/opt/ros/foxy/include/rclcpp/executors.hpp:21[m[K,
                 from [01m[K/opt/ros/foxy/include/rclcpp/rclcpp.hpp:146[m[K,
                 from [01m[K/home/ruize/dev_ws/src/usv_gazebo_plugins/src/usv_gazebo_dynamics_plugin.cc:17[m[K:
[01m[K/opt/ros/foxy/include/rclcpp/logging.hpp:294:[m[K [01;36m[Knote: [m[Kmacro "RCLCPP_DEBUG_STREAM" defined here
  294 | #define RCLCPP_DEBUG_STREAM(logger, stream_arg) \
      | 
[01m[K/home/ruize/dev_ws/src/usv_gazebo_plugins/src/usv_gazebo_dynamics_plugin.cc:347:54:[m[K [01;31m[Kerror: [m[Kmacro "RCLCPP_DEBUG_STREAM" requires 2 arguments, but only 1 given
  347 |       RCLCPP_DEBUG_STREAM("buoyForce: " << kBuoyForce[01;31m[K)[m[K;
      |                                                      [01;31m[K^[m[K
In file included from [01m[K/opt/ros/foxy/include/rclcpp/service.hpp:34[m[K,
                 from [01m[K/opt/ros/foxy/include/rclcpp/callback_group.hpp:25[m[K,
                 from [01m[K/opt/ros/foxy/include/rclcpp/any_executable.hpp:20[m[K,
                 from [01m[K/opt/ros/foxy/include/rclcpp/memory_strategy.hpp:24[m[K,
                 from [01m[K/opt/ros/foxy/include/rclcpp/memory_strategies.hpp:18[m[K,
                 from [01m[K/opt/ros/foxy/include/rclcpp/executor_options.hpp:20[m[K,
                 from [01m[K/opt/ros/foxy/include/rclcpp/executor.hpp:33[m[K,
                 from [01m[K/opt/ros/foxy/include/rclcpp/executors/multi_threaded_executor.hpp:25[m[K,
                 from [01m[K/opt/ros/foxy/include/rclcpp/executors.hpp:21[m[K,
                 from [01m[K/opt/ros/foxy/include/rclcpp/rclcpp.hpp:146[m[K,
                 from [01m[K/home/ruize/dev_ws/src/usv_gazebo_plugins/src/usv_gazebo_dynamics_plugin.cc:17[m[K:
[01m[K/opt/ros/foxy/include/rclcpp/logging.hpp:294:[m[K [01;36m[Knote: [m[Kmacro "RCLCPP_DEBUG_STREAM" defined here
  294 | #define RCLCPP_DEBUG_STREAM(logger, stream_arg) \
      | 
[01m[K/home/ruize/dev_ws/src/usv_gazebo_plugins/src/usv_gazebo_dynamics_plugin.cc:[m[K In member function ‘[01m[Kdouble gazebo::UsvDynamicsPlugin::SdfParamDouble(sdf::v9::ElementPtr, const string&, double) const[m[K’:
[01m[K/home/ruize/dev_ws/src/usv_gazebo_plugins/src/usv_gazebo_dynamics_plugin.cc:45:5:[m[K [01;31m[Kerror: [m[K‘[01m[KRCLCPP_INFO_STREAM[m[K’ was not declared in this scope
   45 |     [01;31m[KRCLCPP_INFO_STREAM[m[K("Parameter <" << _paramName << "> not found: "
      |     [01;31m[K^~~~~~~~~~~~~~~~~~[m[K
[01m[K/home/ruize/dev_ws/src/usv_gazebo_plugins/src/usv_gazebo_dynamics_plugin.cc:51:3:[m[K [01;31m[Kerror: [m[K‘[01m[KRCLCPP_DEBUG_STREAM[m[K’ was not declared in this scope
   51 |   [01;31m[KRCLCPP_DEBUG_STREAM[m[K("Parameter found - setting <" << _paramName <<
      |   [01;31m[K^~~~~~~~~~~~~~~~~~~[m[K
In file included from [01m[K/opt/ros/foxy/include/rclcpp/service.hpp:34[m[K,
                 from [01m[K/opt/ros/foxy/include/rclcpp/callback_group.hpp:25[m[K,
                 from [01m[K/opt/ros/foxy/include/rclcpp/any_executable.hpp:20[m[K,
                 from [01m[K/opt/ros/foxy/include/rclcpp/memory_strategy.hpp:24[m[K,
                 from [01m[K/opt/ros/foxy/include/rclcpp/memory_strategies.hpp:18[m[K,
                 from [01m[K/opt/ros/foxy/include/rclcpp/executor_options.hpp:20[m[K,
                 from [01m[K/opt/ros/foxy/include/rclcpp/executor.hpp:33[m[K,
                 from [01m[K/opt/ros/foxy/include/rclcpp/executors/multi_threaded_executor.hpp:25[m[K,
                 from [01m[K/opt/ros/foxy/include/rclcpp/executors.hpp:21[m[K,
                 from [01m[K/opt/ros/foxy/include/rclcpp/rclcpp.hpp:146[m[K,
                 from [01m[K/home/ruize/dev_ws/src/usv_gazebo_plugins/src/usv_gazebo_dynamics_plugin.cc:17[m[K:
[01m[K/home/ruize/dev_ws/src/usv_gazebo_plugins/src/usv_gazebo_dynamics_plugin.cc:[m[K In member function ‘[01m[Kvirtual void gazebo::UsvDynamicsPlugin::Load(gazebo::physics::ModelPtr, sdf::v9::ElementPtr)[m[K’:
[01m[K/home/ruize/dev_ws/src/usv_gazebo_plugins/src/usv_gazebo_dynamics_plugin.cc:59:3:[m[K [01;31m[Kerror: [m[Kstatic assertion failed: First argument to logging macros must be an rclcpp::Logger
   59 |   [01;31m[KRCLCPP_DEBUG[m[K("Loading usv_gazebo_dynamics_plugin");
      |   [01;31m[K^~~~~~~~~~~~[m[K
In file included from [01m[K/opt/ros/foxy/include/rclcpp/client.hpp:40[m[K,
                 from [01m[K/opt/ros/foxy/include/rclcpp/callback_group.hpp:23[m[K,
                 from [01m[K/opt/ros/foxy/include/rclcpp/any_executable.hpp:20[m[K,
                 from [01m[K/opt/ros/foxy/include/rclcpp/memory_strategy.hpp:24[m[K,
                 from [01m[K/opt/ros/foxy/include/rclcpp/memory_strategies.hpp:18[m[K,
                 from [01m[K/opt/ros/foxy/include/rclcpp/executor_options.hpp:20[m[K,
                 from [01m[K/opt/ros/foxy/include/rclcpp/executor.hpp:33[m[K,
                 from [01m[K/opt/ros/foxy/include/rclcpp/executors/multi_threaded_executor.hpp:25[m[K,
                 from [01m[K/opt/ros/foxy/include/rclcpp/executors.hpp:21[m[K,
                 from [01m[K/opt/ros/foxy/include/rclcpp/rclcpp.hpp:146[m[K,
                 from [01m[K/home/ruize/dev_ws/src/usv_gazebo_plugins/src/usv_gazebo_dynamics_plugin.cc:17[m[K:
[01m[K/home/ruize/dev_ws/src/usv_gazebo_plugins/src/usv_gazebo_dynamics_plugin.cc:59:3:[m[K [01;31m[Kerror: [m[Krequest for member ‘[01m[Kget_name[m[K’ in ‘[01m[K"Loading usv_gazebo_dynamics_plugin"[m[K’, which is of non-class type ‘[01m[Kconst char [35][m[K’
   59 |   [01;31m[KRCLCPP_DEBUG[m[K("Loading usv_gazebo_dynamics_plugin");
      |   [01;31m[K^~~~~~~~~~~~[m[K
[01m[K/home/ruize/dev_ws/src/usv_gazebo_plugins/src/usv_gazebo_dynamics_plugin.cc:59:3:[m[K [01;31m[Kerror: [m[Krequest for member ‘[01m[Kget_name[m[K’ in ‘[01m[K"Loading usv_gazebo_dynamics_plugin"[m[K’, which is of non-class type ‘[01m[Kconst char [35][m[K’
   59 |   [01;31m[KRCLCPP_DEBUG[m[K("Loading usv_gazebo_dynamics_plugin");
      |   [01;31m[K^~~~~~~~~~~~[m[K
[01m[K/home/ruize/dev_ws/src/usv_gazebo_plugins/src/usv_gazebo_dynamics_plugin.cc:59:3:[m[K [01;31m[Kerror: [m[Kno matching function for call to ‘[01m[Kget_c_string()[m[K’
   59 |   [01;31m[KRCLCPP_DEBUG[m[K("Loading usv_gazebo_dynamics_plugin");
      |   [01;31m[K^~~~~~~~~~~~[m[K
In file included from [01m[K/opt/ros/foxy/include/rclcpp/client.hpp:36[m[K,
                 from [01m[K/opt/ros/foxy/include/rclcpp/callback_group.hpp:23[m[K,
                 from [01m[K/opt/ros/foxy/include/rclcpp/any_executable.hpp:20[m[K,
                 from [01m[K/opt/ros/foxy/include/rclcpp/memory_strategy.hpp:24[m[K,
                 from [01m[K/opt/ros/foxy/include/rclcpp/memory_strategies.hpp:18[m[K,
                 from [01m[K/opt/ros/foxy/include/rclcpp/executor_options.hpp:20[m[K,
                 from [01m[K/opt/ros/foxy/include/rclcpp/executor.hpp:33[m[K,
                 from [01m[K/opt/ros/foxy/include/rclcpp/executors/multi_threaded_executor.hpp:25[m[K,
                 from [01m[K/opt/ros/foxy/include/rclcpp/executors.hpp:21[m[K,
                 from [01m[K/opt/ros/foxy/include/rclcpp/rclcpp.hpp:146[m[K,
                 from [01m[K/home/ruize/dev_ws/src/usv_gazebo_plugins/src/usv_gazebo_dynamics_plugin.cc:17[m[K:
[01m[K/opt/ros/foxy/include/rclcpp/utilities.hpp:296:1:[m[K [01;36m[Knote: [m[Kcandidate: ‘[01m[Kconst char* rclcpp::get_c_string(const char*)[m[K’
  296 | [01;36m[Kget_c_string[m[K(const char * string_in);
      | [01;36m[K^~~~~~~~~~~~[m[K
[01m[K/opt/ros/foxy/include/rclcpp/utilities.hpp:296:1:[m[K [01;36m[Knote: [m[K  candidate expects 1 argument, 0 provided
[01m[K/opt/ros/foxy/include/rclcpp/utilities.hpp:305:1:[m[K [01;36m[Knote: [m[Kcandidate: ‘[01m[Kconst char* rclcpp::get_c_string(const string&)[m[K’
  305 | [01;36m[Kget_c_string[m[K(const std::string & string_in);
      | [01;36m[K^~~~~~~~~~~~[m[K
[01m[K/opt/ros/foxy/include/rclcpp/utilities.hpp:305:1:[m[K [01;36m[Knote: [m[K  candidate expects 1 argument, 0 provided
[01m[K/home/ruize/dev_ws/src/usv_gazebo_plugins/src/usv_gazebo_dynamics_plugin.cc:69:5:[m[K [01;31m[Kerror: [m[K‘[01m[KRCLCPP_INFO_STREAM[m[K’ was not declared in this scope
   69 |     [01;31m[KRCLCPP_INFO_STREAM[m[K("Did not find SDF parameter bodyName");
      |     [01;31m[K^~~~~~~~~~~~~~~~~~[m[K
[01m[K/home/ruize/dev_ws/src/usv_gazebo_plugins/src/usv_gazebo_dynamics_plugin.cc:76:5:[m[K [01;31m[Kerror: [m[K‘[01m[KRCLCPP_DEBUG_STREAM[m[K’ was not declared in this scope
   76 |     [01;31m[KRCLCPP_DEBUG_STREAM[m[K("Found SDF parameter bodyName as <" << linkName<< ">");
      |     [01;31m[K^~~~~~~~~~~~~~~~~~~[m[K
In file included from [01m[K/opt/ros/foxy/include/rclcpp/service.hpp:34[m[K,
                 from [01m[K/opt/ros/foxy/include/rclcpp/callback_group.hpp:25[m[K,
                 from [01m[K/opt/ros/foxy/include/rclcpp/any_executable.hpp:20[m[K,
                 from [01m[K/opt/ros/foxy/include/rclcpp/memory_strategy.hpp:24[m[K,
                 from [01m[K/opt/ros/foxy/include/rclcpp/memory_strategies.hpp:18[m[K,
                 from [01m[K/opt/ros/foxy/include/rclcpp/executor_options.hpp:20[m[K,
                 from [01m[K/opt/ros/foxy/include/rclcpp/executor.hpp:33[m[K,
                 from [01m[K/opt/ros/foxy/include/rclcpp/executors/multi_threaded_executor.hpp:25[m[K,
                 from [01m[K/opt/ros/foxy/include/rclcpp/executors.hpp:21[m[K,
                 from [01m[K/opt/ros/foxy/include/rclcpp/rclcpp.hpp:146[m[K,
                 from [01m[K/home/ruize/dev_ws/src/usv_gazebo_plugins/src/usv_gazebo_dynamics_plugin.cc:17[m[K:
[01m[K/home/ruize/dev_ws/src/usv_gazebo_plugins/src/usv_gazebo_dynamics_plugin.cc:80:5:[m[K [01;31m[Kerror: [m[Kstatic assertion failed: First argument to logging macros must be an rclcpp::Logger
   80 |     [01;31m[KRCLCPP_FATAL[m[K("usv_gazebo_dynamics_plugin error: bodyName: %s does not exist\n",
      |     [01;31m[K^~~~~~~~~~~~[m[K
In file included from [01m[K/opt/ros/foxy/include/rclcpp/client.hpp:40[m[K,
                 from [01m[K/opt/ros/foxy/include/rclcpp/callback_group.hpp:23[m[K,
                 from [01m[K/opt/ros/foxy/include/rclcpp/any_executable.hpp:20[m[K,
                 from [01m[K/opt/ros/foxy/include/rclcpp/memory_strategy.hpp:24[m[K,
                 from [01m[K/opt/ros/foxy/include/rclcpp/memory_strategies.hpp:18[m[K,
                 from [01m[K/opt/ros/foxy/include/rclcpp/executor_options.hpp:20[m[K,
                 from [01m[K/opt/ros/foxy/include/rclcpp/executor.hpp:33[m[K,
                 from [01m[K/opt/ros/foxy/include/rclcpp/executors/multi_threaded_executor.hpp:25[m[K,
                 from [01m[K/opt/ros/foxy/include/rclcpp/executors.hpp:21[m[K,
                 from [01m[K/opt/ros/foxy/include/rclcpp/rclcpp.hpp:146[m[K,
                 from [01m[K/home/ruize/dev_ws/src/usv_gazebo_plugins/src/usv_gazebo_dynamics_plugin.cc:17[m[K:
[01m[K/home/ruize/dev_ws/src/usv_gazebo_plugins/src/usv_gazebo_dynamics_plugin.cc:80:5:[m[K [01;31m[Kerror: [m[Krequest for member ‘[01m[Kget_name[m[K’ in ‘[01m[K"usv_gazebo_dynamics_plugin error: bodyName: %s does not exist\012"[m[K’, which is of non-class type ‘[01m[Kconst char [63][m[K’
   80 |     [01;31m[KRCLCPP_FATAL[m[K("usv_gazebo_dynamics_plugin error: bodyName: %s does not exist\n",
      |     [01;31m[K^~~~~~~~~~~~[m[K
[01m[K/home/ruize/dev_ws/src/usv_gazebo_plugins/src/usv_gazebo_dynamics_plugin.cc:80:5:[m[K [01;31m[Kerror: [m[Krequest for member ‘[01m[Kget_name[m[K’ in ‘[01m[K"usv_gazebo_dynamics_plugin error: bodyName: %s does not exist\012"[m[K’, which is of non-class type ‘[01m[Kconst char [63][m[K’
   80 |     [01;31m[KRCLCPP_FATAL[m[K("usv_gazebo_dynamics_plugin error: bodyName: %s does not exist\n",
      |     [01;31m[K^~~~~~~~~~~~[m[K
[01m[K/home/ruize/dev_ws/src/usv_gazebo_plugins/src/usv_gazebo_dynamics_plugin.cc:86:5:[m[K [01;31m[Kerror: [m[K‘[01m[KRCLCPP_DEBUG_STREAM[m[K’ was not declared in this scope
   86 |     [01;31m[KRCLCPP_DEBUG_STREAM[m[K("USV Dynamics Model Link Name = " << linkName);
      |     [01;31m[K^~~~~~~~~~~~~~~~~~~[m[K
[01m[K/home/ruize/dev_ws/src/usv_gazebo_plugins/src/usv_gazebo_dynamics_plugin.cc:116:5:[m[K [01;31m[Kerror: [m[K‘[01m[KRCLCPP_INFO_STREAM[m[K’ was not declared in this scope
  116 |     [01;31m[KRCLCPP_INFO_STREAM[m[K("Parameter <length_n> not found: "
      |     [01;31m[K^~~~~~~~~~~~~~~~~~[m[K
In file included from [01m[K/opt/ros/foxy/include/rclcpp/service.hpp:34[m[K,
                 from [01m[K/opt/ros/foxy/include/rclcpp/callback_group.hpp:25[m[K,
                 from [01m[K/opt/ros/foxy/include/rclcpp/any_executable.hpp:20[m[K,
                 from [01m[K/opt/ros/foxy/include/rclcpp/memory_strategy.hpp:24[m[K,
                 from [01m[K/opt/ros/foxy/include/rclcpp/memory_strategies.hpp:18[m[K,
                 from [01m[K/opt/ros/foxy/include/rclcpp/executor_options.hpp:20[m[K,
                 from [01m[K/opt/ros/foxy/include/rclcpp/executor.hpp:33[m[K,
                 from [01m[K/opt/ros/foxy/include/rclcpp/executors/multi_threaded_executor.hpp:25[m[K,
                 from [01m[K/opt/ros/foxy/include/rclcpp/executors.hpp:21[m[K,
                 from [01m[K/opt/ros/foxy/include/rclcpp/rclcpp.hpp:146[m[K,
                 from [01m[K/home/ruize/dev_ws/src/usv_gazebo_plugins/src/usv_gazebo_dynamics_plugin.cc:17[m[K:
[01m[K/home/ruize/dev_ws/src/usv_gazebo_plugins/src/usv_gazebo_dynamics_plugin.cc:145:3:[m[K [01;31m[Kerror: [m[Kstatic assertion failed: First argument to logging macros must be an rclcpp::Logger
  145 |   [01;31m[KRCLCPP_DEBUG[m[K("USV Dynamics Parameters: From URDF XACRO model definition");
      |   [01;31m[K^~~~~~~~~~~~[m[K
In file included from [01m[K/opt/ros/foxy/include/rclcpp/client.hpp:40[m[K,
                 from [01m[K/opt/ros/foxy/include/rclcpp/callback_group.hpp:23[m[K,
                 from [01m[K/opt/ros/foxy/include/rclcpp/any_executable.hpp:20[m[K,
                 from [01m[K/opt/ros/foxy/include/rclcpp/memory_strategy.hpp:24[m[K,
                 from [01m[K/opt/ros/foxy/include/rclcpp/memory_strategies.hpp:18[m[K,
                 from [01m[K/opt/ros/foxy/include/rclcpp/executor_options.hpp:20[m[K,
                 from [01m[K/opt/ros/foxy/include/rclcpp/executor.hpp:33[m[K,
                 from [01m[K/opt/ros/foxy/include/rclcpp/executors/multi_threaded_executor.hpp:25[m[K,
                 from [01m[K/opt/ros/foxy/include/rclcpp/executors.hpp:21[m[K,
                 from [01m[K/opt/ros/foxy/include/rclcpp/rclcpp.hpp:146[m[K,
                 from [01m[K/home/ruize/dev_ws/src/usv_gazebo_plugins/src/usv_gazebo_dynamics_plugin.cc:17[m[K:
[01m[K/home/ruize/dev_ws/src/usv_gazebo_plugins/src/usv_gazebo_dynamics_plugin.cc:145:3:[m[K [01;31m[Kerror: [m[Krequest for member ‘[01m[Kget_name[m[K’ in ‘[01m[K"USV Dynamics Parameters: From URDF XACRO model definition"[m[K’, which is of non-class type ‘[01m[Kconst char [58][m[K’
  145 |   [01;31m[KRCLCPP_DEBUG[m[K("USV Dynamics Parameters: From URDF XACRO model definition");
      |   [01;31m[K^~~~~~~~~~~~[m[K
[01m[K/home/ruize/dev_ws/src/usv_gazebo_plugins/src/usv_gazebo_dynamics_plugin.cc:145:3:[m[K [01;31m[Kerror: [m[Krequest for member ‘[01m[Kget_name[m[K’ in ‘[01m[K"USV Dynamics Parameters: From URDF XACRO model definition"[m[K’, which is of non-class type ‘[01m[Kconst char [58][m[K’
  145 |   [01;31m[KRCLCPP_DEBUG[m[K("USV Dynamics Parameters: From URDF XACRO model definition");
      |   [01;31m[K^~~~~~~~~~~~[m[K
[01m[K/home/ruize/dev_ws/src/usv_gazebo_plugins/src/usv_gazebo_dynamics_plugin.cc:145:3:[m[K [01;31m[Kerror: [m[Kno matching function for call to ‘[01m[Kget_c_string()[m[K’
  145 |   [01;31m[KRCLCPP_DEBUG[m[K("USV Dynamics Parameters: From URDF XACRO model definition");
      |   [01;31m[K^~~~~~~~~~~~[m[K
In file included from [01m[K/opt/ros/foxy/include/rclcpp/client.hpp:36[m[K,
                 from [01m[K/opt/ros/foxy/include/rclcpp/callback_group.hpp:23[m[K,
                 from [01m[K/opt/ros/foxy/include/rclcpp/any_executable.hpp:20[m[K,
                 from [01m[K/opt/ros/foxy/include/rclcpp/memory_strategy.hpp:24[m[K,
                 from [01m[K/opt/ros/foxy/include/rclcpp/memory_strategies.hpp:18[m[K,
                 from [01m[K/opt/ros/foxy/include/rclcpp/executor_options.hpp:20[m[K,
                 from [01m[K/opt/ros/foxy/include/rclcpp/executor.hpp:33[m[K,
                 from [01m[K/opt/ros/foxy/include/rclcpp/executors/multi_threaded_executor.hpp:25[m[K,
                 from [01m[K/opt/ros/foxy/include/rclcpp/executors.hpp:21[m[K,
                 from [01m[K/opt/ros/foxy/include/rclcpp/rclcpp.hpp:146[m[K,
                 from [01m[K/home/ruize/dev_ws/src/usv_gazebo_plugins/src/usv_gazebo_dynamics_plugin.cc:17[m[K:
[01m[K/opt/ros/foxy/include/rclcpp/utilities.hpp:296:1:[m[K [01;36m[Knote: [m[Kcandidate: ‘[01m[Kconst char* rclcpp::get_c_string(const char*)[m[K’
  296 | [01;36m[Kget_c_string[m[K(const char * string_in);
      | [01;36m[K^~~~~~~~~~~~[m[K
[01m[K/opt/ros/foxy/include/rclcpp/utilities.hpp:296:1:[m[K [01;36m[Knote: [m[K  candidate expects 1 argument, 0 provided
[01m[K/opt/ros/foxy/include/rclcpp/utilities.hpp:305:1:[m[K [01;36m[Knote: [m[Kcandidate: ‘[01m[Kconst char* rclcpp::get_c_string(const string&)[m[K’
  305 | [01;36m[Kget_c_string[m[K(const std::string & string_in);
      | [01;36m[K^~~~~~~~~~~~[m[K
[01m[K/opt/ros/foxy/include/rclcpp/utilities.hpp:305:1:[m[K [01;36m[Knote: [m[K  candidate expects 1 argument, 0 provided
[01m[K/home/ruize/dev_ws/src/usv_gazebo_plugins/src/usv_gazebo_dynamics_plugin.cc:146:3:[m[K [01;31m[Kerror: [m[K‘[01m[KRCLCPP_DEBUG_STREAM[m[K’ was not declared in this scope
  146 |   [01;31m[KRCLCPP_DEBUG_STREAM[m[K("Vessel Mass (rigid-body): " << kMass);
      |   [01;31m[K^~~~~~~~~~~~~~~~~~~[m[K
[01m[K/home/ruize/dev_ws/src/usv_gazebo_plugins/src/usv_gazebo_dynamics_plugin.cc:137:18:[m[K [01;35m[Kwarning: [m[Kunused variable ‘[01m[KkMass[m[K’ [[01;35m[K-Wunused-variable[m[K]
  137 |     const double [01;35m[KkMass[m[K = this->link->GetInertial()->Mass();
      |                  [01;35m[K^~~~~[m[K
[01m[K/home/ruize/dev_ws/src/usv_gazebo_plugins/src/usv_gazebo_dynamics_plugin.cc:[m[K In member function ‘[01m[Kvirtual void gazebo::UsvDynamicsPlugin::Update()[m[K’:
[01m[K/home/ruize/dev_ws/src/usv_gazebo_plugins/src/usv_gazebo_dynamics_plugin.cc:213:3:[m[K [01;31m[Kerror: [m[K‘[01m[KRCLCPP_DEBUG_STREAM_THROTTLE[m[K’ was not declared in this scope
  213 |   [01;31m[KRCLCPP_DEBUG_STREAM_THROTTLE[m[K(0.5, "Vel linear: " << kVelLinearBody);
      |   [01;31m[K^~~~~~~~~~~~~~~~~~~~~~~~~~~~[m[K
[01m[K/home/ruize/dev_ws/src/usv_gazebo_plugins/src/usv_gazebo_dynamics_plugin.cc:317:7:[m[K [01;31m[Kerror: [m[K‘[01m[KRCLCPP_DEBUG_STREAM[m[K’ was not declared in this scope
  317 |       [01;31m[KRCLCPP_DEBUG_STREAM[m[K("Z, pose: " << kPose.Pos().Z() << ", bpnt: "
      |       [01;31m[K^~~~~~~~~~~~~~~~~~~[m[K
[01m[K/home/ruize/dev_ws/src/usv_gazebo_plugins/src/usv_gazebo_dynamics_plugin.cc:[m[K At global scope:
[01m[K/home/ruize/dev_ws/src/usv_gazebo_plugins/src/usv_gazebo_dynamics_plugin.cc:359:44:[m[K [01;35m[Kwarning: [m[Kextra ‘[01m[K;[m[K’ [[01;35m[K-Wpedantic[m[K]
  359 | GZ_REGISTER_MODEL_PLUGIN(UsvDynamicsPlugin)[01;35m[K;[m[K
      |                                            [01;35m[K^[m[K
make[2]: *** [CMakeFiles/usv_gazebo_dynamics_plugin.dir/build.make:63: CMakeFiles/usv_gazebo_dynamics_plugin.dir/src/usv_gazebo_dynamics_plugin.cc.o] Error 1
make[1]: *** [CMakeFiles/Makefile2:109: CMakeFiles/usv_gazebo_dynamics_plugin.dir/all] Error 2
make: *** [Makefile:141: all] Error 2
