[0.015s] Invoking command in '/home/ruize/dev_ws/build/usv_gazebo_plugins': CMAKE_PREFIX_PATH=${CMAKE_PREFIX_PATH}:/opt/ros/foxy /usr/bin/cmake --build /home/ruize/dev_ws/build/usv_gazebo_plugins -- -j4 -l4
[0.069s] [ 20%] Built target usv_gazebo_plugins__xacro_auto_generate
[0.079s] [100%] Built target buoyancy_gazebo_plugin
[0.090s] Invoked command in '/home/ruize/dev_ws/build/usv_gazebo_plugins' returned '0': CMAKE_PREFIX_PATH=${CMAKE_PREFIX_PATH}:/opt/ros/foxy /usr/bin/cmake --build /home/ruize/dev_ws/build/usv_gazebo_plugins -- -j4 -l4
[0.132s] Invoking command in '/home/ruize/dev_ws/build/usv_gazebo_plugins': CMAKE_PREFIX_PATH=${CMAKE_PREFIX_PATH}:/opt/ros/foxy /usr/bin/cmake --install /home/ruize/dev_ws/build/usv_gazebo_plugins
[0.142s] -- Install configuration: ""
[0.142s] -- Up-to-date: /home/ruize/dev_ws/install/usv_gazebo_plugins/share/usv_gazebo_plugins/environment/library_path.sh
[0.143s] -- Up-to-date: /home/ruize/dev_ws/install/usv_gazebo_plugins/share/usv_gazebo_plugins/environment/library_path.dsv
[0.143s] -- Up-to-date: /home/ruize/dev_ws/install/usv_gazebo_plugins/lib/libbuoyancy_gazebo_plugin.so
[0.143s] -- Up-to-date: /home/ruize/dev_ws/install/usv_gazebo_plugins/include/usv_gazebo_plugins
[0.143s] -- Up-to-date: /home/ruize/dev_ws/install/usv_gazebo_plugins/include/usv_gazebo_plugins/buoyancy_gazebo_plugin.hh
[0.144s] -- Up-to-date: /home/ruize/dev_ws/install/usv_gazebo_plugins/include/usv_gazebo_plugins/WavefieldEntity.hh
[0.144s] -- Up-to-date: /home/ruize/dev_ws/install/usv_gazebo_plugins/include/usv_gazebo_plugins/WavefieldModelPlugin.hh
[0.144s] -- Up-to-date: /home/ruize/dev_ws/install/usv_gazebo_plugins/include/usv_gazebo_plugins/Wavefield.hh
[0.144s] -- Up-to-date: /home/ruize/dev_ws/install/usv_gazebo_plugins/include/usv_gazebo_plugins/shape_volume.hh
[0.144s] -- Up-to-date: /home/ruize/dev_ws/install/usv_gazebo_plugins/include/usv_gazebo_plugins/polyhedron_volume.hh
[0.144s] -- Up-to-date: /home/ruize/dev_ws/install/usv_gazebo_plugins/include
[0.144s] -- Up-to-date: /home/ruize/dev_ws/install/usv_gazebo_plugins/include/usv_gazebo_plugins
[0.145s] -- Up-to-date: /home/ruize/dev_ws/install/usv_gazebo_plugins/include/usv_gazebo_plugins
[0.145s] -- Up-to-date: /home/ruize/dev_ws/install/usv_gazebo_plugins/include/usv_gazebo_plugins/ament_cpplint
[0.145s] -- Up-to-date: /home/ruize/dev_ws/install/usv_gazebo_plugins/include/usv_gazebo_plugins/ament_cmake_export_dependencies
[0.145s] -- Up-to-date: /home/ruize/dev_ws/install/usv_gazebo_plugins/include/usv_gazebo_plugins/ament_xmllint
[0.145s] -- Up-to-date: /home/ruize/dev_ws/install/usv_gazebo_plugins/include/usv_gazebo_plugins/ament_pep257
[0.145s] -- Up-to-date: /home/ruize/dev_ws/install/usv_gazebo_plugins/include/usv_gazebo_plugins/ament_cmake_environment_hooks
[0.145s] -- Up-to-date: /home/ruize/dev_ws/install/usv_gazebo_plugins/include/usv_gazebo_plugins/ament_flake8
[0.145s] -- Up-to-date: /home/ruize/dev_ws/install/usv_gazebo_plugins/include/usv_gazebo_plugins/ament_cmake_uninstall_target
[0.145s] -- Up-to-date: /home/ruize/dev_ws/install/usv_gazebo_plugins/include/usv_gazebo_plugins/ament_cmake_core
[0.145s] -- Up-to-date: /home/ruize/dev_ws/install/usv_gazebo_plugins/include/usv_gazebo_plugins/ament_cmake_core/stamps
[0.146s] -- Up-to-date: /home/ruize/dev_ws/install/usv_gazebo_plugins/include/usv_gazebo_plugins/ament_cppcheck
[0.146s] -- Up-to-date: /home/ruize/dev_ws/install/usv_gazebo_plugins/include/usv_gazebo_plugins/ament_uncrustify
[0.146s] -- Up-to-date: /home/ruize/dev_ws/install/usv_gazebo_plugins/include/usv_gazebo_plugins/ament_cmake_package_templates
[0.146s] -- Up-to-date: /home/ruize/dev_ws/install/usv_gazebo_plugins/include/usv_gazebo_plugins/worlds
[0.146s] -- Up-to-date: /home/ruize/dev_ws/install/usv_gazebo_plugins/include/usv_gazebo_plugins/CMakeFiles
[0.146s] -- Up-to-date: /home/ruize/dev_ws/install/usv_gazebo_plugins/include/usv_gazebo_plugins/CMakeFiles/usv_gazebo_thrust_plugin.dir
[0.146s] -- Up-to-date: /home/ruize/dev_ws/install/usv_gazebo_plugins/include/usv_gazebo_plugins/CMakeFiles/usv_gazebo_thrust_plugin.dir/src
[0.146s] -- Up-to-date: /home/ruize/dev_ws/install/usv_gazebo_plugins/include/usv_gazebo_plugins/CMakeFiles/uninstall.dir
[0.146s] -- Up-to-date: /home/ruize/dev_ws/install/usv_gazebo_plugins/include/usv_gazebo_plugins/CMakeFiles/3.16.3
[0.147s] -- Up-to-date: /home/ruize/dev_ws/install/usv_gazebo_plugins/include/usv_gazebo_plugins/CMakeFiles/3.16.3/CompilerIdCXX
[0.147s] -- Up-to-date: /home/ruize/dev_ws/install/usv_gazebo_plugins/include/usv_gazebo_plugins/CMakeFiles/3.16.3/CompilerIdCXX/tmp
[0.147s] -- Up-to-date: /home/ruize/dev_ws/install/usv_gazebo_plugins/include/usv_gazebo_plugins/CMakeFiles/3.16.3/CompilerIdC
[0.147s] -- Up-to-date: /home/ruize/dev_ws/install/usv_gazebo_plugins/include/usv_gazebo_plugins/CMakeFiles/3.16.3/CompilerIdC/tmp
[0.147s] -- Up-to-date: /home/ruize/dev_ws/install/usv_gazebo_plugins/include/usv_gazebo_plugins/CMakeFiles/usv_gazebo_wind_plugin.dir
[0.147s] -- Up-to-date: /home/ruize/dev_ws/install/usv_gazebo_plugins/include/usv_gazebo_plugins/CMakeFiles/usv_gazebo_wind_plugin.dir/src
[0.147s] -- Up-to-date: /home/ruize/dev_ws/install/usv_gazebo_plugins/include/usv_gazebo_plugins/CMakeFiles/usv_gazebo_plugins__xacro_auto_generate.dir
[0.147s] -- Up-to-date: /home/ruize/dev_ws/install/usv_gazebo_plugins/include/usv_gazebo_plugins/CMakeFiles/usv_gazebo_dynamics_plugin.dir
[0.147s] -- Up-to-date: /home/ruize/dev_ws/install/usv_gazebo_plugins/include/usv_gazebo_plugins/CMakeFiles/usv_gazebo_dynamics_plugin.dir/src
[0.147s] -- Up-to-date: /home/ruize/dev_ws/install/usv_gazebo_plugins/include/usv_gazebo_plugins/CMakeFiles/buoyancy_gazebo_plugin.dir
[0.147s] -- Up-to-date: /home/ruize/dev_ws/install/usv_gazebo_plugins/include/usv_gazebo_plugins/CMakeFiles/buoyancy_gazebo_plugin.dir/src
[0.147s] -- Up-to-date: /home/ruize/dev_ws/install/usv_gazebo_plugins/include/usv_gazebo_plugins/CMakeFiles/CMakeTmp
[0.147s] -- Up-to-date: /home/ruize/dev_ws/install/usv_gazebo_plugins/include/usv_gazebo_plugins/CMakeFiles/usv_gazebo_plugins_uninstall.dir
[0.148s] -- Up-to-date: /home/ruize/dev_ws/install/usv_gazebo_plugins/include/usv_gazebo_plugins/CMakeFiles/usv_gazebo_acoustic_pinger_plugin.dir
[0.148s] -- Up-to-date: /home/ruize/dev_ws/install/usv_gazebo_plugins/include/usv_gazebo_plugins/CMakeFiles/usv_gazebo_acoustic_pinger_plugin.dir/src
[0.148s] -- Up-to-date: /home/ruize/dev_ws/install/usv_gazebo_plugins/include/usv_gazebo_plugins/ament_lint_cmake
[0.148s] -- Up-to-date: /home/ruize/dev_ws/install/usv_gazebo_plugins/include/usv_gazebo_plugins/ament_cmake_export_include_directories
[0.148s] -- Up-to-date: /home/ruize/dev_ws/install/usv_gazebo_plugins/include/usv_gazebo_plugins/ament_copyright
[0.148s] -- Up-to-date: /home/ruize/dev_ws/install/usv_gazebo_plugins/include/usv_gazebo_plugins/ament_cmake_index
[0.148s] -- Up-to-date: /home/ruize/dev_ws/install/usv_gazebo_plugins/include/usv_gazebo_plugins/ament_cmake_index/share
[0.148s] -- Up-to-date: /home/ruize/dev_ws/install/usv_gazebo_plugins/include/usv_gazebo_plugins/ament_cmake_index/share/ament_index
[0.148s] -- Up-to-date: /home/ruize/dev_ws/install/usv_gazebo_plugins/include/usv_gazebo_plugins/ament_cmake_index/share/ament_index/resource_index
[0.148s] -- Up-to-date: /home/ruize/dev_ws/install/usv_gazebo_plugins/include/usv_gazebo_plugins/ament_cmake_index/share/ament_index/resource_index/packages
[0.148s] -- Up-to-date: /home/ruize/dev_ws/install/usv_gazebo_plugins/include/usv_gazebo_plugins/ament_cmake_index/share/ament_index/resource_index/parent_prefix_path
[0.148s] -- Up-to-date: /home/ruize/dev_ws/install/usv_gazebo_plugins/include/usv_gazebo_plugins/ament_cmake_index/share/ament_index/resource_index/package_run_dependencies
[0.148s] -- Up-to-date: /home/ruize/dev_ws/install/usv_gazebo_plugins/include/usv_gazebo_plugins/ament_cmake_export_libraries
[0.148s] -- Up-to-date: /home/ruize/dev_ws/install/usv_gazebo_plugins/share/usv_gazebo_plugins/worlds/buoyancy_plugin_demo.world
[0.148s] -- Up-to-date: /home/ruize/dev_ws/install/usv_gazebo_plugins/share/usv_gazebo_plugins/worlds
[0.148s] -- Up-to-date: /home/ruize/dev_ws/install/usv_gazebo_plugins/share/usv_gazebo_plugins/worlds/buoyancy_plugin_demo.world.xacro
[0.148s] -- Up-to-date: /home/ruize/dev_ws/install/usv_gazebo_plugins/include/usv_gazebo_plugins
[0.148s] -- Up-to-date: /home/ruize/dev_ws/install/usv_gazebo_plugins/include/usv_gazebo_plugins/buoyancy_gazebo_plugin.hh
[0.148s] -- Up-to-date: /home/ruize/dev_ws/install/usv_gazebo_plugins/include/usv_gazebo_plugins/WavefieldEntity.hh
[0.148s] -- Up-to-date: /home/ruize/dev_ws/install/usv_gazebo_plugins/include/usv_gazebo_plugins/WavefieldModelPlugin.hh
[0.149s] -- Up-to-date: /home/ruize/dev_ws/install/usv_gazebo_plugins/include/usv_gazebo_plugins/Wavefield.hh
[0.149s] -- Up-to-date: /home/ruize/dev_ws/install/usv_gazebo_plugins/include/usv_gazebo_plugins/shape_volume.hh
[0.149s] -- Up-to-date: /home/ruize/dev_ws/install/usv_gazebo_plugins/include/usv_gazebo_plugins/polyhedron_volume.hh
[0.149s] -- Up-to-date: /home/ruize/dev_ws/install/usv_gazebo_plugins/share/usv_gazebo_plugins/launch
[0.149s] -- Installing: /home/ruize/dev_ws/install/usv_gazebo_plugins/share/usv_gazebo_plugins/launch/buoyancy_plugin_demo.launch.py
[0.149s] -- Up-to-date: /home/ruize/dev_ws/install/usv_gazebo_plugins/share/usv_gazebo_plugins/launch/buoyancy_plugin_demo.launch
[0.149s] -- Up-to-date: /home/ruize/dev_ws/install/usv_gazebo_plugins/share/ament_index/resource_index/package_run_dependencies/usv_gazebo_plugins
[0.149s] -- Up-to-date: /home/ruize/dev_ws/install/usv_gazebo_plugins/share/ament_index/resource_index/parent_prefix_path/usv_gazebo_plugins
[0.149s] -- Up-to-date: /home/ruize/dev_ws/install/usv_gazebo_plugins/share/usv_gazebo_plugins/environment/ament_prefix_path.sh
[0.149s] -- Up-to-date: /home/ruize/dev_ws/install/usv_gazebo_plugins/share/usv_gazebo_plugins/environment/ament_prefix_path.dsv
[0.149s] -- Up-to-date: /home/ruize/dev_ws/install/usv_gazebo_plugins/share/usv_gazebo_plugins/environment/path.sh
[0.149s] -- Up-to-date: /home/ruize/dev_ws/install/usv_gazebo_plugins/share/usv_gazebo_plugins/environment/path.dsv
[0.149s] -- Up-to-date: /home/ruize/dev_ws/install/usv_gazebo_plugins/share/usv_gazebo_plugins/local_setup.bash
[0.149s] -- Up-to-date: /home/ruize/dev_ws/install/usv_gazebo_plugins/share/usv_gazebo_plugins/local_setup.sh
[0.149s] -- Up-to-date: /home/ruize/dev_ws/install/usv_gazebo_plugins/share/usv_gazebo_plugins/local_setup.zsh
[0.149s] -- Up-to-date: /home/ruize/dev_ws/install/usv_gazebo_plugins/share/usv_gazebo_plugins/local_setup.dsv
[0.149s] -- Installing: /home/ruize/dev_ws/install/usv_gazebo_plugins/share/usv_gazebo_plugins/package.dsv
[0.149s] -- Up-to-date: /home/ruize/dev_ws/install/usv_gazebo_plugins/share/ament_index/resource_index/packages/usv_gazebo_plugins
[0.149s] -- Up-to-date: /home/ruize/dev_ws/install/usv_gazebo_plugins/share/usv_gazebo_plugins/cmake/ament_cmake_export_include_directories-extras.cmake
[0.149s] -- Up-to-date: /home/ruize/dev_ws/install/usv_gazebo_plugins/share/usv_gazebo_plugins/cmake/ament_cmake_export_dependencies-extras.cmake
[0.149s] -- Up-to-date: /home/ruize/dev_ws/install/usv_gazebo_plugins/share/usv_gazebo_plugins/cmake/ament_cmake_export_libraries-extras.cmake
[0.149s] -- Up-to-date: /home/ruize/dev_ws/install/usv_gazebo_plugins/share/usv_gazebo_plugins/cmake/usv_gazebo_pluginsConfig.cmake
[0.149s] -- Up-to-date: /home/ruize/dev_ws/install/usv_gazebo_plugins/share/usv_gazebo_plugins/cmake/usv_gazebo_pluginsConfig-version.cmake
[0.149s] -- Up-to-date: /home/ruize/dev_ws/install/usv_gazebo_plugins/share/usv_gazebo_plugins/package.xml
[0.151s] Invoked command in '/home/ruize/dev_ws/build/usv_gazebo_plugins' returned '0': CMAKE_PREFIX_PATH=${CMAKE_PREFIX_PATH}:/opt/ros/foxy /usr/bin/cmake --install /home/ruize/dev_ws/build/usv_gazebo_plugins
