[0.016s] Invoking command in '/home/ruize/dev_ws/build/usv_msgs': /usr/bin/cmake /home/ruize/dev_ws/src/usv_msgs -DCMAKE_INSTALL_PREFIX=/home/ruize/dev_ws/install/usv_msgs
[0.056s] -- The C compiler identification is GNU 9.3.0
[0.091s] -- The CXX compiler identification is GNU 9.3.0
[0.094s] -- Check for working C compiler: /usr/bin/cc
[0.149s] -- Check for working C compiler: /usr/bin/cc -- works
[0.149s] -- Detecting C compiler ABI info
[0.195s] -- Detecting C compiler ABI info - done
[0.203s] -- Detecting C compile features
[0.203s] -- Detecting C compile features - done
[0.205s] -- Check for working CXX compiler: /usr/bin/c++
[0.263s] -- Check for working CXX compiler: /usr/bin/c++ -- works
[0.263s] -- Detecting CXX compiler ABI info
[0.316s] -- Detecting CXX compiler ABI info - done
[0.325s] -- Detecting CXX compile features
[0.325s] -- Detecting CXX compile features - done
[0.327s] -- Found ament_cmake: 0.9.8 (/opt/ros/foxy/share/ament_cmake/cmake)
[0.345s] -- Found PythonInterp: /usr/bin/python3 (found suitable version "3.8.5", minimum required is "3") 
[0.345s] -- Using PYTHON_EXECUTABLE: /usr/bin/python3
[0.480s] -- Found rosidl_default_generators: 1.0.0 (/opt/ros/foxy/share/rosidl_default_generators/cmake)
[0.483s] -- Using all available rosidl_typesupport_c: rosidl_typesupport_fastrtps_c;rosidl_typesupport_introspection_c
[0.488s] -- Found rosidl_adapter: 1.2.0 (/opt/ros/foxy/share/rosidl_adapter/cmake)
[0.553s] -- Found OpenSSL: /usr/lib/x86_64-linux-gnu/libcrypto.so (found version "1.1.1f")  
[0.578s] -- Found FastRTPS: /opt/ros/foxy/include  
[0.636s] -- Using all available rosidl_typesupport_cpp: rosidl_typesupport_fastrtps_cpp;rosidl_typesupport_introspection_cpp
[0.669s] CMake Error at CMakeLists.txt:21 (find_package):
[0.669s]   By not providing "Findmessage_package.cmake" in CMAKE_MODULE_PATH this
[0.669s]   project has asked CMake to find a package configuration file provided by
[0.669s]   "message_package", but CMake did not find one.
[0.669s] 
[0.670s]   Could not find a package configuration file provided by "message_package"
[0.670s]   with any of the following names:
[0.670s] 
[0.670s]     message_packageConfig.cmake
[0.670s]     message_package-config.cmake
[0.670s] 
[0.670s]   Add the installation prefix of "message_package" to CMAKE_PREFIX_PATH or
[0.670s]   set "message_package_DIR" to a directory containing one of the above files.
[0.670s]   If "message_package" provides a separate development package or SDK, be
[0.670s]   sure it has been installed.
[0.670s] 
[0.670s] 
[0.670s] -- Configuring incomplete, errors occurred!
[0.670s] See also "/home/ruize/dev_ws/build/usv_msgs/CMakeFiles/CMakeOutput.log".
[0.675s] Invoked command in '/home/ruize/dev_ws/build/usv_msgs' returned '1': /usr/bin/cmake /home/ruize/dev_ws/src/usv_msgs -DCMAKE_INSTALL_PREFIX=/home/ruize/dev_ws/install/usv_msgs
