[0.271s] DEBUG:colcon:Command line arguments: ['/usr/bin/colcon', 'build', '--packages-select', 'wave_gazebo']
[0.272s] DEBUG:colcon:Parsed command line arguments: Namespace(ament_cmake_args=None, base_paths=['.'], build_base='build', catkin_cmake_args=None, catkin_skip_building_tests=False, cmake_args=None, cmake_clean_cache=False, cmake_clean_first=False, cmake_force_configure=False, cmake_target=None, cmake_target_skip_unavailable=False, continue_on_error=False, event_handlers=None, executor='parallel', ignore_user_meta=False, install_base='install', log_base=None, log_level=None, main=<bound method BuildVerb.main of <colcon_core.verb.build.BuildVerb object at 0x7fe4046402b0>>, merge_install=False, metas=['./colcon.meta'], packages_above=None, packages_above_and_dependencies=None, packages_above_depth=None, packages_end=None, packages_ignore=None, packages_ignore_regex=None, packages_select=['wave_gazebo'], packages_select_build_failed=False, packages_select_by_dep=None, packages_select_regex=None, packages_select_test_failures=False, packages_skip=None, packages_skip_build_finished=False, packages_skip_by_dep=None, packages_skip_regex=None, packages_skip_test_passed=False, packages_skip_up_to=None, packages_start=None, packages_up_to=None, packages_up_to_regex=None, parallel_workers=4, paths=None, symlink_install=False, test_result_base=None, verb_extension=<colcon_core.verb.build.BuildVerb object at 0x7fe4046402b0>, verb_name='build', verb_parser=<colcon_defaults.argument_parser.defaults.DefaultArgumentsDecorator object at 0x7fe4046407f0>)
[0.281s] Level 1:colcon.colcon_core.package_discovery:discover_packages(colcon_meta) check parameters
[0.281s] Level 1:colcon.colcon_core.package_discovery:discover_packages(recursive) check parameters
[0.281s] Level 1:colcon.colcon_core.package_discovery:discover_packages(ignore) check parameters
[0.281s] Level 1:colcon.colcon_core.package_discovery:discover_packages(path) check parameters
[0.281s] Level 1:colcon.colcon_core.package_discovery:discover_packages(colcon_meta) discover
[0.281s] Level 1:colcon.colcon_core.package_discovery:discover_packages(recursive) discover
[0.281s] INFO:colcon.colcon_core.package_discovery:Crawling recursively for packages in '/home/ruize/dev_ws'
[0.281s] Level 1:colcon.colcon_core.package_identification:_identify(.) by extensions ['ignore', 'ignore_ament_install']
[0.281s] Level 1:colcon.colcon_core.package_identification:_identify(.) by extension 'ignore'
[0.281s] Level 1:colcon.colcon_core.package_identification:_identify(.) by extension 'ignore_ament_install'
[0.282s] Level 1:colcon.colcon_core.package_identification:_identify(.) by extensions ['colcon_pkg']
[0.282s] Level 1:colcon.colcon_core.package_identification:_identify(.) by extension 'colcon_pkg'
[0.282s] Level 1:colcon.colcon_core.package_identification:_identify(.) by extensions ['colcon_meta']
[0.282s] Level 1:colcon.colcon_core.package_identification:_identify(.) by extension 'colcon_meta'
[0.282s] Level 1:colcon.colcon_core.package_identification:_identify(.) by extensions ['ros']
[0.282s] Level 1:colcon.colcon_core.package_identification:_identify(.) by extension 'ros'
[0.291s] Level 1:colcon.colcon_core.package_identification:_identify(.) by extensions ['cmake', 'python']
[0.292s] Level 1:colcon.colcon_core.package_identification:_identify(.) by extension 'cmake'
[0.292s] Level 1:colcon.colcon_core.package_identification:_identify(.) by extension 'python'
[0.292s] Level 1:colcon.colcon_core.package_identification:_identify(.) by extensions ['python_setup_py']
[0.292s] Level 1:colcon.colcon_core.package_identification:_identify(.) by extension 'python_setup_py'
[0.292s] Level 1:colcon.colcon_core.package_identification:_identify(build) by extensions ['ignore', 'ignore_ament_install']
[0.292s] Level 1:colcon.colcon_core.package_identification:_identify(build) by extension 'ignore'
[0.293s] Level 1:colcon.colcon_core.package_identification:_identify(build) ignored
[0.293s] Level 1:colcon.colcon_core.package_identification:_identify(install) by extensions ['ignore', 'ignore_ament_install']
[0.293s] Level 1:colcon.colcon_core.package_identification:_identify(install) by extension 'ignore'
[0.293s] Level 1:colcon.colcon_core.package_identification:_identify(install) ignored
[0.293s] Level 1:colcon.colcon_core.package_identification:_identify(log) by extensions ['ignore', 'ignore_ament_install']
[0.293s] Level 1:colcon.colcon_core.package_identification:_identify(log) by extension 'ignore'
[0.293s] Level 1:colcon.colcon_core.package_identification:_identify(log) ignored
[0.293s] Level 1:colcon.colcon_core.package_identification:_identify(src) by extensions ['ignore', 'ignore_ament_install']
[0.293s] Level 1:colcon.colcon_core.package_identification:_identify(src) by extension 'ignore'
[0.294s] Level 1:colcon.colcon_core.package_identification:_identify(src) by extension 'ignore_ament_install'
[0.294s] Level 1:colcon.colcon_core.package_identification:_identify(src) by extensions ['colcon_pkg']
[0.294s] Level 1:colcon.colcon_core.package_identification:_identify(src) by extension 'colcon_pkg'
[0.294s] Level 1:colcon.colcon_core.package_identification:_identify(src) by extensions ['colcon_meta']
[0.294s] Level 1:colcon.colcon_core.package_identification:_identify(src) by extension 'colcon_meta'
[0.294s] Level 1:colcon.colcon_core.package_identification:_identify(src) by extensions ['ros']
[0.294s] Level 1:colcon.colcon_core.package_identification:_identify(src) by extension 'ros'
[0.294s] Level 1:colcon.colcon_core.package_identification:_identify(src) by extensions ['cmake', 'python']
[0.294s] Level 1:colcon.colcon_core.package_identification:_identify(src) by extension 'cmake'
[0.294s] Level 1:colcon.colcon_core.package_identification:_identify(src) by extension 'python'
[0.294s] Level 1:colcon.colcon_core.package_identification:_identify(src) by extensions ['python_setup_py']
[0.294s] Level 1:colcon.colcon_core.package_identification:_identify(src) by extension 'python_setup_py'
[0.295s] Level 1:colcon.colcon_core.package_identification:_identify(src/usv_gazebo_plugins) by extensions ['ignore', 'ignore_ament_install']
[0.295s] Level 1:colcon.colcon_core.package_identification:_identify(src/usv_gazebo_plugins) by extension 'ignore'
[0.295s] Level 1:colcon.colcon_core.package_identification:_identify(src/usv_gazebo_plugins) by extension 'ignore_ament_install'
[0.295s] Level 1:colcon.colcon_core.package_identification:_identify(src/usv_gazebo_plugins) by extensions ['colcon_pkg']
[0.295s] Level 1:colcon.colcon_core.package_identification:_identify(src/usv_gazebo_plugins) by extension 'colcon_pkg'
[0.296s] Level 1:colcon.colcon_core.package_identification:_identify(src/usv_gazebo_plugins) by extensions ['colcon_meta']
[0.296s] Level 1:colcon.colcon_core.package_identification:_identify(src/usv_gazebo_plugins) by extension 'colcon_meta'
[0.296s] Level 1:colcon.colcon_core.package_identification:_identify(src/usv_gazebo_plugins) by extensions ['ros']
[0.296s] Level 1:colcon.colcon_core.package_identification:_identify(src/usv_gazebo_plugins) by extension 'ros'
[0.300s] DEBUG:colcon.colcon_core.package_identification:Package 'src/usv_gazebo_plugins' with type 'ros.ament_cmake' and name 'usv_gazebo_plugins'
[0.300s] Level 1:colcon.colcon_core.package_identification:_identify(src/usv_msgs) by extensions ['ignore', 'ignore_ament_install']
[0.300s] Level 1:colcon.colcon_core.package_identification:_identify(src/usv_msgs) by extension 'ignore'
[0.301s] Level 1:colcon.colcon_core.package_identification:_identify(src/usv_msgs) by extension 'ignore_ament_install'
[0.301s] Level 1:colcon.colcon_core.package_identification:_identify(src/usv_msgs) by extensions ['colcon_pkg']
[0.301s] Level 1:colcon.colcon_core.package_identification:_identify(src/usv_msgs) by extension 'colcon_pkg'
[0.301s] Level 1:colcon.colcon_core.package_identification:_identify(src/usv_msgs) by extensions ['colcon_meta']
[0.301s] Level 1:colcon.colcon_core.package_identification:_identify(src/usv_msgs) by extension 'colcon_meta'
[0.301s] Level 1:colcon.colcon_core.package_identification:_identify(src/usv_msgs) by extensions ['ros']
[0.301s] Level 1:colcon.colcon_core.package_identification:_identify(src/usv_msgs) by extension 'ros'
[0.302s] DEBUG:colcon.colcon_core.package_identification:Package 'src/usv_msgs' with type 'ros.ament_cmake' and name 'usv_msgs'
[0.302s] Level 1:colcon.colcon_core.package_identification:_identify(src/vrx_gazebo) by extensions ['ignore', 'ignore_ament_install']
[0.302s] Level 1:colcon.colcon_core.package_identification:_identify(src/vrx_gazebo) by extension 'ignore'
[0.302s] Level 1:colcon.colcon_core.package_identification:_identify(src/vrx_gazebo) by extension 'ignore_ament_install'
[0.302s] Level 1:colcon.colcon_core.package_identification:_identify(src/vrx_gazebo) by extensions ['colcon_pkg']
[0.302s] Level 1:colcon.colcon_core.package_identification:_identify(src/vrx_gazebo) by extension 'colcon_pkg'
[0.302s] Level 1:colcon.colcon_core.package_identification:_identify(src/vrx_gazebo) by extensions ['colcon_meta']
[0.302s] Level 1:colcon.colcon_core.package_identification:_identify(src/vrx_gazebo) by extension 'colcon_meta'
[0.302s] Level 1:colcon.colcon_core.package_identification:_identify(src/vrx_gazebo) by extensions ['ros']
[0.302s] Level 1:colcon.colcon_core.package_identification:_identify(src/vrx_gazebo) by extension 'ros'
[0.303s] DEBUG:colcon.colcon_core.package_identification:Package 'src/vrx_gazebo' with type 'ros.ament_cmake' and name 'vrx_gazebo'
[0.303s] Level 1:colcon.colcon_core.package_identification:_identify(src/wamv_description) by extensions ['ignore', 'ignore_ament_install']
[0.303s] Level 1:colcon.colcon_core.package_identification:_identify(src/wamv_description) by extension 'ignore'
[0.303s] Level 1:colcon.colcon_core.package_identification:_identify(src/wamv_description) by extension 'ignore_ament_install'
[0.303s] Level 1:colcon.colcon_core.package_identification:_identify(src/wamv_description) by extensions ['colcon_pkg']
[0.303s] Level 1:colcon.colcon_core.package_identification:_identify(src/wamv_description) by extension 'colcon_pkg'
[0.303s] Level 1:colcon.colcon_core.package_identification:_identify(src/wamv_description) by extensions ['colcon_meta']
[0.303s] Level 1:colcon.colcon_core.package_identification:_identify(src/wamv_description) by extension 'colcon_meta'
[0.303s] Level 1:colcon.colcon_core.package_identification:_identify(src/wamv_description) by extensions ['ros']
[0.303s] Level 1:colcon.colcon_core.package_identification:_identify(src/wamv_description) by extension 'ros'
[0.304s] DEBUG:colcon.colcon_core.package_identification:Package 'src/wamv_description' with type 'ros.ament_cmake' and name 'wamv_description'
[0.304s] Level 1:colcon.colcon_core.package_identification:_identify(src/wamv_gazebo) by extensions ['ignore', 'ignore_ament_install']
[0.304s] Level 1:colcon.colcon_core.package_identification:_identify(src/wamv_gazebo) by extension 'ignore'
[0.304s] Level 1:colcon.colcon_core.package_identification:_identify(src/wamv_gazebo) by extension 'ignore_ament_install'
[0.304s] Level 1:colcon.colcon_core.package_identification:_identify(src/wamv_gazebo) by extensions ['colcon_pkg']
[0.304s] Level 1:colcon.colcon_core.package_identification:_identify(src/wamv_gazebo) by extension 'colcon_pkg'
[0.304s] Level 1:colcon.colcon_core.package_identification:_identify(src/wamv_gazebo) by extensions ['colcon_meta']
[0.304s] Level 1:colcon.colcon_core.package_identification:_identify(src/wamv_gazebo) by extension 'colcon_meta'
[0.305s] Level 1:colcon.colcon_core.package_identification:_identify(src/wamv_gazebo) by extensions ['ros']
[0.305s] Level 1:colcon.colcon_core.package_identification:_identify(src/wamv_gazebo) by extension 'ros'
[0.306s] DEBUG:colcon.colcon_core.package_identification:Package 'src/wamv_gazebo' with type 'ros.ament_cmake' and name 'wamv_gazebo'
[0.306s] Level 1:colcon.colcon_core.package_identification:_identify(src/wave_gazebo) by extensions ['ignore', 'ignore_ament_install']
[0.306s] Level 1:colcon.colcon_core.package_identification:_identify(src/wave_gazebo) by extension 'ignore'
[0.306s] Level 1:colcon.colcon_core.package_identification:_identify(src/wave_gazebo) by extension 'ignore_ament_install'
[0.306s] Level 1:colcon.colcon_core.package_identification:_identify(src/wave_gazebo) by extensions ['colcon_pkg']
[0.306s] Level 1:colcon.colcon_core.package_identification:_identify(src/wave_gazebo) by extension 'colcon_pkg'
[0.306s] Level 1:colcon.colcon_core.package_identification:_identify(src/wave_gazebo) by extensions ['colcon_meta']
[0.306s] Level 1:colcon.colcon_core.package_identification:_identify(src/wave_gazebo) by extension 'colcon_meta'
[0.306s] Level 1:colcon.colcon_core.package_identification:_identify(src/wave_gazebo) by extensions ['ros']
[0.306s] Level 1:colcon.colcon_core.package_identification:_identify(src/wave_gazebo) by extension 'ros'
[0.307s] DEBUG:colcon.colcon_core.package_identification:Package 'src/wave_gazebo' with type 'ros.ament_cmake' and name 'wave_gazebo'
[0.307s] Level 1:colcon.colcon_core.package_identification:_identify(src/wave_gazebo_plugins) by extensions ['ignore', 'ignore_ament_install']
[0.307s] Level 1:colcon.colcon_core.package_identification:_identify(src/wave_gazebo_plugins) by extension 'ignore'
[0.307s] Level 1:colcon.colcon_core.package_identification:_identify(src/wave_gazebo_plugins) by extension 'ignore_ament_install'
[0.307s] Level 1:colcon.colcon_core.package_identification:_identify(src/wave_gazebo_plugins) by extensions ['colcon_pkg']
[0.307s] Level 1:colcon.colcon_core.package_identification:_identify(src/wave_gazebo_plugins) by extension 'colcon_pkg'
[0.307s] Level 1:colcon.colcon_core.package_identification:_identify(src/wave_gazebo_plugins) by extensions ['colcon_meta']
[0.307s] Level 1:colcon.colcon_core.package_identification:_identify(src/wave_gazebo_plugins) by extension 'colcon_meta'
[0.307s] Level 1:colcon.colcon_core.package_identification:_identify(src/wave_gazebo_plugins) by extensions ['ros']
[0.308s] Level 1:colcon.colcon_core.package_identification:_identify(src/wave_gazebo_plugins) by extension 'ros'
[0.308s] DEBUG:colcon.colcon_core.package_identification:Package 'src/wave_gazebo_plugins' with type 'ros.ament_cmake' and name 'wave_gazebo_plugins'
[0.308s] Level 1:colcon.colcon_core.package_discovery:discover_packages(recursive) using defaults
[0.308s] Level 1:colcon.colcon_core.package_discovery:discover_packages(ignore) discover
[0.308s] Level 1:colcon.colcon_core.package_discovery:discover_packages(ignore) using defaults
[0.308s] Level 1:colcon.colcon_core.package_discovery:discover_packages(path) discover
[0.308s] Level 1:colcon.colcon_core.package_discovery:discover_packages(path) using defaults
[0.332s] INFO:colcon.colcon_core.package_selection:Skipping not selected package 'usv_msgs' in 'src/usv_msgs'
[0.332s] INFO:colcon.colcon_core.package_selection:Skipping not selected package 'vrx_gazebo' in 'src/vrx_gazebo'
[0.332s] INFO:colcon.colcon_core.package_selection:Skipping not selected package 'wamv_description' in 'src/wamv_description'
[0.332s] INFO:colcon.colcon_core.package_selection:Skipping not selected package 'wave_gazebo_plugins' in 'src/wave_gazebo_plugins'
[0.332s] INFO:colcon.colcon_core.package_selection:Skipping not selected package 'usv_gazebo_plugins' in 'src/usv_gazebo_plugins'
[0.332s] INFO:colcon.colcon_core.package_selection:Skipping not selected package 'wamv_gazebo' in 'src/wamv_gazebo'
[0.335s] Level 5:colcon.colcon_core.verb:set package 'wave_gazebo' build argument 'cmake_args' from command line to 'None'
[0.335s] Level 5:colcon.colcon_core.verb:set package 'wave_gazebo' build argument 'cmake_target' from command line to 'None'
[0.335s] Level 5:colcon.colcon_core.verb:set package 'wave_gazebo' build argument 'cmake_target_skip_unavailable' from command line to 'False'
[0.335s] Level 5:colcon.colcon_core.verb:set package 'wave_gazebo' build argument 'cmake_clean_cache' from command line to 'False'
[0.335s] Level 5:colcon.colcon_core.verb:set package 'wave_gazebo' build argument 'cmake_clean_first' from command line to 'False'
[0.335s] Level 5:colcon.colcon_core.verb:set package 'wave_gazebo' build argument 'cmake_force_configure' from command line to 'False'
[0.335s] Level 5:colcon.colcon_core.verb:set package 'wave_gazebo' build argument 'ament_cmake_args' from command line to 'None'
[0.335s] Level 5:colcon.colcon_core.verb:set package 'wave_gazebo' build argument 'catkin_cmake_args' from command line to 'None'
[0.335s] Level 5:colcon.colcon_core.verb:set package 'wave_gazebo' build argument 'catkin_skip_building_tests' from command line to 'False'
[0.335s] DEBUG:colcon.colcon_core.verb:Building package 'wave_gazebo' with the following arguments: {'ament_cmake_args': None, 'build_base': '/home/ruize/dev_ws/build/wave_gazebo', 'catkin_cmake_args': None, 'catkin_skip_building_tests': False, 'cmake_args': None, 'cmake_clean_cache': False, 'cmake_clean_first': False, 'cmake_force_configure': False, 'cmake_target': None, 'cmake_target_skip_unavailable': False, 'install_base': '/home/ruize/dev_ws/install/wave_gazebo', 'merge_install': False, 'path': '/home/ruize/dev_ws/src/wave_gazebo', 'symlink_install': False, 'test_result_base': None}
[0.336s] INFO:colcon.colcon_core.executor:Executing jobs using 'parallel' executor
[0.338s] DEBUG:colcon.colcon_parallel_executor.executor.parallel:run_until_complete
[0.339s] INFO:colcon.colcon_ros.task.ament_cmake.build:Building ROS package in '/home/ruize/dev_ws/src/wave_gazebo' with build type 'ament_cmake'
[0.339s] INFO:colcon.colcon_cmake.task.cmake.build:Building CMake package in '/home/ruize/dev_ws/src/wave_gazebo'
[0.343s] INFO:colcon.colcon_core.plugin_system:Skipping extension 'colcon_core.shell.bat': Not used on non-Windows systems
[0.343s] INFO:colcon.colcon_core.shell:Skip shell extension 'powershell' for command environment: Not usable outside of PowerShell
[0.344s] DEBUG:colcon.colcon_core.shell:Skip shell extension 'dsv' for command environment
[0.346s] DEBUG:colcon.colcon_core.shell:Ignoring prefix path '/opt/ros/foxy'
[0.356s] DEBUG:colcon.colcon_core.event_handler.log_command:Invoking command in '/home/ruize/dev_ws/build/wave_gazebo': CMAKE_PREFIX_PATH=/home/ruize/dev_ws/install/wave_gazebo_plugins:/home/ruize/dev_ws/install/wamv_gazebo:/home/ruize/dev_ws/install/usv_gazebo_plugins:/home/ruize/dev_ws/install/wave_gazebo:/home/ruize/dev_ws/install/wamv_description:/home/ruize/dev_ws/install/vrx_gazebo:/home/ruize/dev_ws/install/usv_msgs:/home/ruize/px4_ros_com_ros2/install/px4_ros_com:/home/ruize/px4_ros_com_ros2/install/px4_msgs:/opt/ros/foxy LD_LIBRARY_PATH=/home/ruize/dev_ws/install/wave_gazebo_plugins/lib:/home/ruize/dev_ws/install/usv_gazebo_plugins/lib:/home/ruize/dev_ws/install/usv_msgs/lib:/home/ruize/px4_ros_com_ros2/install/px4_ros_com/lib:/home/ruize/px4_ros_com_ros2/install/px4_msgs/lib:/usr/lib/x86_64-linux-gnu/gazebo-11/plugins:/opt/ros/foxy/opt/yaml_cpp_vendor/lib:/opt/ros/foxy/opt/rviz_ogre_vendor/lib:/opt/ros/foxy/lib/x86_64-linux-gnu:/opt/ros/foxy/lib /usr/bin/cmake --build /home/ruize/dev_ws/build/wave_gazebo -- -j4 -l4
[0.715s] DEBUG:colcon.colcon_core.event_handler.log_command:Invoked command in '/home/ruize/dev_ws/build/wave_gazebo' returned '0': CMAKE_PREFIX_PATH=/home/ruize/dev_ws/install/wave_gazebo_plugins:/home/ruize/dev_ws/install/wamv_gazebo:/home/ruize/dev_ws/install/usv_gazebo_plugins:/home/ruize/dev_ws/install/wave_gazebo:/home/ruize/dev_ws/install/wamv_description:/home/ruize/dev_ws/install/vrx_gazebo:/home/ruize/dev_ws/install/usv_msgs:/home/ruize/px4_ros_com_ros2/install/px4_ros_com:/home/ruize/px4_ros_com_ros2/install/px4_msgs:/opt/ros/foxy LD_LIBRARY_PATH=/home/ruize/dev_ws/install/wave_gazebo_plugins/lib:/home/ruize/dev_ws/install/usv_gazebo_plugins/lib:/home/ruize/dev_ws/install/usv_msgs/lib:/home/ruize/px4_ros_com_ros2/install/px4_ros_com/lib:/home/ruize/px4_ros_com_ros2/install/px4_msgs/lib:/usr/lib/x86_64-linux-gnu/gazebo-11/plugins:/opt/ros/foxy/opt/yaml_cpp_vendor/lib:/opt/ros/foxy/opt/rviz_ogre_vendor/lib:/opt/ros/foxy/lib/x86_64-linux-gnu:/opt/ros/foxy/lib /usr/bin/cmake --build /home/ruize/dev_ws/build/wave_gazebo -- -j4 -l4
[0.755s] DEBUG:colcon.colcon_core.event_handler.log_command:Invoking command in '/home/ruize/dev_ws/build/wave_gazebo': CMAKE_PREFIX_PATH=/home/ruize/dev_ws/install/wave_gazebo_plugins:/home/ruize/dev_ws/install/wamv_gazebo:/home/ruize/dev_ws/install/usv_gazebo_plugins:/home/ruize/dev_ws/install/wave_gazebo:/home/ruize/dev_ws/install/wamv_description:/home/ruize/dev_ws/install/vrx_gazebo:/home/ruize/dev_ws/install/usv_msgs:/home/ruize/px4_ros_com_ros2/install/px4_ros_com:/home/ruize/px4_ros_com_ros2/install/px4_msgs:/opt/ros/foxy LD_LIBRARY_PATH=/home/ruize/dev_ws/install/wave_gazebo_plugins/lib:/home/ruize/dev_ws/install/usv_gazebo_plugins/lib:/home/ruize/dev_ws/install/usv_msgs/lib:/home/ruize/px4_ros_com_ros2/install/px4_ros_com/lib:/home/ruize/px4_ros_com_ros2/install/px4_msgs/lib:/usr/lib/x86_64-linux-gnu/gazebo-11/plugins:/opt/ros/foxy/opt/yaml_cpp_vendor/lib:/opt/ros/foxy/opt/rviz_ogre_vendor/lib:/opt/ros/foxy/lib/x86_64-linux-gnu:/opt/ros/foxy/lib /usr/bin/cmake --install /home/ruize/dev_ws/build/wave_gazebo
[0.777s] Level 1:colcon.colcon_core.environment:create_environment_scripts_only(wave_gazebo)
[0.778s] DEBUG:colcon.colcon_core.event_handler.log_command:Invoked command in '/home/ruize/dev_ws/build/wave_gazebo' returned '0': CMAKE_PREFIX_PATH=/home/ruize/dev_ws/install/wave_gazebo_plugins:/home/ruize/dev_ws/install/wamv_gazebo:/home/ruize/dev_ws/install/usv_gazebo_plugins:/home/ruize/dev_ws/install/wave_gazebo:/home/ruize/dev_ws/install/wamv_description:/home/ruize/dev_ws/install/vrx_gazebo:/home/ruize/dev_ws/install/usv_msgs:/home/ruize/px4_ros_com_ros2/install/px4_ros_com:/home/ruize/px4_ros_com_ros2/install/px4_msgs:/opt/ros/foxy LD_LIBRARY_PATH=/home/ruize/dev_ws/install/wave_gazebo_plugins/lib:/home/ruize/dev_ws/install/usv_gazebo_plugins/lib:/home/ruize/dev_ws/install/usv_msgs/lib:/home/ruize/px4_ros_com_ros2/install/px4_ros_com/lib:/home/ruize/px4_ros_com_ros2/install/px4_msgs/lib:/usr/lib/x86_64-linux-gnu/gazebo-11/plugins:/opt/ros/foxy/opt/yaml_cpp_vendor/lib:/opt/ros/foxy/opt/rviz_ogre_vendor/lib:/opt/ros/foxy/lib/x86_64-linux-gnu:/opt/ros/foxy/lib /usr/bin/cmake --install /home/ruize/dev_ws/build/wave_gazebo
[0.784s] Level 1:colcon.colcon_core.environment:checking '/home/ruize/dev_ws/install/wave_gazebo' for CMake module files
[0.785s] Level 1:colcon.colcon_core.environment:checking '/home/ruize/dev_ws/install/wave_gazebo' for CMake config files
[0.786s] Level 1:colcon.colcon_core.shell:create_environment_hook('wave_gazebo', 'cmake_prefix_path')
[0.786s] INFO:colcon.colcon_core.shell:Creating environment hook '/home/ruize/dev_ws/install/wave_gazebo/share/wave_gazebo/hook/cmake_prefix_path.ps1'
[0.787s] INFO:colcon.colcon_core.shell:Creating environment descriptor '/home/ruize/dev_ws/install/wave_gazebo/share/wave_gazebo/hook/cmake_prefix_path.dsv'
[0.788s] INFO:colcon.colcon_core.shell:Creating environment hook '/home/ruize/dev_ws/install/wave_gazebo/share/wave_gazebo/hook/cmake_prefix_path.sh'
[0.789s] Level 1:colcon.colcon_core.environment:checking '/home/ruize/dev_ws/install/wave_gazebo/bin'
[0.790s] Level 1:colcon.colcon_core.environment:checking '/home/ruize/dev_ws/install/wave_gazebo/lib/pkgconfig/wave_gazebo.pc'
[0.790s] Level 1:colcon.colcon_core.environment:checking '/home/ruize/dev_ws/install/wave_gazebo/lib/python3.8/site-packages'
[0.791s] INFO:colcon.colcon_core.shell:Creating package script '/home/ruize/dev_ws/install/wave_gazebo/share/wave_gazebo/package.ps1'
[0.793s] INFO:colcon.colcon_core.shell:Creating package descriptor '/home/ruize/dev_ws/install/wave_gazebo/share/wave_gazebo/package.dsv'
[0.795s] INFO:colcon.colcon_core.shell:Creating package script '/home/ruize/dev_ws/install/wave_gazebo/share/wave_gazebo/package.sh'
[0.796s] INFO:colcon.colcon_core.shell:Creating package script '/home/ruize/dev_ws/install/wave_gazebo/share/wave_gazebo/package.bash'
[0.797s] INFO:colcon.colcon_core.shell:Creating package script '/home/ruize/dev_ws/install/wave_gazebo/share/wave_gazebo/package.zsh'
[0.799s] Level 1:colcon.colcon_core.environment:create_file_with_runtime_dependencies(/home/ruize/dev_ws/install/wave_gazebo/share/colcon-core/packages/wave_gazebo)
[0.823s] Level 1:colcon.colcon_core.environment:create_environment_scripts_only(wave_gazebo)
[0.825s] Level 1:colcon.colcon_core.environment:checking '/home/ruize/dev_ws/install/wave_gazebo' for CMake module files
[0.825s] Level 1:colcon.colcon_core.environment:checking '/home/ruize/dev_ws/install/wave_gazebo' for CMake config files
[0.825s] Level 1:colcon.colcon_core.shell:create_environment_hook('wave_gazebo', 'cmake_prefix_path')
[0.826s] INFO:colcon.colcon_core.shell:Creating environment hook '/home/ruize/dev_ws/install/wave_gazebo/share/wave_gazebo/hook/cmake_prefix_path.ps1'
[0.828s] INFO:colcon.colcon_core.shell:Creating environment descriptor '/home/ruize/dev_ws/install/wave_gazebo/share/wave_gazebo/hook/cmake_prefix_path.dsv'
[0.828s] INFO:colcon.colcon_core.shell:Creating environment hook '/home/ruize/dev_ws/install/wave_gazebo/share/wave_gazebo/hook/cmake_prefix_path.sh'
[0.829s] Level 1:colcon.colcon_core.environment:checking '/home/ruize/dev_ws/install/wave_gazebo/bin'
[0.829s] Level 1:colcon.colcon_core.environment:checking '/home/ruize/dev_ws/install/wave_gazebo/lib/pkgconfig/wave_gazebo.pc'
[0.829s] Level 1:colcon.colcon_core.environment:checking '/home/ruize/dev_ws/install/wave_gazebo/lib/python3.8/site-packages'
[0.830s] INFO:colcon.colcon_core.shell:Creating package script '/home/ruize/dev_ws/install/wave_gazebo/share/wave_gazebo/package.ps1'
[0.831s] INFO:colcon.colcon_core.shell:Creating package descriptor '/home/ruize/dev_ws/install/wave_gazebo/share/wave_gazebo/package.dsv'
[0.831s] INFO:colcon.colcon_core.shell:Creating package script '/home/ruize/dev_ws/install/wave_gazebo/share/wave_gazebo/package.sh'
[0.832s] INFO:colcon.colcon_core.shell:Creating package script '/home/ruize/dev_ws/install/wave_gazebo/share/wave_gazebo/package.bash'
[0.832s] INFO:colcon.colcon_core.shell:Creating package script '/home/ruize/dev_ws/install/wave_gazebo/share/wave_gazebo/package.zsh'
[0.833s] Level 1:colcon.colcon_core.environment:create_file_with_runtime_dependencies(/home/ruize/dev_ws/install/wave_gazebo/share/colcon-core/packages/wave_gazebo)
[0.833s] DEBUG:colcon.colcon_parallel_executor.executor.parallel:closing loop
[0.833s] DEBUG:colcon.colcon_parallel_executor.executor.parallel:loop closed
[0.833s] DEBUG:colcon.colcon_parallel_executor.executor.parallel:run_until_complete finished with '0'
[0.833s] DEBUG:colcon.colcon_core.event_reactor:joining thread
[0.844s] INFO:colcon.colcon_core.plugin_system:Skipping extension 'colcon_notification.desktop_notification.terminal_notifier': Not used on non-Darwin systems
[0.844s] INFO:colcon.colcon_core.plugin_system:Skipping extension 'colcon_notification.desktop_notification.win32': Not used on non-Windows systems
[0.844s] INFO:colcon.colcon_notification.desktop_notification:Sending desktop notification using 'notify2'
[0.867s] DEBUG:colcon.colcon_core.event_reactor:joined thread
[0.868s] INFO:colcon.colcon_core.shell:Creating prefix script '/home/ruize/dev_ws/install/local_setup.ps1'
[0.870s] INFO:colcon.colcon_core.shell:Creating prefix util module '/home/ruize/dev_ws/install/_local_setup_util_ps1.py'
[0.872s] INFO:colcon.colcon_core.shell:Creating prefix chain script '/home/ruize/dev_ws/install/setup.ps1'
[0.876s] INFO:colcon.colcon_core.shell:Creating prefix script '/home/ruize/dev_ws/install/local_setup.sh'
[0.878s] INFO:colcon.colcon_core.shell:Creating prefix util module '/home/ruize/dev_ws/install/_local_setup_util_sh.py'
[0.879s] INFO:colcon.colcon_core.shell:Creating prefix chain script '/home/ruize/dev_ws/install/setup.sh'
[0.884s] INFO:colcon.colcon_core.shell:Creating prefix script '/home/ruize/dev_ws/install/local_setup.bash'
[0.884s] INFO:colcon.colcon_core.shell:Creating prefix chain script '/home/ruize/dev_ws/install/setup.bash'
[0.888s] INFO:colcon.colcon_core.shell:Creating prefix script '/home/ruize/dev_ws/install/local_setup.zsh'
[0.889s] INFO:colcon.colcon_core.shell:Creating prefix chain script '/home/ruize/dev_ws/install/setup.zsh'
