[0.017s] Invoking command in '/home/ruize/dev_ws/build/usv_gazebo_plugins': CMAKE_PREFIX_PATH=${CMAKE_PREFIX_PATH}:/opt/ros/foxy /usr/bin/cmake --build /home/ruize/dev_ws/build/usv_gazebo_plugins -- -j4 -l4
[0.043s] -- Found ament_cmake: 0.9.8 (/opt/ros/foxy/share/ament_cmake/cmake)
[0.060s] -- Using PYTHON_EXECUTABLE: /usr/bin/python3
[0.196s] -- Found gazebo_ros: 3.5.0 (/opt/ros/foxy/share/gazebo_ros/cmake)
[0.221s] -- Using all available rosidl_typesupport_c: rosidl_typesupport_fastrtps_c;rosidl_typesupport_introspection_c
[0.224s] -- Found rosidl_adapter: 1.2.0 (/opt/ros/foxy/share/rosidl_adapter/cmake)
[0.324s] -- Using all available rosidl_typesupport_cpp: rosidl_typesupport_fastrtps_cpp;rosidl_typesupport_introspection_cpp
[0.361s] -- Found rmw_implementation_cmake: 1.0.2 (/opt/ros/foxy/share/rmw_implementation_cmake/cmake)
[0.362s] -- Using RMW implementation 'rmw_fastrtps_cpp' as default
[0.518s] -- Found DART: /usr/include (Required is at least version "6.6") found components: dart 
[0.543s] -- Found Protobuf: /usr/lib/x86_64-linux-gnu/libprotobuf.so;-lpthread (found version "3.6.1") 
[0.545s] -- Looking for ignition-math6 -- found version 6.8.0
[0.549s] -- Searching for dependencies of ignition-math6
[0.552s] -- Looking for OGRE...
[0.557s] -- Found Ogre Ghadamon (1.9.0)
[0.557s] -- Found OGRE: optimized;/usr/lib/x86_64-linux-gnu/libOgreMain.so;debug;/usr/lib/x86_64-linux-gnu/libOgreMain.so
[0.567s] -- Looking for OGRE_Paging...
[0.567s] -- Found OGRE_Paging: optimized;/usr/lib/x86_64-linux-gnu/libOgrePaging.so;debug;/usr/lib/x86_64-linux-gnu/libOgrePaging.so
[0.567s] -- Looking for OGRE_Terrain...
[0.567s] -- Found OGRE_Terrain: optimized;/usr/lib/x86_64-linux-gnu/libOgreTerrain.so;debug;/usr/lib/x86_64-linux-gnu/libOgreTerrain.so
[0.567s] -- Looking for OGRE_Property...
[0.568s] -- Found OGRE_Property: optimized;/usr/lib/x86_64-linux-gnu/libOgreProperty.so;debug;/usr/lib/x86_64-linux-gnu/libOgreProperty.so
[0.569s] -- Looking for OGRE_RTShaderSystem...
[0.569s] -- Found OGRE_RTShaderSystem: optimized;/usr/lib/x86_64-linux-gnu/libOgreRTShaderSystem.so;debug;/usr/lib/x86_64-linux-gnu/libOgreRTShaderSystem.so
[0.570s] -- Looking for OGRE_Volume...
[0.570s] -- Found OGRE_Volume: optimized;/usr/lib/x86_64-linux-gnu/libOgreVolume.so;debug;/usr/lib/x86_64-linux-gnu/libOgreVolume.so
[0.570s] -- Looking for OGRE_Overlay...
[0.572s] -- Found OGRE_Overlay: optimized;/usr/lib/x86_64-linux-gnu/libOgreOverlay.so;debug;/usr/lib/x86_64-linux-gnu/libOgreOverlay.so
[0.681s] -- Looking for ignition-math6 -- found version 6.8.0
[0.689s] -- Looking for ignition-transport8 -- found version 8.2.0
[0.689s] -- Searching for dependencies of ignition-transport8
[0.706s] -- Found Protobuf: /usr/lib/x86_64-linux-gnu/libprotobuf.so;-lpthread (found suitable version "3.6.1", minimum required is "3") 
[0.720s] -- Config-file not installed for ZeroMQ -- checking for pkg-config
[0.725s] -- Checking for module 'libzmq >= 4'
[0.745s] --   Found libzmq , version 4.3.2
[0.793s] -- Checking for module 'uuid'
[0.808s] --   Found uuid, version 2.34.0
[0.839s] -- Looking for ignition-msgs5 -- found version 5.7.0
[0.840s] -- Searching for dependencies of ignition-msgs5
[0.860s] -- Looking for ignition-math6 -- found version 6.8.0
[0.865s] -- Checking for module 'tinyxml2'
[0.879s] --   Found tinyxml2, version 6.2.0
[0.910s] -- Looking for ignition-msgs5 -- found version 5.7.0
[0.910s] -- Looking for ignition-common3 -- found version 3.11.1
[0.911s] -- Searching for dependencies of ignition-common3
[0.911s] -- Looking for dlfcn.h - found
[0.911s] -- Looking for libdl - found
[0.921s] -- Searching for <ignition-common3> component [graphics]
[0.921s] -- Looking for ignition-common3-graphics -- found version 3.11.1
[0.921s] -- Searching for dependencies of ignition-common3-graphics
[0.922s] -- Looking for ignition-math6 -- found version 6.8.0
[0.923s] -- Looking for ignition-fuel_tools4 -- found version 4.3.0
[0.923s] -- Searching for dependencies of ignition-fuel_tools4
[0.946s] -- Checking for module 'jsoncpp'
[0.959s] --   Found jsoncpp, version 1.7.4
[0.998s] -- Checking for module 'libzip'
[1.016s] --   Found libzip, version 1.5.1
[1.048s] -- Looking for ignition-common3 -- found version 3.11.1
[1.048s] -- Looking for ignition-msgs5 -- found version 5.7.0
[1.048s] -- Gazebo version: 11.3
[1.056s] -- Found rosidl_default_generators: 1.0.0 (/opt/ros/foxy/share/rosidl_default_generators/cmake)
[1.064s] -- Found xacro: 2.0.4 (/opt/ros/foxy/share/xacro/cmake)
[1.064s] -- Found wave_gazebo_plugins: 1.3.0 (/home/ruize/dev_ws/install/wave_gazebo_plugins/share/wave_gazebo_plugins/cmake)
[1.080s] -- Found usv_msgs: 0.0.0 (/home/ruize/dev_ws/install/usv_msgs/share/usv_msgs/cmake)
[1.127s] -- xacro: determining deps for: worlds/buoyancy_plugin_demo.world.xacro ...
[1.187s] -- Found ament_lint_auto: 0.9.6 (/opt/ros/foxy/share/ament_lint_auto/cmake)
[1.251s] -- Added test 'copyright' to check source files copyright and LICENSE
[1.253s] -- Added test 'cppcheck' to perform static code analysis on C / C++ code
[1.255s] -- Configured cppcheck include dirs: /home/ruize/dev_ws/src/usv_gazebo_plugins/include
[1.255s] -- Configured cppcheck exclude dirs and/or files: 
[1.258s] -- Added test 'cpplint' to check C / C++ code against the Google style
[1.259s] -- Configured cpplint exclude dirs and/or files: 
[1.262s] -- Added test 'flake8' to check Python code syntax and style conventions
[1.263s] -- Added test 'lint_cmake' to check CMake code style
[1.263s] -- Added test 'pep257' to check Python code against some of the style conventions in PEP 257
[1.263s] -- Added test 'uncrustify' to check C / C++ code style
[1.263s] -- Configured uncrustify additional arguments: 
[1.263s] -- Added test 'xmllint' to check XML markup files
[1.265s] -- Configuring done
[1.291s] -- Generating done
[1.295s] -- Build files have been written to: /home/ruize/dev_ws/build/usv_gazebo_plugins
[1.325s] [35m[1mScanning dependencies of target usv_gazebo_dynamics_plugin[0m
[1.337s] [ 14%] Built target usv_gazebo_plugins__xacro_auto_generate
[1.361s] [ 71%] Built target buoyancy_gazebo_plugin
[1.454s] [ 85%] [32mBuilding CXX object CMakeFiles/usv_gazebo_dynamics_plugin.dir/src/usv_gazebo_dynamics_plugin.cc.o[0m
[1.465s] [01m[K/home/ruize/dev_ws/src/usv_gazebo_plugins/src/usv_gazebo_dynamics_plugin.cc:18:10:[m[K [01;31m[Kfatal error: [m[Ktf2/LinearMath/Transform.h: No such file or directory
[1.465s]    18 | #include [01;31m[K<tf2/LinearMath/Transform.h>[m[K
[1.465s]       |          [01;31m[K^~~~~~~~~~~~~~~~~~~~~~~~~~~~[m[K
[1.465s] compilation terminated.
[1.466s] make[2]: *** [CMakeFiles/usv_gazebo_dynamics_plugin.dir/build.make:63: CMakeFiles/usv_gazebo_dynamics_plugin.dir/src/usv_gazebo_dynamics_plugin.cc.o] Error 1
[1.466s] make[1]: *** [CMakeFiles/Makefile2:109: CMakeFiles/usv_gazebo_dynamics_plugin.dir/all] Error 2
[1.466s] make: *** [Makefile:141: all] Error 2
[1.468s] Invoked command in '/home/ruize/dev_ws/build/usv_gazebo_plugins' returned '2': CMAKE_PREFIX_PATH=${CMAKE_PREFIX_PATH}:/opt/ros/foxy /usr/bin/cmake --build /home/ruize/dev_ws/build/usv_gazebo_plugins -- -j4 -l4
