[0.014s] Invoking command in '/home/ruize/dev_ws/build/usv_gazebo_plugins': AMENT_PREFIX_PATH=/home/ruize/dev_ws/install/wave_gazebo_plugins:${AMENT_PREFIX_PATH} CMAKE_PREFIX_PATH=/home/ruize/dev_ws/install/wave_gazebo_plugins:/home/ruize/dev_ws/install/usv_msgs:/home/ruize/px4_ros_com_ros2/install/px4_ros_com:/home/ruize/px4_ros_com_ros2/install/px4_msgs:/opt/ros/foxy LD_LIBRARY_PATH=/home/ruize/dev_ws/install/wave_gazebo_plugins/lib:${LD_LIBRARY_PATH} /usr/bin/cmake --build /home/ruize/dev_ws/build/usv_gazebo_plugins -- -j4 -l4
[0.051s] [35m[1mScanning dependencies of target usv_gazebo_dynamics_plugin[0m
[0.062s] [  7%] [32mBuilding CXX object CMakeFiles/usv_gazebo_wind_plugin.dir/src/usv_gazebo_wind_plugin.cc.o[0m
[0.062s] [ 15%] [32mBuilding CXX object CMakeFiles/buoyancy_gazebo_plugin.dir/src/buoyancy_gazebo_plugin.cc.o[0m
[0.068s] [ 23%] [32mBuilding CXX object CMakeFiles/usv_gazebo_dynamics_plugin.dir/src/usv_gazebo_dynamics_plugin.cc.o[0m
[0.072s] [ 30%] [32mBuilding CXX object CMakeFiles/usv_gazebo_acoustic_pinger_plugin.dir/src/acoustic_pinger_plugin.cc.o[0m
[0.073s] [01m[K/home/ruize/dev_ws/src/usv_gazebo_plugins/src/usv_gazebo_wind_plugin.cc:18:10:[m[K [01;31m[Kfatal error: [m[Krclcpp/rclcpp.hpp: No such file or directory
[0.073s]    18 | #include [01;31m[K<rclcpp/rclcpp.hpp>[m[K
[0.073s]       |          [01;31m[K^~~~~~~~~~~~~~~~~~~[m[K
[0.074s] compilation terminated.
[0.075s] make[2]: *** [CMakeFiles/usv_gazebo_wind_plugin.dir/build.make:63: CMakeFiles/usv_gazebo_wind_plugin.dir/src/usv_gazebo_wind_plugin.cc.o] Error 1
[0.076s] make[1]: *** [CMakeFiles/Makefile2:142: CMakeFiles/usv_gazebo_wind_plugin.dir/all] Error 2
[0.076s] make[1]: *** Waiting for unfinished jobs....
[0.079s] [01m[K/home/ruize/dev_ws/src/usv_gazebo_plugins/src/usv_gazebo_dynamics_plugin.cc:18:10:[m[K [01;31m[Kfatal error: [m[Krclcpp/rclcpp.hpp: No such file or directory
[0.079s]    18 | #include [01;31m[K<rclcpp/rclcpp.hpp>[m[K
[0.079s]       |          [01;31m[K^~~~~~~~~~~~~~~~~~~[m[K
[0.079s] compilation terminated.
[0.080s] make[2]: *** [CMakeFiles/usv_gazebo_dynamics_plugin.dir/build.make:63: CMakeFiles/usv_gazebo_dynamics_plugin.dir/src/usv_gazebo_dynamics_plugin.cc.o] Error 1
[0.081s] make[1]: *** [CMakeFiles/Makefile2:115: CMakeFiles/usv_gazebo_dynamics_plugin.dir/all] Error 2
[0.084s] [01m[K/home/ruize/dev_ws/src/usv_gazebo_plugins/src/acoustic_pinger_plugin.cc:46:10:[m[K [01;31m[Kfatal error: [m[Krclcpp/rclcpp.hpp: No such file or directory
[0.084s]    46 | #include [01;31m[K"rclcpp/rclcpp.hpp"[m[K
[0.084s]       |          [01;31m[K^~~~~~~~~~~~~~~~~~~[m[K
[0.084s] compilation terminated.
[0.085s] make[2]: *** [CMakeFiles/usv_gazebo_acoustic_pinger_plugin.dir/build.make:63: CMakeFiles/usv_gazebo_acoustic_pinger_plugin.dir/src/acoustic_pinger_plugin.cc.o] Error 1
[0.085s] make[1]: *** [CMakeFiles/Makefile2:196: CMakeFiles/usv_gazebo_acoustic_pinger_plugin.dir/all] Error 2
[0.092s] [ 38%] [32mBuilding CXX object CMakeFiles/buoyancy_gazebo_plugin.dir/src/polyhedron_volume.cc.o[0m
[0.092s] [ 46%] [32mBuilding CXX object CMakeFiles/buoyancy_gazebo_plugin.dir/src/shape_volume.cc.o[0m
[0.107s] [01m[K/home/ruize/dev_ws/src/usv_gazebo_plugins/src/buoyancy_gazebo_plugin.cc:20:10:[m[K [01;31m[Kfatal error: [m[Kgazebo/common/Assert.hh: No such file or directory
[0.107s]    20 | #include [01;31m[K<gazebo/common/Assert.hh>[m[K
[0.107s]       |          [01;31m[K^~~~~~~~~~~~~~~~~~~~~~~~~[m[K
[0.107s] compilation terminated.
[0.108s] make[2]: *** [CMakeFiles/buoyancy_gazebo_plugin.dir/build.make:63: CMakeFiles/buoyancy_gazebo_plugin.dir/src/buoyancy_gazebo_plugin.cc.o] Error 1
[0.109s] make[2]: *** Waiting for unfinished jobs....
[0.112s] In file included from [01m[K/home/ruize/dev_ws/src/usv_gazebo_plugins/src/polyhedron_volume.cc:18[m[K:
[0.112s] [01m[K/home/ruize/dev_ws/src/usv_gazebo_plugins/include/usv_gazebo_plugins/polyhedron_volume.hh:22:10:[m[K [01;31m[Kfatal error: [m[Kgazebo/common/common.hh: No such file or directory
[0.112s]    22 | #include [01;31m[K<gazebo/common/common.hh>[m[K
[0.112s]       |          [01;31m[K^~~~~~~~~~~~~~~~~~~~~~~~~[m[K
[0.112s] compilation terminated.
[0.112s] make[2]: *** [CMakeFiles/buoyancy_gazebo_plugin.dir/build.make:89: CMakeFiles/buoyancy_gazebo_plugin.dir/src/polyhedron_volume.cc.o] Error 1
[0.180s] In file included from [01m[K/home/ruize/dev_ws/src/usv_gazebo_plugins/include/usv_gazebo_plugins/shape_volume.hh:26[m[K,
[0.180s]                  from [01m[K/home/ruize/dev_ws/src/usv_gazebo_plugins/src/shape_volume.cc:18[m[K:
[0.180s] [01m[K/home/ruize/dev_ws/src/usv_gazebo_plugins/include/usv_gazebo_plugins/polyhedron_volume.hh:22:10:[m[K [01;31m[Kfatal error: [m[Kgazebo/common/common.hh: No such file or directory
[0.180s]    22 | #include [01;31m[K<gazebo/common/common.hh>[m[K
[0.180s]       |          [01;31m[K^~~~~~~~~~~~~~~~~~~~~~~~~[m[K
[0.180s] compilation terminated.
[0.182s] make[2]: *** [CMakeFiles/buoyancy_gazebo_plugin.dir/build.make:76: CMakeFiles/buoyancy_gazebo_plugin.dir/src/shape_volume.cc.o] Error 1
[0.182s] make[1]: *** [CMakeFiles/Makefile2:88: CMakeFiles/buoyancy_gazebo_plugin.dir/all] Error 2
[0.182s] make: *** [Makefile:141: all] Error 2
[0.184s] Invoked command in '/home/ruize/dev_ws/build/usv_gazebo_plugins' returned '2': AMENT_PREFIX_PATH=/home/ruize/dev_ws/install/wave_gazebo_plugins:${AMENT_PREFIX_PATH} CMAKE_PREFIX_PATH=/home/ruize/dev_ws/install/wave_gazebo_plugins:/home/ruize/dev_ws/install/usv_msgs:/home/ruize/px4_ros_com_ros2/install/px4_ros_com:/home/ruize/px4_ros_com_ros2/install/px4_msgs:/opt/ros/foxy LD_LIBRARY_PATH=/home/ruize/dev_ws/install/wave_gazebo_plugins/lib:${LD_LIBRARY_PATH} /usr/bin/cmake --build /home/ruize/dev_ws/build/usv_gazebo_plugins -- -j4 -l4
