[0.021s] Invoking command in '/home/ruize/dev_ws/build/usv_gazebo_plugins': CMAKE_PREFIX_PATH=${CMAKE_PREFIX_PATH}:/opt/ros/foxy /usr/bin/cmake --build /home/ruize/dev_ws/build/usv_gazebo_plugins -- -j4 -l4
[0.056s] -- Found ament_cmake: 0.9.8 (/opt/ros/foxy/share/ament_cmake/cmake)
[0.074s] -- Using PYTHON_EXECUTABLE: /usr/bin/python3
[0.205s] -- Found gazebo_ros: 3.5.0 (/opt/ros/foxy/share/gazebo_ros/cmake)
[0.231s] -- Using all available rosidl_typesupport_c: rosidl_typesupport_fastrtps_c;rosidl_typesupport_introspection_c
[0.233s] -- Found rosidl_adapter: 1.2.0 (/opt/ros/foxy/share/rosidl_adapter/cmake)
[0.328s] -- Using all available rosidl_typesupport_cpp: rosidl_typesupport_fastrtps_cpp;rosidl_typesupport_introspection_cpp
[0.362s] -- Found rmw_implementation_cmake: 1.0.2 (/opt/ros/foxy/share/rmw_implementation_cmake/cmake)
[0.364s] -- Using RMW implementation 'rmw_fastrtps_cpp' as default
[0.515s] -- Found DART: /usr/include (Required is at least version "6.6") found components: dart 
[0.537s] -- Found Protobuf: /usr/lib/x86_64-linux-gnu/libprotobuf.so;-lpthread (found version "3.6.1") 
[0.538s] -- Looking for ignition-math6 -- found version 6.8.0
[0.541s] -- Searching for dependencies of ignition-math6
[0.542s] -- Looking for OGRE...
[0.547s] -- Found Ogre Ghadamon (1.9.0)
[0.547s] -- Found OGRE: optimized;/usr/lib/x86_64-linux-gnu/libOgreMain.so;debug;/usr/lib/x86_64-linux-gnu/libOgreMain.so
[0.555s] -- Looking for OGRE_Paging...
[0.555s] -- Found OGRE_Paging: optimized;/usr/lib/x86_64-linux-gnu/libOgrePaging.so;debug;/usr/lib/x86_64-linux-gnu/libOgrePaging.so
[0.555s] -- Looking for OGRE_Terrain...
[0.555s] -- Found OGRE_Terrain: optimized;/usr/lib/x86_64-linux-gnu/libOgreTerrain.so;debug;/usr/lib/x86_64-linux-gnu/libOgreTerrain.so
[0.555s] -- Looking for OGRE_Property...
[0.555s] -- Found OGRE_Property: optimized;/usr/lib/x86_64-linux-gnu/libOgreProperty.so;debug;/usr/lib/x86_64-linux-gnu/libOgreProperty.so
[0.555s] -- Looking for OGRE_RTShaderSystem...
[0.555s] -- Found OGRE_RTShaderSystem: optimized;/usr/lib/x86_64-linux-gnu/libOgreRTShaderSystem.so;debug;/usr/lib/x86_64-linux-gnu/libOgreRTShaderSystem.so
[0.556s] -- Looking for OGRE_Volume...
[0.556s] -- Found OGRE_Volume: optimized;/usr/lib/x86_64-linux-gnu/libOgreVolume.so;debug;/usr/lib/x86_64-linux-gnu/libOgreVolume.so
[0.556s] -- Looking for OGRE_Overlay...
[0.556s] -- Found OGRE_Overlay: optimized;/usr/lib/x86_64-linux-gnu/libOgreOverlay.so;debug;/usr/lib/x86_64-linux-gnu/libOgreOverlay.so
[0.646s] -- Looking for ignition-math6 -- found version 6.8.0
[0.646s] -- Looking for ignition-transport8 -- found version 8.2.0
[0.647s] -- Searching for dependencies of ignition-transport8
[0.664s] -- Found Protobuf: /usr/lib/x86_64-linux-gnu/libprotobuf.so;-lpthread (found suitable version "3.6.1", minimum required is "3") 
[0.679s] -- Config-file not installed for ZeroMQ -- checking for pkg-config
[0.683s] -- Checking for module 'libzmq >= 4'
[0.694s] --   Found libzmq , version 4.3.2
[0.736s] -- Checking for module 'uuid'
[0.750s] --   Found uuid, version 2.34.0
[0.783s] -- Looking for ignition-msgs5 -- found version 5.7.0
[0.784s] -- Searching for dependencies of ignition-msgs5
[0.813s] -- Looking for ignition-math6 -- found version 6.8.0
[0.816s] -- Checking for module 'tinyxml2'
[0.821s] --   Found tinyxml2, version 6.2.0
[0.872s] -- Looking for ignition-msgs5 -- found version 5.7.0
[0.872s] -- Looking for ignition-common3 -- found version 3.11.1
[0.872s] -- Searching for dependencies of ignition-common3
[0.872s] -- Looking for dlfcn.h - found
[0.872s] -- Looking for libdl - found
[0.879s] -- Searching for <ignition-common3> component [graphics]
[0.879s] -- Looking for ignition-common3-graphics -- found version 3.11.1
[0.880s] -- Searching for dependencies of ignition-common3-graphics
[0.880s] -- Looking for ignition-math6 -- found version 6.8.0
[0.882s] -- Looking for ignition-fuel_tools4 -- found version 4.3.0
[0.882s] -- Searching for dependencies of ignition-fuel_tools4
[0.903s] -- Checking for module 'jsoncpp'
[0.913s] --   Found jsoncpp, version 1.7.4
[0.944s] -- Checking for module 'libzip'
[0.955s] --   Found libzip, version 1.5.1
[0.983s] -- Looking for ignition-common3 -- found version 3.11.1
[0.983s] -- Looking for ignition-msgs5 -- found version 5.7.0
[0.984s] -- Gazebo version: 11.3
[0.990s] -- Found rosidl_default_generators: 1.0.0 (/opt/ros/foxy/share/rosidl_default_generators/cmake)
[0.998s] -- Found xacro: 2.0.4 (/opt/ros/foxy/share/xacro/cmake)
[0.998s] -- Found wave_gazebo_plugins: 1.3.0 (/home/ruize/dev_ws/install/wave_gazebo_plugins/share/wave_gazebo_plugins/cmake)
[1.010s] -- Found usv_msgs: 0.0.0 (/home/ruize/dev_ws/install/usv_msgs/share/usv_msgs/cmake)
[1.045s] -- xacro: determining deps for: worlds/buoyancy_plugin_demo.world.xacro ...
[1.109s] -- Found ament_lint_auto: 0.9.6 (/opt/ros/foxy/share/ament_lint_auto/cmake)
[1.157s] -- Added test 'copyright' to check source files copyright and LICENSE
[1.158s] -- Added test 'cppcheck' to perform static code analysis on C / C++ code
[1.159s] -- Configured cppcheck include dirs: /home/ruize/dev_ws/src/usv_gazebo_plugins/include
[1.159s] -- Configured cppcheck exclude dirs and/or files: 
[1.160s] -- Added test 'cpplint' to check C / C++ code against the Google style
[1.160s] -- Configured cpplint exclude dirs and/or files: 
[1.160s] -- Added test 'flake8' to check Python code syntax and style conventions
[1.160s] -- Added test 'lint_cmake' to check CMake code style
[1.161s] -- Added test 'pep257' to check Python code against some of the style conventions in PEP 257
[1.162s] -- Added test 'uncrustify' to check C / C++ code style
[1.162s] -- Configured uncrustify additional arguments: 
[1.162s] -- Added test 'xmllint' to check XML markup files
[1.165s] -- Configuring done
[1.187s] -- Generating done
[1.189s] -- Build files have been written to: /home/ruize/dev_ws/build/usv_gazebo_plugins
[1.213s] [35m[1mScanning dependencies of target usv_gazebo_dynamics_plugin[0m
[1.224s] [ 14%] Built target usv_gazebo_plugins__xacro_auto_generate
[1.243s] [ 71%] Built target buoyancy_gazebo_plugin
[1.303s] [ 85%] [32mBuilding CXX object CMakeFiles/usv_gazebo_dynamics_plugin.dir/src/usv_gazebo_dynamics_plugin.cc.o[0m
[1.309s] [01m[K/home/ruize/dev_ws/src/usv_gazebo_plugins/src/usv_gazebo_dynamics_plugin.cc:17:10:[m[K [01;31m[Kfatal error: [m[Krclcpp/rclcpp.hpp: No such file or directory
[1.309s]    17 | #include [01;31m[K<rclcpp/rclcpp.hpp>[m[K
[1.309s]       |          [01;31m[K^~~~~~~~~~~~~~~~~~~[m[K
[1.309s] compilation terminated.
[1.310s] make[2]: *** [CMakeFiles/usv_gazebo_dynamics_plugin.dir/build.make:63: CMakeFiles/usv_gazebo_dynamics_plugin.dir/src/usv_gazebo_dynamics_plugin.cc.o] Error 1
[1.311s] make[1]: *** [CMakeFiles/Makefile2:109: CMakeFiles/usv_gazebo_dynamics_plugin.dir/all] Error 2
[1.311s] make: *** [Makefile:141: all] Error 2
[1.321s] Invoked command in '/home/ruize/dev_ws/build/usv_gazebo_plugins' returned '2': CMAKE_PREFIX_PATH=${CMAKE_PREFIX_PATH}:/opt/ros/foxy /usr/bin/cmake --build /home/ruize/dev_ws/build/usv_gazebo_plugins -- -j4 -l4
