[0.009s] Invoking command in '/home/ruize/dev_ws/build/usv_msgs': CMAKE_PREFIX_PATH=${CMAKE_PREFIX_PATH}:/opt/ros/foxy /usr/bin/cmake --build /home/ruize/dev_ws/build/usv_msgs -- -j4 -l4
[0.029s] -- Found ament_cmake: 0.9.8 (/opt/ros/foxy/share/ament_cmake/cmake)
[0.043s] -- Found PythonInterp: /usr/bin/python3 (found suitable version "3.8.5", minimum required is "3") 
[0.043s] -- Using PYTHON_EXECUTABLE: /usr/bin/python3
[0.161s] -- Found rosidl_default_generators: 1.0.0 (/opt/ros/foxy/share/rosidl_default_generators/cmake)
[0.163s] -- Using all available rosidl_typesupport_c: rosidl_typesupport_fastrtps_c;rosidl_typesupport_introspection_c
[0.165s] -- Found rosidl_adapter: 1.2.0 (/opt/ros/foxy/share/rosidl_adapter/cmake)
[0.263s] -- Using all available rosidl_typesupport_cpp: rosidl_typesupport_fastrtps_cpp;rosidl_typesupport_introspection_cpp
[0.278s] -- Found builtin_interfaces: 1.0.0 (/opt/ros/foxy/share/builtin_interfaces/cmake)
[0.285s] -- Found std_msgs: 2.0.3 (/opt/ros/foxy/share/std_msgs/cmake)
[0.311s] -- Found PythonInterp: /usr/bin/python3 (found version "3.8.5") 
[0.411s] -- Found ament_cmake_ros: 0.9.1 (/opt/ros/foxy/share/ament_cmake_ros/cmake)
[0.538s] -- Using all available rosidl_typesupport_c: rosidl_typesupport_fastrtps_c;rosidl_typesupport_introspection_c
[0.581s] -- Using all available rosidl_typesupport_cpp: rosidl_typesupport_fastrtps_cpp;rosidl_typesupport_introspection_cpp
[0.600s] -- Found PythonInterp: /usr/bin/python3 (found suitable version "3.8.5", minimum required is "3.5") 
[0.600s] -- Found python_cmake_module: 0.8.0 (/opt/ros/foxy/share/python_cmake_module/cmake)
[0.618s] -- Using PYTHON_EXECUTABLE: /usr/bin/python3
[0.618s] -- Using PYTHON_INCLUDE_DIRS: /usr/include/python3.8
[0.619s] -- Using PYTHON_LIBRARIES: /usr/lib/x86_64-linux-gnu/libpython3.8.so
[0.644s] -- Found ament_lint_auto: 0.9.6 (/opt/ros/foxy/share/ament_lint_auto/cmake)
[0.652s] -- Added test 'copyright' to check source files copyright and LICENSE
[0.654s] -- Added test 'lint_cmake' to check CMake code style
[0.655s] -- Added test 'xmllint' to check XML markup files
[0.657s] -- Configuring done
[0.696s] -- Generating done
[0.700s] -- Build files have been written to: /home/ruize/dev_ws/build/usv_msgs
[0.730s] [  3%] Built target usv_msgs__cpp
[0.733s] [ 12%] Built target usv_msgs__rosidl_generator_c
[0.751s] [ 22%] Built target usv_msgs__rosidl_typesupport_introspection_cpp
[0.752s] [ 32%] Built target usv_msgs__rosidl_typesupport_cpp
[0.758s] [ 41%] Built target usv_msgs__rosidl_typesupport_fastrtps_cpp
[0.760s] [ 51%] Built target usv_msgs__rosidl_typesupport_introspection_c
[0.767s] [ 61%] Built target usv_msgs__rosidl_typesupport_c
[0.781s] [ 70%] Built target usv_msgs__rosidl_typesupport_fastrtps_c
[0.795s] [ 70%] Built target usv_msgs
[0.810s] [ 74%] Built target usv_msgs__py
[0.833s] [ 80%] Built target usv_msgs__python
[0.854s] [ 96%] Built target usv_msgs__rosidl_typesupport_introspection_c__pyext
[0.854s] [ 96%] Built target usv_msgs__rosidl_typesupport_c__pyext
[0.855s] [100%] Built target usv_msgs__rosidl_typesupport_fastrtps_c__pyext
[0.866s] Invoked command in '/home/ruize/dev_ws/build/usv_msgs' returned '0': CMAKE_PREFIX_PATH=${CMAKE_PREFIX_PATH}:/opt/ros/foxy /usr/bin/cmake --build /home/ruize/dev_ws/build/usv_msgs -- -j4 -l4
[0.912s] Invoking command in '/home/ruize/dev_ws/build/usv_msgs': CMAKE_PREFIX_PATH=${CMAKE_PREFIX_PATH}:/opt/ros/foxy /usr/bin/cmake --install /home/ruize/dev_ws/build/usv_msgs
[0.918s] -- Install configuration: ""
[0.918s] -- Up-to-date: /home/ruize/dev_ws/install/usv_msgs/share/ament_index/resource_index/rosidl_interfaces/usv_msgs
[0.918s] -- Up-to-date: /home/ruize/dev_ws/install/usv_msgs/include/usv_msgs
[0.918s] -- Up-to-date: /home/ruize/dev_ws/install/usv_msgs/include/usv_msgs/msg
[0.918s] -- Up-to-date: /home/ruize/dev_ws/install/usv_msgs/include/usv_msgs/msg/detail
[0.918s] -- Up-to-date: /home/ruize/dev_ws/install/usv_msgs/include/usv_msgs/msg/detail/range_bearing__functions.h
[0.918s] -- Up-to-date: /home/ruize/dev_ws/install/usv_msgs/include/usv_msgs/msg/detail/range_bearing__struct.h
[0.918s] -- Up-to-date: /home/ruize/dev_ws/install/usv_msgs/include/usv_msgs/msg/detail/range_bearing__type_support.h
[0.918s] -- Up-to-date: /home/ruize/dev_ws/install/usv_msgs/include/usv_msgs/msg/detail/range_bearing__functions.c
[0.918s] -- Up-to-date: /home/ruize/dev_ws/install/usv_msgs/include/usv_msgs/msg/range_bearing.h
[0.919s] -- Up-to-date: /home/ruize/dev_ws/install/usv_msgs/include/usv_msgs/msg/rosidl_generator_c__visibility_control.h
[0.919s] -- Up-to-date: /home/ruize/dev_ws/install/usv_msgs/share/usv_msgs/environment/library_path.sh
[0.919s] -- Installing: /home/ruize/dev_ws/install/usv_msgs/share/usv_msgs/environment/library_path.dsv
[0.919s] -- Up-to-date: /home/ruize/dev_ws/install/usv_msgs/lib/libusv_msgs__rosidl_generator_c.so
[0.919s] -- Up-to-date: /home/ruize/dev_ws/install/usv_msgs/include/usv_msgs
[0.919s] -- Up-to-date: /home/ruize/dev_ws/install/usv_msgs/include/usv_msgs/msg
[0.919s] -- Up-to-date: /home/ruize/dev_ws/install/usv_msgs/include/usv_msgs/msg/rosidl_typesupport_fastrtps_c__visibility_control.h
[0.919s] -- Up-to-date: /home/ruize/dev_ws/install/usv_msgs/include/usv_msgs/msg/detail
[0.919s] -- Up-to-date: /home/ruize/dev_ws/install/usv_msgs/include/usv_msgs/msg/detail/range_bearing__rosidl_typesupport_fastrtps_c.h
[0.919s] -- Up-to-date: /home/ruize/dev_ws/install/usv_msgs/lib/libusv_msgs__rosidl_typesupport_fastrtps_c.so
[0.919s] -- Up-to-date: /home/ruize/dev_ws/install/usv_msgs/include/usv_msgs
[0.919s] -- Up-to-date: /home/ruize/dev_ws/install/usv_msgs/include/usv_msgs/msg
[0.919s] -- Up-to-date: /home/ruize/dev_ws/install/usv_msgs/include/usv_msgs/msg/rosidl_typesupport_fastrtps_cpp__visibility_control.h
[0.919s] -- Up-to-date: /home/ruize/dev_ws/install/usv_msgs/include/usv_msgs/msg/detail
[0.919s] -- Up-to-date: /home/ruize/dev_ws/install/usv_msgs/include/usv_msgs/msg/detail/range_bearing__rosidl_typesupport_fastrtps_cpp.hpp
[0.919s] -- Up-to-date: /home/ruize/dev_ws/install/usv_msgs/include/usv_msgs/msg/detail/dds_fastrtps
[0.919s] -- Up-to-date: /home/ruize/dev_ws/install/usv_msgs/lib/libusv_msgs__rosidl_typesupport_fastrtps_cpp.so
[0.919s] -- Up-to-date: /home/ruize/dev_ws/install/usv_msgs/include/usv_msgs
[0.920s] -- Up-to-date: /home/ruize/dev_ws/install/usv_msgs/include/usv_msgs/msg
[0.920s] -- Up-to-date: /home/ruize/dev_ws/install/usv_msgs/include/usv_msgs/msg/detail
[0.920s] -- Up-to-date: /home/ruize/dev_ws/install/usv_msgs/include/usv_msgs/msg/detail/range_bearing__type_support.c
[0.920s] -- Up-to-date: /home/ruize/dev_ws/install/usv_msgs/include/usv_msgs/msg/detail/range_bearing__rosidl_typesupport_introspection_c.h
[0.920s] -- Up-to-date: /home/ruize/dev_ws/install/usv_msgs/include/usv_msgs/msg/rosidl_typesupport_introspection_c__visibility_control.h
[0.920s] -- Up-to-date: /home/ruize/dev_ws/install/usv_msgs/lib/libusv_msgs__rosidl_typesupport_introspection_c.so
[0.920s] -- Up-to-date: /home/ruize/dev_ws/install/usv_msgs/lib/libusv_msgs__rosidl_typesupport_c.so
[0.920s] -- Up-to-date: /home/ruize/dev_ws/install/usv_msgs/include/usv_msgs
[0.920s] -- Up-to-date: /home/ruize/dev_ws/install/usv_msgs/include/usv_msgs/msg
[0.920s] -- Up-to-date: /home/ruize/dev_ws/install/usv_msgs/include/usv_msgs/msg/detail
[0.920s] -- Up-to-date: /home/ruize/dev_ws/install/usv_msgs/include/usv_msgs/msg/detail/range_bearing__struct.hpp
[0.920s] -- Up-to-date: /home/ruize/dev_ws/install/usv_msgs/include/usv_msgs/msg/detail/range_bearing__builder.hpp
[0.920s] -- Up-to-date: /home/ruize/dev_ws/install/usv_msgs/include/usv_msgs/msg/detail/range_bearing__traits.hpp
[0.920s] -- Up-to-date: /home/ruize/dev_ws/install/usv_msgs/include/usv_msgs/msg/range_bearing.hpp
[0.920s] -- Up-to-date: /home/ruize/dev_ws/install/usv_msgs/include/usv_msgs
[0.920s] -- Up-to-date: /home/ruize/dev_ws/install/usv_msgs/include/usv_msgs/msg
[0.921s] -- Up-to-date: /home/ruize/dev_ws/install/usv_msgs/include/usv_msgs/msg/detail
[0.921s] -- Up-to-date: /home/ruize/dev_ws/install/usv_msgs/include/usv_msgs/msg/detail/range_bearing__rosidl_typesupport_introspection_cpp.hpp
[0.921s] -- Up-to-date: /home/ruize/dev_ws/install/usv_msgs/include/usv_msgs/msg/detail/range_bearing__type_support.cpp
[0.921s] -- Up-to-date: /home/ruize/dev_ws/install/usv_msgs/lib/libusv_msgs__rosidl_typesupport_introspection_cpp.so
[0.921s] -- Up-to-date: /home/ruize/dev_ws/install/usv_msgs/lib/libusv_msgs__rosidl_typesupport_cpp.so
[0.921s] -- Up-to-date: /home/ruize/dev_ws/install/usv_msgs/share/usv_msgs/environment/pythonpath.sh
[0.921s] -- Installing: /home/ruize/dev_ws/install/usv_msgs/share/usv_msgs/environment/pythonpath.dsv
[0.921s] -- Installing: /home/ruize/dev_ws/install/usv_msgs/lib/python3.8/site-packages/usv_msgs/__init__.py
[0.943s] Compiling '/home/ruize/dev_ws/install/usv_msgs/lib/python3.8/site-packages/usv_msgs/__init__.py'...
[0.946s] -- Up-to-date: /home/ruize/dev_ws/install/usv_msgs/lib/python3.8/site-packages/usv_msgs/msg
[0.946s] -- Up-to-date: /home/ruize/dev_ws/install/usv_msgs/lib/python3.8/site-packages/usv_msgs/msg/_range_bearing.py
[0.946s] -- Up-to-date: /home/ruize/dev_ws/install/usv_msgs/lib/python3.8/site-packages/usv_msgs/msg/__init__.py
[0.946s] -- Up-to-date: /home/ruize/dev_ws/install/usv_msgs/lib/python3.8/site-packages/usv_msgs/msg/_range_bearing_s.c
[0.947s] -- Up-to-date: /home/ruize/dev_ws/install/usv_msgs/lib/python3.8/site-packages/usv_msgs/usv_msgs_s__rosidl_typesupport_fastrtps_c.cpython-38-x86_64-linux-gnu.so
[0.947s] -- Up-to-date: /home/ruize/dev_ws/install/usv_msgs/lib/python3.8/site-packages/usv_msgs/usv_msgs_s__rosidl_typesupport_introspection_c.cpython-38-x86_64-linux-gnu.so
[0.948s] -- Up-to-date: /home/ruize/dev_ws/install/usv_msgs/lib/python3.8/site-packages/usv_msgs/usv_msgs_s__rosidl_typesupport_c.cpython-38-x86_64-linux-gnu.so
[0.948s] -- Up-to-date: /home/ruize/dev_ws/install/usv_msgs/lib/libusv_msgs__python.so
[0.948s] -- Up-to-date: /home/ruize/dev_ws/install/usv_msgs/share/usv_msgs/msg/RangeBearing.idl
[0.948s] -- Up-to-date: /home/ruize/dev_ws/install/usv_msgs/share/usv_msgs/msg/RangeBearing.msg
[0.948s] -- Installing: /home/ruize/dev_ws/install/usv_msgs/share/ament_index/resource_index/package_run_dependencies/usv_msgs
[0.949s] -- Installing: /home/ruize/dev_ws/install/usv_msgs/share/ament_index/resource_index/parent_prefix_path/usv_msgs
[0.949s] -- Up-to-date: /home/ruize/dev_ws/install/usv_msgs/share/usv_msgs/environment/ament_prefix_path.sh
[0.949s] -- Installing: /home/ruize/dev_ws/install/usv_msgs/share/usv_msgs/environment/ament_prefix_path.dsv
[0.949s] -- Up-to-date: /home/ruize/dev_ws/install/usv_msgs/share/usv_msgs/environment/path.sh
[0.949s] -- Installing: /home/ruize/dev_ws/install/usv_msgs/share/usv_msgs/environment/path.dsv
[0.949s] -- Up-to-date: /home/ruize/dev_ws/install/usv_msgs/share/usv_msgs/local_setup.bash
[0.949s] -- Up-to-date: /home/ruize/dev_ws/install/usv_msgs/share/usv_msgs/local_setup.sh
[0.950s] -- Up-to-date: /home/ruize/dev_ws/install/usv_msgs/share/usv_msgs/local_setup.zsh
[0.950s] -- Installing: /home/ruize/dev_ws/install/usv_msgs/share/usv_msgs/local_setup.dsv
[0.950s] -- Installing: /home/ruize/dev_ws/install/usv_msgs/share/usv_msgs/package.dsv
[0.950s] -- Up-to-date: /home/ruize/dev_ws/install/usv_msgs/share/ament_index/resource_index/packages/usv_msgs
[0.950s] -- Up-to-date: /home/ruize/dev_ws/install/usv_msgs/share/usv_msgs/cmake/usv_msgs__rosidl_generator_cExport.cmake
[0.950s] -- Installing: /home/ruize/dev_ws/install/usv_msgs/share/usv_msgs/cmake/usv_msgs__rosidl_generator_cExport-noconfig.cmake
[0.950s] -- Up-to-date: /home/ruize/dev_ws/install/usv_msgs/share/usv_msgs/cmake/usv_msgs__rosidl_typesupport_introspection_cExport.cmake
[0.950s] -- Installing: /home/ruize/dev_ws/install/usv_msgs/share/usv_msgs/cmake/usv_msgs__rosidl_typesupport_introspection_cExport-noconfig.cmake
[0.950s] -- Up-to-date: /home/ruize/dev_ws/install/usv_msgs/share/usv_msgs/cmake/usv_msgs__rosidl_typesupport_cExport.cmake
[0.951s] -- Installing: /home/ruize/dev_ws/install/usv_msgs/share/usv_msgs/cmake/usv_msgs__rosidl_typesupport_cExport-noconfig.cmake
[0.951s] -- Up-to-date: /home/ruize/dev_ws/install/usv_msgs/share/usv_msgs/cmake/usv_msgs__rosidl_generator_cppExport.cmake
[0.951s] -- Up-to-date: /home/ruize/dev_ws/install/usv_msgs/share/usv_msgs/cmake/usv_msgs__rosidl_typesupport_introspection_cppExport.cmake
[0.951s] -- Installing: /home/ruize/dev_ws/install/usv_msgs/share/usv_msgs/cmake/usv_msgs__rosidl_typesupport_introspection_cppExport-noconfig.cmake
[0.951s] -- Up-to-date: /home/ruize/dev_ws/install/usv_msgs/share/usv_msgs/cmake/usv_msgs__rosidl_typesupport_cppExport.cmake
[0.951s] -- Installing: /home/ruize/dev_ws/install/usv_msgs/share/usv_msgs/cmake/usv_msgs__rosidl_typesupport_cppExport-noconfig.cmake
[0.951s] -- Up-to-date: /home/ruize/dev_ws/install/usv_msgs/share/usv_msgs/cmake/rosidl_cmake-extras.cmake
[0.951s] -- Up-to-date: /home/ruize/dev_ws/install/usv_msgs/share/usv_msgs/cmake/ament_cmake_export_dependencies-extras.cmake
[0.951s] -- Up-to-date: /home/ruize/dev_ws/install/usv_msgs/share/usv_msgs/cmake/ament_cmake_export_libraries-extras.cmake
[0.951s] -- Up-to-date: /home/ruize/dev_ws/install/usv_msgs/share/usv_msgs/cmake/ament_cmake_export_targets-extras.cmake
[0.951s] -- Up-to-date: /home/ruize/dev_ws/install/usv_msgs/share/usv_msgs/cmake/ament_cmake_export_include_directories-extras.cmake
[0.951s] -- Up-to-date: /home/ruize/dev_ws/install/usv_msgs/share/usv_msgs/cmake/rosidl_cmake_export_typesupport_libraries-extras.cmake
[0.951s] -- Up-to-date: /home/ruize/dev_ws/install/usv_msgs/share/usv_msgs/cmake/rosidl_cmake_export_typesupport_targets-extras.cmake
[0.951s] -- Up-to-date: /home/ruize/dev_ws/install/usv_msgs/share/usv_msgs/cmake/usv_msgsConfig.cmake
[0.951s] -- Up-to-date: /home/ruize/dev_ws/install/usv_msgs/share/usv_msgs/cmake/usv_msgsConfig-version.cmake
[0.951s] -- Installing: /home/ruize/dev_ws/install/usv_msgs/share/usv_msgs/package.xml
[0.953s] Invoked command in '/home/ruize/dev_ws/build/usv_msgs' returned '0': CMAKE_PREFIX_PATH=${CMAKE_PREFIX_PATH}:/opt/ros/foxy /usr/bin/cmake --install /home/ruize/dev_ws/build/usv_msgs
