-- Found wamv_description: 0.0.0 (/home/ruize/dev_ws/install/wamv_description/share/wamv_description/cmake)
-- Found usv_gazebo_plugins: 0.0.0 (/home/ruize/dev_ws/install/usv_gazebo_plugins/share/usv_gazebo_plugins/cmake)
-- Using PYTHON_EXECUTABLE: /usr/bin/python3
-- Using all available rosidl_typesupport_c: rosidl_typesupport_fastrtps_c;rosidl_typesupport_introspection_c
-- Found rosidl_adapter: 1.2.0 (/opt/ros/foxy/share/rosidl_adapter/cmake)
-- Using all available rosidl_typesupport_cpp: rosidl_typesupport_fastrtps_cpp;rosidl_typesupport_introspection_cpp
-- Found rmw_implementation_cmake: 1.0.2 (/opt/ros/foxy/share/rmw_implementation_cmake/cmake)
-- Using RMW implementation 'rmw_fastrtps_cpp' as default
-- Found DART: /usr/include (Required is at least version "6.6") found components: dart 
-- Found Protobuf: /usr/lib/x86_64-linux-gnu/libprotobuf.so;-lpthread (found version "3.6.1") 
-- Looking for ignition-math6 -- found version 6.8.0
-- Searching for dependencies of ignition-math6
-- Looking for OGRE...
-- Found Ogre Ghadamon (1.9.0)
-- Found OGRE: optimized;/usr/lib/x86_64-linux-gnu/libOgreMain.so;debug;/usr/lib/x86_64-linux-gnu/libOgreMain.so
-- Looking for OGRE_Paging...
-- Found OGRE_Paging: optimized;/usr/lib/x86_64-linux-gnu/libOgrePaging.so;debug;/usr/lib/x86_64-linux-gnu/libOgrePaging.so
-- Looking for OGRE_Terrain...
-- Found OGRE_Terrain: optimized;/usr/lib/x86_64-linux-gnu/libOgreTerrain.so;debug;/usr/lib/x86_64-linux-gnu/libOgreTerrain.so
-- Looking for OGRE_Property...
-- Found OGRE_Property: optimized;/usr/lib/x86_64-linux-gnu/libOgreProperty.so;debug;/usr/lib/x86_64-linux-gnu/libOgreProperty.so
-- Looking for OGRE_RTShaderSystem...
-- Found OGRE_RTShaderSystem: optimized;/usr/lib/x86_64-linux-gnu/libOgreRTShaderSystem.so;debug;/usr/lib/x86_64-linux-gnu/libOgreRTShaderSystem.so
-- Looking for OGRE_Volume...
-- Found OGRE_Volume: optimized;/usr/lib/x86_64-linux-gnu/libOgreVolume.so;debug;/usr/lib/x86_64-linux-gnu/libOgreVolume.so
-- Looking for OGRE_Overlay...
-- Found OGRE_Overlay: optimized;/usr/lib/x86_64-linux-gnu/libOgreOverlay.so;debug;/usr/lib/x86_64-linux-gnu/libOgreOverlay.so
-- Looking for ignition-math6 -- found version 6.8.0
-- Looking for ignition-transport8 -- found version 8.2.0
-- Searching for dependencies of ignition-transport8
-- Found Protobuf: /usr/lib/x86_64-linux-gnu/libprotobuf.so;-lpthread (found suitable version "3.6.1", minimum required is "3") 
-- Config-file not installed for ZeroMQ -- checking for pkg-config
-- Checking for module 'libzmq >= 4'
--   Found libzmq , version 4.3.2
-- Checking for module 'uuid'
--   Found uuid, version 2.34.0
-- Looking for ignition-msgs5 -- found version 5.7.0
-- Searching for dependencies of ignition-msgs5
-- Looking for ignition-math6 -- found version 6.8.0
-- Checking for module 'tinyxml2'
--   Found tinyxml2, version 6.2.0
-- Looking for ignition-msgs5 -- found version 5.7.0
-- Looking for ignition-common3 -- found version 3.11.1
-- Searching for dependencies of ignition-common3
-- Looking for dlfcn.h - found
-- Looking for libdl - found
-- Searching for <ignition-common3> component [graphics]
-- Looking for ignition-common3-graphics -- found version 3.11.1
-- Searching for dependencies of ignition-common3-graphics
-- Looking for ignition-math6 -- found version 6.8.0
-- Looking for ignition-fuel_tools4 -- found version 4.3.0
-- Searching for dependencies of ignition-fuel_tools4
-- Checking for module 'jsoncpp'
--   Found jsoncpp, version 1.7.4
-- Checking for module 'libzip'
--   Found libzip, version 1.5.1
-- Looking for ignition-common3 -- found version 3.11.1
-- Looking for ignition-msgs5 -- found version 5.7.0
-- Gazebo version: 11.3
-- Found xacro: 2.0.4 (/opt/ros/foxy/share/xacro/cmake)
-- xacro: determining deps for: urdf/wamv_gazebo.urdf.xacro ...
-- Found ament_lint_auto: 0.9.6 (/opt/ros/foxy/share/ament_lint_auto/cmake)
-- Added test 'copyright' to check source files copyright and LICENSE
-- Added test 'flake8' to check Python code syntax and style conventions
-- Added test 'lint_cmake' to check CMake code style
-- Added test 'pep257' to check Python code against some of the style conventions in PEP 257
-- Added test 'xmllint' to check XML markup files
-- Configuring done
-- Generating done
-- Build files have been written to: /home/ruize/dev_ws/build/wamv_gazebo
[100%] [34m[1mxacro: generating urdf/wamv_gazebo.urdf from urdf/wamv_gazebo.urdf.xacro[0m
[100%] Built target wamv_gazebo__xacro_auto_generate
-- Install configuration: ""
-- Installing: /home/ruize/dev_ws/install/wamv_gazebo/share/wamv_gazebo/urdf/wamv_gazebo.urdf
-- Up-to-date: /home/ruize/dev_ws/install/wamv_gazebo/share/wamv_gazebo/models
-- Up-to-date: /home/ruize/dev_ws/install/wamv_gazebo/share/wamv_gazebo/models/gps
-- Up-to-date: /home/ruize/dev_ws/install/wamv_gazebo/share/wamv_gazebo/models/gps/model.config
-- Up-to-date: /home/ruize/dev_ws/install/wamv_gazebo/share/wamv_gazebo/models/gps/mesh
-- Up-to-date: /home/ruize/dev_ws/install/wamv_gazebo/share/wamv_gazebo/models/gps/mesh/gps.png
-- Up-to-date: /home/ruize/dev_ws/install/wamv_gazebo/share/wamv_gazebo/models/gps/mesh/gps.dae
-- Up-to-date: /home/ruize/dev_ws/install/wamv_gazebo/share/wamv_gazebo/urdf
-- Up-to-date: /home/ruize/dev_ws/install/wamv_gazebo/share/wamv_gazebo/urdf/thruster_layouts
-- Up-to-date: /home/ruize/dev_ws/install/wamv_gazebo/share/wamv_gazebo/urdf/thruster_layouts/wamv_aft_thrusters.xacro
-- Up-to-date: /home/ruize/dev_ws/install/wamv_gazebo/share/wamv_gazebo/urdf/thruster_layouts/wamv_gazebo_thruster_config.xacro
-- Up-to-date: /home/ruize/dev_ws/install/wamv_gazebo/share/wamv_gazebo/urdf/thruster_layouts/wamv_x_thrusters.xacro
-- Up-to-date: /home/ruize/dev_ws/install/wamv_gazebo/share/wamv_gazebo/urdf/thruster_layouts/wamv_t_thrusters.xacro
-- Up-to-date: /home/ruize/dev_ws/install/wamv_gazebo/share/wamv_gazebo/urdf/sensors
-- Up-to-date: /home/ruize/dev_ws/install/wamv_gazebo/share/wamv_gazebo/urdf/sensors/wamv_3d_lidar.xacro
-- Up-to-date: /home/ruize/dev_ws/install/wamv_gazebo/share/wamv_gazebo/urdf/sensors/wamv_p3d.xacro
-- Up-to-date: /home/ruize/dev_ws/install/wamv_gazebo/share/wamv_gazebo/urdf/sensors/wamv_gps.xacro
-- Up-to-date: /home/ruize/dev_ws/install/wamv_gazebo/share/wamv_gazebo/urdf/sensors/wamv_planar_lidar.xacro
-- Up-to-date: /home/ruize/dev_ws/install/wamv_gazebo/share/wamv_gazebo/urdf/sensors/wamv_camera.xacro
-- Up-to-date: /home/ruize/dev_ws/install/wamv_gazebo/share/wamv_gazebo/urdf/sensors/wamv_pinger.xacro
-- Up-to-date: /home/ruize/dev_ws/install/wamv_gazebo/share/wamv_gazebo/urdf/sensors/lidar.xacro
-- Up-to-date: /home/ruize/dev_ws/install/wamv_gazebo/share/wamv_gazebo/urdf/sensors/wamv_imu.xacro
-- Up-to-date: /home/ruize/dev_ws/install/wamv_gazebo/share/wamv_gazebo/urdf/wamv_gazebo.xacro
-- Up-to-date: /home/ruize/dev_ws/install/wamv_gazebo/share/wamv_gazebo/urdf/macros.xacro
-- Up-to-date: /home/ruize/dev_ws/install/wamv_gazebo/share/wamv_gazebo/urdf/dynamics
-- Up-to-date: /home/ruize/dev_ws/install/wamv_gazebo/share/wamv_gazebo/urdf/dynamics/wamv_gazebo_dynamics_plugin.xacro
-- Up-to-date: /home/ruize/dev_ws/install/wamv_gazebo/share/wamv_gazebo/urdf/wamv_gazebo.urdf.xacro
-- Up-to-date: /home/ruize/dev_ws/install/wamv_gazebo/share/wamv_gazebo/config
-- Up-to-date: /home/ruize/dev_ws/install/wamv_gazebo/share/wamv_gazebo/config/rviz_vrx.rviz
-- Up-to-date: /home/ruize/dev_ws/install/wamv_gazebo/share/wamv_gazebo/config/rviz_example.rviz
-- Up-to-date: /home/ruize/dev_ws/install/wamv_gazebo/share/wamv_gazebo/launch
-- Up-to-date: /home/ruize/dev_ws/install/wamv_gazebo/share/wamv_gazebo/launch/rviz_vrx.launch.py
-- Up-to-date: /home/ruize/dev_ws/install/wamv_gazebo/share/wamv_gazebo/launch/rviz_example.launch.py
-- Up-to-date: /home/ruize/dev_ws/install/wamv_gazebo/share/wamv_gazebo/launch/localization_example.launch.py
-- Up-to-date: /home/ruize/dev_ws/install/wamv_gazebo/share/ament_index/resource_index/package_run_dependencies/wamv_gazebo
-- Up-to-date: /home/ruize/dev_ws/install/wamv_gazebo/share/ament_index/resource_index/parent_prefix_path/wamv_gazebo
-- Up-to-date: /home/ruize/dev_ws/install/wamv_gazebo/share/wamv_gazebo/environment/ament_prefix_path.sh
-- Installing: /home/ruize/dev_ws/install/wamv_gazebo/share/wamv_gazebo/environment/ament_prefix_path.dsv
-- Up-to-date: /home/ruize/dev_ws/install/wamv_gazebo/share/wamv_gazebo/environment/path.sh
-- Installing: /home/ruize/dev_ws/install/wamv_gazebo/share/wamv_gazebo/environment/path.dsv
-- Up-to-date: /home/ruize/dev_ws/install/wamv_gazebo/share/wamv_gazebo/local_setup.bash
-- Up-to-date: /home/ruize/dev_ws/install/wamv_gazebo/share/wamv_gazebo/local_setup.sh
-- Up-to-date: /home/ruize/dev_ws/install/wamv_gazebo/share/wamv_gazebo/local_setup.zsh
-- Installing: /home/ruize/dev_ws/install/wamv_gazebo/share/wamv_gazebo/local_setup.dsv
-- Installing: /home/ruize/dev_ws/install/wamv_gazebo/share/wamv_gazebo/package.dsv
-- Up-to-date: /home/ruize/dev_ws/install/wamv_gazebo/share/ament_index/resource_index/packages/wamv_gazebo
-- Up-to-date: /home/ruize/dev_ws/install/wamv_gazebo/share/wamv_gazebo/cmake/ament_cmake_export_dependencies-extras.cmake
-- Up-to-date: /home/ruize/dev_ws/install/wamv_gazebo/share/wamv_gazebo/cmake/wamv_gazeboConfig.cmake
-- Up-to-date: /home/ruize/dev_ws/install/wamv_gazebo/share/wamv_gazebo/cmake/wamv_gazeboConfig-version.cmake
-- Up-to-date: /home/ruize/dev_ws/install/wamv_gazebo/share/wamv_gazebo/package.xml
