-- Found rosidl_default_generators: 1.0.0 (/opt/ros/foxy/share/rosidl_default_generators/cmake)
-- Found ament_cmake_core: 0.9.8 (/opt/ros/foxy/share/ament_cmake_core/cmake)
-- Using PYTHON_EXECUTABLE: /usr/bin/python3
-- Using all available rosidl_typesupport_c: rosidl_typesupport_fastrtps_c;rosidl_typesupport_introspection_c
-- Found rosidl_adapter: 1.2.0 (/opt/ros/foxy/share/rosidl_adapter/cmake)
-- Using all available rosidl_typesupport_cpp: rosidl_typesupport_fastrtps_cpp;rosidl_typesupport_introspection_cpp
-- Found std_msgs: 2.0.3 (/opt/ros/foxy/share/std_msgs/cmake)
-- Found PythonInterp: /usr/bin/python3 (found version "3.8.5") 
-- Found ament_cmake_ros: 0.9.1 (/opt/ros/foxy/share/ament_cmake_ros/cmake)
-- Using all available rosidl_typesupport_c: rosidl_typesupport_fastrtps_c;rosidl_typesupport_introspection_c
-- Using all available rosidl_typesupport_cpp: rosidl_typesupport_fastrtps_cpp;rosidl_typesupport_introspection_cpp
-- Found PythonInterp: /usr/bin/python3 (found suitable version "3.8.5", minimum required is "3.5") 
-- Found python_cmake_module: 0.8.0 (/opt/ros/foxy/share/python_cmake_module/cmake)
-- Found PythonLibs: /usr/lib/x86_64-linux-gnu/libpython3.8.so (found suitable version "3.8.5", minimum required is "3.5") 
-- Using PYTHON_EXECUTABLE: /usr/bin/python3
-- Using PYTHON_INCLUDE_DIRS: /usr/include/python3.8
-- Using PYTHON_LIBRARIES: /usr/lib/x86_64-linux-gnu/libpython3.8.so
-- Found PythonExtra: .so  
-- Found ament_lint_auto: 0.9.6 (/opt/ros/foxy/share/ament_lint_auto/cmake)
-- Added test 'copyright' to check source files copyright and LICENSE
-- Added test 'lint_cmake' to check CMake code style
-- Added test 'xmllint' to check XML markup files
-- Configuring done
-- Generating done
-- Build files have been written to: /home/ruize/dev_ws/build/usv_msgs
[35m[1mScanning dependencies of target usv_msgs__cpp[0m
[  3%] [34m[1mGenerating C code for ROS interfaces[0m
[  6%] [34m[1mGenerating C++ code for ROS interfaces[0m
[35m[1mScanning dependencies of target usv_msgs__rosidl_generator_c[0m
[  6%] Built target usv_msgs__cpp
[ 12%] [34m[1mGenerating C++ type support dispatch for ROS interfaces[0m
[ 16%] [34m[1mGenerating C++ introspection for ROS interfaces[0m
[ 19%] [34m[1mGenerating C++ type support for eProsima Fast-RTPS[0m
[ 19%] [32mBuilding C object CMakeFiles/usv_msgs__rosidl_generator_c.dir/rosidl_generator_c/usv_msgs/msg/detail/range_bearing__functions.c.o[0m
[ 22%] [32m[1mLinking C shared library libusv_msgs__rosidl_generator_c.so[0m
[ 22%] Built target usv_msgs__rosidl_generator_c
[ 25%] [34m[1mGenerating C introspection for ROS interfaces[0m
[35m[1mScanning dependencies of target usv_msgs__rosidl_typesupport_cpp[0m
[35m[1mScanning dependencies of target usv_msgs__rosidl_typesupport_introspection_cpp[0m
[35m[1mScanning dependencies of target usv_msgs__rosidl_typesupport_fastrtps_cpp[0m
[ 29%] [32mBuilding CXX object CMakeFiles/usv_msgs__rosidl_typesupport_introspection_cpp.dir/rosidl_typesupport_introspection_cpp/usv_msgs/msg/detail/range_bearing__type_support.cpp.o[0m
[ 32%] [32mBuilding CXX object CMakeFiles/usv_msgs__rosidl_typesupport_cpp.dir/rosidl_typesupport_cpp/usv_msgs/msg/range_bearing__type_support.cpp.o[0m
[ 35%] [32mBuilding CXX object CMakeFiles/usv_msgs__rosidl_typesupport_fastrtps_cpp.dir/rosidl_typesupport_fastrtps_cpp/usv_msgs/msg/detail/dds_fastrtps/range_bearing__type_support.cpp.o[0m
[35m[1mScanning dependencies of target usv_msgs__rosidl_typesupport_introspection_c[0m
[ 38%] [32mBuilding C object CMakeFiles/usv_msgs__rosidl_typesupport_introspection_c.dir/rosidl_typesupport_introspection_c/usv_msgs/msg/detail/range_bearing__type_support.c.o[0m
[ 41%] [32m[1mLinking CXX shared library libusv_msgs__rosidl_typesupport_cpp.so[0m
[ 45%] [32m[1mLinking C shared library libusv_msgs__rosidl_typesupport_introspection_c.so[0m
[ 48%] [32m[1mLinking CXX shared library libusv_msgs__rosidl_typesupport_introspection_cpp.so[0m
[ 48%] Built target usv_msgs__rosidl_typesupport_cpp
[ 51%] [34m[1mGenerating C type support dispatch for ROS interfaces[0m
[ 51%] Built target usv_msgs__rosidl_typesupport_introspection_c
[ 51%] Built target usv_msgs__rosidl_typesupport_introspection_cpp
[ 54%] [32m[1mLinking CXX shared library libusv_msgs__rosidl_typesupport_fastrtps_cpp.so[0m
[ 54%] Built target usv_msgs__rosidl_typesupport_fastrtps_cpp
[35m[1mScanning dependencies of target usv_msgs__rosidl_typesupport_c[0m
[ 58%] [34m[1mGenerating C type support for eProsima Fast-RTPS[0m
[ 61%] [32mBuilding CXX object CMakeFiles/usv_msgs__rosidl_typesupport_c.dir/rosidl_typesupport_c/usv_msgs/msg/range_bearing__type_support.cpp.o[0m
[ 64%] [32m[1mLinking CXX shared library libusv_msgs__rosidl_typesupport_c.so[0m
[ 64%] Built target usv_msgs__rosidl_typesupport_c
[35m[1mScanning dependencies of target usv_msgs__rosidl_typesupport_fastrtps_c[0m
[ 67%] [32mBuilding CXX object CMakeFiles/usv_msgs__rosidl_typesupport_fastrtps_c.dir/rosidl_typesupport_fastrtps_c/usv_msgs/msg/detail/range_bearing__type_support_c.cpp.o[0m
[ 70%] [32m[1mLinking CXX shared library libusv_msgs__rosidl_typesupport_fastrtps_c.so[0m
[ 70%] Built target usv_msgs__rosidl_typesupport_fastrtps_c
[35m[1mScanning dependencies of target usv_msgs[0m
[ 70%] Built target usv_msgs
[35m[1mScanning dependencies of target usv_msgs__py[0m
[ 74%] [34m[1mGenerating Python code for ROS interfaces[0m
[ 74%] Built target usv_msgs__py
[35m[1mScanning dependencies of target usv_msgs__python[0m
[ 77%] [32mBuilding C object CMakeFiles/usv_msgs__python.dir/rosidl_generator_py/usv_msgs/msg/_range_bearing_s.c.o[0m
[ 80%] [32m[1mLinking C shared library rosidl_generator_py/usv_msgs/libusv_msgs__python.so[0m
[ 80%] Built target usv_msgs__python
[35m[1mScanning dependencies of target usv_msgs__rosidl_typesupport_introspection_c__pyext[0m
[35m[1mScanning dependencies of target usv_msgs__rosidl_typesupport_c__pyext[0m
[35m[1mScanning dependencies of target usv_msgs__rosidl_typesupport_fastrtps_c__pyext[0m
[ 90%] [32mBuilding C object CMakeFiles/usv_msgs__rosidl_typesupport_fastrtps_c__pyext.dir/rosidl_generator_py/usv_msgs/_usv_msgs_s.ep.rosidl_typesupport_fastrtps_c.c.o[0m
[ 90%] [32mBuilding C object CMakeFiles/usv_msgs__rosidl_typesupport_introspection_c__pyext.dir/rosidl_generator_py/usv_msgs/_usv_msgs_s.ep.rosidl_typesupport_introspection_c.c.o[0m
[ 90%] [32mBuilding C object CMakeFiles/usv_msgs__rosidl_typesupport_c__pyext.dir/rosidl_generator_py/usv_msgs/_usv_msgs_s.ep.rosidl_typesupport_c.c.o[0m
[ 96%] [32m[1mLinking CXX shared library rosidl_generator_py/usv_msgs/usv_msgs_s__rosidl_typesupport_fastrtps_c.cpython-38-x86_64-linux-gnu.so[0m
[ 96%] [32m[1mLinking C shared library rosidl_generator_py/usv_msgs/usv_msgs_s__rosidl_typesupport_introspection_c.cpython-38-x86_64-linux-gnu.so[0m
[100%] [32m[1mLinking C shared library rosidl_generator_py/usv_msgs/usv_msgs_s__rosidl_typesupport_c.cpython-38-x86_64-linux-gnu.so[0m
[100%] Built target usv_msgs__rosidl_typesupport_c__pyext
[100%] Built target usv_msgs__rosidl_typesupport_introspection_c__pyext
[100%] Built target usv_msgs__rosidl_typesupport_fastrtps_c__pyext
-- Install configuration: ""
-- Installing: /home/ruize/dev_ws/install/usv_msgs/share/ament_index/resource_index/rosidl_interfaces/usv_msgs
-- Installing: /home/ruize/dev_ws/install/usv_msgs/include/usv_msgs
-- Installing: /home/ruize/dev_ws/install/usv_msgs/include/usv_msgs/msg
-- Installing: /home/ruize/dev_ws/install/usv_msgs/include/usv_msgs/msg/detail
-- Installing: /home/ruize/dev_ws/install/usv_msgs/include/usv_msgs/msg/detail/range_bearing__functions.h
-- Installing: /home/ruize/dev_ws/install/usv_msgs/include/usv_msgs/msg/detail/range_bearing__struct.h
-- Installing: /home/ruize/dev_ws/install/usv_msgs/include/usv_msgs/msg/detail/range_bearing__type_support.h
-- Installing: /home/ruize/dev_ws/install/usv_msgs/include/usv_msgs/msg/detail/range_bearing__functions.c
-- Installing: /home/ruize/dev_ws/install/usv_msgs/include/usv_msgs/msg/range_bearing.h
-- Installing: /home/ruize/dev_ws/install/usv_msgs/include/usv_msgs/msg/rosidl_generator_c__visibility_control.h
-- Installing: /home/ruize/dev_ws/install/usv_msgs/share/usv_msgs/environment/library_path.sh
-- Installing: /home/ruize/dev_ws/install/usv_msgs/share/usv_msgs/environment/library_path.dsv
-- Installing: /home/ruize/dev_ws/install/usv_msgs/lib/libusv_msgs__rosidl_generator_c.so
-- Set runtime path of "/home/ruize/dev_ws/install/usv_msgs/lib/libusv_msgs__rosidl_generator_c.so" to ""
-- Up-to-date: /home/ruize/dev_ws/install/usv_msgs/include/usv_msgs
-- Up-to-date: /home/ruize/dev_ws/install/usv_msgs/include/usv_msgs/msg
-- Installing: /home/ruize/dev_ws/install/usv_msgs/include/usv_msgs/msg/rosidl_typesupport_fastrtps_c__visibility_control.h
-- Up-to-date: /home/ruize/dev_ws/install/usv_msgs/include/usv_msgs/msg/detail
-- Installing: /home/ruize/dev_ws/install/usv_msgs/include/usv_msgs/msg/detail/range_bearing__rosidl_typesupport_fastrtps_c.h
-- Installing: /home/ruize/dev_ws/install/usv_msgs/lib/libusv_msgs__rosidl_typesupport_fastrtps_c.so
-- Set runtime path of "/home/ruize/dev_ws/install/usv_msgs/lib/libusv_msgs__rosidl_typesupport_fastrtps_c.so" to ""
-- Up-to-date: /home/ruize/dev_ws/install/usv_msgs/include/usv_msgs
-- Up-to-date: /home/ruize/dev_ws/install/usv_msgs/include/usv_msgs/msg
-- Installing: /home/ruize/dev_ws/install/usv_msgs/include/usv_msgs/msg/rosidl_typesupport_fastrtps_cpp__visibility_control.h
-- Up-to-date: /home/ruize/dev_ws/install/usv_msgs/include/usv_msgs/msg/detail
-- Installing: /home/ruize/dev_ws/install/usv_msgs/include/usv_msgs/msg/detail/range_bearing__rosidl_typesupport_fastrtps_cpp.hpp
-- Installing: /home/ruize/dev_ws/install/usv_msgs/include/usv_msgs/msg/detail/dds_fastrtps
-- Installing: /home/ruize/dev_ws/install/usv_msgs/lib/libusv_msgs__rosidl_typesupport_fastrtps_cpp.so
-- Set runtime path of "/home/ruize/dev_ws/install/usv_msgs/lib/libusv_msgs__rosidl_typesupport_fastrtps_cpp.so" to ""
-- Up-to-date: /home/ruize/dev_ws/install/usv_msgs/include/usv_msgs
-- Up-to-date: /home/ruize/dev_ws/install/usv_msgs/include/usv_msgs/msg
-- Up-to-date: /home/ruize/dev_ws/install/usv_msgs/include/usv_msgs/msg/detail
-- Installing: /home/ruize/dev_ws/install/usv_msgs/include/usv_msgs/msg/detail/range_bearing__type_support.c
-- Installing: /home/ruize/dev_ws/install/usv_msgs/include/usv_msgs/msg/detail/range_bearing__rosidl_typesupport_introspection_c.h
-- Installing: /home/ruize/dev_ws/install/usv_msgs/include/usv_msgs/msg/rosidl_typesupport_introspection_c__visibility_control.h
-- Installing: /home/ruize/dev_ws/install/usv_msgs/lib/libusv_msgs__rosidl_typesupport_introspection_c.so
-- Set runtime path of "/home/ruize/dev_ws/install/usv_msgs/lib/libusv_msgs__rosidl_typesupport_introspection_c.so" to ""
-- Installing: /home/ruize/dev_ws/install/usv_msgs/lib/libusv_msgs__rosidl_typesupport_c.so
-- Set runtime path of "/home/ruize/dev_ws/install/usv_msgs/lib/libusv_msgs__rosidl_typesupport_c.so" to ""
-- Up-to-date: /home/ruize/dev_ws/install/usv_msgs/include/usv_msgs
-- Up-to-date: /home/ruize/dev_ws/install/usv_msgs/include/usv_msgs/msg
-- Up-to-date: /home/ruize/dev_ws/install/usv_msgs/include/usv_msgs/msg/detail
-- Installing: /home/ruize/dev_ws/install/usv_msgs/include/usv_msgs/msg/detail/range_bearing__struct.hpp
-- Installing: /home/ruize/dev_ws/install/usv_msgs/include/usv_msgs/msg/detail/range_bearing__builder.hpp
-- Installing: /home/ruize/dev_ws/install/usv_msgs/include/usv_msgs/msg/detail/range_bearing__traits.hpp
-- Installing: /home/ruize/dev_ws/install/usv_msgs/include/usv_msgs/msg/range_bearing.hpp
-- Up-to-date: /home/ruize/dev_ws/install/usv_msgs/include/usv_msgs
-- Up-to-date: /home/ruize/dev_ws/install/usv_msgs/include/usv_msgs/msg
-- Up-to-date: /home/ruize/dev_ws/install/usv_msgs/include/usv_msgs/msg/detail
-- Installing: /home/ruize/dev_ws/install/usv_msgs/include/usv_msgs/msg/detail/range_bearing__rosidl_typesupport_introspection_cpp.hpp
-- Installing: /home/ruize/dev_ws/install/usv_msgs/include/usv_msgs/msg/detail/range_bearing__type_support.cpp
-- Installing: /home/ruize/dev_ws/install/usv_msgs/lib/libusv_msgs__rosidl_typesupport_introspection_cpp.so
-- Set runtime path of "/home/ruize/dev_ws/install/usv_msgs/lib/libusv_msgs__rosidl_typesupport_introspection_cpp.so" to ""
-- Installing: /home/ruize/dev_ws/install/usv_msgs/lib/libusv_msgs__rosidl_typesupport_cpp.so
-- Set runtime path of "/home/ruize/dev_ws/install/usv_msgs/lib/libusv_msgs__rosidl_typesupport_cpp.so" to ""
-- Installing: /home/ruize/dev_ws/install/usv_msgs/share/usv_msgs/environment/pythonpath.sh
-- Installing: /home/ruize/dev_ws/install/usv_msgs/share/usv_msgs/environment/pythonpath.dsv
-- Installing: /home/ruize/dev_ws/install/usv_msgs/lib/python3.8/site-packages/usv_msgs/__init__.py
Compiling '/home/ruize/dev_ws/install/usv_msgs/lib/python3.8/site-packages/usv_msgs/__init__.py'...
-- Installing: /home/ruize/dev_ws/install/usv_msgs/lib/python3.8/site-packages/usv_msgs/msg
-- Installing: /home/ruize/dev_ws/install/usv_msgs/lib/python3.8/site-packages/usv_msgs/msg/_range_bearing.py
-- Installing: /home/ruize/dev_ws/install/usv_msgs/lib/python3.8/site-packages/usv_msgs/msg/__init__.py
-- Installing: /home/ruize/dev_ws/install/usv_msgs/lib/python3.8/site-packages/usv_msgs/msg/_range_bearing_s.c
-- Installing: /home/ruize/dev_ws/install/usv_msgs/lib/python3.8/site-packages/usv_msgs/usv_msgs_s__rosidl_typesupport_fastrtps_c.cpython-38-x86_64-linux-gnu.so
-- Set runtime path of "/home/ruize/dev_ws/install/usv_msgs/lib/python3.8/site-packages/usv_msgs/usv_msgs_s__rosidl_typesupport_fastrtps_c.cpython-38-x86_64-linux-gnu.so" to ""
-- Installing: /home/ruize/dev_ws/install/usv_msgs/lib/python3.8/site-packages/usv_msgs/usv_msgs_s__rosidl_typesupport_introspection_c.cpython-38-x86_64-linux-gnu.so
-- Set runtime path of "/home/ruize/dev_ws/install/usv_msgs/lib/python3.8/site-packages/usv_msgs/usv_msgs_s__rosidl_typesupport_introspection_c.cpython-38-x86_64-linux-gnu.so" to ""
-- Installing: /home/ruize/dev_ws/install/usv_msgs/lib/python3.8/site-packages/usv_msgs/usv_msgs_s__rosidl_typesupport_c.cpython-38-x86_64-linux-gnu.so
-- Set runtime path of "/home/ruize/dev_ws/install/usv_msgs/lib/python3.8/site-packages/usv_msgs/usv_msgs_s__rosidl_typesupport_c.cpython-38-x86_64-linux-gnu.so" to ""
-- Installing: /home/ruize/dev_ws/install/usv_msgs/lib/libusv_msgs__python.so
-- Set runtime path of "/home/ruize/dev_ws/install/usv_msgs/lib/libusv_msgs__python.so" to ""
-- Installing: /home/ruize/dev_ws/install/usv_msgs/share/usv_msgs/msg/RangeBearing.idl
-- Installing: /home/ruize/dev_ws/install/usv_msgs/share/usv_msgs/msg/RangeBearing.msg
-- Installing: /home/ruize/dev_ws/install/usv_msgs/share/ament_index/resource_index/package_run_dependencies/usv_msgs
-- Installing: /home/ruize/dev_ws/install/usv_msgs/share/ament_index/resource_index/parent_prefix_path/usv_msgs
-- Installing: /home/ruize/dev_ws/install/usv_msgs/share/usv_msgs/environment/ament_prefix_path.sh
-- Installing: /home/ruize/dev_ws/install/usv_msgs/share/usv_msgs/environment/ament_prefix_path.dsv
-- Installing: /home/ruize/dev_ws/install/usv_msgs/share/usv_msgs/environment/path.sh
-- Installing: /home/ruize/dev_ws/install/usv_msgs/share/usv_msgs/environment/path.dsv
-- Installing: /home/ruize/dev_ws/install/usv_msgs/share/usv_msgs/local_setup.bash
-- Installing: /home/ruize/dev_ws/install/usv_msgs/share/usv_msgs/local_setup.sh
-- Installing: /home/ruize/dev_ws/install/usv_msgs/share/usv_msgs/local_setup.zsh
-- Installing: /home/ruize/dev_ws/install/usv_msgs/share/usv_msgs/local_setup.dsv
-- Installing: /home/ruize/dev_ws/install/usv_msgs/share/usv_msgs/package.dsv
-- Installing: /home/ruize/dev_ws/install/usv_msgs/share/ament_index/resource_index/packages/usv_msgs
-- Installing: /home/ruize/dev_ws/install/usv_msgs/share/usv_msgs/cmake/usv_msgs__rosidl_generator_cExport.cmake
-- Installing: /home/ruize/dev_ws/install/usv_msgs/share/usv_msgs/cmake/usv_msgs__rosidl_generator_cExport-noconfig.cmake
-- Installing: /home/ruize/dev_ws/install/usv_msgs/share/usv_msgs/cmake/usv_msgs__rosidl_typesupport_introspection_cExport.cmake
-- Installing: /home/ruize/dev_ws/install/usv_msgs/share/usv_msgs/cmake/usv_msgs__rosidl_typesupport_introspection_cExport-noconfig.cmake
-- Installing: /home/ruize/dev_ws/install/usv_msgs/share/usv_msgs/cmake/usv_msgs__rosidl_typesupport_cExport.cmake
-- Installing: /home/ruize/dev_ws/install/usv_msgs/share/usv_msgs/cmake/usv_msgs__rosidl_typesupport_cExport-noconfig.cmake
-- Installing: /home/ruize/dev_ws/install/usv_msgs/share/usv_msgs/cmake/usv_msgs__rosidl_generator_cppExport.cmake
-- Installing: /home/ruize/dev_ws/install/usv_msgs/share/usv_msgs/cmake/usv_msgs__rosidl_typesupport_introspection_cppExport.cmake
-- Installing: /home/ruize/dev_ws/install/usv_msgs/share/usv_msgs/cmake/usv_msgs__rosidl_typesupport_introspection_cppExport-noconfig.cmake
-- Installing: /home/ruize/dev_ws/install/usv_msgs/share/usv_msgs/cmake/usv_msgs__rosidl_typesupport_cppExport.cmake
-- Installing: /home/ruize/dev_ws/install/usv_msgs/share/usv_msgs/cmake/usv_msgs__rosidl_typesupport_cppExport-noconfig.cmake
-- Installing: /home/ruize/dev_ws/install/usv_msgs/share/usv_msgs/cmake/rosidl_cmake-extras.cmake
-- Installing: /home/ruize/dev_ws/install/usv_msgs/share/usv_msgs/cmake/ament_cmake_export_dependencies-extras.cmake
-- Installing: /home/ruize/dev_ws/install/usv_msgs/share/usv_msgs/cmake/ament_cmake_export_libraries-extras.cmake
-- Installing: /home/ruize/dev_ws/install/usv_msgs/share/usv_msgs/cmake/ament_cmake_export_targets-extras.cmake
-- Installing: /home/ruize/dev_ws/install/usv_msgs/share/usv_msgs/cmake/ament_cmake_export_include_directories-extras.cmake
-- Installing: /home/ruize/dev_ws/install/usv_msgs/share/usv_msgs/cmake/rosidl_cmake_export_typesupport_libraries-extras.cmake
-- Installing: /home/ruize/dev_ws/install/usv_msgs/share/usv_msgs/cmake/rosidl_cmake_export_typesupport_targets-extras.cmake
-- Installing: /home/ruize/dev_ws/install/usv_msgs/share/usv_msgs/cmake/usv_msgsConfig.cmake
-- Installing: /home/ruize/dev_ws/install/usv_msgs/share/usv_msgs/cmake/usv_msgsConfig-version.cmake
-- Installing: /home/ruize/dev_ws/install/usv_msgs/share/usv_msgs/package.xml
