[0.012s] Invoking command in '/home/ruize/dev_ws/build/usv_msgs': CMAKE_PREFIX_PATH=${CMAKE_PREFIX_PATH}:/opt/ros/foxy /usr/bin/cmake /home/ruize/dev_ws/src/usv_msgs -DCMAKE_INSTALL_PREFIX=/home/ruize/dev_ws/install/usv_msgs
[0.024s] -- Found rosidl_default_generators: 1.0.0 (/opt/ros/foxy/share/rosidl_default_generators/cmake)
[0.025s] -- Found ament_cmake_core: 0.9.8 (/opt/ros/foxy/share/ament_cmake_core/cmake)
[0.043s] -- Using PYTHON_EXECUTABLE: /usr/bin/python3
[0.213s] -- Using all available rosidl_typesupport_c: rosidl_typesupport_fastrtps_c;rosidl_typesupport_introspection_c
[0.221s] -- Found rosidl_adapter: 1.2.0 (/opt/ros/foxy/share/rosidl_adapter/cmake)
[0.352s] -- Using all available rosidl_typesupport_cpp: rosidl_typesupport_fastrtps_cpp;rosidl_typesupport_introspection_cpp
[0.369s] -- Found std_msgs: 2.0.3 (/opt/ros/foxy/share/std_msgs/cmake)
[0.408s] -- Found PythonInterp: /usr/bin/python3 (found version "3.8.5") 
[0.571s] -- Found ament_cmake_ros: 0.9.1 (/opt/ros/foxy/share/ament_cmake_ros/cmake)
[0.753s] -- Using all available rosidl_typesupport_c: rosidl_typesupport_fastrtps_c;rosidl_typesupport_introspection_c
[0.802s] -- Using all available rosidl_typesupport_cpp: rosidl_typesupport_fastrtps_cpp;rosidl_typesupport_introspection_cpp
[0.824s] -- Found PythonInterp: /usr/bin/python3 (found suitable version "3.8.5", minimum required is "3.5") 
[0.828s] -- Found python_cmake_module: 0.8.0 (/opt/ros/foxy/share/python_cmake_module/cmake)
[0.854s] -- Found PythonLibs: /usr/lib/x86_64-linux-gnu/libpython3.8.so (found suitable version "3.8.5", minimum required is "3.5") 
[0.856s] -- Using PYTHON_EXECUTABLE: /usr/bin/python3
[0.859s] -- Using PYTHON_INCLUDE_DIRS: /usr/include/python3.8
[0.861s] -- Using PYTHON_LIBRARIES: /usr/lib/x86_64-linux-gnu/libpython3.8.so
[0.874s] -- Found PythonExtra: .so  
[0.929s] -- Found ament_lint_auto: 0.9.6 (/opt/ros/foxy/share/ament_lint_auto/cmake)
[0.953s] -- Added test 'copyright' to check source files copyright and LICENSE
[0.955s] -- Added test 'lint_cmake' to check CMake code style
[0.956s] -- Added test 'xmllint' to check XML markup files
[0.960s] -- Configuring done
[1.013s] -- Generating done
[1.016s] -- Build files have been written to: /home/ruize/dev_ws/build/usv_msgs
[1.021s] Invoked command in '/home/ruize/dev_ws/build/usv_msgs' returned '0': CMAKE_PREFIX_PATH=${CMAKE_PREFIX_PATH}:/opt/ros/foxy /usr/bin/cmake /home/ruize/dev_ws/src/usv_msgs -DCMAKE_INSTALL_PREFIX=/home/ruize/dev_ws/install/usv_msgs
[1.024s] Invoking command in '/home/ruize/dev_ws/build/usv_msgs': CMAKE_PREFIX_PATH=${CMAKE_PREFIX_PATH}:/opt/ros/foxy /usr/bin/cmake --build /home/ruize/dev_ws/build/usv_msgs -- -j4 -l4
[1.064s] [35m[1mScanning dependencies of target usv_msgs__cpp[0m
[1.066s] [  3%] [34m[1mGenerating C code for ROS interfaces[0m
[1.079s] [  6%] [34m[1mGenerating C++ code for ROS interfaces[0m
[1.285s] [35m[1mScanning dependencies of target usv_msgs__rosidl_generator_c[0m
[1.303s] [  6%] Built target usv_msgs__cpp
[1.312s] [ 12%] [34m[1mGenerating C++ type support dispatch for ROS interfaces[0m
[1.312s] [ 16%] [34m[1mGenerating C++ introspection for ROS interfaces[0m
[1.312s] [ 19%] [34m[1mGenerating C++ type support for eProsima Fast-RTPS[0m
[1.315s] [ 19%] [32mBuilding C object CMakeFiles/usv_msgs__rosidl_generator_c.dir/rosidl_generator_c/usv_msgs/msg/detail/range_bearing__functions.c.o[0m
[1.365s] [ 22%] [32m[1mLinking C shared library libusv_msgs__rosidl_generator_c.so[0m
[1.435s] [ 22%] Built target usv_msgs__rosidl_generator_c
[1.455s] [ 25%] [34m[1mGenerating C introspection for ROS interfaces[0m
[1.524s] [35m[1mScanning dependencies of target usv_msgs__rosidl_typesupport_cpp[0m
[1.540s] [35m[1mScanning dependencies of target usv_msgs__rosidl_typesupport_introspection_cpp[0m
[1.542s] [35m[1mScanning dependencies of target usv_msgs__rosidl_typesupport_fastrtps_cpp[0m
[1.556s] [ 29%] [32mBuilding CXX object CMakeFiles/usv_msgs__rosidl_typesupport_introspection_cpp.dir/rosidl_typesupport_introspection_cpp/usv_msgs/msg/detail/range_bearing__type_support.cpp.o[0m
[1.557s] [ 32%] [32mBuilding CXX object CMakeFiles/usv_msgs__rosidl_typesupport_cpp.dir/rosidl_typesupport_cpp/usv_msgs/msg/range_bearing__type_support.cpp.o[0m
[1.569s] [ 35%] [32mBuilding CXX object CMakeFiles/usv_msgs__rosidl_typesupport_fastrtps_cpp.dir/rosidl_typesupport_fastrtps_cpp/usv_msgs/msg/detail/dds_fastrtps/range_bearing__type_support.cpp.o[0m
[1.750s] [35m[1mScanning dependencies of target usv_msgs__rosidl_typesupport_introspection_c[0m
[1.785s] [ 38%] [32mBuilding C object CMakeFiles/usv_msgs__rosidl_typesupport_introspection_c.dir/rosidl_typesupport_introspection_c/usv_msgs/msg/detail/range_bearing__type_support.c.o[0m
[1.815s] [ 41%] [32m[1mLinking CXX shared library libusv_msgs__rosidl_typesupport_cpp.so[0m
[1.822s] [ 45%] [32m[1mLinking C shared library libusv_msgs__rosidl_typesupport_introspection_c.so[0m
[1.844s] [ 48%] [32m[1mLinking CXX shared library libusv_msgs__rosidl_typesupport_introspection_cpp.so[0m
[1.855s] [ 48%] Built target usv_msgs__rosidl_typesupport_cpp
[1.868s] [ 51%] [34m[1mGenerating C type support dispatch for ROS interfaces[0m
[1.875s] [ 51%] Built target usv_msgs__rosidl_typesupport_introspection_c
[1.921s] [ 51%] Built target usv_msgs__rosidl_typesupport_introspection_cpp
[1.950s] [ 54%] [32m[1mLinking CXX shared library libusv_msgs__rosidl_typesupport_fastrtps_cpp.so[0m
[2.034s] [ 54%] Built target usv_msgs__rosidl_typesupport_fastrtps_cpp
[2.038s] [35m[1mScanning dependencies of target usv_msgs__rosidl_typesupport_c[0m
[2.045s] [ 58%] [34m[1mGenerating C type support for eProsima Fast-RTPS[0m
[2.050s] [ 61%] [32mBuilding CXX object CMakeFiles/usv_msgs__rosidl_typesupport_c.dir/rosidl_typesupport_c/usv_msgs/msg/range_bearing__type_support.cpp.o[0m
[2.075s] [ 64%] [32m[1mLinking CXX shared library libusv_msgs__rosidl_typesupport_c.so[0m
[2.121s] [ 64%] Built target usv_msgs__rosidl_typesupport_c
[2.219s] [35m[1mScanning dependencies of target usv_msgs__rosidl_typesupport_fastrtps_c[0m
[2.234s] [ 67%] [32mBuilding CXX object CMakeFiles/usv_msgs__rosidl_typesupport_fastrtps_c.dir/rosidl_typesupport_fastrtps_c/usv_msgs/msg/detail/range_bearing__type_support_c.cpp.o[0m
[2.482s] [ 70%] [32m[1mLinking CXX shared library libusv_msgs__rosidl_typesupport_fastrtps_c.so[0m
[2.553s] [ 70%] Built target usv_msgs__rosidl_typesupport_fastrtps_c
[2.562s] [35m[1mScanning dependencies of target usv_msgs[0m
[2.571s] [ 70%] Built target usv_msgs
[2.579s] [35m[1mScanning dependencies of target usv_msgs__py[0m
[2.589s] [ 74%] [34m[1mGenerating Python code for ROS interfaces[0m
[3.017s] [ 74%] Built target usv_msgs__py
[3.025s] [35m[1mScanning dependencies of target usv_msgs__python[0m
[3.081s] [ 77%] [32mBuilding C object CMakeFiles/usv_msgs__python.dir/rosidl_generator_py/usv_msgs/msg/_range_bearing_s.c.o[0m
[3.160s] [ 80%] [32m[1mLinking C shared library rosidl_generator_py/usv_msgs/libusv_msgs__python.so[0m
[3.196s] [ 80%] Built target usv_msgs__python
[3.205s] [35m[1mScanning dependencies of target usv_msgs__rosidl_typesupport_introspection_c__pyext[0m
[3.205s] [35m[1mScanning dependencies of target usv_msgs__rosidl_typesupport_c__pyext[0m
[3.205s] [35m[1mScanning dependencies of target usv_msgs__rosidl_typesupport_fastrtps_c__pyext[0m
[3.230s] [ 90%] [32mBuilding C object CMakeFiles/usv_msgs__rosidl_typesupport_fastrtps_c__pyext.dir/rosidl_generator_py/usv_msgs/_usv_msgs_s.ep.rosidl_typesupport_fastrtps_c.c.o[0m
[3.231s] [ 90%] [32mBuilding C object CMakeFiles/usv_msgs__rosidl_typesupport_introspection_c__pyext.dir/rosidl_generator_py/usv_msgs/_usv_msgs_s.ep.rosidl_typesupport_introspection_c.c.o[0m
[3.231s] [ 90%] [32mBuilding C object CMakeFiles/usv_msgs__rosidl_typesupport_c__pyext.dir/rosidl_generator_py/usv_msgs/_usv_msgs_s.ep.rosidl_typesupport_c.c.o[0m
[3.291s] [ 96%] [32m[1mLinking CXX shared library rosidl_generator_py/usv_msgs/usv_msgs_s__rosidl_typesupport_fastrtps_c.cpython-38-x86_64-linux-gnu.so[0m
[3.291s] [ 96%] [32m[1mLinking C shared library rosidl_generator_py/usv_msgs/usv_msgs_s__rosidl_typesupport_introspection_c.cpython-38-x86_64-linux-gnu.so[0m
[3.292s] [100%] [32m[1mLinking C shared library rosidl_generator_py/usv_msgs/usv_msgs_s__rosidl_typesupport_c.cpython-38-x86_64-linux-gnu.so[0m
[3.332s] [100%] Built target usv_msgs__rosidl_typesupport_c__pyext
[3.336s] [100%] Built target usv_msgs__rosidl_typesupport_introspection_c__pyext
[3.357s] [100%] Built target usv_msgs__rosidl_typesupport_fastrtps_c__pyext
[3.372s] Invoked command in '/home/ruize/dev_ws/build/usv_msgs' returned '0': CMAKE_PREFIX_PATH=${CMAKE_PREFIX_PATH}:/opt/ros/foxy /usr/bin/cmake --build /home/ruize/dev_ws/build/usv_msgs -- -j4 -l4
[3.427s] Invoking command in '/home/ruize/dev_ws/build/usv_msgs': CMAKE_PREFIX_PATH=${CMAKE_PREFIX_PATH}:/opt/ros/foxy /usr/bin/cmake --install /home/ruize/dev_ws/build/usv_msgs
[3.434s] -- Install configuration: ""
[3.435s] -- Installing: /home/ruize/dev_ws/install/usv_msgs/share/ament_index/resource_index/rosidl_interfaces/usv_msgs
[3.435s] -- Installing: /home/ruize/dev_ws/install/usv_msgs/include/usv_msgs
[3.435s] -- Installing: /home/ruize/dev_ws/install/usv_msgs/include/usv_msgs/msg
[3.435s] -- Installing: /home/ruize/dev_ws/install/usv_msgs/include/usv_msgs/msg/detail
[3.435s] -- Installing: /home/ruize/dev_ws/install/usv_msgs/include/usv_msgs/msg/detail/range_bearing__functions.h
[3.435s] -- Installing: /home/ruize/dev_ws/install/usv_msgs/include/usv_msgs/msg/detail/range_bearing__struct.h
[3.435s] -- Installing: /home/ruize/dev_ws/install/usv_msgs/include/usv_msgs/msg/detail/range_bearing__type_support.h
[3.435s] -- Installing: /home/ruize/dev_ws/install/usv_msgs/include/usv_msgs/msg/detail/range_bearing__functions.c
[3.435s] -- Installing: /home/ruize/dev_ws/install/usv_msgs/include/usv_msgs/msg/range_bearing.h
[3.435s] -- Installing: /home/ruize/dev_ws/install/usv_msgs/include/usv_msgs/msg/rosidl_generator_c__visibility_control.h
[3.435s] -- Installing: /home/ruize/dev_ws/install/usv_msgs/share/usv_msgs/environment/library_path.sh
[3.436s] -- Installing: /home/ruize/dev_ws/install/usv_msgs/share/usv_msgs/environment/library_path.dsv
[3.436s] -- Installing: /home/ruize/dev_ws/install/usv_msgs/lib/libusv_msgs__rosidl_generator_c.so
[3.436s] -- Set runtime path of "/home/ruize/dev_ws/install/usv_msgs/lib/libusv_msgs__rosidl_generator_c.so" to ""
[3.436s] -- Up-to-date: /home/ruize/dev_ws/install/usv_msgs/include/usv_msgs
[3.436s] -- Up-to-date: /home/ruize/dev_ws/install/usv_msgs/include/usv_msgs/msg
[3.436s] -- Installing: /home/ruize/dev_ws/install/usv_msgs/include/usv_msgs/msg/rosidl_typesupport_fastrtps_c__visibility_control.h
[3.436s] -- Up-to-date: /home/ruize/dev_ws/install/usv_msgs/include/usv_msgs/msg/detail
[3.436s] -- Installing: /home/ruize/dev_ws/install/usv_msgs/include/usv_msgs/msg/detail/range_bearing__rosidl_typesupport_fastrtps_c.h
[3.436s] -- Installing: /home/ruize/dev_ws/install/usv_msgs/lib/libusv_msgs__rosidl_typesupport_fastrtps_c.so
[3.436s] -- Set runtime path of "/home/ruize/dev_ws/install/usv_msgs/lib/libusv_msgs__rosidl_typesupport_fastrtps_c.so" to ""
[3.436s] -- Up-to-date: /home/ruize/dev_ws/install/usv_msgs/include/usv_msgs
[3.436s] -- Up-to-date: /home/ruize/dev_ws/install/usv_msgs/include/usv_msgs/msg
[3.436s] -- Installing: /home/ruize/dev_ws/install/usv_msgs/include/usv_msgs/msg/rosidl_typesupport_fastrtps_cpp__visibility_control.h
[3.436s] -- Up-to-date: /home/ruize/dev_ws/install/usv_msgs/include/usv_msgs/msg/detail
[3.436s] -- Installing: /home/ruize/dev_ws/install/usv_msgs/include/usv_msgs/msg/detail/range_bearing__rosidl_typesupport_fastrtps_cpp.hpp
[3.436s] -- Installing: /home/ruize/dev_ws/install/usv_msgs/include/usv_msgs/msg/detail/dds_fastrtps
[3.436s] -- Installing: /home/ruize/dev_ws/install/usv_msgs/lib/libusv_msgs__rosidl_typesupport_fastrtps_cpp.so
[3.436s] -- Set runtime path of "/home/ruize/dev_ws/install/usv_msgs/lib/libusv_msgs__rosidl_typesupport_fastrtps_cpp.so" to ""
[3.437s] -- Up-to-date: /home/ruize/dev_ws/install/usv_msgs/include/usv_msgs
[3.437s] -- Up-to-date: /home/ruize/dev_ws/install/usv_msgs/include/usv_msgs/msg
[3.437s] -- Up-to-date: /home/ruize/dev_ws/install/usv_msgs/include/usv_msgs/msg/detail
[3.437s] -- Installing: /home/ruize/dev_ws/install/usv_msgs/include/usv_msgs/msg/detail/range_bearing__type_support.c
[3.437s] -- Installing: /home/ruize/dev_ws/install/usv_msgs/include/usv_msgs/msg/detail/range_bearing__rosidl_typesupport_introspection_c.h
[3.437s] -- Installing: /home/ruize/dev_ws/install/usv_msgs/include/usv_msgs/msg/rosidl_typesupport_introspection_c__visibility_control.h
[3.437s] -- Installing: /home/ruize/dev_ws/install/usv_msgs/lib/libusv_msgs__rosidl_typesupport_introspection_c.so
[3.437s] -- Set runtime path of "/home/ruize/dev_ws/install/usv_msgs/lib/libusv_msgs__rosidl_typesupport_introspection_c.so" to ""
[3.437s] -- Installing: /home/ruize/dev_ws/install/usv_msgs/lib/libusv_msgs__rosidl_typesupport_c.so
[3.437s] -- Set runtime path of "/home/ruize/dev_ws/install/usv_msgs/lib/libusv_msgs__rosidl_typesupport_c.so" to ""
[3.437s] -- Up-to-date: /home/ruize/dev_ws/install/usv_msgs/include/usv_msgs
[3.437s] -- Up-to-date: /home/ruize/dev_ws/install/usv_msgs/include/usv_msgs/msg
[3.437s] -- Up-to-date: /home/ruize/dev_ws/install/usv_msgs/include/usv_msgs/msg/detail
[3.437s] -- Installing: /home/ruize/dev_ws/install/usv_msgs/include/usv_msgs/msg/detail/range_bearing__struct.hpp
[3.438s] -- Installing: /home/ruize/dev_ws/install/usv_msgs/include/usv_msgs/msg/detail/range_bearing__builder.hpp
[3.438s] -- Installing: /home/ruize/dev_ws/install/usv_msgs/include/usv_msgs/msg/detail/range_bearing__traits.hpp
[3.438s] -- Installing: /home/ruize/dev_ws/install/usv_msgs/include/usv_msgs/msg/range_bearing.hpp
[3.438s] -- Up-to-date: /home/ruize/dev_ws/install/usv_msgs/include/usv_msgs
[3.438s] -- Up-to-date: /home/ruize/dev_ws/install/usv_msgs/include/usv_msgs/msg
[3.438s] -- Up-to-date: /home/ruize/dev_ws/install/usv_msgs/include/usv_msgs/msg/detail
[3.438s] -- Installing: /home/ruize/dev_ws/install/usv_msgs/include/usv_msgs/msg/detail/range_bearing__rosidl_typesupport_introspection_cpp.hpp
[3.438s] -- Installing: /home/ruize/dev_ws/install/usv_msgs/include/usv_msgs/msg/detail/range_bearing__type_support.cpp
[3.438s] -- Installing: /home/ruize/dev_ws/install/usv_msgs/lib/libusv_msgs__rosidl_typesupport_introspection_cpp.so
[3.438s] -- Set runtime path of "/home/ruize/dev_ws/install/usv_msgs/lib/libusv_msgs__rosidl_typesupport_introspection_cpp.so" to ""
[3.438s] -- Installing: /home/ruize/dev_ws/install/usv_msgs/lib/libusv_msgs__rosidl_typesupport_cpp.so
[3.438s] -- Set runtime path of "/home/ruize/dev_ws/install/usv_msgs/lib/libusv_msgs__rosidl_typesupport_cpp.so" to ""
[3.439s] -- Installing: /home/ruize/dev_ws/install/usv_msgs/share/usv_msgs/environment/pythonpath.sh
[3.439s] -- Installing: /home/ruize/dev_ws/install/usv_msgs/share/usv_msgs/environment/pythonpath.dsv
[3.439s] -- Installing: /home/ruize/dev_ws/install/usv_msgs/lib/python3.8/site-packages/usv_msgs/__init__.py
[3.466s] Compiling '/home/ruize/dev_ws/install/usv_msgs/lib/python3.8/site-packages/usv_msgs/__init__.py'...
[3.470s] -- Installing: /home/ruize/dev_ws/install/usv_msgs/lib/python3.8/site-packages/usv_msgs/msg
[3.470s] -- Installing: /home/ruize/dev_ws/install/usv_msgs/lib/python3.8/site-packages/usv_msgs/msg/_range_bearing.py
[3.470s] -- Installing: /home/ruize/dev_ws/install/usv_msgs/lib/python3.8/site-packages/usv_msgs/msg/__init__.py
[3.470s] -- Installing: /home/ruize/dev_ws/install/usv_msgs/lib/python3.8/site-packages/usv_msgs/msg/_range_bearing_s.c
[3.470s] -- Installing: /home/ruize/dev_ws/install/usv_msgs/lib/python3.8/site-packages/usv_msgs/usv_msgs_s__rosidl_typesupport_fastrtps_c.cpython-38-x86_64-linux-gnu.so
[3.471s] -- Set runtime path of "/home/ruize/dev_ws/install/usv_msgs/lib/python3.8/site-packages/usv_msgs/usv_msgs_s__rosidl_typesupport_fastrtps_c.cpython-38-x86_64-linux-gnu.so" to ""
[3.471s] -- Installing: /home/ruize/dev_ws/install/usv_msgs/lib/python3.8/site-packages/usv_msgs/usv_msgs_s__rosidl_typesupport_introspection_c.cpython-38-x86_64-linux-gnu.so
[3.471s] -- Set runtime path of "/home/ruize/dev_ws/install/usv_msgs/lib/python3.8/site-packages/usv_msgs/usv_msgs_s__rosidl_typesupport_introspection_c.cpython-38-x86_64-linux-gnu.so" to ""
[3.471s] -- Installing: /home/ruize/dev_ws/install/usv_msgs/lib/python3.8/site-packages/usv_msgs/usv_msgs_s__rosidl_typesupport_c.cpython-38-x86_64-linux-gnu.so
[3.472s] -- Set runtime path of "/home/ruize/dev_ws/install/usv_msgs/lib/python3.8/site-packages/usv_msgs/usv_msgs_s__rosidl_typesupport_c.cpython-38-x86_64-linux-gnu.so" to ""
[3.472s] -- Installing: /home/ruize/dev_ws/install/usv_msgs/lib/libusv_msgs__python.so
[3.472s] -- Set runtime path of "/home/ruize/dev_ws/install/usv_msgs/lib/libusv_msgs__python.so" to ""
[3.472s] -- Installing: /home/ruize/dev_ws/install/usv_msgs/share/usv_msgs/msg/RangeBearing.idl
[3.472s] -- Installing: /home/ruize/dev_ws/install/usv_msgs/share/usv_msgs/msg/RangeBearing.msg
[3.472s] -- Installing: /home/ruize/dev_ws/install/usv_msgs/share/ament_index/resource_index/package_run_dependencies/usv_msgs
[3.473s] -- Installing: /home/ruize/dev_ws/install/usv_msgs/share/ament_index/resource_index/parent_prefix_path/usv_msgs
[3.473s] -- Installing: /home/ruize/dev_ws/install/usv_msgs/share/usv_msgs/environment/ament_prefix_path.sh
[3.473s] -- Installing: /home/ruize/dev_ws/install/usv_msgs/share/usv_msgs/environment/ament_prefix_path.dsv
[3.473s] -- Installing: /home/ruize/dev_ws/install/usv_msgs/share/usv_msgs/environment/path.sh
[3.473s] -- Installing: /home/ruize/dev_ws/install/usv_msgs/share/usv_msgs/environment/path.dsv
[3.473s] -- Installing: /home/ruize/dev_ws/install/usv_msgs/share/usv_msgs/local_setup.bash
[3.473s] -- Installing: /home/ruize/dev_ws/install/usv_msgs/share/usv_msgs/local_setup.sh
[3.473s] -- Installing: /home/ruize/dev_ws/install/usv_msgs/share/usv_msgs/local_setup.zsh
[3.473s] -- Installing: /home/ruize/dev_ws/install/usv_msgs/share/usv_msgs/local_setup.dsv
[3.473s] -- Installing: /home/ruize/dev_ws/install/usv_msgs/share/usv_msgs/package.dsv
[3.474s] -- Installing: /home/ruize/dev_ws/install/usv_msgs/share/ament_index/resource_index/packages/usv_msgs
[3.474s] -- Installing: /home/ruize/dev_ws/install/usv_msgs/share/usv_msgs/cmake/usv_msgs__rosidl_generator_cExport.cmake
[3.474s] -- Installing: /home/ruize/dev_ws/install/usv_msgs/share/usv_msgs/cmake/usv_msgs__rosidl_generator_cExport-noconfig.cmake
[3.474s] -- Installing: /home/ruize/dev_ws/install/usv_msgs/share/usv_msgs/cmake/usv_msgs__rosidl_typesupport_introspection_cExport.cmake
[3.474s] -- Installing: /home/ruize/dev_ws/install/usv_msgs/share/usv_msgs/cmake/usv_msgs__rosidl_typesupport_introspection_cExport-noconfig.cmake
[3.474s] -- Installing: /home/ruize/dev_ws/install/usv_msgs/share/usv_msgs/cmake/usv_msgs__rosidl_typesupport_cExport.cmake
[3.474s] -- Installing: /home/ruize/dev_ws/install/usv_msgs/share/usv_msgs/cmake/usv_msgs__rosidl_typesupport_cExport-noconfig.cmake
[3.474s] -- Installing: /home/ruize/dev_ws/install/usv_msgs/share/usv_msgs/cmake/usv_msgs__rosidl_generator_cppExport.cmake
[3.475s] -- Installing: /home/ruize/dev_ws/install/usv_msgs/share/usv_msgs/cmake/usv_msgs__rosidl_typesupport_introspection_cppExport.cmake
[3.475s] -- Installing: /home/ruize/dev_ws/install/usv_msgs/share/usv_msgs/cmake/usv_msgs__rosidl_typesupport_introspection_cppExport-noconfig.cmake
[3.475s] -- Installing: /home/ruize/dev_ws/install/usv_msgs/share/usv_msgs/cmake/usv_msgs__rosidl_typesupport_cppExport.cmake
[3.475s] -- Installing: /home/ruize/dev_ws/install/usv_msgs/share/usv_msgs/cmake/usv_msgs__rosidl_typesupport_cppExport-noconfig.cmake
[3.475s] -- Installing: /home/ruize/dev_ws/install/usv_msgs/share/usv_msgs/cmake/rosidl_cmake-extras.cmake
[3.475s] -- Installing: /home/ruize/dev_ws/install/usv_msgs/share/usv_msgs/cmake/ament_cmake_export_dependencies-extras.cmake
[3.476s] -- Installing: /home/ruize/dev_ws/install/usv_msgs/share/usv_msgs/cmake/ament_cmake_export_libraries-extras.cmake
[3.476s] -- Installing: /home/ruize/dev_ws/install/usv_msgs/share/usv_msgs/cmake/ament_cmake_export_targets-extras.cmake
[3.476s] -- Installing: /home/ruize/dev_ws/install/usv_msgs/share/usv_msgs/cmake/ament_cmake_export_include_directories-extras.cmake
[3.476s] -- Installing: /home/ruize/dev_ws/install/usv_msgs/share/usv_msgs/cmake/rosidl_cmake_export_typesupport_libraries-extras.cmake
[3.476s] -- Installing: /home/ruize/dev_ws/install/usv_msgs/share/usv_msgs/cmake/rosidl_cmake_export_typesupport_targets-extras.cmake
[3.476s] -- Installing: /home/ruize/dev_ws/install/usv_msgs/share/usv_msgs/cmake/usv_msgsConfig.cmake
[3.476s] -- Installing: /home/ruize/dev_ws/install/usv_msgs/share/usv_msgs/cmake/usv_msgsConfig-version.cmake
[3.476s] -- Installing: /home/ruize/dev_ws/install/usv_msgs/share/usv_msgs/package.xml
[3.479s] Invoked command in '/home/ruize/dev_ws/build/usv_msgs' returned '0': CMAKE_PREFIX_PATH=${CMAKE_PREFIX_PATH}:/opt/ros/foxy /usr/bin/cmake --install /home/ruize/dev_ws/build/usv_msgs
