[0.030s] Invoking command in '/home/ruize/dev_ws/build/usv_msgs': CMAKE_PREFIX_PATH=${CMAKE_PREFIX_PATH}:/opt/ros/foxy /usr/bin/cmake --build /home/ruize/dev_ws/build/usv_msgs -- -j4 -l4
[0.055s] -- Found ament_cmake: 0.9.8 (/opt/ros/foxy/share/ament_cmake/cmake)
[0.074s] -- Found PythonInterp: /usr/bin/python3 (found suitable version "3.8.5", minimum required is "3") 
[0.074s] -- Using PYTHON_EXECUTABLE: /usr/bin/python3
[0.236s] -- Found rosidl_default_generators: 1.0.0 (/opt/ros/foxy/share/rosidl_default_generators/cmake)
[0.241s] -- Using all available rosidl_typesupport_c: rosidl_typesupport_fastrtps_c;rosidl_typesupport_introspection_c
[0.242s] -- Found rosidl_adapter: 1.2.0 (/opt/ros/foxy/share/rosidl_adapter/cmake)
[0.378s] -- Using all available rosidl_typesupport_cpp: rosidl_typesupport_fastrtps_cpp;rosidl_typesupport_introspection_cpp
[0.410s] -- Found builtin_interfaces: 1.0.0 (/opt/ros/foxy/share/builtin_interfaces/cmake)
[0.420s] -- Found std_msgs: 2.0.3 (/opt/ros/foxy/share/std_msgs/cmake)
[0.462s] -- Found PythonInterp: /usr/bin/python3 (found version "3.8.5") 
[0.585s] -- Found ament_cmake_ros: 0.9.1 (/opt/ros/foxy/share/ament_cmake_ros/cmake)
[0.720s] -- Using all available rosidl_typesupport_c: rosidl_typesupport_fastrtps_c;rosidl_typesupport_introspection_c
[0.763s] -- Using all available rosidl_typesupport_cpp: rosidl_typesupport_fastrtps_cpp;rosidl_typesupport_introspection_cpp
[0.792s] -- Found PythonInterp: /usr/bin/python3 (found suitable version "3.8.5", minimum required is "3.5") 
[0.793s] -- Found python_cmake_module: 0.8.0 (/opt/ros/foxy/share/python_cmake_module/cmake)
[0.812s] -- Using PYTHON_EXECUTABLE: /usr/bin/python3
[0.812s] -- Using PYTHON_INCLUDE_DIRS: /usr/include/python3.8
[0.813s] -- Using PYTHON_LIBRARIES: /usr/lib/x86_64-linux-gnu/libpython3.8.so
[0.840s] -- Found ament_lint_auto: 0.9.6 (/opt/ros/foxy/share/ament_lint_auto/cmake)
[0.848s] -- Added test 'copyright' to check source files copyright and LICENSE
[0.850s] -- Added test 'lint_cmake' to check CMake code style
[0.850s] -- Added test 'xmllint' to check XML markup files
[0.854s] -- Configuring done
[0.892s] -- Generating done
[0.896s] -- Build files have been written to: /home/ruize/dev_ws/build/usv_msgs
[0.931s] [  3%] Built target usv_msgs__cpp
[0.933s] [ 12%] Built target usv_msgs__rosidl_generator_c
[0.953s] [ 22%] Built target usv_msgs__rosidl_typesupport_cpp
[0.955s] [ 32%] Built target usv_msgs__rosidl_typesupport_introspection_cpp
[0.960s] [ 41%] Built target usv_msgs__rosidl_typesupport_introspection_c
[0.965s] [ 51%] Built target usv_msgs__rosidl_typesupport_fastrtps_cpp
[0.970s] [ 61%] Built target usv_msgs__rosidl_typesupport_c
[0.985s] [ 70%] Built target usv_msgs__rosidl_typesupport_fastrtps_c
[1.001s] [ 70%] Built target usv_msgs
[1.018s] [ 74%] Built target usv_msgs__py
[1.054s] [ 80%] Built target usv_msgs__python
[1.080s] [ 93%] Built target usv_msgs__rosidl_typesupport_c__pyext
[1.080s] [ 93%] Built target usv_msgs__rosidl_typesupport_fastrtps_c__pyext
[1.092s] [100%] Built target usv_msgs__rosidl_typesupport_introspection_c__pyext
[1.101s] Invoked command in '/home/ruize/dev_ws/build/usv_msgs' returned '0': CMAKE_PREFIX_PATH=${CMAKE_PREFIX_PATH}:/opt/ros/foxy /usr/bin/cmake --build /home/ruize/dev_ws/build/usv_msgs -- -j4 -l4
[1.147s] Invoking command in '/home/ruize/dev_ws/build/usv_msgs': CMAKE_PREFIX_PATH=${CMAKE_PREFIX_PATH}:/opt/ros/foxy /usr/bin/cmake --install /home/ruize/dev_ws/build/usv_msgs
[1.155s] -- Install configuration: ""
[1.156s] -- Up-to-date: /home/ruize/dev_ws/install/usv_msgs/share/ament_index/resource_index/rosidl_interfaces/usv_msgs
[1.156s] -- Up-to-date: /home/ruize/dev_ws/install/usv_msgs/include/usv_msgs
[1.156s] -- Up-to-date: /home/ruize/dev_ws/install/usv_msgs/include/usv_msgs/msg
[1.156s] -- Up-to-date: /home/ruize/dev_ws/install/usv_msgs/include/usv_msgs/msg/detail
[1.156s] -- Up-to-date: /home/ruize/dev_ws/install/usv_msgs/include/usv_msgs/msg/detail/range_bearing__functions.h
[1.156s] -- Up-to-date: /home/ruize/dev_ws/install/usv_msgs/include/usv_msgs/msg/detail/range_bearing__struct.h
[1.156s] -- Up-to-date: /home/ruize/dev_ws/install/usv_msgs/include/usv_msgs/msg/detail/range_bearing__type_support.h
[1.156s] -- Up-to-date: /home/ruize/dev_ws/install/usv_msgs/include/usv_msgs/msg/detail/range_bearing__functions.c
[1.156s] -- Up-to-date: /home/ruize/dev_ws/install/usv_msgs/include/usv_msgs/msg/range_bearing.h
[1.156s] -- Up-to-date: /home/ruize/dev_ws/install/usv_msgs/include/usv_msgs/msg/rosidl_generator_c__visibility_control.h
[1.156s] -- Up-to-date: /home/ruize/dev_ws/install/usv_msgs/share/usv_msgs/environment/library_path.sh
[1.156s] -- Installing: /home/ruize/dev_ws/install/usv_msgs/share/usv_msgs/environment/library_path.dsv
[1.156s] -- Up-to-date: /home/ruize/dev_ws/install/usv_msgs/lib/libusv_msgs__rosidl_generator_c.so
[1.156s] -- Up-to-date: /home/ruize/dev_ws/install/usv_msgs/include/usv_msgs
[1.157s] -- Up-to-date: /home/ruize/dev_ws/install/usv_msgs/include/usv_msgs/msg
[1.157s] -- Up-to-date: /home/ruize/dev_ws/install/usv_msgs/include/usv_msgs/msg/rosidl_typesupport_fastrtps_c__visibility_control.h
[1.157s] -- Up-to-date: /home/ruize/dev_ws/install/usv_msgs/include/usv_msgs/msg/detail
[1.157s] -- Up-to-date: /home/ruize/dev_ws/install/usv_msgs/include/usv_msgs/msg/detail/range_bearing__rosidl_typesupport_fastrtps_c.h
[1.157s] -- Up-to-date: /home/ruize/dev_ws/install/usv_msgs/lib/libusv_msgs__rosidl_typesupport_fastrtps_c.so
[1.157s] -- Up-to-date: /home/ruize/dev_ws/install/usv_msgs/include/usv_msgs
[1.157s] -- Up-to-date: /home/ruize/dev_ws/install/usv_msgs/include/usv_msgs/msg
[1.157s] -- Up-to-date: /home/ruize/dev_ws/install/usv_msgs/include/usv_msgs/msg/rosidl_typesupport_fastrtps_cpp__visibility_control.h
[1.157s] -- Up-to-date: /home/ruize/dev_ws/install/usv_msgs/include/usv_msgs/msg/detail
[1.157s] -- Up-to-date: /home/ruize/dev_ws/install/usv_msgs/include/usv_msgs/msg/detail/range_bearing__rosidl_typesupport_fastrtps_cpp.hpp
[1.157s] -- Up-to-date: /home/ruize/dev_ws/install/usv_msgs/include/usv_msgs/msg/detail/dds_fastrtps
[1.157s] -- Up-to-date: /home/ruize/dev_ws/install/usv_msgs/lib/libusv_msgs__rosidl_typesupport_fastrtps_cpp.so
[1.157s] -- Up-to-date: /home/ruize/dev_ws/install/usv_msgs/include/usv_msgs
[1.157s] -- Up-to-date: /home/ruize/dev_ws/install/usv_msgs/include/usv_msgs/msg
[1.157s] -- Up-to-date: /home/ruize/dev_ws/install/usv_msgs/include/usv_msgs/msg/detail
[1.158s] -- Up-to-date: /home/ruize/dev_ws/install/usv_msgs/include/usv_msgs/msg/detail/range_bearing__type_support.c
[1.158s] -- Up-to-date: /home/ruize/dev_ws/install/usv_msgs/include/usv_msgs/msg/detail/range_bearing__rosidl_typesupport_introspection_c.h
[1.158s] -- Up-to-date: /home/ruize/dev_ws/install/usv_msgs/include/usv_msgs/msg/rosidl_typesupport_introspection_c__visibility_control.h
[1.158s] -- Up-to-date: /home/ruize/dev_ws/install/usv_msgs/lib/libusv_msgs__rosidl_typesupport_introspection_c.so
[1.158s] -- Up-to-date: /home/ruize/dev_ws/install/usv_msgs/lib/libusv_msgs__rosidl_typesupport_c.so
[1.158s] -- Up-to-date: /home/ruize/dev_ws/install/usv_msgs/include/usv_msgs
[1.158s] -- Up-to-date: /home/ruize/dev_ws/install/usv_msgs/include/usv_msgs/msg
[1.158s] -- Up-to-date: /home/ruize/dev_ws/install/usv_msgs/include/usv_msgs/msg/detail
[1.158s] -- Up-to-date: /home/ruize/dev_ws/install/usv_msgs/include/usv_msgs/msg/detail/range_bearing__struct.hpp
[1.158s] -- Up-to-date: /home/ruize/dev_ws/install/usv_msgs/include/usv_msgs/msg/detail/range_bearing__builder.hpp
[1.158s] -- Up-to-date: /home/ruize/dev_ws/install/usv_msgs/include/usv_msgs/msg/detail/range_bearing__traits.hpp
[1.158s] -- Up-to-date: /home/ruize/dev_ws/install/usv_msgs/include/usv_msgs/msg/range_bearing.hpp
[1.158s] -- Up-to-date: /home/ruize/dev_ws/install/usv_msgs/include/usv_msgs
[1.158s] -- Up-to-date: /home/ruize/dev_ws/install/usv_msgs/include/usv_msgs/msg
[1.158s] -- Up-to-date: /home/ruize/dev_ws/install/usv_msgs/include/usv_msgs/msg/detail
[1.159s] -- Up-to-date: /home/ruize/dev_ws/install/usv_msgs/include/usv_msgs/msg/detail/range_bearing__rosidl_typesupport_introspection_cpp.hpp
[1.159s] -- Up-to-date: /home/ruize/dev_ws/install/usv_msgs/include/usv_msgs/msg/detail/range_bearing__type_support.cpp
[1.159s] -- Up-to-date: /home/ruize/dev_ws/install/usv_msgs/lib/libusv_msgs__rosidl_typesupport_introspection_cpp.so
[1.159s] -- Up-to-date: /home/ruize/dev_ws/install/usv_msgs/lib/libusv_msgs__rosidl_typesupport_cpp.so
[1.159s] -- Up-to-date: /home/ruize/dev_ws/install/usv_msgs/share/usv_msgs/environment/pythonpath.sh
[1.159s] -- Installing: /home/ruize/dev_ws/install/usv_msgs/share/usv_msgs/environment/pythonpath.dsv
[1.159s] -- Installing: /home/ruize/dev_ws/install/usv_msgs/lib/python3.8/site-packages/usv_msgs/__init__.py
[1.183s] Compiling '/home/ruize/dev_ws/install/usv_msgs/lib/python3.8/site-packages/usv_msgs/__init__.py'...
[1.186s] -- Up-to-date: /home/ruize/dev_ws/install/usv_msgs/lib/python3.8/site-packages/usv_msgs/msg
[1.186s] -- Up-to-date: /home/ruize/dev_ws/install/usv_msgs/lib/python3.8/site-packages/usv_msgs/msg/_range_bearing.py
[1.186s] -- Up-to-date: /home/ruize/dev_ws/install/usv_msgs/lib/python3.8/site-packages/usv_msgs/msg/__init__.py
[1.186s] -- Up-to-date: /home/ruize/dev_ws/install/usv_msgs/lib/python3.8/site-packages/usv_msgs/msg/_range_bearing_s.c
[1.187s] -- Up-to-date: /home/ruize/dev_ws/install/usv_msgs/lib/python3.8/site-packages/usv_msgs/usv_msgs_s__rosidl_typesupport_fastrtps_c.cpython-38-x86_64-linux-gnu.so
[1.187s] -- Up-to-date: /home/ruize/dev_ws/install/usv_msgs/lib/python3.8/site-packages/usv_msgs/usv_msgs_s__rosidl_typesupport_introspection_c.cpython-38-x86_64-linux-gnu.so
[1.188s] -- Up-to-date: /home/ruize/dev_ws/install/usv_msgs/lib/python3.8/site-packages/usv_msgs/usv_msgs_s__rosidl_typesupport_c.cpython-38-x86_64-linux-gnu.so
[1.188s] -- Up-to-date: /home/ruize/dev_ws/install/usv_msgs/lib/libusv_msgs__python.so
[1.188s] -- Up-to-date: /home/ruize/dev_ws/install/usv_msgs/share/usv_msgs/msg/RangeBearing.idl
[1.188s] -- Up-to-date: /home/ruize/dev_ws/install/usv_msgs/share/usv_msgs/msg/RangeBearing.msg
[1.188s] -- Up-to-date: /home/ruize/dev_ws/install/usv_msgs/share/ament_index/resource_index/package_run_dependencies/usv_msgs
[1.188s] -- Installing: /home/ruize/dev_ws/install/usv_msgs/share/ament_index/resource_index/parent_prefix_path/usv_msgs
[1.188s] -- Up-to-date: /home/ruize/dev_ws/install/usv_msgs/share/usv_msgs/environment/ament_prefix_path.sh
[1.189s] -- Installing: /home/ruize/dev_ws/install/usv_msgs/share/usv_msgs/environment/ament_prefix_path.dsv
[1.189s] -- Up-to-date: /home/ruize/dev_ws/install/usv_msgs/share/usv_msgs/environment/path.sh
[1.189s] -- Installing: /home/ruize/dev_ws/install/usv_msgs/share/usv_msgs/environment/path.dsv
[1.189s] -- Up-to-date: /home/ruize/dev_ws/install/usv_msgs/share/usv_msgs/local_setup.bash
[1.189s] -- Up-to-date: /home/ruize/dev_ws/install/usv_msgs/share/usv_msgs/local_setup.sh
[1.189s] -- Up-to-date: /home/ruize/dev_ws/install/usv_msgs/share/usv_msgs/local_setup.zsh
[1.189s] -- Installing: /home/ruize/dev_ws/install/usv_msgs/share/usv_msgs/local_setup.dsv
[1.189s] -- Installing: /home/ruize/dev_ws/install/usv_msgs/share/usv_msgs/package.dsv
[1.189s] -- Up-to-date: /home/ruize/dev_ws/install/usv_msgs/share/ament_index/resource_index/packages/usv_msgs
[1.189s] -- Up-to-date: /home/ruize/dev_ws/install/usv_msgs/share/usv_msgs/cmake/usv_msgs__rosidl_generator_cExport.cmake
[1.190s] -- Installing: /home/ruize/dev_ws/install/usv_msgs/share/usv_msgs/cmake/usv_msgs__rosidl_generator_cExport-noconfig.cmake
[1.190s] -- Up-to-date: /home/ruize/dev_ws/install/usv_msgs/share/usv_msgs/cmake/usv_msgs__rosidl_typesupport_introspection_cExport.cmake
[1.190s] -- Installing: /home/ruize/dev_ws/install/usv_msgs/share/usv_msgs/cmake/usv_msgs__rosidl_typesupport_introspection_cExport-noconfig.cmake
[1.190s] -- Up-to-date: /home/ruize/dev_ws/install/usv_msgs/share/usv_msgs/cmake/usv_msgs__rosidl_typesupport_cExport.cmake
[1.190s] -- Installing: /home/ruize/dev_ws/install/usv_msgs/share/usv_msgs/cmake/usv_msgs__rosidl_typesupport_cExport-noconfig.cmake
[1.190s] -- Up-to-date: /home/ruize/dev_ws/install/usv_msgs/share/usv_msgs/cmake/usv_msgs__rosidl_generator_cppExport.cmake
[1.191s] -- Up-to-date: /home/ruize/dev_ws/install/usv_msgs/share/usv_msgs/cmake/usv_msgs__rosidl_typesupport_introspection_cppExport.cmake
[1.191s] -- Installing: /home/ruize/dev_ws/install/usv_msgs/share/usv_msgs/cmake/usv_msgs__rosidl_typesupport_introspection_cppExport-noconfig.cmake
[1.191s] -- Up-to-date: /home/ruize/dev_ws/install/usv_msgs/share/usv_msgs/cmake/usv_msgs__rosidl_typesupport_cppExport.cmake
[1.191s] -- Installing: /home/ruize/dev_ws/install/usv_msgs/share/usv_msgs/cmake/usv_msgs__rosidl_typesupport_cppExport-noconfig.cmake
[1.191s] -- Up-to-date: /home/ruize/dev_ws/install/usv_msgs/share/usv_msgs/cmake/rosidl_cmake-extras.cmake
[1.191s] -- Up-to-date: /home/ruize/dev_ws/install/usv_msgs/share/usv_msgs/cmake/ament_cmake_export_dependencies-extras.cmake
[1.192s] -- Up-to-date: /home/ruize/dev_ws/install/usv_msgs/share/usv_msgs/cmake/ament_cmake_export_libraries-extras.cmake
[1.192s] -- Up-to-date: /home/ruize/dev_ws/install/usv_msgs/share/usv_msgs/cmake/ament_cmake_export_targets-extras.cmake
[1.192s] -- Up-to-date: /home/ruize/dev_ws/install/usv_msgs/share/usv_msgs/cmake/ament_cmake_export_include_directories-extras.cmake
[1.192s] -- Up-to-date: /home/ruize/dev_ws/install/usv_msgs/share/usv_msgs/cmake/rosidl_cmake_export_typesupport_libraries-extras.cmake
[1.192s] -- Up-to-date: /home/ruize/dev_ws/install/usv_msgs/share/usv_msgs/cmake/rosidl_cmake_export_typesupport_targets-extras.cmake
[1.192s] -- Up-to-date: /home/ruize/dev_ws/install/usv_msgs/share/usv_msgs/cmake/usv_msgsConfig.cmake
[1.192s] -- Up-to-date: /home/ruize/dev_ws/install/usv_msgs/share/usv_msgs/cmake/usv_msgsConfig-version.cmake
[1.192s] -- Up-to-date: /home/ruize/dev_ws/install/usv_msgs/share/usv_msgs/package.xml
[1.195s] Invoked command in '/home/ruize/dev_ws/build/usv_msgs' returned '0': CMAKE_PREFIX_PATH=${CMAKE_PREFIX_PATH}:/opt/ros/foxy /usr/bin/cmake --install /home/ruize/dev_ws/build/usv_msgs
