[0.281s] DEBUG:colcon:Command line arguments: ['/usr/bin/colcon', 'build', '--packages-select', 'vrx_gazebo']
[0.281s] DEBUG:colcon:Parsed command line arguments: Namespace(ament_cmake_args=None, base_paths=['.'], build_base='build', catkin_cmake_args=None, catkin_skip_building_tests=False, cmake_args=None, cmake_clean_cache=False, cmake_clean_first=False, cmake_force_configure=False, cmake_target=None, cmake_target_skip_unavailable=False, continue_on_error=False, event_handlers=None, executor='parallel', ignore_user_meta=False, install_base='install', log_base=None, log_level=None, main=<bound method BuildVerb.main of <colcon_core.verb.build.BuildVerb object at 0x7f62bb89f190>>, merge_install=False, metas=['./colcon.meta'], packages_above=None, packages_above_and_dependencies=None, packages_above_depth=None, packages_end=None, packages_ignore=None, packages_ignore_regex=None, packages_select=['vrx_gazebo'], packages_select_build_failed=False, packages_select_by_dep=None, packages_select_regex=None, packages_select_test_failures=False, packages_skip=None, packages_skip_build_finished=False, packages_skip_by_dep=None, packages_skip_regex=None, packages_skip_test_passed=False, packages_skip_up_to=None, packages_start=None, packages_up_to=None, packages_up_to_regex=None, parallel_workers=4, paths=None, symlink_install=False, test_result_base=None, verb_extension=<colcon_core.verb.build.BuildVerb object at 0x7f62bb89f190>, verb_name='build', verb_parser=<colcon_defaults.argument_parser.defaults.DefaultArgumentsDecorator object at 0x7f62bb89f6d0>)
[0.286s] Level 1:colcon.colcon_core.package_discovery:discover_packages(colcon_meta) check parameters
[0.286s] Level 1:colcon.colcon_core.package_discovery:discover_packages(recursive) check parameters
[0.286s] Level 1:colcon.colcon_core.package_discovery:discover_packages(ignore) check parameters
[0.286s] Level 1:colcon.colcon_core.package_discovery:discover_packages(path) check parameters
[0.287s] Level 1:colcon.colcon_core.package_discovery:discover_packages(colcon_meta) discover
[0.287s] Level 1:colcon.colcon_core.package_discovery:discover_packages(recursive) discover
[0.287s] INFO:colcon.colcon_core.package_discovery:Crawling recursively for packages in '/home/ruize/dev_ws'
[0.287s] Level 1:colcon.colcon_core.package_identification:_identify(.) by extensions ['ignore', 'ignore_ament_install']
[0.287s] Level 1:colcon.colcon_core.package_identification:_identify(.) by extension 'ignore'
[0.287s] Level 1:colcon.colcon_core.package_identification:_identify(.) by extension 'ignore_ament_install'
[0.287s] Level 1:colcon.colcon_core.package_identification:_identify(.) by extensions ['colcon_pkg']
[0.287s] Level 1:colcon.colcon_core.package_identification:_identify(.) by extension 'colcon_pkg'
[0.287s] Level 1:colcon.colcon_core.package_identification:_identify(.) by extensions ['colcon_meta']
[0.287s] Level 1:colcon.colcon_core.package_identification:_identify(.) by extension 'colcon_meta'
[0.287s] Level 1:colcon.colcon_core.package_identification:_identify(.) by extensions ['ros']
[0.287s] Level 1:colcon.colcon_core.package_identification:_identify(.) by extension 'ros'
[0.298s] Level 1:colcon.colcon_core.package_identification:_identify(.) by extensions ['cmake', 'python']
[0.298s] Level 1:colcon.colcon_core.package_identification:_identify(.) by extension 'cmake'
[0.298s] Level 1:colcon.colcon_core.package_identification:_identify(.) by extension 'python'
[0.298s] Level 1:colcon.colcon_core.package_identification:_identify(.) by extensions ['python_setup_py']
[0.298s] Level 1:colcon.colcon_core.package_identification:_identify(.) by extension 'python_setup_py'
[0.299s] Level 1:colcon.colcon_core.package_identification:_identify(build) by extensions ['ignore', 'ignore_ament_install']
[0.299s] Level 1:colcon.colcon_core.package_identification:_identify(build) by extension 'ignore'
[0.299s] Level 1:colcon.colcon_core.package_identification:_identify(build) ignored
[0.299s] Level 1:colcon.colcon_core.package_identification:_identify(install) by extensions ['ignore', 'ignore_ament_install']
[0.299s] Level 1:colcon.colcon_core.package_identification:_identify(install) by extension 'ignore'
[0.299s] Level 1:colcon.colcon_core.package_identification:_identify(install) ignored
[0.299s] Level 1:colcon.colcon_core.package_identification:_identify(log) by extensions ['ignore', 'ignore_ament_install']
[0.299s] Level 1:colcon.colcon_core.package_identification:_identify(log) by extension 'ignore'
[0.299s] Level 1:colcon.colcon_core.package_identification:_identify(log) ignored
[0.299s] Level 1:colcon.colcon_core.package_identification:_identify(src) by extensions ['ignore', 'ignore_ament_install']
[0.299s] Level 1:colcon.colcon_core.package_identification:_identify(src) by extension 'ignore'
[0.299s] Level 1:colcon.colcon_core.package_identification:_identify(src) by extension 'ignore_ament_install'
[0.299s] Level 1:colcon.colcon_core.package_identification:_identify(src) by extensions ['colcon_pkg']
[0.299s] Level 1:colcon.colcon_core.package_identification:_identify(src) by extension 'colcon_pkg'
[0.300s] Level 1:colcon.colcon_core.package_identification:_identify(src) by extensions ['colcon_meta']
[0.300s] Level 1:colcon.colcon_core.package_identification:_identify(src) by extension 'colcon_meta'
[0.300s] Level 1:colcon.colcon_core.package_identification:_identify(src) by extensions ['ros']
[0.300s] Level 1:colcon.colcon_core.package_identification:_identify(src) by extension 'ros'
[0.300s] Level 1:colcon.colcon_core.package_identification:_identify(src) by extensions ['cmake', 'python']
[0.300s] Level 1:colcon.colcon_core.package_identification:_identify(src) by extension 'cmake'
[0.300s] Level 1:colcon.colcon_core.package_identification:_identify(src) by extension 'python'
[0.300s] Level 1:colcon.colcon_core.package_identification:_identify(src) by extensions ['python_setup_py']
[0.300s] Level 1:colcon.colcon_core.package_identification:_identify(src) by extension 'python_setup_py'
[0.300s] Level 1:colcon.colcon_core.package_identification:_identify(src/usv_gazebo_plugins) by extensions ['ignore', 'ignore_ament_install']
[0.300s] Level 1:colcon.colcon_core.package_identification:_identify(src/usv_gazebo_plugins) by extension 'ignore'
[0.301s] Level 1:colcon.colcon_core.package_identification:_identify(src/usv_gazebo_plugins) by extension 'ignore_ament_install'
[0.301s] Level 1:colcon.colcon_core.package_identification:_identify(src/usv_gazebo_plugins) by extensions ['colcon_pkg']
[0.301s] Level 1:colcon.colcon_core.package_identification:_identify(src/usv_gazebo_plugins) by extension 'colcon_pkg'
[0.301s] Level 1:colcon.colcon_core.package_identification:_identify(src/usv_gazebo_plugins) by extensions ['colcon_meta']
[0.301s] Level 1:colcon.colcon_core.package_identification:_identify(src/usv_gazebo_plugins) by extension 'colcon_meta'
[0.301s] Level 1:colcon.colcon_core.package_identification:_identify(src/usv_gazebo_plugins) by extensions ['ros']
[0.301s] Level 1:colcon.colcon_core.package_identification:_identify(src/usv_gazebo_plugins) by extension 'ros'
[0.305s] DEBUG:colcon.colcon_core.package_identification:Package 'src/usv_gazebo_plugins' with type 'ros.ament_cmake' and name 'usv_gazebo_plugins'
[0.305s] Level 1:colcon.colcon_core.package_identification:_identify(src/usv_msgs) by extensions ['ignore', 'ignore_ament_install']
[0.305s] Level 1:colcon.colcon_core.package_identification:_identify(src/usv_msgs) by extension 'ignore'
[0.305s] Level 1:colcon.colcon_core.package_identification:_identify(src/usv_msgs) by extension 'ignore_ament_install'
[0.305s] Level 1:colcon.colcon_core.package_identification:_identify(src/usv_msgs) by extensions ['colcon_pkg']
[0.305s] Level 1:colcon.colcon_core.package_identification:_identify(src/usv_msgs) by extension 'colcon_pkg'
[0.305s] Level 1:colcon.colcon_core.package_identification:_identify(src/usv_msgs) by extensions ['colcon_meta']
[0.305s] Level 1:colcon.colcon_core.package_identification:_identify(src/usv_msgs) by extension 'colcon_meta'
[0.305s] Level 1:colcon.colcon_core.package_identification:_identify(src/usv_msgs) by extensions ['ros']
[0.305s] Level 1:colcon.colcon_core.package_identification:_identify(src/usv_msgs) by extension 'ros'
[0.306s] DEBUG:colcon.colcon_core.package_identification:Package 'src/usv_msgs' with type 'ros.ament_cmake' and name 'usv_msgs'
[0.306s] Level 1:colcon.colcon_core.package_identification:_identify(src/vrx_gazebo) by extensions ['ignore', 'ignore_ament_install']
[0.307s] Level 1:colcon.colcon_core.package_identification:_identify(src/vrx_gazebo) by extension 'ignore'
[0.307s] Level 1:colcon.colcon_core.package_identification:_identify(src/vrx_gazebo) by extension 'ignore_ament_install'
[0.307s] Level 1:colcon.colcon_core.package_identification:_identify(src/vrx_gazebo) by extensions ['colcon_pkg']
[0.307s] Level 1:colcon.colcon_core.package_identification:_identify(src/vrx_gazebo) by extension 'colcon_pkg'
[0.307s] Level 1:colcon.colcon_core.package_identification:_identify(src/vrx_gazebo) by extensions ['colcon_meta']
[0.307s] Level 1:colcon.colcon_core.package_identification:_identify(src/vrx_gazebo) by extension 'colcon_meta'
[0.307s] Level 1:colcon.colcon_core.package_identification:_identify(src/vrx_gazebo) by extensions ['ros']
[0.307s] Level 1:colcon.colcon_core.package_identification:_identify(src/vrx_gazebo) by extension 'ros'
[0.308s] DEBUG:colcon.colcon_core.package_identification:Package 'src/vrx_gazebo' with type 'ros.ament_cmake' and name 'vrx_gazebo'
[0.308s] Level 1:colcon.colcon_core.package_identification:_identify(src/wamv_description) by extensions ['ignore', 'ignore_ament_install']
[0.308s] Level 1:colcon.colcon_core.package_identification:_identify(src/wamv_description) by extension 'ignore'
[0.309s] Level 1:colcon.colcon_core.package_identification:_identify(src/wamv_description) by extension 'ignore_ament_install'
[0.309s] Level 1:colcon.colcon_core.package_identification:_identify(src/wamv_description) by extensions ['colcon_pkg']
[0.309s] Level 1:colcon.colcon_core.package_identification:_identify(src/wamv_description) by extension 'colcon_pkg'
[0.309s] Level 1:colcon.colcon_core.package_identification:_identify(src/wamv_description) by extensions ['colcon_meta']
[0.309s] Level 1:colcon.colcon_core.package_identification:_identify(src/wamv_description) by extension 'colcon_meta'
[0.309s] Level 1:colcon.colcon_core.package_identification:_identify(src/wamv_description) by extensions ['ros']
[0.309s] Level 1:colcon.colcon_core.package_identification:_identify(src/wamv_description) by extension 'ros'
[0.309s] DEBUG:colcon.colcon_core.package_identification:Package 'src/wamv_description' with type 'ros.ament_cmake' and name 'wamv_description'
[0.309s] Level 1:colcon.colcon_core.package_identification:_identify(src/wamv_gazebo) by extensions ['ignore', 'ignore_ament_install']
[0.309s] Level 1:colcon.colcon_core.package_identification:_identify(src/wamv_gazebo) by extension 'ignore'
[0.309s] Level 1:colcon.colcon_core.package_identification:_identify(src/wamv_gazebo) by extension 'ignore_ament_install'
[0.309s] Level 1:colcon.colcon_core.package_identification:_identify(src/wamv_gazebo) by extensions ['colcon_pkg']
[0.309s] Level 1:colcon.colcon_core.package_identification:_identify(src/wamv_gazebo) by extension 'colcon_pkg'
[0.310s] Level 1:colcon.colcon_core.package_identification:_identify(src/wamv_gazebo) by extensions ['colcon_meta']
[0.310s] Level 1:colcon.colcon_core.package_identification:_identify(src/wamv_gazebo) by extension 'colcon_meta'
[0.310s] Level 1:colcon.colcon_core.package_identification:_identify(src/wamv_gazebo) by extensions ['ros']
[0.310s] Level 1:colcon.colcon_core.package_identification:_identify(src/wamv_gazebo) by extension 'ros'
[0.311s] DEBUG:colcon.colcon_core.package_identification:Package 'src/wamv_gazebo' with type 'ros.ament_cmake' and name 'wamv_gazebo'
[0.311s] Level 1:colcon.colcon_core.package_identification:_identify(src/wave_gazebo) by extensions ['ignore', 'ignore_ament_install']
[0.311s] Level 1:colcon.colcon_core.package_identification:_identify(src/wave_gazebo) by extension 'ignore'
[0.311s] Level 1:colcon.colcon_core.package_identification:_identify(src/wave_gazebo) by extension 'ignore_ament_install'
[0.311s] Level 1:colcon.colcon_core.package_identification:_identify(src/wave_gazebo) by extensions ['colcon_pkg']
[0.311s] Level 1:colcon.colcon_core.package_identification:_identify(src/wave_gazebo) by extension 'colcon_pkg'
[0.311s] Level 1:colcon.colcon_core.package_identification:_identify(src/wave_gazebo) by extensions ['colcon_meta']
[0.311s] Level 1:colcon.colcon_core.package_identification:_identify(src/wave_gazebo) by extension 'colcon_meta'
[0.311s] Level 1:colcon.colcon_core.package_identification:_identify(src/wave_gazebo) by extensions ['ros']
[0.311s] Level 1:colcon.colcon_core.package_identification:_identify(src/wave_gazebo) by extension 'ros'
[0.311s] DEBUG:colcon.colcon_core.package_identification:Package 'src/wave_gazebo' with type 'ros.ament_cmake' and name 'wave_gazebo'
[0.312s] Level 1:colcon.colcon_core.package_identification:_identify(src/wave_gazebo_plugins) by extensions ['ignore', 'ignore_ament_install']
[0.312s] Level 1:colcon.colcon_core.package_identification:_identify(src/wave_gazebo_plugins) by extension 'ignore'
[0.312s] Level 1:colcon.colcon_core.package_identification:_identify(src/wave_gazebo_plugins) by extension 'ignore_ament_install'
[0.312s] Level 1:colcon.colcon_core.package_identification:_identify(src/wave_gazebo_plugins) by extensions ['colcon_pkg']
[0.312s] Level 1:colcon.colcon_core.package_identification:_identify(src/wave_gazebo_plugins) by extension 'colcon_pkg'
[0.312s] Level 1:colcon.colcon_core.package_identification:_identify(src/wave_gazebo_plugins) by extensions ['colcon_meta']
[0.312s] Level 1:colcon.colcon_core.package_identification:_identify(src/wave_gazebo_plugins) by extension 'colcon_meta'
[0.312s] Level 1:colcon.colcon_core.package_identification:_identify(src/wave_gazebo_plugins) by extensions ['ros']
[0.312s] Level 1:colcon.colcon_core.package_identification:_identify(src/wave_gazebo_plugins) by extension 'ros'
[0.313s] DEBUG:colcon.colcon_core.package_identification:Package 'src/wave_gazebo_plugins' with type 'ros.ament_cmake' and name 'wave_gazebo_plugins'
[0.313s] Level 1:colcon.colcon_core.package_discovery:discover_packages(recursive) using defaults
[0.313s] Level 1:colcon.colcon_core.package_discovery:discover_packages(ignore) discover
[0.313s] Level 1:colcon.colcon_core.package_discovery:discover_packages(ignore) using defaults
[0.313s] Level 1:colcon.colcon_core.package_discovery:discover_packages(path) discover
[0.313s] Level 1:colcon.colcon_core.package_discovery:discover_packages(path) using defaults
[0.335s] INFO:colcon.colcon_core.package_selection:Skipping not selected package 'usv_msgs' in 'src/usv_msgs'
[0.335s] INFO:colcon.colcon_core.package_selection:Skipping not selected package 'wamv_description' in 'src/wamv_description'
[0.335s] INFO:colcon.colcon_core.package_selection:Skipping not selected package 'wave_gazebo_plugins' in 'src/wave_gazebo_plugins'
[0.335s] INFO:colcon.colcon_core.package_selection:Skipping not selected package 'usv_gazebo_plugins' in 'src/usv_gazebo_plugins'
[0.335s] INFO:colcon.colcon_core.package_selection:Skipping not selected package 'wave_gazebo' in 'src/wave_gazebo'
[0.335s] INFO:colcon.colcon_core.package_selection:Skipping not selected package 'wamv_gazebo' in 'src/wamv_gazebo'
[0.339s] Level 5:colcon.colcon_core.verb:set package 'vrx_gazebo' build argument 'cmake_args' from command line to 'None'
[0.339s] Level 5:colcon.colcon_core.verb:set package 'vrx_gazebo' build argument 'cmake_target' from command line to 'None'
[0.339s] Level 5:colcon.colcon_core.verb:set package 'vrx_gazebo' build argument 'cmake_target_skip_unavailable' from command line to 'False'
[0.339s] Level 5:colcon.colcon_core.verb:set package 'vrx_gazebo' build argument 'cmake_clean_cache' from command line to 'False'
[0.339s] Level 5:colcon.colcon_core.verb:set package 'vrx_gazebo' build argument 'cmake_clean_first' from command line to 'False'
[0.339s] Level 5:colcon.colcon_core.verb:set package 'vrx_gazebo' build argument 'cmake_force_configure' from command line to 'False'
[0.339s] Level 5:colcon.colcon_core.verb:set package 'vrx_gazebo' build argument 'ament_cmake_args' from command line to 'None'
[0.339s] Level 5:colcon.colcon_core.verb:set package 'vrx_gazebo' build argument 'catkin_cmake_args' from command line to 'None'
[0.339s] Level 5:colcon.colcon_core.verb:set package 'vrx_gazebo' build argument 'catkin_skip_building_tests' from command line to 'False'
[0.339s] DEBUG:colcon.colcon_core.verb:Building package 'vrx_gazebo' with the following arguments: {'ament_cmake_args': None, 'build_base': '/home/ruize/dev_ws/build/vrx_gazebo', 'catkin_cmake_args': None, 'catkin_skip_building_tests': False, 'cmake_args': None, 'cmake_clean_cache': False, 'cmake_clean_first': False, 'cmake_force_configure': False, 'cmake_target': None, 'cmake_target_skip_unavailable': False, 'install_base': '/home/ruize/dev_ws/install/vrx_gazebo', 'merge_install': False, 'path': '/home/ruize/dev_ws/src/vrx_gazebo', 'symlink_install': False, 'test_result_base': None}
[0.340s] INFO:colcon.colcon_core.executor:Executing jobs using 'parallel' executor
[0.343s] DEBUG:colcon.colcon_parallel_executor.executor.parallel:run_until_complete
[0.343s] INFO:colcon.colcon_ros.task.ament_cmake.build:Building ROS package in '/home/ruize/dev_ws/src/vrx_gazebo' with build type 'ament_cmake'
[0.344s] INFO:colcon.colcon_cmake.task.cmake.build:Building CMake package in '/home/ruize/dev_ws/src/vrx_gazebo'
[0.348s] INFO:colcon.colcon_core.plugin_system:Skipping extension 'colcon_core.shell.bat': Not used on non-Windows systems
[0.348s] INFO:colcon.colcon_core.shell:Skip shell extension 'powershell' for command environment: Not usable outside of PowerShell
[0.348s] DEBUG:colcon.colcon_core.shell:Skip shell extension 'dsv' for command environment
[0.351s] DEBUG:colcon.colcon_core.shell:Ignoring prefix path '/opt/ros/foxy'
[0.365s] DEBUG:colcon.colcon_core.event_handler.log_command:Invoking command in '/home/ruize/dev_ws/build/vrx_gazebo': CMAKE_PREFIX_PATH=${CMAKE_PREFIX_PATH}:/opt/ros/foxy /usr/bin/cmake --build /home/ruize/dev_ws/build/vrx_gazebo -- -j4 -l4
[0.415s] DEBUG:colcon.colcon_core.event_handler.log_command:Invoked command in '/home/ruize/dev_ws/build/vrx_gazebo' returned '0': CMAKE_PREFIX_PATH=${CMAKE_PREFIX_PATH}:/opt/ros/foxy /usr/bin/cmake --build /home/ruize/dev_ws/build/vrx_gazebo -- -j4 -l4
[0.467s] DEBUG:colcon.colcon_core.event_handler.log_command:Invoking command in '/home/ruize/dev_ws/build/vrx_gazebo': CMAKE_PREFIX_PATH=${CMAKE_PREFIX_PATH}:/opt/ros/foxy /usr/bin/cmake --install /home/ruize/dev_ws/build/vrx_gazebo
[0.626s] Level 1:colcon.colcon_core.environment:create_environment_scripts_only(vrx_gazebo)
[0.626s] DEBUG:colcon.colcon_core.event_handler.log_command:Invoked command in '/home/ruize/dev_ws/build/vrx_gazebo' returned '0': CMAKE_PREFIX_PATH=${CMAKE_PREFIX_PATH}:/opt/ros/foxy /usr/bin/cmake --install /home/ruize/dev_ws/build/vrx_gazebo
[0.631s] Level 1:colcon.colcon_core.environment:checking '/home/ruize/dev_ws/install/vrx_gazebo' for CMake module files
[0.632s] Level 1:colcon.colcon_core.environment:checking '/home/ruize/dev_ws/install/vrx_gazebo' for CMake config files
[0.634s] Level 1:colcon.colcon_core.shell:create_environment_hook('vrx_gazebo', 'cmake_prefix_path')
[0.635s] INFO:colcon.colcon_core.shell:Creating environment hook '/home/ruize/dev_ws/install/vrx_gazebo/share/vrx_gazebo/hook/cmake_prefix_path.ps1'
[0.636s] INFO:colcon.colcon_core.shell:Creating environment descriptor '/home/ruize/dev_ws/install/vrx_gazebo/share/vrx_gazebo/hook/cmake_prefix_path.dsv'
[0.637s] INFO:colcon.colcon_core.shell:Creating environment hook '/home/ruize/dev_ws/install/vrx_gazebo/share/vrx_gazebo/hook/cmake_prefix_path.sh'
[0.637s] Level 1:colcon.colcon_core.environment:checking '/home/ruize/dev_ws/install/vrx_gazebo/bin'
[0.638s] Level 1:colcon.colcon_core.environment:checking '/home/ruize/dev_ws/install/vrx_gazebo/lib/pkgconfig/vrx_gazebo.pc'
[0.638s] Level 1:colcon.colcon_core.environment:checking '/home/ruize/dev_ws/install/vrx_gazebo/lib/python3.8/site-packages'
[0.639s] INFO:colcon.colcon_core.shell:Creating package script '/home/ruize/dev_ws/install/vrx_gazebo/share/vrx_gazebo/package.ps1'
[0.639s] INFO:colcon.colcon_core.shell:Creating package descriptor '/home/ruize/dev_ws/install/vrx_gazebo/share/vrx_gazebo/package.dsv'
[0.640s] INFO:colcon.colcon_core.shell:Creating package script '/home/ruize/dev_ws/install/vrx_gazebo/share/vrx_gazebo/package.sh'
[0.642s] INFO:colcon.colcon_core.shell:Creating package script '/home/ruize/dev_ws/install/vrx_gazebo/share/vrx_gazebo/package.bash'
[0.643s] INFO:colcon.colcon_core.shell:Creating package script '/home/ruize/dev_ws/install/vrx_gazebo/share/vrx_gazebo/package.zsh'
[0.650s] Level 1:colcon.colcon_core.environment:create_file_with_runtime_dependencies(/home/ruize/dev_ws/install/vrx_gazebo/share/colcon-core/packages/vrx_gazebo)
[0.684s] Level 1:colcon.colcon_core.environment:create_environment_scripts_only(vrx_gazebo)
[0.685s] Level 1:colcon.colcon_core.environment:checking '/home/ruize/dev_ws/install/vrx_gazebo' for CMake module files
[0.686s] Level 1:colcon.colcon_core.environment:checking '/home/ruize/dev_ws/install/vrx_gazebo' for CMake config files
[0.689s] Level 1:colcon.colcon_core.shell:create_environment_hook('vrx_gazebo', 'cmake_prefix_path')
[0.690s] INFO:colcon.colcon_core.shell:Creating environment hook '/home/ruize/dev_ws/install/vrx_gazebo/share/vrx_gazebo/hook/cmake_prefix_path.ps1'
[0.691s] INFO:colcon.colcon_core.shell:Creating environment descriptor '/home/ruize/dev_ws/install/vrx_gazebo/share/vrx_gazebo/hook/cmake_prefix_path.dsv'
[0.692s] INFO:colcon.colcon_core.shell:Creating environment hook '/home/ruize/dev_ws/install/vrx_gazebo/share/vrx_gazebo/hook/cmake_prefix_path.sh'
[0.692s] Level 1:colcon.colcon_core.environment:checking '/home/ruize/dev_ws/install/vrx_gazebo/bin'
[0.692s] Level 1:colcon.colcon_core.environment:checking '/home/ruize/dev_ws/install/vrx_gazebo/lib/pkgconfig/vrx_gazebo.pc'
[0.693s] Level 1:colcon.colcon_core.environment:checking '/home/ruize/dev_ws/install/vrx_gazebo/lib/python3.8/site-packages'
[0.693s] INFO:colcon.colcon_core.shell:Creating package script '/home/ruize/dev_ws/install/vrx_gazebo/share/vrx_gazebo/package.ps1'
[0.694s] INFO:colcon.colcon_core.shell:Creating package descriptor '/home/ruize/dev_ws/install/vrx_gazebo/share/vrx_gazebo/package.dsv'
[0.694s] INFO:colcon.colcon_core.shell:Creating package script '/home/ruize/dev_ws/install/vrx_gazebo/share/vrx_gazebo/package.sh'
[0.695s] INFO:colcon.colcon_core.shell:Creating package script '/home/ruize/dev_ws/install/vrx_gazebo/share/vrx_gazebo/package.bash'
[0.695s] INFO:colcon.colcon_core.shell:Creating package script '/home/ruize/dev_ws/install/vrx_gazebo/share/vrx_gazebo/package.zsh'
[0.696s] Level 1:colcon.colcon_core.environment:create_file_with_runtime_dependencies(/home/ruize/dev_ws/install/vrx_gazebo/share/colcon-core/packages/vrx_gazebo)
[0.696s] DEBUG:colcon.colcon_parallel_executor.executor.parallel:closing loop
[0.697s] DEBUG:colcon.colcon_parallel_executor.executor.parallel:loop closed
[0.697s] DEBUG:colcon.colcon_parallel_executor.executor.parallel:run_until_complete finished with '0'
[0.697s] DEBUG:colcon.colcon_core.event_reactor:joining thread
[0.704s] INFO:colcon.colcon_core.plugin_system:Skipping extension 'colcon_notification.desktop_notification.terminal_notifier': Not used on non-Darwin systems
[0.704s] INFO:colcon.colcon_core.plugin_system:Skipping extension 'colcon_notification.desktop_notification.win32': Not used on non-Windows systems
[0.704s] INFO:colcon.colcon_notification.desktop_notification:Sending desktop notification using 'notify2'
[0.745s] DEBUG:colcon.colcon_core.event_reactor:joined thread
[0.746s] INFO:colcon.colcon_core.shell:Creating prefix script '/home/ruize/dev_ws/install/local_setup.ps1'
[0.747s] INFO:colcon.colcon_core.shell:Creating prefix util module '/home/ruize/dev_ws/install/_local_setup_util_ps1.py'
[0.748s] INFO:colcon.colcon_core.shell:Creating prefix chain script '/home/ruize/dev_ws/install/setup.ps1'
[0.752s] INFO:colcon.colcon_core.shell:Creating prefix script '/home/ruize/dev_ws/install/local_setup.sh'
[0.762s] INFO:colcon.colcon_core.shell:Creating prefix util module '/home/ruize/dev_ws/install/_local_setup_util_sh.py'
[0.762s] INFO:colcon.colcon_core.shell:Creating prefix chain script '/home/ruize/dev_ws/install/setup.sh'
[0.767s] INFO:colcon.colcon_core.shell:Creating prefix script '/home/ruize/dev_ws/install/local_setup.bash'
[0.767s] INFO:colcon.colcon_core.shell:Creating prefix chain script '/home/ruize/dev_ws/install/setup.bash'
[0.781s] INFO:colcon.colcon_core.shell:Creating prefix script '/home/ruize/dev_ws/install/local_setup.zsh'
[0.782s] INFO:colcon.colcon_core.shell:Creating prefix chain script '/home/ruize/dev_ws/install/setup.zsh'
