-- Install configuration: ""
-- Up-to-date: /home/ruize/dev_ws/install/vrx_gazebo/share/vrx_gazebo/models
-- Installing: /home/ruize/dev_ws/install/vrx_gazebo/share/vrx_gazebo/models/sensor_post
-- Installing: /home/ruize/dev_ws/install/vrx_gazebo/share/vrx_gazebo/models/sensor_post/model.sdf
-- Installing: /home/ruize/dev_ws/install/vrx_gazebo/share/vrx_gazebo/models/sensor_post/model.config
-- Installing: /home/ruize/dev_ws/install/vrx_gazebo/share/vrx_gazebo/models/sensor_post/mesh
-- Installing: /home/ruize/dev_ws/install/vrx_gazebo/share/vrx_gazebo/models/sensor_post/mesh/sensor_post.dae
-- Installing: /home/ruize/dev_ws/install/vrx_gazebo/share/vrx_gazebo/models/sensor_post/mesh/sensor_post.png
-- Installing: /home/ruize/dev_ws/install/vrx_gazebo/share/vrx_gazebo/models/sensor_post/mesh/sensor_post_arm.dae
-- Installing: /home/ruize/dev_ws/install/vrx_gazebo/share/vrx_gazebo/models/3d_lidar
-- Installing: /home/ruize/dev_ws/install/vrx_gazebo/share/vrx_gazebo/models/3d_lidar/model.sdf
-- Installing: /home/ruize/dev_ws/install/vrx_gazebo/share/vrx_gazebo/models/3d_lidar/model.config
-- Installing: /home/ruize/dev_ws/install/vrx_gazebo/share/vrx_gazebo/models/3d_lidar/mesh
-- Installing: /home/ruize/dev_ws/install/vrx_gazebo/share/vrx_gazebo/models/3d_lidar/mesh/3d_lidar.dae
-- Installing: /home/ruize/dev_ws/install/vrx_gazebo/share/vrx_gazebo/models/3d_lidar/mesh/3d_lidar.png
-- Up-to-date: /home/ruize/dev_ws/install/vrx_gazebo/share/vrx_gazebo/models/battery
-- Up-to-date: /home/ruize/dev_ws/install/vrx_gazebo/share/vrx_gazebo/models/battery/model.sdf
-- Up-to-date: /home/ruize/dev_ws/install/vrx_gazebo/share/vrx_gazebo/models/battery/model.config
-- Up-to-date: /home/ruize/dev_ws/install/vrx_gazebo/share/vrx_gazebo/models/battery/mesh
-- Up-to-date: /home/ruize/dev_ws/install/vrx_gazebo/share/vrx_gazebo/models/battery/mesh/battery.dae
-- Up-to-date: /home/ruize/dev_ws/install/vrx_gazebo/share/vrx_gazebo/models/battery/mesh/battery.png
-- Up-to-date: /home/ruize/dev_ws/install/vrx_gazebo/share/vrx_gazebo/models/cpu_cases
-- Up-to-date: /home/ruize/dev_ws/install/vrx_gazebo/share/vrx_gazebo/models/cpu_cases/model.sdf
-- Up-to-date: /home/ruize/dev_ws/install/vrx_gazebo/share/vrx_gazebo/models/cpu_cases/model.config
-- Up-to-date: /home/ruize/dev_ws/install/vrx_gazebo/share/vrx_gazebo/models/cpu_cases/mesh
-- Up-to-date: /home/ruize/dev_ws/install/vrx_gazebo/share/vrx_gazebo/models/cpu_cases/mesh/cpu_cases.png
-- Up-to-date: /home/ruize/dev_ws/install/vrx_gazebo/share/vrx_gazebo/models/cpu_cases/mesh/cpu_cases.dae
-- Installing: /home/ruize/dev_ws/install/vrx_gazebo/share/vrx_gazebo/models/mono_camera
-- Installing: /home/ruize/dev_ws/install/vrx_gazebo/share/vrx_gazebo/models/mono_camera/model.sdf
-- Installing: /home/ruize/dev_ws/install/vrx_gazebo/share/vrx_gazebo/models/mono_camera/model.config
-- Installing: /home/ruize/dev_ws/install/vrx_gazebo/share/vrx_gazebo/models/mono_camera/mesh
-- Installing: /home/ruize/dev_ws/install/vrx_gazebo/share/vrx_gazebo/models/mono_camera/mesh/mono_camera.png
-- Installing: /home/ruize/dev_ws/install/vrx_gazebo/share/vrx_gazebo/models/mono_camera/mesh/mono_camera.dae
-- Up-to-date: /home/ruize/dev_ws/install/vrx_gazebo/share/ament_index/resource_index/package_run_dependencies/vrx_gazebo
-- Up-to-date: /home/ruize/dev_ws/install/vrx_gazebo/share/ament_index/resource_index/parent_prefix_path/vrx_gazebo
-- Up-to-date: /home/ruize/dev_ws/install/vrx_gazebo/share/vrx_gazebo/environment/ament_prefix_path.sh
-- Up-to-date: /home/ruize/dev_ws/install/vrx_gazebo/share/vrx_gazebo/environment/ament_prefix_path.dsv
-- Up-to-date: /home/ruize/dev_ws/install/vrx_gazebo/share/vrx_gazebo/environment/path.sh
-- Up-to-date: /home/ruize/dev_ws/install/vrx_gazebo/share/vrx_gazebo/environment/path.dsv
-- Up-to-date: /home/ruize/dev_ws/install/vrx_gazebo/share/vrx_gazebo/local_setup.bash
-- Up-to-date: /home/ruize/dev_ws/install/vrx_gazebo/share/vrx_gazebo/local_setup.sh
-- Up-to-date: /home/ruize/dev_ws/install/vrx_gazebo/share/vrx_gazebo/local_setup.zsh
-- Up-to-date: /home/ruize/dev_ws/install/vrx_gazebo/share/vrx_gazebo/local_setup.dsv
-- Up-to-date: /home/ruize/dev_ws/install/vrx_gazebo/share/vrx_gazebo/package.dsv
-- Up-to-date: /home/ruize/dev_ws/install/vrx_gazebo/share/ament_index/resource_index/packages/vrx_gazebo
-- Up-to-date: /home/ruize/dev_ws/install/vrx_gazebo/share/vrx_gazebo/cmake/vrx_gazeboConfig.cmake
-- Up-to-date: /home/ruize/dev_ws/install/vrx_gazebo/share/vrx_gazebo/cmake/vrx_gazeboConfig-version.cmake
-- Up-to-date: /home/ruize/dev_ws/install/vrx_gazebo/share/vrx_gazebo/package.xml
