[0.011s] Invoking command in '/home/ruize/dev_ws/build/usv_msgs': CMAKE_PREFIX_PATH=${CMAKE_PREFIX_PATH}:/opt/ros/foxy /usr/bin/cmake --build /home/ruize/dev_ws/build/usv_msgs -- -j4 -l4
[0.035s] -- Found rosidl_default_generators: 1.0.0 (/opt/ros/foxy/share/rosidl_default_generators/cmake)
[0.035s] -- Found ament_cmake_core: 0.9.8 (/opt/ros/foxy/share/ament_cmake_core/cmake)
[0.051s] -- Found PythonInterp: /usr/bin/python3 (found suitable version "3.8.5", minimum required is "3") 
[0.051s] -- Using PYTHON_EXECUTABLE: /usr/bin/python3
[0.190s] -- Using all available rosidl_typesupport_c: rosidl_typesupport_fastrtps_c;rosidl_typesupport_introspection_c
[0.193s] -- Found rosidl_adapter: 1.2.0 (/opt/ros/foxy/share/rosidl_adapter/cmake)
[0.311s] -- Using all available rosidl_typesupport_cpp: rosidl_typesupport_fastrtps_cpp;rosidl_typesupport_introspection_cpp
[0.331s] -- Found std_msgs: 2.0.3 (/opt/ros/foxy/share/std_msgs/cmake)
[0.375s] -- Found PythonInterp: /usr/bin/python3 (found version "3.8.5") 
[0.484s] -- Found ament_cmake_ros: 0.9.1 (/opt/ros/foxy/share/ament_cmake_ros/cmake)
[0.631s] -- Using all available rosidl_typesupport_c: rosidl_typesupport_fastrtps_c;rosidl_typesupport_introspection_c
[0.689s] -- Using all available rosidl_typesupport_cpp: rosidl_typesupport_fastrtps_cpp;rosidl_typesupport_introspection_cpp
[0.711s] -- Found PythonInterp: /usr/bin/python3 (found suitable version "3.8.5", minimum required is "3.5") 
[0.711s] -- Found python_cmake_module: 0.8.0 (/opt/ros/foxy/share/python_cmake_module/cmake)
[0.729s] -- Using PYTHON_EXECUTABLE: /usr/bin/python3
[0.729s] -- Using PYTHON_INCLUDE_DIRS: /usr/include/python3.8
[0.729s] -- Using PYTHON_LIBRARIES: /usr/lib/x86_64-linux-gnu/libpython3.8.so
[0.754s] -- Found ament_lint_auto: 0.9.6 (/opt/ros/foxy/share/ament_lint_auto/cmake)
[0.762s] -- Added test 'copyright' to check source files copyright and LICENSE
[0.763s] -- Added test 'lint_cmake' to check CMake code style
[0.764s] -- Added test 'xmllint' to check XML markup files
[0.767s] -- Configuring done
[0.799s] -- Generating done
[0.802s] -- Build files have been written to: /home/ruize/dev_ws/build/usv_msgs
[0.832s] [  9%] Built target usv_msgs__rosidl_generator_c
[0.837s] [ 12%] Built target usv_msgs__cpp
[0.853s] [ 22%] Built target usv_msgs__rosidl_typesupport_c
[0.859s] [ 32%] Built target usv_msgs__rosidl_typesupport_cpp
[0.862s] [ 41%] Built target usv_msgs__rosidl_typesupport_introspection_c
[0.870s] [ 51%] Built target usv_msgs__rosidl_typesupport_fastrtps_cpp
[0.874s] [ 61%] Built target usv_msgs__rosidl_typesupport_introspection_cpp
[0.892s] [ 70%] Built target usv_msgs__rosidl_typesupport_fastrtps_c
[0.912s] [ 70%] Built target usv_msgs
[0.931s] [ 74%] Built target usv_msgs__py
[0.952s] [ 80%] Built target usv_msgs__python
[0.975s] [100%] Built target usv_msgs__rosidl_typesupport_introspection_c__pyext
[0.976s] [100%] Built target usv_msgs__rosidl_typesupport_fastrtps_c__pyext
[0.976s] [100%] Built target usv_msgs__rosidl_typesupport_c__pyext
[0.987s] Invoked command in '/home/ruize/dev_ws/build/usv_msgs' returned '0': CMAKE_PREFIX_PATH=${CMAKE_PREFIX_PATH}:/opt/ros/foxy /usr/bin/cmake --build /home/ruize/dev_ws/build/usv_msgs -- -j4 -l4
[1.048s] Invoking command in '/home/ruize/dev_ws/build/usv_msgs': CMAKE_PREFIX_PATH=${CMAKE_PREFIX_PATH}:/opt/ros/foxy /usr/bin/cmake --install /home/ruize/dev_ws/build/usv_msgs
[1.055s] -- Install configuration: ""
[1.055s] -- Up-to-date: /home/ruize/dev_ws/install/usv_msgs/share/ament_index/resource_index/rosidl_interfaces/usv_msgs
[1.056s] -- Up-to-date: /home/ruize/dev_ws/install/usv_msgs/include/usv_msgs
[1.056s] -- Up-to-date: /home/ruize/dev_ws/install/usv_msgs/include/usv_msgs/msg
[1.056s] -- Up-to-date: /home/ruize/dev_ws/install/usv_msgs/include/usv_msgs/msg/detail
[1.056s] -- Up-to-date: /home/ruize/dev_ws/install/usv_msgs/include/usv_msgs/msg/detail/range_bearing__functions.h
[1.056s] -- Up-to-date: /home/ruize/dev_ws/install/usv_msgs/include/usv_msgs/msg/detail/range_bearing__struct.h
[1.056s] -- Up-to-date: /home/ruize/dev_ws/install/usv_msgs/include/usv_msgs/msg/detail/range_bearing__type_support.h
[1.056s] -- Up-to-date: /home/ruize/dev_ws/install/usv_msgs/include/usv_msgs/msg/detail/range_bearing__functions.c
[1.057s] -- Up-to-date: /home/ruize/dev_ws/install/usv_msgs/include/usv_msgs/msg/range_bearing.h
[1.057s] -- Up-to-date: /home/ruize/dev_ws/install/usv_msgs/include/usv_msgs/msg/rosidl_generator_c__visibility_control.h
[1.057s] -- Up-to-date: /home/ruize/dev_ws/install/usv_msgs/share/usv_msgs/environment/library_path.sh
[1.057s] -- Installing: /home/ruize/dev_ws/install/usv_msgs/share/usv_msgs/environment/library_path.dsv
[1.057s] -- Up-to-date: /home/ruize/dev_ws/install/usv_msgs/lib/libusv_msgs__rosidl_generator_c.so
[1.058s] -- Up-to-date: /home/ruize/dev_ws/install/usv_msgs/include/usv_msgs
[1.058s] -- Up-to-date: /home/ruize/dev_ws/install/usv_msgs/include/usv_msgs/msg
[1.058s] -- Up-to-date: /home/ruize/dev_ws/install/usv_msgs/include/usv_msgs/msg/rosidl_typesupport_fastrtps_c__visibility_control.h
[1.058s] -- Up-to-date: /home/ruize/dev_ws/install/usv_msgs/include/usv_msgs/msg/detail
[1.058s] -- Up-to-date: /home/ruize/dev_ws/install/usv_msgs/include/usv_msgs/msg/detail/range_bearing__rosidl_typesupport_fastrtps_c.h
[1.058s] -- Up-to-date: /home/ruize/dev_ws/install/usv_msgs/lib/libusv_msgs__rosidl_typesupport_fastrtps_c.so
[1.059s] -- Up-to-date: /home/ruize/dev_ws/install/usv_msgs/include/usv_msgs
[1.059s] -- Up-to-date: /home/ruize/dev_ws/install/usv_msgs/include/usv_msgs/msg
[1.059s] -- Up-to-date: /home/ruize/dev_ws/install/usv_msgs/include/usv_msgs/msg/rosidl_typesupport_fastrtps_cpp__visibility_control.h
[1.059s] -- Up-to-date: /home/ruize/dev_ws/install/usv_msgs/include/usv_msgs/msg/detail
[1.059s] -- Up-to-date: /home/ruize/dev_ws/install/usv_msgs/include/usv_msgs/msg/detail/range_bearing__rosidl_typesupport_fastrtps_cpp.hpp
[1.059s] -- Up-to-date: /home/ruize/dev_ws/install/usv_msgs/include/usv_msgs/msg/detail/dds_fastrtps
[1.060s] -- Up-to-date: /home/ruize/dev_ws/install/usv_msgs/lib/libusv_msgs__rosidl_typesupport_fastrtps_cpp.so
[1.060s] -- Up-to-date: /home/ruize/dev_ws/install/usv_msgs/include/usv_msgs
[1.060s] -- Up-to-date: /home/ruize/dev_ws/install/usv_msgs/include/usv_msgs/msg
[1.060s] -- Up-to-date: /home/ruize/dev_ws/install/usv_msgs/include/usv_msgs/msg/detail
[1.060s] -- Up-to-date: /home/ruize/dev_ws/install/usv_msgs/include/usv_msgs/msg/detail/range_bearing__type_support.c
[1.061s] -- Up-to-date: /home/ruize/dev_ws/install/usv_msgs/include/usv_msgs/msg/detail/range_bearing__rosidl_typesupport_introspection_c.h
[1.061s] -- Up-to-date: /home/ruize/dev_ws/install/usv_msgs/include/usv_msgs/msg/rosidl_typesupport_introspection_c__visibility_control.h
[1.061s] -- Up-to-date: /home/ruize/dev_ws/install/usv_msgs/lib/libusv_msgs__rosidl_typesupport_introspection_c.so
[1.061s] -- Up-to-date: /home/ruize/dev_ws/install/usv_msgs/lib/libusv_msgs__rosidl_typesupport_c.so
[1.061s] -- Up-to-date: /home/ruize/dev_ws/install/usv_msgs/include/usv_msgs
[1.062s] -- Up-to-date: /home/ruize/dev_ws/install/usv_msgs/include/usv_msgs/msg
[1.062s] -- Up-to-date: /home/ruize/dev_ws/install/usv_msgs/include/usv_msgs/msg/detail
[1.062s] -- Up-to-date: /home/ruize/dev_ws/install/usv_msgs/include/usv_msgs/msg/detail/range_bearing__struct.hpp
[1.062s] -- Up-to-date: /home/ruize/dev_ws/install/usv_msgs/include/usv_msgs/msg/detail/range_bearing__builder.hpp
[1.062s] -- Up-to-date: /home/ruize/dev_ws/install/usv_msgs/include/usv_msgs/msg/detail/range_bearing__traits.hpp
[1.062s] -- Up-to-date: /home/ruize/dev_ws/install/usv_msgs/include/usv_msgs/msg/range_bearing.hpp
[1.062s] -- Up-to-date: /home/ruize/dev_ws/install/usv_msgs/include/usv_msgs
[1.062s] -- Up-to-date: /home/ruize/dev_ws/install/usv_msgs/include/usv_msgs/msg
[1.062s] -- Up-to-date: /home/ruize/dev_ws/install/usv_msgs/include/usv_msgs/msg/detail
[1.063s] -- Up-to-date: /home/ruize/dev_ws/install/usv_msgs/include/usv_msgs/msg/detail/range_bearing__rosidl_typesupport_introspection_cpp.hpp
[1.063s] -- Up-to-date: /home/ruize/dev_ws/install/usv_msgs/include/usv_msgs/msg/detail/range_bearing__type_support.cpp
[1.063s] -- Up-to-date: /home/ruize/dev_ws/install/usv_msgs/lib/libusv_msgs__rosidl_typesupport_introspection_cpp.so
[1.063s] -- Up-to-date: /home/ruize/dev_ws/install/usv_msgs/lib/libusv_msgs__rosidl_typesupport_cpp.so
[1.064s] -- Up-to-date: /home/ruize/dev_ws/install/usv_msgs/share/usv_msgs/environment/pythonpath.sh
[1.064s] -- Installing: /home/ruize/dev_ws/install/usv_msgs/share/usv_msgs/environment/pythonpath.dsv
[1.064s] -- Installing: /home/ruize/dev_ws/install/usv_msgs/lib/python3.8/site-packages/usv_msgs/__init__.py
[1.089s] Compiling '/home/ruize/dev_ws/install/usv_msgs/lib/python3.8/site-packages/usv_msgs/__init__.py'...
[1.093s] -- Up-to-date: /home/ruize/dev_ws/install/usv_msgs/lib/python3.8/site-packages/usv_msgs/msg
[1.095s] -- Up-to-date: /home/ruize/dev_ws/install/usv_msgs/lib/python3.8/site-packages/usv_msgs/msg/_range_bearing.py
[1.097s] -- Up-to-date: /home/ruize/dev_ws/install/usv_msgs/lib/python3.8/site-packages/usv_msgs/msg/__init__.py
[1.098s] -- Up-to-date: /home/ruize/dev_ws/install/usv_msgs/lib/python3.8/site-packages/usv_msgs/msg/_range_bearing_s.c
[1.099s] -- Up-to-date: /home/ruize/dev_ws/install/usv_msgs/lib/python3.8/site-packages/usv_msgs/usv_msgs_s__rosidl_typesupport_fastrtps_c.cpython-38-x86_64-linux-gnu.so
[1.101s] -- Up-to-date: /home/ruize/dev_ws/install/usv_msgs/lib/python3.8/site-packages/usv_msgs/usv_msgs_s__rosidl_typesupport_introspection_c.cpython-38-x86_64-linux-gnu.so
[1.102s] -- Up-to-date: /home/ruize/dev_ws/install/usv_msgs/lib/python3.8/site-packages/usv_msgs/usv_msgs_s__rosidl_typesupport_c.cpython-38-x86_64-linux-gnu.so
[1.103s] -- Up-to-date: /home/ruize/dev_ws/install/usv_msgs/lib/libusv_msgs__python.so
[1.104s] -- Up-to-date: /home/ruize/dev_ws/install/usv_msgs/share/usv_msgs/msg/RangeBearing.idl
[1.104s] -- Up-to-date: /home/ruize/dev_ws/install/usv_msgs/share/usv_msgs/msg/RangeBearing.msg
[1.109s] -- Up-to-date: /home/ruize/dev_ws/install/usv_msgs/share/ament_index/resource_index/package_run_dependencies/usv_msgs
[1.109s] -- Up-to-date: /home/ruize/dev_ws/install/usv_msgs/share/ament_index/resource_index/parent_prefix_path/usv_msgs
[1.109s] -- Up-to-date: /home/ruize/dev_ws/install/usv_msgs/share/usv_msgs/environment/ament_prefix_path.sh
[1.109s] -- Installing: /home/ruize/dev_ws/install/usv_msgs/share/usv_msgs/environment/ament_prefix_path.dsv
[1.111s] -- Up-to-date: /home/ruize/dev_ws/install/usv_msgs/share/usv_msgs/environment/path.sh
[1.111s] -- Installing: /home/ruize/dev_ws/install/usv_msgs/share/usv_msgs/environment/path.dsv
[1.111s] -- Up-to-date: /home/ruize/dev_ws/install/usv_msgs/share/usv_msgs/local_setup.bash
[1.111s] -- Up-to-date: /home/ruize/dev_ws/install/usv_msgs/share/usv_msgs/local_setup.sh
[1.111s] -- Up-to-date: /home/ruize/dev_ws/install/usv_msgs/share/usv_msgs/local_setup.zsh
[1.111s] -- Installing: /home/ruize/dev_ws/install/usv_msgs/share/usv_msgs/local_setup.dsv
[1.112s] -- Installing: /home/ruize/dev_ws/install/usv_msgs/share/usv_msgs/package.dsv
[1.112s] -- Up-to-date: /home/ruize/dev_ws/install/usv_msgs/share/ament_index/resource_index/packages/usv_msgs
[1.112s] -- Up-to-date: /home/ruize/dev_ws/install/usv_msgs/share/usv_msgs/cmake/usv_msgs__rosidl_generator_cExport.cmake
[1.112s] -- Installing: /home/ruize/dev_ws/install/usv_msgs/share/usv_msgs/cmake/usv_msgs__rosidl_generator_cExport-noconfig.cmake
[1.113s] -- Up-to-date: /home/ruize/dev_ws/install/usv_msgs/share/usv_msgs/cmake/usv_msgs__rosidl_typesupport_introspection_cExport.cmake
[1.113s] -- Installing: /home/ruize/dev_ws/install/usv_msgs/share/usv_msgs/cmake/usv_msgs__rosidl_typesupport_introspection_cExport-noconfig.cmake
[1.113s] -- Up-to-date: /home/ruize/dev_ws/install/usv_msgs/share/usv_msgs/cmake/usv_msgs__rosidl_typesupport_cExport.cmake
[1.113s] -- Installing: /home/ruize/dev_ws/install/usv_msgs/share/usv_msgs/cmake/usv_msgs__rosidl_typesupport_cExport-noconfig.cmake
[1.113s] -- Up-to-date: /home/ruize/dev_ws/install/usv_msgs/share/usv_msgs/cmake/usv_msgs__rosidl_generator_cppExport.cmake
[1.113s] -- Up-to-date: /home/ruize/dev_ws/install/usv_msgs/share/usv_msgs/cmake/usv_msgs__rosidl_typesupport_introspection_cppExport.cmake
[1.113s] -- Installing: /home/ruize/dev_ws/install/usv_msgs/share/usv_msgs/cmake/usv_msgs__rosidl_typesupport_introspection_cppExport-noconfig.cmake
[1.114s] -- Up-to-date: /home/ruize/dev_ws/install/usv_msgs/share/usv_msgs/cmake/usv_msgs__rosidl_typesupport_cppExport.cmake
[1.114s] -- Installing: /home/ruize/dev_ws/install/usv_msgs/share/usv_msgs/cmake/usv_msgs__rosidl_typesupport_cppExport-noconfig.cmake
[1.114s] -- Up-to-date: /home/ruize/dev_ws/install/usv_msgs/share/usv_msgs/cmake/rosidl_cmake-extras.cmake
[1.114s] -- Up-to-date: /home/ruize/dev_ws/install/usv_msgs/share/usv_msgs/cmake/ament_cmake_export_dependencies-extras.cmake
[1.114s] -- Up-to-date: /home/ruize/dev_ws/install/usv_msgs/share/usv_msgs/cmake/ament_cmake_export_libraries-extras.cmake
[1.114s] -- Up-to-date: /home/ruize/dev_ws/install/usv_msgs/share/usv_msgs/cmake/ament_cmake_export_targets-extras.cmake
[1.115s] -- Up-to-date: /home/ruize/dev_ws/install/usv_msgs/share/usv_msgs/cmake/ament_cmake_export_include_directories-extras.cmake
[1.115s] -- Up-to-date: /home/ruize/dev_ws/install/usv_msgs/share/usv_msgs/cmake/rosidl_cmake_export_typesupport_libraries-extras.cmake
[1.115s] -- Up-to-date: /home/ruize/dev_ws/install/usv_msgs/share/usv_msgs/cmake/rosidl_cmake_export_typesupport_targets-extras.cmake
[1.115s] -- Up-to-date: /home/ruize/dev_ws/install/usv_msgs/share/usv_msgs/cmake/usv_msgsConfig.cmake
[1.115s] -- Up-to-date: /home/ruize/dev_ws/install/usv_msgs/share/usv_msgs/cmake/usv_msgsConfig-version.cmake
[1.116s] -- Installing: /home/ruize/dev_ws/install/usv_msgs/share/usv_msgs/package.xml
[1.116s] Invoked command in '/home/ruize/dev_ws/build/usv_msgs' returned '0': CMAKE_PREFIX_PATH=${CMAKE_PREFIX_PATH}:/opt/ros/foxy /usr/bin/cmake --install /home/ruize/dev_ws/build/usv_msgs
