[ 57%] Built target Hydrodynamics
[ 71%] Built target WavefieldModelPlugin
[ 85%] Built target WavefieldVisualPlugin
[100%] Built target wavegauge_plugin
-- Install configuration: ""
-- Up-to-date: /home/ruize/dev_ws/install/wave_gazebo_plugins/share/wave_gazebo_plugins/environment/library_path.sh
-- Up-to-date: /home/ruize/dev_ws/install/wave_gazebo_plugins/share/wave_gazebo_plugins/environment/library_path.dsv
-- Up-to-date: /home/ruize/dev_ws/install/wave_gazebo_plugins/lib/libHydrodynamics.so
-- Up-to-date: /home/ruize/dev_ws/install/wave_gazebo_plugins/lib/libWavefieldModelPlugin.so
-- Up-to-date: /home/ruize/dev_ws/install/wave_gazebo_plugins/lib/libWavefieldVisualPlugin.so
-- Up-to-date: /home/ruize/dev_ws/install/wave_gazebo_plugins/lib/libwavegauge_plugin.so
-- Up-to-date: /home/ruize/dev_ws/install/wave_gazebo_plugins/include/wave_gazebo_plugins
-- Up-to-date: /home/ruize/dev_ws/install/wave_gazebo_plugins/include/wave_gazebo_plugins/WavefieldEntity.hh
-- Up-to-date: /home/ruize/dev_ws/install/wave_gazebo_plugins/include/wave_gazebo_plugins/PhysicalConstants.hh
-- Up-to-date: /home/ruize/dev_ws/install/wave_gazebo_plugins/include/wave_gazebo_plugins/WavefieldModelPlugin.hh
-- Up-to-date: /home/ruize/dev_ws/install/wave_gazebo_plugins/include/wave_gazebo_plugins/Geometry.hh
-- Up-to-date: /home/ruize/dev_ws/install/wave_gazebo_plugins/include/wave_gazebo_plugins/WavefieldVisualPlugin.hh
-- Up-to-date: /home/ruize/dev_ws/install/wave_gazebo_plugins/include/wave_gazebo_plugins/Wavefield.hh
-- Up-to-date: /home/ruize/dev_ws/install/wave_gazebo_plugins/include/wave_gazebo_plugins/wavegauge_plugin.hh
-- Up-to-date: /home/ruize/dev_ws/install/wave_gazebo_plugins/include/wave_gazebo_plugins/Utilities.hh
-- Up-to-date: /home/ruize/dev_ws/install/wave_gazebo_plugins/include/wave_gazebo_plugins/Physics.hh
-- Up-to-date: /home/ruize/dev_ws/install/wave_gazebo_plugins/include/wave_gazebo_plugins/Gazebo.hh
-- Up-to-date: /home/ruize/dev_ws/install/wave_gazebo_plugins/include
-- Up-to-date: /home/ruize/dev_ws/install/wave_gazebo_plugins/include/wave_gazebo_plugins
-- Up-to-date: /home/ruize/dev_ws/install/wave_gazebo_plugins/include/wave_gazebo_plugins
-- Up-to-date: /home/ruize/dev_ws/install/wave_gazebo_plugins/include/wave_gazebo_plugins/ament_cmake_export_dependencies
-- Up-to-date: /home/ruize/dev_ws/install/wave_gazebo_plugins/include/wave_gazebo_plugins/ament_cmake_environment_hooks
-- Up-to-date: /home/ruize/dev_ws/install/wave_gazebo_plugins/include/wave_gazebo_plugins/ament_cmake_uninstall_target
-- Up-to-date: /home/ruize/dev_ws/install/wave_gazebo_plugins/include/wave_gazebo_plugins/ament_cmake_core
-- Up-to-date: /home/ruize/dev_ws/install/wave_gazebo_plugins/include/wave_gazebo_plugins/ament_cmake_core/stamps
-- Up-to-date: /home/ruize/dev_ws/install/wave_gazebo_plugins/include/wave_gazebo_plugins/ament_cmake_package_templates
-- Up-to-date: /home/ruize/dev_ws/install/wave_gazebo_plugins/include/wave_gazebo_plugins/CMakeFiles
-- Up-to-date: /home/ruize/dev_ws/install/wave_gazebo_plugins/include/wave_gazebo_plugins/CMakeFiles/uninstall.dir
-- Up-to-date: /home/ruize/dev_ws/install/wave_gazebo_plugins/include/wave_gazebo_plugins/CMakeFiles/WavefieldModelPlugin.dir
-- Up-to-date: /home/ruize/dev_ws/install/wave_gazebo_plugins/include/wave_gazebo_plugins/CMakeFiles/WavefieldModelPlugin.dir/src
-- Up-to-date: /home/ruize/dev_ws/install/wave_gazebo_plugins/include/wave_gazebo_plugins/CMakeFiles/WavefieldVisualPlugin.dir
-- Up-to-date: /home/ruize/dev_ws/install/wave_gazebo_plugins/include/wave_gazebo_plugins/CMakeFiles/WavefieldVisualPlugin.dir/src
-- Up-to-date: /home/ruize/dev_ws/install/wave_gazebo_plugins/include/wave_gazebo_plugins/CMakeFiles/3.16.3
-- Up-to-date: /home/ruize/dev_ws/install/wave_gazebo_plugins/include/wave_gazebo_plugins/CMakeFiles/3.16.3/CompilerIdCXX
-- Up-to-date: /home/ruize/dev_ws/install/wave_gazebo_plugins/include/wave_gazebo_plugins/CMakeFiles/3.16.3/CompilerIdCXX/tmp
-- Up-to-date: /home/ruize/dev_ws/install/wave_gazebo_plugins/include/wave_gazebo_plugins/CMakeFiles/3.16.3/CompilerIdC
-- Up-to-date: /home/ruize/dev_ws/install/wave_gazebo_plugins/include/wave_gazebo_plugins/CMakeFiles/3.16.3/CompilerIdC/tmp
-- Up-to-date: /home/ruize/dev_ws/install/wave_gazebo_plugins/include/wave_gazebo_plugins/CMakeFiles/Hydrodynamics.dir
-- Up-to-date: /home/ruize/dev_ws/install/wave_gazebo_plugins/include/wave_gazebo_plugins/CMakeFiles/Hydrodynamics.dir/src
-- Up-to-date: /home/ruize/dev_ws/install/wave_gazebo_plugins/include/wave_gazebo_plugins/CMakeFiles/CMakeTmp
-- Up-to-date: /home/ruize/dev_ws/install/wave_gazebo_plugins/include/wave_gazebo_plugins/CMakeFiles/wavegauge_plugin.dir
-- Up-to-date: /home/ruize/dev_ws/install/wave_gazebo_plugins/include/wave_gazebo_plugins/CMakeFiles/wavegauge_plugin.dir/src
-- Up-to-date: /home/ruize/dev_ws/install/wave_gazebo_plugins/include/wave_gazebo_plugins/CMakeFiles/wave_gazebo_plugins_uninstall.dir
-- Up-to-date: /home/ruize/dev_ws/install/wave_gazebo_plugins/include/wave_gazebo_plugins/ament_cmake_export_include_directories
-- Up-to-date: /home/ruize/dev_ws/install/wave_gazebo_plugins/include/wave_gazebo_plugins/ament_cmake_index
-- Up-to-date: /home/ruize/dev_ws/install/wave_gazebo_plugins/include/wave_gazebo_plugins/ament_cmake_index/share
-- Up-to-date: /home/ruize/dev_ws/install/wave_gazebo_plugins/include/wave_gazebo_plugins/ament_cmake_index/share/ament_index
-- Up-to-date: /home/ruize/dev_ws/install/wave_gazebo_plugins/include/wave_gazebo_plugins/ament_cmake_index/share/ament_index/resource_index
-- Up-to-date: /home/ruize/dev_ws/install/wave_gazebo_plugins/include/wave_gazebo_plugins/ament_cmake_index/share/ament_index/resource_index/packages
-- Up-to-date: /home/ruize/dev_ws/install/wave_gazebo_plugins/include/wave_gazebo_plugins/ament_cmake_index/share/ament_index/resource_index/parent_prefix_path
-- Up-to-date: /home/ruize/dev_ws/install/wave_gazebo_plugins/include/wave_gazebo_plugins/ament_cmake_index/share/ament_index/resource_index/package_run_dependencies
-- Up-to-date: /home/ruize/dev_ws/install/wave_gazebo_plugins/include/wave_gazebo_plugins/ament_cmake_export_libraries
-- Up-to-date: /home/ruize/dev_ws/install/wave_gazebo_plugins/share/ament_index/resource_index/package_run_dependencies/wave_gazebo_plugins
-- Up-to-date: /home/ruize/dev_ws/install/wave_gazebo_plugins/share/ament_index/resource_index/parent_prefix_path/wave_gazebo_plugins
-- Up-to-date: /home/ruize/dev_ws/install/wave_gazebo_plugins/share/wave_gazebo_plugins/environment/ament_prefix_path.sh
-- Up-to-date: /home/ruize/dev_ws/install/wave_gazebo_plugins/share/wave_gazebo_plugins/environment/ament_prefix_path.dsv
-- Up-to-date: /home/ruize/dev_ws/install/wave_gazebo_plugins/share/wave_gazebo_plugins/environment/path.sh
-- Up-to-date: /home/ruize/dev_ws/install/wave_gazebo_plugins/share/wave_gazebo_plugins/environment/path.dsv
-- Up-to-date: /home/ruize/dev_ws/install/wave_gazebo_plugins/share/wave_gazebo_plugins/local_setup.bash
-- Up-to-date: /home/ruize/dev_ws/install/wave_gazebo_plugins/share/wave_gazebo_plugins/local_setup.sh
-- Up-to-date: /home/ruize/dev_ws/install/wave_gazebo_plugins/share/wave_gazebo_plugins/local_setup.zsh
-- Up-to-date: /home/ruize/dev_ws/install/wave_gazebo_plugins/share/wave_gazebo_plugins/local_setup.dsv
-- Installing: /home/ruize/dev_ws/install/wave_gazebo_plugins/share/wave_gazebo_plugins/package.dsv
-- Up-to-date: /home/ruize/dev_ws/install/wave_gazebo_plugins/share/ament_index/resource_index/packages/wave_gazebo_plugins
-- Up-to-date: /home/ruize/dev_ws/install/wave_gazebo_plugins/share/wave_gazebo_plugins/cmake/ament_cmake_export_include_directories-extras.cmake
-- Up-to-date: /home/ruize/dev_ws/install/wave_gazebo_plugins/share/wave_gazebo_plugins/cmake/ament_cmake_export_dependencies-extras.cmake
-- Up-to-date: /home/ruize/dev_ws/install/wave_gazebo_plugins/share/wave_gazebo_plugins/cmake/ament_cmake_export_libraries-extras.cmake
-- Up-to-date: /home/ruize/dev_ws/install/wave_gazebo_plugins/share/wave_gazebo_plugins/cmake/wave_gazebo_pluginsConfig.cmake
-- Up-to-date: /home/ruize/dev_ws/install/wave_gazebo_plugins/share/wave_gazebo_plugins/cmake/wave_gazebo_pluginsConfig-version.cmake
-- Up-to-date: /home/ruize/dev_ws/install/wave_gazebo_plugins/share/wave_gazebo_plugins/package.xml
