[0.012s] Invoking command in '/home/ruize/dev_ws/build/wamv_description': CMAKE_PREFIX_PATH=${CMAKE_PREFIX_PATH}:/opt/ros/foxy /usr/bin/cmake /home/ruize/dev_ws/src/wamv_description -DCMAKE_INSTALL_PREFIX=/home/ruize/dev_ws/install/wamv_description
[0.055s] -- The C compiler identification is GNU 9.3.0
[0.093s] -- The CXX compiler identification is GNU 9.3.0
[0.097s] -- Check for working C compiler: /usr/bin/cc
[0.175s] -- Check for working C compiler: /usr/bin/cc -- works
[0.176s] -- Detecting C compiler ABI info
[0.241s] -- Detecting C compiler ABI info - done
[0.250s] -- Detecting C compile features
[0.250s] -- Detecting C compile features - done
[0.252s] -- Check for working CXX compiler: /usr/bin/c++
[0.313s] -- Check for working CXX compiler: /usr/bin/c++ -- works
[0.314s] -- Detecting CXX compiler ABI info
[0.386s] -- Detecting CXX compiler ABI info - done
[0.396s] -- Detecting CXX compile features
[0.396s] -- Detecting CXX compile features - done
[0.398s] -- Found ament_cmake: 0.9.8 (/opt/ros/foxy/share/ament_cmake/cmake)
[0.417s] -- Found PythonInterp: /usr/bin/python3 (found suitable version "3.8.5", minimum required is "3") 
[0.417s] -- Using PYTHON_EXECUTABLE: /usr/bin/python3
[0.564s] -- Found ament_lint_auto: 0.9.6 (/opt/ros/foxy/share/ament_lint_auto/cmake)
[0.626s] -- Added test 'copyright' to check source files copyright and LICENSE
[0.629s] -- Added test 'lint_cmake' to check CMake code style
[0.631s] -- Added test 'xmllint' to check XML markup files
[0.632s] -- Configuring done
[0.633s] -- Generating done
[0.634s] -- Build files have been written to: /home/ruize/dev_ws/build/wamv_description
[0.638s] Invoked command in '/home/ruize/dev_ws/build/wamv_description' returned '0': CMAKE_PREFIX_PATH=${CMAKE_PREFIX_PATH}:/opt/ros/foxy /usr/bin/cmake /home/ruize/dev_ws/src/wamv_description -DCMAKE_INSTALL_PREFIX=/home/ruize/dev_ws/install/wamv_description
[0.641s] Invoking command in '/home/ruize/dev_ws/build/wamv_description': CMAKE_PREFIX_PATH=${CMAKE_PREFIX_PATH}:/opt/ros/foxy /usr/bin/cmake --build /home/ruize/dev_ws/build/wamv_description -- -j4 -l4
[0.677s] Invoked command in '/home/ruize/dev_ws/build/wamv_description' returned '0': CMAKE_PREFIX_PATH=${CMAKE_PREFIX_PATH}:/opt/ros/foxy /usr/bin/cmake --build /home/ruize/dev_ws/build/wamv_description -- -j4 -l4
[0.706s] Invoking command in '/home/ruize/dev_ws/build/wamv_description': CMAKE_PREFIX_PATH=${CMAKE_PREFIX_PATH}:/opt/ros/foxy /usr/bin/cmake --install /home/ruize/dev_ws/build/wamv_description
[0.715s] -- Install configuration: ""
[0.716s] -- Installing: /home/ruize/dev_ws/install/wamv_description/share/ament_index/resource_index/package_run_dependencies/wamv_description
[0.716s] -- Installing: /home/ruize/dev_ws/install/wamv_description/share/ament_index/resource_index/parent_prefix_path/wamv_description
[0.716s] -- Installing: /home/ruize/dev_ws/install/wamv_description/share/wamv_description/environment/ament_prefix_path.sh
[0.716s] -- Installing: /home/ruize/dev_ws/install/wamv_description/share/wamv_description/environment/ament_prefix_path.dsv
[0.717s] -- Installing: /home/ruize/dev_ws/install/wamv_description/share/wamv_description/environment/path.sh
[0.717s] -- Installing: /home/ruize/dev_ws/install/wamv_description/share/wamv_description/environment/path.dsv
[0.717s] -- Installing: /home/ruize/dev_ws/install/wamv_description/share/wamv_description/local_setup.bash
[0.717s] -- Installing: /home/ruize/dev_ws/install/wamv_description/share/wamv_description/local_setup.sh
[0.718s] -- Installing: /home/ruize/dev_ws/install/wamv_description/share/wamv_description/local_setup.zsh
[0.718s] -- Installing: /home/ruize/dev_ws/install/wamv_description/share/wamv_description/local_setup.dsv
[0.718s] -- Installing: /home/ruize/dev_ws/install/wamv_description/share/wamv_description/package.dsv
[0.718s] -- Installing: /home/ruize/dev_ws/install/wamv_description/share/ament_index/resource_index/packages/wamv_description
[0.719s] -- Installing: /home/ruize/dev_ws/install/wamv_description/share/wamv_description/cmake/wamv_descriptionConfig.cmake
[0.719s] -- Installing: /home/ruize/dev_ws/install/wamv_description/share/wamv_description/cmake/wamv_descriptionConfig-version.cmake
[0.719s] -- Installing: /home/ruize/dev_ws/install/wamv_description/share/wamv_description/package.xml
[0.722s] Invoked command in '/home/ruize/dev_ws/build/wamv_description' returned '0': CMAKE_PREFIX_PATH=${CMAKE_PREFIX_PATH}:/opt/ros/foxy /usr/bin/cmake --install /home/ruize/dev_ws/build/wamv_description
