[0.204s] DEBUG:colcon:Command line arguments: ['/usr/bin/colcon', 'build']
[0.205s] DEBUG:colcon:Parsed command line arguments: Namespace(ament_cmake_args=None, base_paths=['.'], build_base='build', catkin_cmake_args=None, catkin_skip_building_tests=False, cmake_args=None, cmake_clean_cache=False, cmake_clean_first=False, cmake_force_configure=False, cmake_target=None, cmake_target_skip_unavailable=False, continue_on_error=False, event_handlers=None, executor='parallel', ignore_user_meta=False, install_base='install', log_base=None, log_level=None, main=<bound method BuildVerb.main of <colcon_core.verb.build.BuildVerb object at 0x7f9677363250>>, merge_install=False, metas=['./colcon.meta'], packages_above=None, packages_above_and_dependencies=None, packages_above_depth=None, packages_end=None, packages_ignore=None, packages_ignore_regex=None, packages_select=None, packages_select_build_failed=False, packages_select_by_dep=None, packages_select_regex=None, packages_select_test_failures=False, packages_skip=None, packages_skip_build_finished=False, packages_skip_by_dep=None, packages_skip_regex=None, packages_skip_test_passed=False, packages_skip_up_to=None, packages_start=None, packages_up_to=None, packages_up_to_regex=None, parallel_workers=4, paths=None, symlink_install=False, test_result_base=None, verb_extension=<colcon_core.verb.build.BuildVerb object at 0x7f9677363250>, verb_name='build', verb_parser=<colcon_defaults.argument_parser.defaults.DefaultArgumentsDecorator object at 0x7f9677363790>)
[0.209s] Level 1:colcon.colcon_core.package_discovery:discover_packages(colcon_meta) check parameters
[0.209s] Level 1:colcon.colcon_core.package_discovery:discover_packages(recursive) check parameters
[0.209s] Level 1:colcon.colcon_core.package_discovery:discover_packages(ignore) check parameters
[0.210s] Level 1:colcon.colcon_core.package_discovery:discover_packages(path) check parameters
[0.210s] Level 1:colcon.colcon_core.package_discovery:discover_packages(colcon_meta) discover
[0.210s] Level 1:colcon.colcon_core.package_discovery:discover_packages(recursive) discover
[0.210s] INFO:colcon.colcon_core.package_discovery:Crawling recursively for packages in '/home/ruize/dev_ws'
[0.210s] Level 1:colcon.colcon_core.package_identification:_identify(.) by extensions ['ignore', 'ignore_ament_install']
[0.210s] Level 1:colcon.colcon_core.package_identification:_identify(.) by extension 'ignore'
[0.210s] Level 1:colcon.colcon_core.package_identification:_identify(.) by extension 'ignore_ament_install'
[0.210s] Level 1:colcon.colcon_core.package_identification:_identify(.) by extensions ['colcon_pkg']
[0.210s] Level 1:colcon.colcon_core.package_identification:_identify(.) by extension 'colcon_pkg'
[0.210s] Level 1:colcon.colcon_core.package_identification:_identify(.) by extensions ['colcon_meta']
[0.210s] Level 1:colcon.colcon_core.package_identification:_identify(.) by extension 'colcon_meta'
[0.210s] Level 1:colcon.colcon_core.package_identification:_identify(.) by extensions ['ros']
[0.210s] Level 1:colcon.colcon_core.package_identification:_identify(.) by extension 'ros'
[0.218s] Level 1:colcon.colcon_core.package_identification:_identify(.) by extensions ['cmake', 'python']
[0.218s] Level 1:colcon.colcon_core.package_identification:_identify(.) by extension 'cmake'
[0.218s] Level 1:colcon.colcon_core.package_identification:_identify(.) by extension 'python'
[0.218s] Level 1:colcon.colcon_core.package_identification:_identify(.) by extensions ['python_setup_py']
[0.218s] Level 1:colcon.colcon_core.package_identification:_identify(.) by extension 'python_setup_py'
[0.218s] Level 1:colcon.colcon_core.package_identification:_identify(build) by extensions ['ignore', 'ignore_ament_install']
[0.218s] Level 1:colcon.colcon_core.package_identification:_identify(build) by extension 'ignore'
[0.218s] Level 1:colcon.colcon_core.package_identification:_identify(build) ignored
[0.218s] Level 1:colcon.colcon_core.package_identification:_identify(install) by extensions ['ignore', 'ignore_ament_install']
[0.218s] Level 1:colcon.colcon_core.package_identification:_identify(install) by extension 'ignore'
[0.218s] Level 1:colcon.colcon_core.package_identification:_identify(install) ignored
[0.218s] Level 1:colcon.colcon_core.package_identification:_identify(log) by extensions ['ignore', 'ignore_ament_install']
[0.218s] Level 1:colcon.colcon_core.package_identification:_identify(log) by extension 'ignore'
[0.218s] Level 1:colcon.colcon_core.package_identification:_identify(log) ignored
[0.218s] Level 1:colcon.colcon_core.package_identification:_identify(src) by extensions ['ignore', 'ignore_ament_install']
[0.218s] Level 1:colcon.colcon_core.package_identification:_identify(src) by extension 'ignore'
[0.218s] Level 1:colcon.colcon_core.package_identification:_identify(src) by extension 'ignore_ament_install'
[0.218s] Level 1:colcon.colcon_core.package_identification:_identify(src) by extensions ['colcon_pkg']
[0.219s] Level 1:colcon.colcon_core.package_identification:_identify(src) by extension 'colcon_pkg'
[0.219s] Level 1:colcon.colcon_core.package_identification:_identify(src) by extensions ['colcon_meta']
[0.219s] Level 1:colcon.colcon_core.package_identification:_identify(src) by extension 'colcon_meta'
[0.219s] Level 1:colcon.colcon_core.package_identification:_identify(src) by extensions ['ros']
[0.219s] Level 1:colcon.colcon_core.package_identification:_identify(src) by extension 'ros'
[0.219s] Level 1:colcon.colcon_core.package_identification:_identify(src) by extensions ['cmake', 'python']
[0.219s] Level 1:colcon.colcon_core.package_identification:_identify(src) by extension 'cmake'
[0.219s] Level 1:colcon.colcon_core.package_identification:_identify(src) by extension 'python'
[0.219s] Level 1:colcon.colcon_core.package_identification:_identify(src) by extensions ['python_setup_py']
[0.219s] Level 1:colcon.colcon_core.package_identification:_identify(src) by extension 'python_setup_py'
[0.219s] Level 1:colcon.colcon_core.package_identification:_identify(src/usv_gazebo_plugins) by extensions ['ignore', 'ignore_ament_install']
[0.219s] Level 1:colcon.colcon_core.package_identification:_identify(src/usv_gazebo_plugins) by extension 'ignore'
[0.219s] Level 1:colcon.colcon_core.package_identification:_identify(src/usv_gazebo_plugins) by extension 'ignore_ament_install'
[0.219s] Level 1:colcon.colcon_core.package_identification:_identify(src/usv_gazebo_plugins) by extensions ['colcon_pkg']
[0.219s] Level 1:colcon.colcon_core.package_identification:_identify(src/usv_gazebo_plugins) by extension 'colcon_pkg'
[0.219s] Level 1:colcon.colcon_core.package_identification:_identify(src/usv_gazebo_plugins) by extensions ['colcon_meta']
[0.219s] Level 1:colcon.colcon_core.package_identification:_identify(src/usv_gazebo_plugins) by extension 'colcon_meta'
[0.219s] Level 1:colcon.colcon_core.package_identification:_identify(src/usv_gazebo_plugins) by extensions ['ros']
[0.219s] Level 1:colcon.colcon_core.package_identification:_identify(src/usv_gazebo_plugins) by extension 'ros'
[0.221s] DEBUG:colcon.colcon_core.package_identification:Package 'src/usv_gazebo_plugins' with type 'ros.ament_cmake' and name 'usv_gazebo_plugins'
[0.221s] Level 1:colcon.colcon_core.package_identification:_identify(src/usv_msgs) by extensions ['ignore', 'ignore_ament_install']
[0.221s] Level 1:colcon.colcon_core.package_identification:_identify(src/usv_msgs) by extension 'ignore'
[0.221s] Level 1:colcon.colcon_core.package_identification:_identify(src/usv_msgs) by extension 'ignore_ament_install'
[0.221s] Level 1:colcon.colcon_core.package_identification:_identify(src/usv_msgs) by extensions ['colcon_pkg']
[0.221s] Level 1:colcon.colcon_core.package_identification:_identify(src/usv_msgs) by extension 'colcon_pkg'
[0.221s] Level 1:colcon.colcon_core.package_identification:_identify(src/usv_msgs) by extensions ['colcon_meta']
[0.221s] Level 1:colcon.colcon_core.package_identification:_identify(src/usv_msgs) by extension 'colcon_meta'
[0.221s] Level 1:colcon.colcon_core.package_identification:_identify(src/usv_msgs) by extensions ['ros']
[0.221s] Level 1:colcon.colcon_core.package_identification:_identify(src/usv_msgs) by extension 'ros'
[0.222s] DEBUG:colcon.colcon_core.package_identification:Package 'src/usv_msgs' with type 'ros.ament_cmake' and name 'usv_msgs'
[0.222s] Level 1:colcon.colcon_core.package_identification:_identify(src/wave_gazebo_plugins) by extensions ['ignore', 'ignore_ament_install']
[0.222s] Level 1:colcon.colcon_core.package_identification:_identify(src/wave_gazebo_plugins) by extension 'ignore'
[0.222s] Level 1:colcon.colcon_core.package_identification:_identify(src/wave_gazebo_plugins) by extension 'ignore_ament_install'
[0.222s] Level 1:colcon.colcon_core.package_identification:_identify(src/wave_gazebo_plugins) by extensions ['colcon_pkg']
[0.222s] Level 1:colcon.colcon_core.package_identification:_identify(src/wave_gazebo_plugins) by extension 'colcon_pkg'
[0.222s] Level 1:colcon.colcon_core.package_identification:_identify(src/wave_gazebo_plugins) by extensions ['colcon_meta']
[0.222s] Level 1:colcon.colcon_core.package_identification:_identify(src/wave_gazebo_plugins) by extension 'colcon_meta'
[0.222s] Level 1:colcon.colcon_core.package_identification:_identify(src/wave_gazebo_plugins) by extensions ['ros']
[0.222s] Level 1:colcon.colcon_core.package_identification:_identify(src/wave_gazebo_plugins) by extension 'ros'
[0.223s] DEBUG:colcon.colcon_core.package_identification:Package 'src/wave_gazebo_plugins' with type 'ros.ament_cmake' and name 'wave_gazebo_plugins'
[0.223s] Level 1:colcon.colcon_core.package_discovery:discover_packages(recursive) using defaults
[0.223s] Level 1:colcon.colcon_core.package_discovery:discover_packages(ignore) discover
[0.223s] Level 1:colcon.colcon_core.package_discovery:discover_packages(ignore) using defaults
[0.223s] Level 1:colcon.colcon_core.package_discovery:discover_packages(path) discover
[0.223s] Level 1:colcon.colcon_core.package_discovery:discover_packages(path) using defaults
[0.241s] Level 5:colcon.colcon_core.verb:set package 'usv_gazebo_plugins' build argument 'cmake_args' from command line to 'None'
[0.241s] Level 5:colcon.colcon_core.verb:set package 'usv_gazebo_plugins' build argument 'cmake_target' from command line to 'None'
[0.241s] Level 5:colcon.colcon_core.verb:set package 'usv_gazebo_plugins' build argument 'cmake_target_skip_unavailable' from command line to 'False'
[0.241s] Level 5:colcon.colcon_core.verb:set package 'usv_gazebo_plugins' build argument 'cmake_clean_cache' from command line to 'False'
[0.241s] Level 5:colcon.colcon_core.verb:set package 'usv_gazebo_plugins' build argument 'cmake_clean_first' from command line to 'False'
[0.241s] Level 5:colcon.colcon_core.verb:set package 'usv_gazebo_plugins' build argument 'cmake_force_configure' from command line to 'False'
[0.241s] Level 5:colcon.colcon_core.verb:set package 'usv_gazebo_plugins' build argument 'ament_cmake_args' from command line to 'None'
[0.241s] Level 5:colcon.colcon_core.verb:set package 'usv_gazebo_plugins' build argument 'catkin_cmake_args' from command line to 'None'
[0.241s] Level 5:colcon.colcon_core.verb:set package 'usv_gazebo_plugins' build argument 'catkin_skip_building_tests' from command line to 'False'
[0.241s] DEBUG:colcon.colcon_core.verb:Building package 'usv_gazebo_plugins' with the following arguments: {'ament_cmake_args': None, 'build_base': '/home/ruize/dev_ws/build/usv_gazebo_plugins', 'catkin_cmake_args': None, 'catkin_skip_building_tests': False, 'cmake_args': None, 'cmake_clean_cache': False, 'cmake_clean_first': False, 'cmake_force_configure': False, 'cmake_target': None, 'cmake_target_skip_unavailable': False, 'install_base': '/home/ruize/dev_ws/install/usv_gazebo_plugins', 'merge_install': False, 'path': '/home/ruize/dev_ws/src/usv_gazebo_plugins', 'symlink_install': False, 'test_result_base': None}
[0.243s] Level 5:colcon.colcon_core.verb:set package 'usv_msgs' build argument 'cmake_args' from command line to 'None'
[0.243s] Level 5:colcon.colcon_core.verb:set package 'usv_msgs' build argument 'cmake_target' from command line to 'None'
[0.243s] Level 5:colcon.colcon_core.verb:set package 'usv_msgs' build argument 'cmake_target_skip_unavailable' from command line to 'False'
[0.243s] Level 5:colcon.colcon_core.verb:set package 'usv_msgs' build argument 'cmake_clean_cache' from command line to 'False'
[0.243s] Level 5:colcon.colcon_core.verb:set package 'usv_msgs' build argument 'cmake_clean_first' from command line to 'False'
[0.243s] Level 5:colcon.colcon_core.verb:set package 'usv_msgs' build argument 'cmake_force_configure' from command line to 'False'
[0.243s] Level 5:colcon.colcon_core.verb:set package 'usv_msgs' build argument 'ament_cmake_args' from command line to 'None'
[0.243s] Level 5:colcon.colcon_core.verb:set package 'usv_msgs' build argument 'catkin_cmake_args' from command line to 'None'
[0.243s] Level 5:colcon.colcon_core.verb:set package 'usv_msgs' build argument 'catkin_skip_building_tests' from command line to 'False'
[0.243s] DEBUG:colcon.colcon_core.verb:Building package 'usv_msgs' with the following arguments: {'ament_cmake_args': None, 'build_base': '/home/ruize/dev_ws/build/usv_msgs', 'catkin_cmake_args': None, 'catkin_skip_building_tests': False, 'cmake_args': None, 'cmake_clean_cache': False, 'cmake_clean_first': False, 'cmake_force_configure': False, 'cmake_target': None, 'cmake_target_skip_unavailable': False, 'install_base': '/home/ruize/dev_ws/install/usv_msgs', 'merge_install': False, 'path': '/home/ruize/dev_ws/src/usv_msgs', 'symlink_install': False, 'test_result_base': None}
[0.245s] Level 5:colcon.colcon_core.verb:set package 'wave_gazebo_plugins' build argument 'cmake_args' from command line to 'None'
[0.245s] Level 5:colcon.colcon_core.verb:set package 'wave_gazebo_plugins' build argument 'cmake_target' from command line to 'None'
[0.245s] Level 5:colcon.colcon_core.verb:set package 'wave_gazebo_plugins' build argument 'cmake_target_skip_unavailable' from command line to 'False'
[0.245s] Level 5:colcon.colcon_core.verb:set package 'wave_gazebo_plugins' build argument 'cmake_clean_cache' from command line to 'False'
[0.245s] Level 5:colcon.colcon_core.verb:set package 'wave_gazebo_plugins' build argument 'cmake_clean_first' from command line to 'False'
[0.245s] Level 5:colcon.colcon_core.verb:set package 'wave_gazebo_plugins' build argument 'cmake_force_configure' from command line to 'False'
[0.245s] Level 5:colcon.colcon_core.verb:set package 'wave_gazebo_plugins' build argument 'ament_cmake_args' from command line to 'None'
[0.245s] Level 5:colcon.colcon_core.verb:set package 'wave_gazebo_plugins' build argument 'catkin_cmake_args' from command line to 'None'
[0.245s] Level 5:colcon.colcon_core.verb:set package 'wave_gazebo_plugins' build argument 'catkin_skip_building_tests' from command line to 'False'
[0.245s] DEBUG:colcon.colcon_core.verb:Building package 'wave_gazebo_plugins' with the following arguments: {'ament_cmake_args': None, 'build_base': '/home/ruize/dev_ws/build/wave_gazebo_plugins', 'catkin_cmake_args': None, 'catkin_skip_building_tests': False, 'cmake_args': None, 'cmake_clean_cache': False, 'cmake_clean_first': False, 'cmake_force_configure': False, 'cmake_target': None, 'cmake_target_skip_unavailable': False, 'install_base': '/home/ruize/dev_ws/install/wave_gazebo_plugins', 'merge_install': False, 'path': '/home/ruize/dev_ws/src/wave_gazebo_plugins', 'symlink_install': False, 'test_result_base': None}
[0.246s] INFO:colcon.colcon_core.executor:Executing jobs using 'parallel' executor
[0.248s] DEBUG:colcon.colcon_parallel_executor.executor.parallel:run_until_complete
[0.248s] INFO:colcon.colcon_ros.task.ament_cmake.build:Building ROS package in '/home/ruize/dev_ws/src/usv_gazebo_plugins' with build type 'ament_cmake'
[0.248s] INFO:colcon.colcon_cmake.task.cmake.build:Building CMake package in '/home/ruize/dev_ws/src/usv_gazebo_plugins'
[0.251s] INFO:colcon.colcon_core.plugin_system:Skipping extension 'colcon_core.shell.bat': Not used on non-Windows systems
[0.251s] INFO:colcon.colcon_core.shell:Skip shell extension 'powershell' for command environment: Not usable outside of PowerShell
[0.251s] DEBUG:colcon.colcon_core.shell:Skip shell extension 'dsv' for command environment
[0.254s] DEBUG:colcon.colcon_core.shell:Ignoring prefix path '/opt/ros/foxy'
[0.256s] INFO:colcon.colcon_ros.task.ament_cmake.build:Building ROS package in '/home/ruize/dev_ws/src/usv_msgs' with build type 'ament_cmake'
[0.257s] INFO:colcon.colcon_cmake.task.cmake.build:Building CMake package in '/home/ruize/dev_ws/src/usv_msgs'
[0.257s] INFO:colcon.colcon_core.shell:Skip shell extension 'powershell' for command environment: Not usable outside of PowerShell
[0.257s] DEBUG:colcon.colcon_core.shell:Skip shell extension 'dsv' for command environment
[0.259s] DEBUG:colcon.colcon_core.shell:Ignoring prefix path '/opt/ros/foxy'
[0.264s] INFO:colcon.colcon_ros.task.ament_cmake.build:Building ROS package in '/home/ruize/dev_ws/src/wave_gazebo_plugins' with build type 'ament_cmake'
[0.264s] INFO:colcon.colcon_cmake.task.cmake.build:Building CMake package in '/home/ruize/dev_ws/src/wave_gazebo_plugins'
[0.265s] INFO:colcon.colcon_core.shell:Skip shell extension 'powershell' for command environment: Not usable outside of PowerShell
[0.265s] DEBUG:colcon.colcon_core.shell:Skip shell extension 'dsv' for command environment
[0.267s] DEBUG:colcon.colcon_core.shell:Ignoring prefix path '/opt/ros/foxy'
[0.282s] DEBUG:colcon.colcon_core.event_handler.log_command:Invoking command in '/home/ruize/dev_ws/build/usv_gazebo_plugins': CMAKE_PREFIX_PATH=${CMAKE_PREFIX_PATH}:/opt/ros/foxy /usr/bin/cmake --build /home/ruize/dev_ws/build/usv_gazebo_plugins -- -j4 -l4
[0.289s] DEBUG:colcon.colcon_core.event_handler.log_command:Invoking command in '/home/ruize/dev_ws/build/usv_msgs': CMAKE_PREFIX_PATH=${CMAKE_PREFIX_PATH}:/opt/ros/foxy /usr/bin/cmake --build /home/ruize/dev_ws/build/usv_msgs -- -j4 -l4
[0.298s] DEBUG:colcon.colcon_core.event_handler.log_command:Invoking command in '/home/ruize/dev_ws/build/wave_gazebo_plugins': CMAKE_PREFIX_PATH=${CMAKE_PREFIX_PATH}:/opt/ros/foxy /usr/bin/cmake --build /home/ruize/dev_ws/build/wave_gazebo_plugins -- -j4 -l4
[0.452s] DEBUG:colcon.colcon_core.event_handler.log_command:Invoked command in '/home/ruize/dev_ws/build/wave_gazebo_plugins' returned '0': CMAKE_PREFIX_PATH=${CMAKE_PREFIX_PATH}:/opt/ros/foxy /usr/bin/cmake --build /home/ruize/dev_ws/build/wave_gazebo_plugins -- -j4 -l4
[0.511s] DEBUG:colcon.colcon_core.event_handler.log_command:Invoking command in '/home/ruize/dev_ws/build/wave_gazebo_plugins': CMAKE_PREFIX_PATH=${CMAKE_PREFIX_PATH}:/opt/ros/foxy /usr/bin/cmake --install /home/ruize/dev_ws/build/wave_gazebo_plugins
[0.535s] Level 1:colcon.colcon_core.environment:create_environment_scripts_only(wave_gazebo_plugins)
[0.537s] DEBUG:colcon.colcon_core.event_handler.log_command:Invoked command in '/home/ruize/dev_ws/build/wave_gazebo_plugins' returned '0': CMAKE_PREFIX_PATH=${CMAKE_PREFIX_PATH}:/opt/ros/foxy /usr/bin/cmake --install /home/ruize/dev_ws/build/wave_gazebo_plugins
[0.538s] Level 1:colcon.colcon_core.environment:checking '/home/ruize/dev_ws/install/wave_gazebo_plugins' for CMake module files
[0.538s] Level 1:colcon.colcon_core.environment:checking '/home/ruize/dev_ws/install/wave_gazebo_plugins' for CMake config files
[0.539s] Level 1:colcon.colcon_core.shell:create_environment_hook('wave_gazebo_plugins', 'cmake_prefix_path')
[0.539s] INFO:colcon.colcon_core.shell:Creating environment hook '/home/ruize/dev_ws/install/wave_gazebo_plugins/share/wave_gazebo_plugins/hook/cmake_prefix_path.ps1'
[0.540s] INFO:colcon.colcon_core.shell:Creating environment descriptor '/home/ruize/dev_ws/install/wave_gazebo_plugins/share/wave_gazebo_plugins/hook/cmake_prefix_path.dsv'
[0.540s] INFO:colcon.colcon_core.shell:Creating environment hook '/home/ruize/dev_ws/install/wave_gazebo_plugins/share/wave_gazebo_plugins/hook/cmake_prefix_path.sh'
[0.541s] Level 1:colcon.colcon_core.environment:checking '/home/ruize/dev_ws/install/wave_gazebo_plugins/lib'
[0.541s] Level 1:colcon.colcon_core.shell:create_environment_hook('wave_gazebo_plugins', 'ld_library_path_lib')
[0.542s] INFO:colcon.colcon_core.shell:Creating environment hook '/home/ruize/dev_ws/install/wave_gazebo_plugins/share/wave_gazebo_plugins/hook/ld_library_path_lib.ps1'
[0.542s] INFO:colcon.colcon_core.shell:Creating environment descriptor '/home/ruize/dev_ws/install/wave_gazebo_plugins/share/wave_gazebo_plugins/hook/ld_library_path_lib.dsv'
[0.542s] INFO:colcon.colcon_core.shell:Creating environment hook '/home/ruize/dev_ws/install/wave_gazebo_plugins/share/wave_gazebo_plugins/hook/ld_library_path_lib.sh'
[0.542s] Level 1:colcon.colcon_core.environment:checking '/home/ruize/dev_ws/install/wave_gazebo_plugins/bin'
[0.542s] Level 1:colcon.colcon_core.environment:checking '/home/ruize/dev_ws/install/wave_gazebo_plugins/lib/pkgconfig/wave_gazebo_plugins.pc'
[0.542s] Level 1:colcon.colcon_core.environment:checking '/home/ruize/dev_ws/install/wave_gazebo_plugins/lib/python3.8/site-packages'
[0.543s] INFO:colcon.colcon_core.shell:Creating package script '/home/ruize/dev_ws/install/wave_gazebo_plugins/share/wave_gazebo_plugins/package.ps1'
[0.544s] INFO:colcon.colcon_core.shell:Creating package descriptor '/home/ruize/dev_ws/install/wave_gazebo_plugins/share/wave_gazebo_plugins/package.dsv'
[0.544s] INFO:colcon.colcon_core.shell:Creating package script '/home/ruize/dev_ws/install/wave_gazebo_plugins/share/wave_gazebo_plugins/package.sh'
[0.546s] INFO:colcon.colcon_core.shell:Creating package script '/home/ruize/dev_ws/install/wave_gazebo_plugins/share/wave_gazebo_plugins/package.bash'
[0.546s] INFO:colcon.colcon_core.shell:Creating package script '/home/ruize/dev_ws/install/wave_gazebo_plugins/share/wave_gazebo_plugins/package.zsh'
[0.547s] Level 1:colcon.colcon_core.environment:create_file_with_runtime_dependencies(/home/ruize/dev_ws/install/wave_gazebo_plugins/share/colcon-core/packages/wave_gazebo_plugins)
[0.606s] Level 1:colcon.colcon_core.environment:create_environment_scripts_only(wave_gazebo_plugins)
[0.607s] Level 1:colcon.colcon_core.environment:checking '/home/ruize/dev_ws/install/wave_gazebo_plugins' for CMake module files
[0.607s] Level 1:colcon.colcon_core.environment:checking '/home/ruize/dev_ws/install/wave_gazebo_plugins' for CMake config files
[0.608s] Level 1:colcon.colcon_core.shell:create_environment_hook('wave_gazebo_plugins', 'cmake_prefix_path')
[0.608s] INFO:colcon.colcon_core.shell:Creating environment hook '/home/ruize/dev_ws/install/wave_gazebo_plugins/share/wave_gazebo_plugins/hook/cmake_prefix_path.ps1'
[0.611s] INFO:colcon.colcon_core.shell:Creating environment descriptor '/home/ruize/dev_ws/install/wave_gazebo_plugins/share/wave_gazebo_plugins/hook/cmake_prefix_path.dsv'
[0.611s] INFO:colcon.colcon_core.shell:Creating environment hook '/home/ruize/dev_ws/install/wave_gazebo_plugins/share/wave_gazebo_plugins/hook/cmake_prefix_path.sh'
[0.612s] Level 1:colcon.colcon_core.environment:checking '/home/ruize/dev_ws/install/wave_gazebo_plugins/lib'
[0.612s] Level 1:colcon.colcon_core.shell:create_environment_hook('wave_gazebo_plugins', 'ld_library_path_lib')
[0.613s] INFO:colcon.colcon_core.shell:Creating environment hook '/home/ruize/dev_ws/install/wave_gazebo_plugins/share/wave_gazebo_plugins/hook/ld_library_path_lib.ps1'
[0.613s] INFO:colcon.colcon_core.shell:Creating environment descriptor '/home/ruize/dev_ws/install/wave_gazebo_plugins/share/wave_gazebo_plugins/hook/ld_library_path_lib.dsv'
[0.614s] INFO:colcon.colcon_core.shell:Creating environment hook '/home/ruize/dev_ws/install/wave_gazebo_plugins/share/wave_gazebo_plugins/hook/ld_library_path_lib.sh'
[0.614s] Level 1:colcon.colcon_core.environment:checking '/home/ruize/dev_ws/install/wave_gazebo_plugins/bin'
[0.614s] Level 1:colcon.colcon_core.environment:checking '/home/ruize/dev_ws/install/wave_gazebo_plugins/lib/pkgconfig/wave_gazebo_plugins.pc'
[0.614s] Level 1:colcon.colcon_core.environment:checking '/home/ruize/dev_ws/install/wave_gazebo_plugins/lib/python3.8/site-packages'
[0.615s] INFO:colcon.colcon_core.shell:Creating package script '/home/ruize/dev_ws/install/wave_gazebo_plugins/share/wave_gazebo_plugins/package.ps1'
[0.615s] INFO:colcon.colcon_core.shell:Creating package descriptor '/home/ruize/dev_ws/install/wave_gazebo_plugins/share/wave_gazebo_plugins/package.dsv'
[0.619s] INFO:colcon.colcon_core.shell:Creating package script '/home/ruize/dev_ws/install/wave_gazebo_plugins/share/wave_gazebo_plugins/package.sh'
[0.619s] INFO:colcon.colcon_core.shell:Creating package script '/home/ruize/dev_ws/install/wave_gazebo_plugins/share/wave_gazebo_plugins/package.bash'
[0.619s] INFO:colcon.colcon_core.shell:Creating package script '/home/ruize/dev_ws/install/wave_gazebo_plugins/share/wave_gazebo_plugins/package.zsh'
[0.620s] Level 1:colcon.colcon_core.environment:create_file_with_runtime_dependencies(/home/ruize/dev_ws/install/wave_gazebo_plugins/share/colcon-core/packages/wave_gazebo_plugins)
[0.624s] DEBUG:colcon.colcon_core.event_handler.log_command:Invoked command in '/home/ruize/dev_ws/build/usv_gazebo_plugins' returned '0': CMAKE_PREFIX_PATH=${CMAKE_PREFIX_PATH}:/opt/ros/foxy /usr/bin/cmake --build /home/ruize/dev_ws/build/usv_gazebo_plugins -- -j4 -l4
[0.646s] DEBUG:colcon.colcon_core.event_handler.log_command:Invoking command in '/home/ruize/dev_ws/build/usv_gazebo_plugins': CMAKE_PREFIX_PATH=${CMAKE_PREFIX_PATH}:/opt/ros/foxy /usr/bin/cmake --install /home/ruize/dev_ws/build/usv_gazebo_plugins
[0.666s] Level 1:colcon.colcon_core.environment:create_environment_scripts_only(usv_gazebo_plugins)
[0.667s] Level 1:colcon.colcon_core.environment:checking '/home/ruize/dev_ws/install/usv_gazebo_plugins' for CMake module files
[0.667s] Level 1:colcon.colcon_core.environment:checking '/home/ruize/dev_ws/install/usv_gazebo_plugins' for CMake config files
[0.667s] Level 1:colcon.colcon_core.shell:create_environment_hook('usv_gazebo_plugins', 'cmake_prefix_path')
[0.668s] INFO:colcon.colcon_core.shell:Creating environment hook '/home/ruize/dev_ws/install/usv_gazebo_plugins/share/usv_gazebo_plugins/hook/cmake_prefix_path.ps1'
[0.669s] INFO:colcon.colcon_core.shell:Creating environment descriptor '/home/ruize/dev_ws/install/usv_gazebo_plugins/share/usv_gazebo_plugins/hook/cmake_prefix_path.dsv'
[0.669s] INFO:colcon.colcon_core.shell:Creating environment hook '/home/ruize/dev_ws/install/usv_gazebo_plugins/share/usv_gazebo_plugins/hook/cmake_prefix_path.sh'
[0.669s] Level 1:colcon.colcon_core.environment:checking '/home/ruize/dev_ws/install/usv_gazebo_plugins/bin'
[0.669s] Level 1:colcon.colcon_core.environment:checking '/home/ruize/dev_ws/install/usv_gazebo_plugins/lib/pkgconfig/usv_gazebo_plugins.pc'
[0.669s] Level 1:colcon.colcon_core.environment:checking '/home/ruize/dev_ws/install/usv_gazebo_plugins/lib/python3.8/site-packages'
[0.670s] INFO:colcon.colcon_core.shell:Creating package script '/home/ruize/dev_ws/install/usv_gazebo_plugins/share/usv_gazebo_plugins/package.ps1'
[0.670s] INFO:colcon.colcon_core.shell:Creating package descriptor '/home/ruize/dev_ws/install/usv_gazebo_plugins/share/usv_gazebo_plugins/package.dsv'
[0.671s] INFO:colcon.colcon_core.shell:Creating package script '/home/ruize/dev_ws/install/usv_gazebo_plugins/share/usv_gazebo_plugins/package.sh'
[0.671s] INFO:colcon.colcon_core.shell:Creating package script '/home/ruize/dev_ws/install/usv_gazebo_plugins/share/usv_gazebo_plugins/package.bash'
[0.671s] INFO:colcon.colcon_core.shell:Creating package script '/home/ruize/dev_ws/install/usv_gazebo_plugins/share/usv_gazebo_plugins/package.zsh'
[0.672s] Level 1:colcon.colcon_core.environment:create_file_with_runtime_dependencies(/home/ruize/dev_ws/install/usv_gazebo_plugins/share/colcon-core/packages/usv_gazebo_plugins)
[0.678s] DEBUG:colcon.colcon_core.event_handler.log_command:Invoked command in '/home/ruize/dev_ws/build/usv_gazebo_plugins' returned '0': CMAKE_PREFIX_PATH=${CMAKE_PREFIX_PATH}:/opt/ros/foxy /usr/bin/cmake --install /home/ruize/dev_ws/build/usv_gazebo_plugins
[0.698s] Level 1:colcon.colcon_core.environment:create_environment_scripts_only(usv_gazebo_plugins)
[0.698s] Level 1:colcon.colcon_core.environment:checking '/home/ruize/dev_ws/install/usv_gazebo_plugins' for CMake module files
[0.699s] Level 1:colcon.colcon_core.environment:checking '/home/ruize/dev_ws/install/usv_gazebo_plugins' for CMake config files
[0.699s] Level 1:colcon.colcon_core.shell:create_environment_hook('usv_gazebo_plugins', 'cmake_prefix_path')
[0.700s] INFO:colcon.colcon_core.shell:Creating environment hook '/home/ruize/dev_ws/install/usv_gazebo_plugins/share/usv_gazebo_plugins/hook/cmake_prefix_path.ps1'
[0.700s] INFO:colcon.colcon_core.shell:Creating environment descriptor '/home/ruize/dev_ws/install/usv_gazebo_plugins/share/usv_gazebo_plugins/hook/cmake_prefix_path.dsv'
[0.700s] INFO:colcon.colcon_core.shell:Creating environment hook '/home/ruize/dev_ws/install/usv_gazebo_plugins/share/usv_gazebo_plugins/hook/cmake_prefix_path.sh'
[0.701s] Level 1:colcon.colcon_core.environment:checking '/home/ruize/dev_ws/install/usv_gazebo_plugins/bin'
[0.701s] Level 1:colcon.colcon_core.environment:checking '/home/ruize/dev_ws/install/usv_gazebo_plugins/lib/pkgconfig/usv_gazebo_plugins.pc'
[0.701s] Level 1:colcon.colcon_core.environment:checking '/home/ruize/dev_ws/install/usv_gazebo_plugins/lib/python3.8/site-packages'
[0.701s] INFO:colcon.colcon_core.shell:Creating package script '/home/ruize/dev_ws/install/usv_gazebo_plugins/share/usv_gazebo_plugins/package.ps1'
[0.702s] INFO:colcon.colcon_core.shell:Creating package descriptor '/home/ruize/dev_ws/install/usv_gazebo_plugins/share/usv_gazebo_plugins/package.dsv'
[0.702s] INFO:colcon.colcon_core.shell:Creating package script '/home/ruize/dev_ws/install/usv_gazebo_plugins/share/usv_gazebo_plugins/package.sh'
[0.702s] INFO:colcon.colcon_core.shell:Creating package script '/home/ruize/dev_ws/install/usv_gazebo_plugins/share/usv_gazebo_plugins/package.bash'
[0.703s] INFO:colcon.colcon_core.shell:Creating package script '/home/ruize/dev_ws/install/usv_gazebo_plugins/share/usv_gazebo_plugins/package.zsh'
[0.703s] Level 1:colcon.colcon_core.environment:create_file_with_runtime_dependencies(/home/ruize/dev_ws/install/usv_gazebo_plugins/share/colcon-core/packages/usv_gazebo_plugins)
[1.360s] DEBUG:colcon.colcon_core.event_handler.log_command:Invoked command in '/home/ruize/dev_ws/build/usv_msgs' returned '0': CMAKE_PREFIX_PATH=${CMAKE_PREFIX_PATH}:/opt/ros/foxy /usr/bin/cmake --build /home/ruize/dev_ws/build/usv_msgs -- -j4 -l4
[1.406s] DEBUG:colcon.colcon_core.event_handler.log_command:Invoking command in '/home/ruize/dev_ws/build/usv_msgs': CMAKE_PREFIX_PATH=${CMAKE_PREFIX_PATH}:/opt/ros/foxy /usr/bin/cmake --install /home/ruize/dev_ws/build/usv_msgs
[1.452s] Level 1:colcon.colcon_core.environment:create_environment_scripts_only(usv_msgs)
[1.453s] Level 1:colcon.colcon_core.environment:checking '/home/ruize/dev_ws/install/usv_msgs' for CMake module files
[1.454s] DEBUG:colcon.colcon_core.event_handler.log_command:Invoked command in '/home/ruize/dev_ws/build/usv_msgs' returned '0': CMAKE_PREFIX_PATH=${CMAKE_PREFIX_PATH}:/opt/ros/foxy /usr/bin/cmake --install /home/ruize/dev_ws/build/usv_msgs
[1.454s] Level 1:colcon.colcon_core.environment:checking '/home/ruize/dev_ws/install/usv_msgs' for CMake config files
[1.454s] Level 1:colcon.colcon_core.shell:create_environment_hook('usv_msgs', 'cmake_prefix_path')
[1.455s] INFO:colcon.colcon_core.shell:Creating environment hook '/home/ruize/dev_ws/install/usv_msgs/share/usv_msgs/hook/cmake_prefix_path.ps1'
[1.455s] INFO:colcon.colcon_core.shell:Creating environment descriptor '/home/ruize/dev_ws/install/usv_msgs/share/usv_msgs/hook/cmake_prefix_path.dsv'
[1.456s] INFO:colcon.colcon_core.shell:Creating environment hook '/home/ruize/dev_ws/install/usv_msgs/share/usv_msgs/hook/cmake_prefix_path.sh'
[1.457s] Level 1:colcon.colcon_core.environment:checking '/home/ruize/dev_ws/install/usv_msgs/lib'
[1.457s] Level 1:colcon.colcon_core.shell:create_environment_hook('usv_msgs', 'ld_library_path_lib')
[1.457s] INFO:colcon.colcon_core.shell:Creating environment hook '/home/ruize/dev_ws/install/usv_msgs/share/usv_msgs/hook/ld_library_path_lib.ps1'
[1.458s] INFO:colcon.colcon_core.shell:Creating environment descriptor '/home/ruize/dev_ws/install/usv_msgs/share/usv_msgs/hook/ld_library_path_lib.dsv'
[1.458s] INFO:colcon.colcon_core.shell:Creating environment hook '/home/ruize/dev_ws/install/usv_msgs/share/usv_msgs/hook/ld_library_path_lib.sh'
[1.458s] Level 1:colcon.colcon_core.environment:checking '/home/ruize/dev_ws/install/usv_msgs/bin'
[1.458s] Level 1:colcon.colcon_core.environment:checking '/home/ruize/dev_ws/install/usv_msgs/lib/pkgconfig/usv_msgs.pc'
[1.458s] Level 1:colcon.colcon_core.environment:checking '/home/ruize/dev_ws/install/usv_msgs/lib/python3.8/site-packages'
[1.458s] Level 1:colcon.colcon_core.shell:create_environment_hook('usv_msgs', 'pythonpath')
[1.459s] INFO:colcon.colcon_core.shell:Creating environment hook '/home/ruize/dev_ws/install/usv_msgs/share/usv_msgs/hook/pythonpath.ps1'
[1.459s] INFO:colcon.colcon_core.shell:Creating environment descriptor '/home/ruize/dev_ws/install/usv_msgs/share/usv_msgs/hook/pythonpath.dsv'
[1.460s] INFO:colcon.colcon_core.shell:Creating environment hook '/home/ruize/dev_ws/install/usv_msgs/share/usv_msgs/hook/pythonpath.sh'
[1.461s] INFO:colcon.colcon_core.shell:Creating package script '/home/ruize/dev_ws/install/usv_msgs/share/usv_msgs/package.ps1'
[1.461s] INFO:colcon.colcon_core.shell:Creating package descriptor '/home/ruize/dev_ws/install/usv_msgs/share/usv_msgs/package.dsv'
[1.462s] INFO:colcon.colcon_core.shell:Creating package script '/home/ruize/dev_ws/install/usv_msgs/share/usv_msgs/package.sh'
[1.462s] INFO:colcon.colcon_core.shell:Creating package script '/home/ruize/dev_ws/install/usv_msgs/share/usv_msgs/package.bash'
[1.463s] INFO:colcon.colcon_core.shell:Creating package script '/home/ruize/dev_ws/install/usv_msgs/share/usv_msgs/package.zsh'
[1.463s] Level 1:colcon.colcon_core.environment:create_file_with_runtime_dependencies(/home/ruize/dev_ws/install/usv_msgs/share/colcon-core/packages/usv_msgs)
[1.508s] Level 1:colcon.colcon_core.environment:create_environment_scripts_only(usv_msgs)
[1.509s] Level 1:colcon.colcon_core.environment:checking '/home/ruize/dev_ws/install/usv_msgs' for CMake module files
[1.509s] Level 1:colcon.colcon_core.environment:checking '/home/ruize/dev_ws/install/usv_msgs' for CMake config files
[1.509s] Level 1:colcon.colcon_core.shell:create_environment_hook('usv_msgs', 'cmake_prefix_path')
[1.510s] INFO:colcon.colcon_core.shell:Creating environment hook '/home/ruize/dev_ws/install/usv_msgs/share/usv_msgs/hook/cmake_prefix_path.ps1'
[1.511s] INFO:colcon.colcon_core.shell:Creating environment descriptor '/home/ruize/dev_ws/install/usv_msgs/share/usv_msgs/hook/cmake_prefix_path.dsv'
[1.511s] INFO:colcon.colcon_core.shell:Creating environment hook '/home/ruize/dev_ws/install/usv_msgs/share/usv_msgs/hook/cmake_prefix_path.sh'
[1.512s] Level 1:colcon.colcon_core.environment:checking '/home/ruize/dev_ws/install/usv_msgs/lib'
[1.512s] Level 1:colcon.colcon_core.shell:create_environment_hook('usv_msgs', 'ld_library_path_lib')
[1.513s] INFO:colcon.colcon_core.shell:Creating environment hook '/home/ruize/dev_ws/install/usv_msgs/share/usv_msgs/hook/ld_library_path_lib.ps1'
[1.513s] INFO:colcon.colcon_core.shell:Creating environment descriptor '/home/ruize/dev_ws/install/usv_msgs/share/usv_msgs/hook/ld_library_path_lib.dsv'
[1.514s] INFO:colcon.colcon_core.shell:Creating environment hook '/home/ruize/dev_ws/install/usv_msgs/share/usv_msgs/hook/ld_library_path_lib.sh'
[1.514s] Level 1:colcon.colcon_core.environment:checking '/home/ruize/dev_ws/install/usv_msgs/bin'
[1.514s] Level 1:colcon.colcon_core.environment:checking '/home/ruize/dev_ws/install/usv_msgs/lib/pkgconfig/usv_msgs.pc'
[1.514s] Level 1:colcon.colcon_core.environment:checking '/home/ruize/dev_ws/install/usv_msgs/lib/python3.8/site-packages'
[1.514s] Level 1:colcon.colcon_core.shell:create_environment_hook('usv_msgs', 'pythonpath')
[1.515s] INFO:colcon.colcon_core.shell:Creating environment hook '/home/ruize/dev_ws/install/usv_msgs/share/usv_msgs/hook/pythonpath.ps1'
[1.515s] INFO:colcon.colcon_core.shell:Creating environment descriptor '/home/ruize/dev_ws/install/usv_msgs/share/usv_msgs/hook/pythonpath.dsv'
[1.516s] INFO:colcon.colcon_core.shell:Creating environment hook '/home/ruize/dev_ws/install/usv_msgs/share/usv_msgs/hook/pythonpath.sh'
[1.517s] INFO:colcon.colcon_core.shell:Creating package script '/home/ruize/dev_ws/install/usv_msgs/share/usv_msgs/package.ps1'
[1.517s] INFO:colcon.colcon_core.shell:Creating package descriptor '/home/ruize/dev_ws/install/usv_msgs/share/usv_msgs/package.dsv'
[1.518s] INFO:colcon.colcon_core.shell:Creating package script '/home/ruize/dev_ws/install/usv_msgs/share/usv_msgs/package.sh'
[1.518s] INFO:colcon.colcon_core.shell:Creating package script '/home/ruize/dev_ws/install/usv_msgs/share/usv_msgs/package.bash'
[1.519s] INFO:colcon.colcon_core.shell:Creating package script '/home/ruize/dev_ws/install/usv_msgs/share/usv_msgs/package.zsh'
[1.519s] Level 1:colcon.colcon_core.environment:create_file_with_runtime_dependencies(/home/ruize/dev_ws/install/usv_msgs/share/colcon-core/packages/usv_msgs)
[1.520s] DEBUG:colcon.colcon_parallel_executor.executor.parallel:closing loop
[1.520s] DEBUG:colcon.colcon_parallel_executor.executor.parallel:loop closed
[1.520s] DEBUG:colcon.colcon_parallel_executor.executor.parallel:run_until_complete finished with '0'
[1.521s] DEBUG:colcon.colcon_core.event_reactor:joining thread
[1.531s] INFO:colcon.colcon_core.plugin_system:Skipping extension 'colcon_notification.desktop_notification.terminal_notifier': Not used on non-Darwin systems
[1.531s] INFO:colcon.colcon_core.plugin_system:Skipping extension 'colcon_notification.desktop_notification.win32': Not used on non-Windows systems
[1.531s] INFO:colcon.colcon_notification.desktop_notification:Sending desktop notification using 'notify2'
[1.543s] DEBUG:colcon.colcon_core.event_reactor:joined thread
[1.544s] INFO:colcon.colcon_core.shell:Creating prefix script '/home/ruize/dev_ws/install/local_setup.ps1'
[1.545s] INFO:colcon.colcon_core.shell:Creating prefix util module '/home/ruize/dev_ws/install/_local_setup_util_ps1.py'
[1.547s] INFO:colcon.colcon_core.shell:Creating prefix chain script '/home/ruize/dev_ws/install/setup.ps1'
[1.550s] INFO:colcon.colcon_core.shell:Creating prefix script '/home/ruize/dev_ws/install/local_setup.sh'
[1.550s] INFO:colcon.colcon_core.shell:Creating prefix util module '/home/ruize/dev_ws/install/_local_setup_util_sh.py'
[1.551s] INFO:colcon.colcon_core.shell:Creating prefix chain script '/home/ruize/dev_ws/install/setup.sh'
[1.556s] INFO:colcon.colcon_core.shell:Creating prefix script '/home/ruize/dev_ws/install/local_setup.bash'
[1.557s] INFO:colcon.colcon_core.shell:Creating prefix chain script '/home/ruize/dev_ws/install/setup.bash'
[1.558s] INFO:colcon.colcon_core.shell:Creating prefix script '/home/ruize/dev_ws/install/local_setup.zsh'
[1.559s] INFO:colcon.colcon_core.shell:Creating prefix chain script '/home/ruize/dev_ws/install/setup.zsh'
