[0.018s] Invoking command in '/home/ruize/dev_ws/build/usv_gazebo_plugins': CMAKE_PREFIX_PATH=${CMAKE_PREFIX_PATH}:/opt/ros/foxy /usr/bin/cmake --build /home/ruize/dev_ws/build/usv_gazebo_plugins -- -j4 -l4
[0.044s] -- Found ament_cmake: 0.9.8 (/opt/ros/foxy/share/ament_cmake/cmake)
[0.061s] -- Using PYTHON_EXECUTABLE: /usr/bin/python3
[0.213s] -- Found gazebo_ros: 3.5.0 (/opt/ros/foxy/share/gazebo_ros/cmake)
[0.243s] -- Using all available rosidl_typesupport_c: rosidl_typesupport_fastrtps_c;rosidl_typesupport_introspection_c
[0.246s] -- Found rosidl_adapter: 1.2.0 (/opt/ros/foxy/share/rosidl_adapter/cmake)
[0.352s] -- Using all available rosidl_typesupport_cpp: rosidl_typesupport_fastrtps_cpp;rosidl_typesupport_introspection_cpp
[0.386s] -- Found rmw_implementation_cmake: 1.0.2 (/opt/ros/foxy/share/rmw_implementation_cmake/cmake)
[0.387s] -- Using RMW implementation 'rmw_fastrtps_cpp' as default
[0.547s] -- Found DART: /usr/include (Required is at least version "6.6") found components: dart 
[0.570s] -- Found Protobuf: /usr/lib/x86_64-linux-gnu/libprotobuf.so;-lpthread (found version "3.6.1") 
[0.572s] -- Looking for ignition-math6 -- found version 6.8.0
[0.576s] -- Searching for dependencies of ignition-math6
[0.577s] -- Looking for OGRE...
[0.582s] -- Found Ogre Ghadamon (1.9.0)
[0.583s] -- Found OGRE: optimized;/usr/lib/x86_64-linux-gnu/libOgreMain.so;debug;/usr/lib/x86_64-linux-gnu/libOgreMain.so
[0.590s] -- Looking for OGRE_Paging...
[0.591s] -- Found OGRE_Paging: optimized;/usr/lib/x86_64-linux-gnu/libOgrePaging.so;debug;/usr/lib/x86_64-linux-gnu/libOgrePaging.so
[0.591s] -- Looking for OGRE_Terrain...
[0.591s] -- Found OGRE_Terrain: optimized;/usr/lib/x86_64-linux-gnu/libOgreTerrain.so;debug;/usr/lib/x86_64-linux-gnu/libOgreTerrain.so
[0.591s] -- Looking for OGRE_Property...
[0.591s] -- Found OGRE_Property: optimized;/usr/lib/x86_64-linux-gnu/libOgreProperty.so;debug;/usr/lib/x86_64-linux-gnu/libOgreProperty.so
[0.592s] -- Looking for OGRE_RTShaderSystem...
[0.592s] -- Found OGRE_RTShaderSystem: optimized;/usr/lib/x86_64-linux-gnu/libOgreRTShaderSystem.so;debug;/usr/lib/x86_64-linux-gnu/libOgreRTShaderSystem.so
[0.593s] -- Looking for OGRE_Volume...
[0.593s] -- Found OGRE_Volume: optimized;/usr/lib/x86_64-linux-gnu/libOgreVolume.so;debug;/usr/lib/x86_64-linux-gnu/libOgreVolume.so
[0.593s] -- Looking for OGRE_Overlay...
[0.593s] -- Found OGRE_Overlay: optimized;/usr/lib/x86_64-linux-gnu/libOgreOverlay.so;debug;/usr/lib/x86_64-linux-gnu/libOgreOverlay.so
[0.692s] -- Looking for ignition-math6 -- found version 6.8.0
[0.693s] -- Looking for ignition-transport8 -- found version 8.2.0
[0.694s] -- Searching for dependencies of ignition-transport8
[0.711s] -- Found Protobuf: /usr/lib/x86_64-linux-gnu/libprotobuf.so;-lpthread (found suitable version "3.6.1", minimum required is "3") 
[0.721s] -- Config-file not installed for ZeroMQ -- checking for pkg-config
[0.725s] -- Checking for module 'libzmq >= 4'
[0.736s] --   Found libzmq , version 4.3.2
[0.764s] -- Checking for module 'uuid'
[0.775s] --   Found uuid, version 2.34.0
[0.800s] -- Looking for ignition-msgs5 -- found version 5.7.0
[0.801s] -- Searching for dependencies of ignition-msgs5
[0.818s] -- Looking for ignition-math6 -- found version 6.8.0
[0.822s] -- Checking for module 'tinyxml2'
[0.835s] --   Found tinyxml2, version 6.2.0
[0.866s] -- Looking for ignition-msgs5 -- found version 5.7.0
[0.866s] -- Looking for ignition-common3 -- found version 3.11.1
[0.867s] -- Searching for dependencies of ignition-common3
[0.867s] -- Looking for dlfcn.h - found
[0.867s] -- Looking for libdl - found
[0.876s] -- Searching for <ignition-common3> component [graphics]
[0.876s] -- Looking for ignition-common3-graphics -- found version 3.11.1
[0.877s] -- Searching for dependencies of ignition-common3-graphics
[0.877s] -- Looking for ignition-math6 -- found version 6.8.0
[0.878s] -- Looking for ignition-fuel_tools4 -- found version 4.3.0
[0.879s] -- Searching for dependencies of ignition-fuel_tools4
[0.898s] -- Checking for module 'jsoncpp'
[0.910s] --   Found jsoncpp, version 1.7.4
[0.949s] -- Checking for module 'libzip'
[0.960s] --   Found libzip, version 1.5.1
[0.996s] -- Looking for ignition-common3 -- found version 3.11.1
[0.997s] -- Looking for ignition-msgs5 -- found version 5.7.0
[0.999s] -- Gazebo version: 11.3
[1.004s] -- Found rosidl_default_generators: 1.0.0 (/opt/ros/foxy/share/rosidl_default_generators/cmake)
[1.011s] -- Found xacro: 2.0.4 (/opt/ros/foxy/share/xacro/cmake)
[1.011s] -- Found wave_gazebo_plugins: 1.3.0 (/home/ruize/dev_ws/install/wave_gazebo_plugins/share/wave_gazebo_plugins/cmake)
[1.022s] -- Found usv_msgs: 0.0.0 (/home/ruize/dev_ws/install/usv_msgs/share/usv_msgs/cmake)
[1.057s] -- xacro: determining deps for: worlds/buoyancy_plugin_demo.world.xacro ...
[1.106s] -- Found ament_lint_auto: 0.9.6 (/opt/ros/foxy/share/ament_lint_auto/cmake)
[1.171s] -- Added test 'copyright' to check source files copyright and LICENSE
[1.172s] -- Added test 'cppcheck' to perform static code analysis on C / C++ code
[1.173s] -- Configured cppcheck include dirs: /home/ruize/dev_ws/src/usv_gazebo_plugins/include
[1.173s] -- Configured cppcheck exclude dirs and/or files: 
[1.174s] -- Added test 'cpplint' to check C / C++ code against the Google style
[1.174s] -- Configured cpplint exclude dirs and/or files: 
[1.174s] -- Added test 'flake8' to check Python code syntax and style conventions
[1.174s] -- Added test 'lint_cmake' to check CMake code style
[1.175s] -- Added test 'pep257' to check Python code against some of the style conventions in PEP 257
[1.175s] -- Added test 'uncrustify' to check C / C++ code style
[1.175s] -- Configured uncrustify additional arguments: 
[1.175s] -- Added test 'xmllint' to check XML markup files
[1.178s] -- Configuring done
[1.186s] -- Generating done
[1.188s] -- Build files have been written to: /home/ruize/dev_ws/build/usv_gazebo_plugins
[1.221s] [ 20%] Built target usv_gazebo_plugins__xacro_auto_generate
[1.223s] [ 40%] [32mBuilding CXX object CMakeFiles/buoyancy_gazebo_plugin.dir/src/buoyancy_gazebo_plugin.cc.o[0m
[2.070s] In file included from [01m[K/home/ruize/dev_ws/src/usv_gazebo_plugins/src/buoyancy_gazebo_plugin.cc:22[m[K:
[2.070s] [01m[K/home/ruize/dev_ws/src/usv_gazebo_plugins/include/usv_gazebo_plugins/buoyancy_gazebo_plugin.hh:33:10:[m[K [01;31m[Kfatal error: [m[Kwave_gazebo_plugins/Wavefield.hh: No such file or directory
[2.070s]    33 | #include [01;31m[K"wave_gazebo_plugins/Wavefield.hh"[m[K
[2.070s]       |          [01;31m[K^~~~~~~~~~~~~~~~~~~~~~~~~~~~~~~~~~[m[K
[2.070s] compilation terminated.
[2.080s] make[2]: *** [CMakeFiles/buoyancy_gazebo_plugin.dir/build.make:63: CMakeFiles/buoyancy_gazebo_plugin.dir/src/buoyancy_gazebo_plugin.cc.o] Error 1
[2.081s] make[1]: *** [CMakeFiles/Makefile2:107: CMakeFiles/buoyancy_gazebo_plugin.dir/all] Error 2
[2.081s] make: *** [Makefile:141: all] Error 2
[2.083s] Invoked command in '/home/ruize/dev_ws/build/usv_gazebo_plugins' returned '2': CMAKE_PREFIX_PATH=${CMAKE_PREFIX_PATH}:/opt/ros/foxy /usr/bin/cmake --build /home/ruize/dev_ws/build/usv_gazebo_plugins -- -j4 -l4
