[0.018s] Invoking command in '/home/ruize/dev_ws/build/usv_gazebo_plugins': CMAKE_PREFIX_PATH=${CMAKE_PREFIX_PATH}:/opt/ros/foxy /usr/bin/cmake --build /home/ruize/dev_ws/build/usv_gazebo_plugins -- -j4 -l4
[0.050s] -- Found ament_cmake: 0.9.8 (/opt/ros/foxy/share/ament_cmake/cmake)
[0.070s] -- Using PYTHON_EXECUTABLE: /usr/bin/python3
[0.235s] -- Found gazebo_ros: 3.5.0 (/opt/ros/foxy/share/gazebo_ros/cmake)
[0.267s] -- Using all available rosidl_typesupport_c: rosidl_typesupport_fastrtps_c;rosidl_typesupport_introspection_c
[0.270s] -- Found rosidl_adapter: 1.2.0 (/opt/ros/foxy/share/rosidl_adapter/cmake)
[0.405s] -- Using all available rosidl_typesupport_cpp: rosidl_typesupport_fastrtps_cpp;rosidl_typesupport_introspection_cpp
[0.453s] -- Found rmw_implementation_cmake: 1.0.2 (/opt/ros/foxy/share/rmw_implementation_cmake/cmake)
[0.455s] -- Using RMW implementation 'rmw_fastrtps_cpp' as default
[0.634s] -- Found DART: /usr/include (Required is at least version "6.6") found components: dart 
[0.663s] -- Found Protobuf: /usr/lib/x86_64-linux-gnu/libprotobuf.so;-lpthread (found version "3.6.1") 
[0.667s] -- Looking for ignition-math6 -- found version 6.8.0
[0.670s] -- Searching for dependencies of ignition-math6
[0.672s] -- Looking for OGRE...
[0.677s] -- Found Ogre Ghadamon (1.9.0)
[0.678s] -- Found OGRE: optimized;/usr/lib/x86_64-linux-gnu/libOgreMain.so;debug;/usr/lib/x86_64-linux-gnu/libOgreMain.so
[0.689s] -- Looking for OGRE_Paging...
[0.689s] -- Found OGRE_Paging: optimized;/usr/lib/x86_64-linux-gnu/libOgrePaging.so;debug;/usr/lib/x86_64-linux-gnu/libOgrePaging.so
[0.689s] -- Looking for OGRE_Terrain...
[0.689s] -- Found OGRE_Terrain: optimized;/usr/lib/x86_64-linux-gnu/libOgreTerrain.so;debug;/usr/lib/x86_64-linux-gnu/libOgreTerrain.so
[0.689s] -- Looking for OGRE_Property...
[0.689s] -- Found OGRE_Property: optimized;/usr/lib/x86_64-linux-gnu/libOgreProperty.so;debug;/usr/lib/x86_64-linux-gnu/libOgreProperty.so
[0.689s] -- Looking for OGRE_RTShaderSystem...
[0.690s] -- Found OGRE_RTShaderSystem: optimized;/usr/lib/x86_64-linux-gnu/libOgreRTShaderSystem.so;debug;/usr/lib/x86_64-linux-gnu/libOgreRTShaderSystem.so
[0.690s] -- Looking for OGRE_Volume...
[0.690s] -- Found OGRE_Volume: optimized;/usr/lib/x86_64-linux-gnu/libOgreVolume.so;debug;/usr/lib/x86_64-linux-gnu/libOgreVolume.so
[0.690s] -- Looking for OGRE_Overlay...
[0.690s] -- Found OGRE_Overlay: optimized;/usr/lib/x86_64-linux-gnu/libOgreOverlay.so;debug;/usr/lib/x86_64-linux-gnu/libOgreOverlay.so
[0.806s] -- Looking for ignition-math6 -- found version 6.8.0
[0.806s] -- Looking for ignition-transport8 -- found version 8.2.0
[0.807s] -- Searching for dependencies of ignition-transport8
[0.825s] -- Found Protobuf: /usr/lib/x86_64-linux-gnu/libprotobuf.so;-lpthread (found suitable version "3.6.1", minimum required is "3") 
[0.840s] -- Config-file not installed for ZeroMQ -- checking for pkg-config
[0.844s] -- Checking for module 'libzmq >= 4'
[0.857s] --   Found libzmq , version 4.3.2
[0.897s] -- Checking for module 'uuid'
[0.909s] --   Found uuid, version 2.34.0
[0.941s] -- Looking for ignition-msgs5 -- found version 5.7.0
[0.942s] -- Searching for dependencies of ignition-msgs5
[0.973s] -- Looking for ignition-math6 -- found version 6.8.0
[0.978s] -- Checking for module 'tinyxml2'
[0.994s] --   Found tinyxml2, version 6.2.0
[1.039s] -- Looking for ignition-msgs5 -- found version 5.7.0
[1.041s] -- Looking for ignition-common3 -- found version 3.11.1
[1.043s] -- Searching for dependencies of ignition-common3
[1.046s] -- Looking for dlfcn.h - found
[1.046s] -- Looking for libdl - found
[1.048s] -- Searching for <ignition-common3> component [graphics]
[1.049s] -- Looking for ignition-common3-graphics -- found version 3.11.1
[1.049s] -- Searching for dependencies of ignition-common3-graphics
[1.049s] -- Looking for ignition-math6 -- found version 6.8.0
[1.050s] -- Looking for ignition-fuel_tools4 -- found version 4.3.0
[1.051s] -- Searching for dependencies of ignition-fuel_tools4
[1.076s] -- Checking for module 'jsoncpp'
[1.089s] --   Found jsoncpp, version 1.7.4
[1.128s] -- Checking for module 'libzip'
[1.144s] --   Found libzip, version 1.5.1
[1.184s] -- Looking for ignition-common3 -- found version 3.11.1
[1.184s] -- Looking for ignition-msgs5 -- found version 5.7.0
[1.185s] -- Gazebo version: 11.3
[1.193s] -- Found rosidl_default_generators: 1.0.0 (/opt/ros/foxy/share/rosidl_default_generators/cmake)
[1.203s] -- Found xacro: 2.0.4 (/opt/ros/foxy/share/xacro/cmake)
[1.203s] -- Found wave_gazebo_plugins: 1.3.0 (/home/ruize/dev_ws/install/wave_gazebo_plugins/share/wave_gazebo_plugins/cmake)
[1.218s] -- Found usv_msgs: 0.0.0 (/home/ruize/dev_ws/install/usv_msgs/share/usv_msgs/cmake)
[1.268s] -- xacro: determining deps for: worlds/buoyancy_plugin_demo.world.xacro ...
[1.329s] -- Found ament_lint_auto: 0.9.6 (/opt/ros/foxy/share/ament_lint_auto/cmake)
[1.389s] -- Added test 'copyright' to check source files copyright and LICENSE
[1.391s] -- Added test 'cppcheck' to perform static code analysis on C / C++ code
[1.392s] -- Configured cppcheck include dirs: /home/ruize/dev_ws/src/usv_gazebo_plugins/include
[1.392s] -- Configured cppcheck exclude dirs and/or files: 
[1.393s] -- Added test 'cpplint' to check C / C++ code against the Google style
[1.393s] -- Configured cpplint exclude dirs and/or files: 
[1.394s] -- Added test 'flake8' to check Python code syntax and style conventions
[1.394s] -- Added test 'lint_cmake' to check CMake code style
[1.394s] -- Added test 'pep257' to check Python code against some of the style conventions in PEP 257
[1.395s] -- Added test 'uncrustify' to check C / C++ code style
[1.395s] -- Configured uncrustify additional arguments: 
[1.396s] -- Added test 'xmllint' to check XML markup files
[1.400s] -- Configuring done
[1.485s] -- Generating done
[1.488s] -- Build files have been written to: /home/ruize/dev_ws/build/usv_gazebo_plugins
[1.525s] [35m[1mScanning dependencies of target usv_gazebo_dynamics_plugin[0m
[1.548s] [ 14%] Built target usv_gazebo_plugins__xacro_auto_generate
[1.551s] [ 71%] Built target buoyancy_gazebo_plugin
[1.575s] [ 85%] [32mBuilding CXX object CMakeFiles/usv_gazebo_dynamics_plugin.dir/src/usv_gazebo_dynamics_plugin.cc.o[0m
[3.009s] [01m[K/home/ruize/dev_ws/src/usv_gazebo_plugins/src/usv_gazebo_dynamics_plugin.cc:46:70:[m[K [01;31m[Kerror: [m[Kmacro "RCLCPP_INFO_STREAM" requires 2 arguments, but only 1 given
[3.009s]    46 |                     "Using default value of <" << _defaultVal << ">."[01;31m[K)[m[K;
[3.009s]       |                                                                      [01;31m[K^[m[K
[3.010s] In file included from [01m[K/opt/ros/foxy/include/rclcpp/service.hpp:34[m[K,
[3.010s]                  from [01m[K/opt/ros/foxy/include/rclcpp/callback_group.hpp:25[m[K,
[3.010s]                  from [01m[K/opt/ros/foxy/include/rclcpp/any_executable.hpp:20[m[K,
[3.010s]                  from [01m[K/opt/ros/foxy/include/rclcpp/memory_strategy.hpp:24[m[K,
[3.010s]                  from [01m[K/opt/ros/foxy/include/rclcpp/memory_strategies.hpp:18[m[K,
[3.010s]                  from [01m[K/opt/ros/foxy/include/rclcpp/executor_options.hpp:20[m[K,
[3.010s]                  from [01m[K/opt/ros/foxy/include/rclcpp/executor.hpp:33[m[K,
[3.010s]                  from [01m[K/opt/ros/foxy/include/rclcpp/executors/multi_threaded_executor.hpp:25[m[K,
[3.010s]                  from [01m[K/opt/ros/foxy/include/rclcpp/executors.hpp:21[m[K,
[3.010s]                  from [01m[K/opt/ros/foxy/include/rclcpp/rclcpp.hpp:146[m[K,
[3.011s]                  from [01m[K/home/ruize/dev_ws/src/usv_gazebo_plugins/src/usv_gazebo_dynamics_plugin.cc:17[m[K:
[3.011s] [01m[K/opt/ros/foxy/include/rclcpp/logging.hpp:736:[m[K [01;36m[Knote: [m[Kmacro "RCLCPP_INFO_STREAM" defined here
[3.011s]   736 | #define RCLCPP_INFO_STREAM(logger, stream_arg) \
[3.011s]       | 
[3.011s] [01m[K/home/ruize/dev_ws/src/usv_gazebo_plugins/src/usv_gazebo_dynamics_plugin.cc:52:42:[m[K [01;31m[Kerror: [m[Kmacro "RCLCPP_DEBUG_STREAM" requires 2 arguments, but only 1 given
[3.011s]    52 |                   "> to <" << val << ">."[01;31m[K)[m[K;
[3.011s]       |                                          [01;31m[K^[m[K
[3.012s] In file included from [01m[K/opt/ros/foxy/include/rclcpp/service.hpp:34[m[K,
[3.012s]                  from [01m[K/opt/ros/foxy/include/rclcpp/callback_group.hpp:25[m[K,
[3.012s]                  from [01m[K/opt/ros/foxy/include/rclcpp/any_executable.hpp:20[m[K,
[3.012s]                  from [01m[K/opt/ros/foxy/include/rclcpp/memory_strategy.hpp:24[m[K,
[3.012s]                  from [01m[K/opt/ros/foxy/include/rclcpp/memory_strategies.hpp:18[m[K,
[3.012s]                  from [01m[K/opt/ros/foxy/include/rclcpp/executor_options.hpp:20[m[K,
[3.012s]                  from [01m[K/opt/ros/foxy/include/rclcpp/executor.hpp:33[m[K,
[3.012s]                  from [01m[K/opt/ros/foxy/include/rclcpp/executors/multi_threaded_executor.hpp:25[m[K,
[3.012s]                  from [01m[K/opt/ros/foxy/include/rclcpp/executors.hpp:21[m[K,
[3.012s]                  from [01m[K/opt/ros/foxy/include/rclcpp/rclcpp.hpp:146[m[K,
[3.012s]                  from [01m[K/home/ruize/dev_ws/src/usv_gazebo_plugins/src/usv_gazebo_dynamics_plugin.cc:17[m[K:
[3.013s] [01m[K/opt/ros/foxy/include/rclcpp/logging.hpp:294:[m[K [01;36m[Knote: [m[Kmacro "RCLCPP_DEBUG_STREAM" defined here
[3.013s]   294 | #define RCLCPP_DEBUG_STREAM(logger, stream_arg) \
[3.013s]       | 
[3.013s] [01m[K/home/ruize/dev_ws/src/usv_gazebo_plugins/src/usv_gazebo_dynamics_plugin.cc:69:61:[m[K [01;31m[Kerror: [m[Kmacro "RCLCPP_INFO_STREAM" requires 2 arguments, but only 1 given
[3.013s]    69 |     RCLCPP_INFO_STREAM("Did not find SDF parameter bodyName"[01;31m[K)[m[K;
[3.013s]       |                                                             [01;31m[K^[m[K
[3.014s] In file included from [01m[K/opt/ros/foxy/include/rclcpp/service.hpp:34[m[K,
[3.014s]                  from [01m[K/opt/ros/foxy/include/rclcpp/callback_group.hpp:25[m[K,
[3.014s]                  from [01m[K/opt/ros/foxy/include/rclcpp/any_executable.hpp:20[m[K,
[3.014s]                  from [01m[K/opt/ros/foxy/include/rclcpp/memory_strategy.hpp:24[m[K,
[3.014s]                  from [01m[K/opt/ros/foxy/include/rclcpp/memory_strategies.hpp:18[m[K,
[3.014s]                  from [01m[K/opt/ros/foxy/include/rclcpp/executor_options.hpp:20[m[K,
[3.014s]                  from [01m[K/opt/ros/foxy/include/rclcpp/executor.hpp:33[m[K,
[3.014s]                  from [01m[K/opt/ros/foxy/include/rclcpp/executors/multi_threaded_executor.hpp:25[m[K,
[3.014s]                  from [01m[K/opt/ros/foxy/include/rclcpp/executors.hpp:21[m[K,
[3.014s]                  from [01m[K/opt/ros/foxy/include/rclcpp/rclcpp.hpp:146[m[K,
[3.015s]                  from [01m[K/home/ruize/dev_ws/src/usv_gazebo_plugins/src/usv_gazebo_dynamics_plugin.cc:17[m[K:
[3.015s] [01m[K/opt/ros/foxy/include/rclcpp/logging.hpp:736:[m[K [01;36m[Knote: [m[Kmacro "RCLCPP_INFO_STREAM" defined here
[3.015s]   736 | #define RCLCPP_INFO_STREAM(logger, stream_arg) \
[3.015s]       | 
[3.015s] [01m[K/home/ruize/dev_ws/src/usv_gazebo_plugins/src/usv_gazebo_dynamics_plugin.cc:76:78:[m[K [01;31m[Kerror: [m[Kmacro "RCLCPP_DEBUG_STREAM" requires 2 arguments, but only 1 given
[3.015s]    76 |     RCLCPP_DEBUG_STREAM("Found SDF parameter bodyName as <" << linkName<< ">"[01;31m[K)[m[K;
[3.015s]       |                                                                              [01;31m[K^[m[K
[3.015s] In file included from [01m[K/opt/ros/foxy/include/rclcpp/service.hpp:34[m[K,
[3.016s]                  from [01m[K/opt/ros/foxy/include/rclcpp/callback_group.hpp:25[m[K,
[3.016s]                  from [01m[K/opt/ros/foxy/include/rclcpp/any_executable.hpp:20[m[K,
[3.016s]                  from [01m[K/opt/ros/foxy/include/rclcpp/memory_strategy.hpp:24[m[K,
[3.016s]                  from [01m[K/opt/ros/foxy/include/rclcpp/memory_strategies.hpp:18[m[K,
[3.016s]                  from [01m[K/opt/ros/foxy/include/rclcpp/executor_options.hpp:20[m[K,
[3.016s]                  from [01m[K/opt/ros/foxy/include/rclcpp/executor.hpp:33[m[K,
[3.016s]                  from [01m[K/opt/ros/foxy/include/rclcpp/executors/multi_threaded_executor.hpp:25[m[K,
[3.016s]                  from [01m[K/opt/ros/foxy/include/rclcpp/executors.hpp:21[m[K,
[3.016s]                  from [01m[K/opt/ros/foxy/include/rclcpp/rclcpp.hpp:146[m[K,
[3.016s]                  from [01m[K/home/ruize/dev_ws/src/usv_gazebo_plugins/src/usv_gazebo_dynamics_plugin.cc:17[m[K:
[3.016s] [01m[K/opt/ros/foxy/include/rclcpp/logging.hpp:294:[m[K [01;36m[Knote: [m[Kmacro "RCLCPP_DEBUG_STREAM" defined here
[3.016s]   294 | #define RCLCPP_DEBUG_STREAM(logger, stream_arg) \
[3.017s]       | 
[3.017s] [01m[K/home/ruize/dev_ws/src/usv_gazebo_plugins/src/usv_gazebo_dynamics_plugin.cc:86:70:[m[K [01;31m[Kerror: [m[Kmacro "RCLCPP_DEBUG_STREAM" requires 2 arguments, but only 1 given
[3.017s]    86 |     RCLCPP_DEBUG_STREAM("USV Dynamics Model Link Name = " << linkName[01;31m[K)[m[K;
[3.017s]       |                                                                      [01;31m[K^[m[K
[3.017s] In file included from [01m[K/opt/ros/foxy/include/rclcpp/service.hpp:34[m[K,
[3.017s]                  from [01m[K/opt/ros/foxy/include/rclcpp/callback_group.hpp:25[m[K,
[3.017s]                  from [01m[K/opt/ros/foxy/include/rclcpp/any_executable.hpp:20[m[K,
[3.018s]                  from [01m[K/opt/ros/foxy/include/rclcpp/memory_strategy.hpp:24[m[K,
[3.018s]                  from [01m[K/opt/ros/foxy/include/rclcpp/memory_strategies.hpp:18[m[K,
[3.018s]                  from [01m[K/opt/ros/foxy/include/rclcpp/executor_options.hpp:20[m[K,
[3.018s]                  from [01m[K/opt/ros/foxy/include/rclcpp/executor.hpp:33[m[K,
[3.018s]                  from [01m[K/opt/ros/foxy/include/rclcpp/executors/multi_threaded_executor.hpp:25[m[K,
[3.018s]                  from [01m[K/opt/ros/foxy/include/rclcpp/executors.hpp:21[m[K,
[3.018s]                  from [01m[K/opt/ros/foxy/include/rclcpp/rclcpp.hpp:146[m[K,
[3.018s]                  from [01m[K/home/ruize/dev_ws/src/usv_gazebo_plugins/src/usv_gazebo_dynamics_plugin.cc:17[m[K:
[3.019s] [01m[K/opt/ros/foxy/include/rclcpp/logging.hpp:294:[m[K [01;36m[Knote: [m[Kmacro "RCLCPP_DEBUG_STREAM" defined here
[3.019s]   294 | #define RCLCPP_DEBUG_STREAM(logger, stream_arg) \
[3.019s]       | 
[3.019s] [01m[K/home/ruize/dev_ws/src/usv_gazebo_plugins/src/usv_gazebo_dynamics_plugin.cc:117:69:[m[K [01;31m[Kerror: [m[Kmacro "RCLCPP_INFO_STREAM" requires 2 arguments, but only 1 given
[3.019s]   117 |                     "Using default value of <" << defaultVal << ">."[01;31m[K)[m[K;
[3.019s]       |                                                                     [01;31m[K^[m[K
[3.020s] In file included from [01m[K/opt/ros/foxy/include/rclcpp/service.hpp:34[m[K,
[3.020s]                  from [01m[K/opt/ros/foxy/include/rclcpp/callback_group.hpp:25[m[K,
[3.020s]                  from [01m[K/opt/ros/foxy/include/rclcpp/any_executable.hpp:20[m[K,
[3.020s]                  from [01m[K/opt/ros/foxy/include/rclcpp/memory_strategy.hpp:24[m[K,
[3.020s]                  from [01m[K/opt/ros/foxy/include/rclcpp/memory_strategies.hpp:18[m[K,
[3.020s]                  from [01m[K/opt/ros/foxy/include/rclcpp/executor_options.hpp:20[m[K,
[3.020s]                  from [01m[K/opt/ros/foxy/include/rclcpp/executor.hpp:33[m[K,
[3.020s]                  from [01m[K/opt/ros/foxy/include/rclcpp/executors/multi_threaded_executor.hpp:25[m[K,
[3.020s]                  from [01m[K/opt/ros/foxy/include/rclcpp/executors.hpp:21[m[K,
[3.021s]                  from [01m[K/opt/ros/foxy/include/rclcpp/rclcpp.hpp:146[m[K,
[3.021s]                  from [01m[K/home/ruize/dev_ws/src/usv_gazebo_plugins/src/usv_gazebo_dynamics_plugin.cc:17[m[K:
[3.021s] [01m[K/opt/ros/foxy/include/rclcpp/logging.hpp:736:[m[K [01;36m[Knote: [m[Kmacro "RCLCPP_INFO_STREAM" defined here
[3.021s]   736 | #define RCLCPP_INFO_STREAM(logger, stream_arg) \
[3.021s]       | 
[3.021s] [01m[K/home/ruize/dev_ws/src/usv_gazebo_plugins/src/usv_gazebo_dynamics_plugin.cc:146:60:[m[K [01;31m[Kerror: [m[Kmacro "RCLCPP_DEBUG_STREAM" requires 2 arguments, but only 1 given
[3.022s]   146 |   RCLCPP_DEBUG_STREAM("Vessel Mass (rigid-body): " << kMass[01;31m[K)[m[K;
[3.022s]       |                                                            [01;31m[K^[m[K
[3.022s] In file included from [01m[K/opt/ros/foxy/include/rclcpp/service.hpp:34[m[K,
[3.022s]                  from [01m[K/opt/ros/foxy/include/rclcpp/callback_group.hpp:25[m[K,
[3.022s]                  from [01m[K/opt/ros/foxy/include/rclcpp/any_executable.hpp:20[m[K,
[3.022s]                  from [01m[K/opt/ros/foxy/include/rclcpp/memory_strategy.hpp:24[m[K,
[3.022s]                  from [01m[K/opt/ros/foxy/include/rclcpp/memory_strategies.hpp:18[m[K,
[3.022s]                  from [01m[K/opt/ros/foxy/include/rclcpp/executor_options.hpp:20[m[K,
[3.022s]                  from [01m[K/opt/ros/foxy/include/rclcpp/executor.hpp:33[m[K,
[3.022s]                  from [01m[K/opt/ros/foxy/include/rclcpp/executors/multi_threaded_executor.hpp:25[m[K,
[3.022s]                  from [01m[K/opt/ros/foxy/include/rclcpp/executors.hpp:21[m[K,
[3.023s]                  from [01m[K/opt/ros/foxy/include/rclcpp/rclcpp.hpp:146[m[K,
[3.023s]                  from [01m[K/home/ruize/dev_ws/src/usv_gazebo_plugins/src/usv_gazebo_dynamics_plugin.cc:17[m[K:
[3.023s] [01m[K/opt/ros/foxy/include/rclcpp/logging.hpp:294:[m[K [01;36m[Knote: [m[Kmacro "RCLCPP_DEBUG_STREAM" defined here
[3.023s]   294 | #define RCLCPP_DEBUG_STREAM(logger, stream_arg) \
[3.023s]       | 
[3.023s] [01m[K/home/ruize/dev_ws/src/usv_gazebo_plugins/src/usv_gazebo_dynamics_plugin.cc:148:63:[m[K [01;31m[Kerror: [m[Kmacro "RCLCPP_DEBUG_STREAM" requires 2 arguments, but only 1 given
[3.026s]   148 |                   " Y:" << kInertia[1] << " Z:" << kInertia[2][01;31m[K)[m[K;
[3.026s]       |                                                               [01;31m[K^[m[K
[3.026s] In file included from [01m[K/opt/ros/foxy/include/rclcpp/service.hpp:34[m[K,
[3.026s]                  from [01m[K/opt/ros/foxy/include/rclcpp/callback_group.hpp:25[m[K,
[3.026s]                  from [01m[K/opt/ros/foxy/include/rclcpp/any_executable.hpp:20[m[K,
[3.027s]                  from [01m[K/opt/ros/foxy/include/rclcpp/memory_strategy.hpp:24[m[K,
[3.027s]                  from [01m[K/opt/ros/foxy/include/rclcpp/memory_strategies.hpp:18[m[K,
[3.027s]                  from [01m[K/opt/ros/foxy/include/rclcpp/executor_options.hpp:20[m[K,
[3.027s]                  from [01m[K/opt/ros/foxy/include/rclcpp/executor.hpp:33[m[K,
[3.027s]                  from [01m[K/opt/ros/foxy/include/rclcpp/executors/multi_threaded_executor.hpp:25[m[K,
[3.027s]                  from [01m[K/opt/ros/foxy/include/rclcpp/executors.hpp:21[m[K,
[3.027s]                  from [01m[K/opt/ros/foxy/include/rclcpp/rclcpp.hpp:146[m[K,
[3.027s]                  from [01m[K/home/ruize/dev_ws/src/usv_gazebo_plugins/src/usv_gazebo_dynamics_plugin.cc:17[m[K:
[3.027s] [01m[K/opt/ros/foxy/include/rclcpp/logging.hpp:294:[m[K [01;36m[Knote: [m[Kmacro "RCLCPP_DEBUG_STREAM" defined here
[3.027s]   294 | #define RCLCPP_DEBUG_STREAM(logger, stream_arg) \
[3.027s]       | 
[3.028s] [01m[K/home/ruize/dev_ws/src/usv_gazebo_plugins/src/usv_gazebo_dynamics_plugin.cc:213:69:[m[K [01;31m[Kerror: [m[Kmacro "RCLCPP_DEBUG_STREAM_THROTTLE" requires 4 arguments, but only 2 given
[3.028s]   213 |   RCLCPP_DEBUG_STREAM_THROTTLE(0.5, "Vel linear: " << kVelLinearBody[01;31m[K)[m[K;
[3.028s]       |                                                                     [01;31m[K^[m[K
[3.028s] In file included from [01m[K/opt/ros/foxy/include/rclcpp/service.hpp:34[m[K,
[3.028s]                  from [01m[K/opt/ros/foxy/include/rclcpp/callback_group.hpp:25[m[K,
[3.028s]                  from [01m[K/opt/ros/foxy/include/rclcpp/any_executable.hpp:20[m[K,
[3.028s]                  from [01m[K/opt/ros/foxy/include/rclcpp/memory_strategy.hpp:24[m[K,
[3.028s]                  from [01m[K/opt/ros/foxy/include/rclcpp/memory_strategies.hpp:18[m[K,
[3.028s]                  from [01m[K/opt/ros/foxy/include/rclcpp/executor_options.hpp:20[m[K,
[3.029s]                  from [01m[K/opt/ros/foxy/include/rclcpp/executor.hpp:33[m[K,
[3.029s]                  from [01m[K/opt/ros/foxy/include/rclcpp/executors/multi_threaded_executor.hpp:25[m[K,
[3.029s]                  from [01m[K/opt/ros/foxy/include/rclcpp/executors.hpp:21[m[K,
[3.029s]                  from [01m[K/opt/ros/foxy/include/rclcpp/rclcpp.hpp:146[m[K,
[3.029s]                  from [01m[K/home/ruize/dev_ws/src/usv_gazebo_plugins/src/usv_gazebo_dynamics_plugin.cc:17[m[K:
[3.029s] [01m[K/opt/ros/foxy/include/rclcpp/logging.hpp:420:[m[K [01;36m[Knote: [m[Kmacro "RCLCPP_DEBUG_STREAM_THROTTLE" defined here
[3.029s]   420 | #define RCLCPP_DEBUG_STREAM_THROTTLE(logger, clock, duration, stream_arg) \
[3.029s]       | 
[3.030s] [01m[K/home/ruize/dev_ws/src/usv_gazebo_plugins/src/usv_gazebo_dynamics_plugin.cc:222:71:[m[K [01;31m[Kerror: [m[Kmacro "RCLCPP_DEBUG_STREAM_THROTTLE" requires 4 arguments, but only 2 given
[3.030s]   222 |   RCLCPP_DEBUG_STREAM_THROTTLE(0.5, "Vel angular: " << kVelAngularBody[01;31m[K)[m[K;
[3.030s]       |                                                                       [01;31m[K^[m[K
[3.030s] In file included from [01m[K/opt/ros/foxy/include/rclcpp/service.hpp:34[m[K,
[3.030s]                  from [01m[K/opt/ros/foxy/include/rclcpp/callback_group.hpp:25[m[K,
[3.030s]                  from [01m[K/opt/ros/foxy/include/rclcpp/any_executable.hpp:20[m[K,
[3.030s]                  from [01m[K/opt/ros/foxy/include/rclcpp/memory_strategy.hpp:24[m[K,
[3.030s]                  from [01m[K/opt/ros/foxy/include/rclcpp/memory_strategies.hpp:18[m[K,
[3.031s]                  from [01m[K/opt/ros/foxy/include/rclcpp/executor_options.hpp:20[m[K,
[3.031s]                  from [01m[K/opt/ros/foxy/include/rclcpp/executor.hpp:33[m[K,
[3.031s]                  from [01m[K/opt/ros/foxy/include/rclcpp/executors/multi_threaded_executor.hpp:25[m[K,
[3.031s]                  from [01m[K/opt/ros/foxy/include/rclcpp/executors.hpp:21[m[K,
[3.031s]                  from [01m[K/opt/ros/foxy/include/rclcpp/rclcpp.hpp:146[m[K,
[3.031s]                  from [01m[K/home/ruize/dev_ws/src/usv_gazebo_plugins/src/usv_gazebo_dynamics_plugin.cc:17[m[K:
[3.031s] [01m[K/opt/ros/foxy/include/rclcpp/logging.hpp:420:[m[K [01;36m[Knote: [m[Kmacro "RCLCPP_DEBUG_STREAM_THROTTLE" defined here
[3.031s]   420 | #define RCLCPP_DEBUG_STREAM_THROTTLE(logger, clock, duration, stream_arg) \
[3.032s]       | 
[3.032s] [01m[K/home/ruize/dev_ws/src/usv_gazebo_plugins/src/usv_gazebo_dynamics_plugin.cc:230:73:[m[K [01;31m[Kerror: [m[Kmacro "RCLCPP_DEBUG_STREAM_THROTTLE" requires 4 arguments, but only 2 given
[3.032s]   230 |   RCLCPP_DEBUG_STREAM_THROTTLE(0.5, "Accel linear: " << kAccelLinearBody[01;31m[K)[m[K;
[3.032s]       |                                                                         [01;31m[K^[m[K
[3.032s] In file included from [01m[K/opt/ros/foxy/include/rclcpp/service.hpp:34[m[K,
[3.032s]                  from [01m[K/opt/ros/foxy/include/rclcpp/callback_group.hpp:25[m[K,
[3.032s]                  from [01m[K/opt/ros/foxy/include/rclcpp/any_executable.hpp:20[m[K,
[3.032s]                  from [01m[K/opt/ros/foxy/include/rclcpp/memory_strategy.hpp:24[m[K,
[3.032s]                  from [01m[K/opt/ros/foxy/include/rclcpp/memory_strategies.hpp:18[m[K,
[3.032s]                  from [01m[K/opt/ros/foxy/include/rclcpp/executor_options.hpp:20[m[K,
[3.033s]                  from [01m[K/opt/ros/foxy/include/rclcpp/executor.hpp:33[m[K,
[3.033s]                  from [01m[K/opt/ros/foxy/include/rclcpp/executors/multi_threaded_executor.hpp:25[m[K,
[3.033s]                  from [01m[K/opt/ros/foxy/include/rclcpp/executors.hpp:21[m[K,
[3.033s]                  from [01m[K/opt/ros/foxy/include/rclcpp/rclcpp.hpp:146[m[K,
[3.033s]                  from [01m[K/home/ruize/dev_ws/src/usv_gazebo_plugins/src/usv_gazebo_dynamics_plugin.cc:17[m[K:
[3.033s] [01m[K/opt/ros/foxy/include/rclcpp/logging.hpp:420:[m[K [01;36m[Knote: [m[Kmacro "RCLCPP_DEBUG_STREAM_THROTTLE" defined here
[3.033s]   420 | #define RCLCPP_DEBUG_STREAM_THROTTLE(logger, clock, duration, stream_arg) \
[3.033s]       | 
[3.034s] [01m[K/home/ruize/dev_ws/src/usv_gazebo_plugins/src/usv_gazebo_dynamics_plugin.cc:234:75:[m[K [01;31m[Kerror: [m[Kmacro "RCLCPP_DEBUG_STREAM_THROTTLE" requires 4 arguments, but only 2 given
[3.034s]   234 |   RCLCPP_DEBUG_STREAM_THROTTLE(0.5, "Accel angular: " << kAccelAngularBody[01;31m[K)[m[K;
[3.034s]       |                                                                           [01;31m[K^[m[K
[3.034s] In file included from [01m[K/opt/ros/foxy/include/rclcpp/service.hpp:34[m[K,
[3.034s]                  from [01m[K/opt/ros/foxy/include/rclcpp/callback_group.hpp:25[m[K,
[3.034s]                  from [01m[K/opt/ros/foxy/include/rclcpp/any_executable.hpp:20[m[K,
[3.034s]                  from [01m[K/opt/ros/foxy/include/rclcpp/memory_strategy.hpp:24[m[K,
[3.034s]                  from [01m[K/opt/ros/foxy/include/rclcpp/memory_strategies.hpp:18[m[K,
[3.034s]                  from [01m[K/opt/ros/foxy/include/rclcpp/executor_options.hpp:20[m[K,
[3.035s]                  from [01m[K/opt/ros/foxy/include/rclcpp/executor.hpp:33[m[K,
[3.035s]                  from [01m[K/opt/ros/foxy/include/rclcpp/executors/multi_threaded_executor.hpp:25[m[K,
[3.035s]                  from [01m[K/opt/ros/foxy/include/rclcpp/executors.hpp:21[m[K,
[3.035s]                  from [01m[K/opt/ros/foxy/include/rclcpp/rclcpp.hpp:146[m[K,
[3.035s]                  from [01m[K/home/ruize/dev_ws/src/usv_gazebo_plugins/src/usv_gazebo_dynamics_plugin.cc:17[m[K:
[3.035s] [01m[K/opt/ros/foxy/include/rclcpp/logging.hpp:420:[m[K [01;36m[Knote: [m[Kmacro "RCLCPP_DEBUG_STREAM_THROTTLE" defined here
[3.035s]   420 | #define RCLCPP_DEBUG_STREAM_THROTTLE(logger, clock, duration, stream_arg) \
[3.035s]       | 
[3.035s] [01m[K/home/ruize/dev_ws/src/usv_gazebo_plugins/src/usv_gazebo_dynamics_plugin.cc:250:63:[m[K [01;31m[Kerror: [m[Kmacro "RCLCPP_DEBUG_STREAM_THROTTLE" requires 4 arguments, but only 2 given
[3.035s]   250 |   RCLCPP_DEBUG_STREAM_THROTTLE(1.0, "stateDot: \n" << stateDot[01;31m[K)[m[K;
[3.036s]       |                                                               [01;31m[K^[m[K
[3.036s] In file included from [01m[K/opt/ros/foxy/include/rclcpp/service.hpp:34[m[K,
[3.036s]                  from [01m[K/opt/ros/foxy/include/rclcpp/callback_group.hpp:25[m[K,
[3.036s]                  from [01m[K/opt/ros/foxy/include/rclcpp/any_executable.hpp:20[m[K,
[3.036s]                  from [01m[K/opt/ros/foxy/include/rclcpp/memory_strategy.hpp:24[m[K,
[3.036s]                  from [01m[K/opt/ros/foxy/include/rclcpp/memory_strategies.hpp:18[m[K,
[3.036s]                  from [01m[K/opt/ros/foxy/include/rclcpp/executor_options.hpp:20[m[K,
[3.036s]                  from [01m[K/opt/ros/foxy/include/rclcpp/executor.hpp:33[m[K,
[3.036s]                  from [01m[K/opt/ros/foxy/include/rclcpp/executors/multi_threaded_executor.hpp:25[m[K,
[3.036s]                  from [01m[K/opt/ros/foxy/include/rclcpp/executors.hpp:21[m[K,
[3.036s]                  from [01m[K/opt/ros/foxy/include/rclcpp/rclcpp.hpp:146[m[K,
[3.037s]                  from [01m[K/home/ruize/dev_ws/src/usv_gazebo_plugins/src/usv_gazebo_dynamics_plugin.cc:17[m[K:
[3.037s] [01m[K/opt/ros/foxy/include/rclcpp/logging.hpp:420:[m[K [01;36m[Knote: [m[Kmacro "RCLCPP_DEBUG_STREAM_THROTTLE" defined here
[3.037s]   420 | #define RCLCPP_DEBUG_STREAM_THROTTLE(logger, clock, duration, stream_arg) \
[3.037s]       | 
[3.037s] [01m[K/home/ruize/dev_ws/src/usv_gazebo_plugins/src/usv_gazebo_dynamics_plugin.cc:251:64:[m[K [01;31m[Kerror: [m[Kmacro "RCLCPP_DEBUG_STREAM_THROTTLE" requires 4 arguments, but only 2 given
[3.037s]   251 |   RCLCPP_DEBUG_STREAM_THROTTLE(1.0, "amassVec :\n" << kAmassVec[01;31m[K)[m[K;
[3.037s]       |                                                                [01;31m[K^[m[K
[3.037s] In file included from [01m[K/opt/ros/foxy/include/rclcpp/service.hpp:34[m[K,
[3.037s]                  from [01m[K/opt/ros/foxy/include/rclcpp/callback_group.hpp:25[m[K,
[3.037s]                  from [01m[K/opt/ros/foxy/include/rclcpp/any_executable.hpp:20[m[K,
[3.038s]                  from [01m[K/opt/ros/foxy/include/rclcpp/memory_strategy.hpp:24[m[K,
[3.038s]                  from [01m[K/opt/ros/foxy/include/rclcpp/memory_strategies.hpp:18[m[K,
[3.038s]                  from [01m[K/opt/ros/foxy/include/rclcpp/executor_options.hpp:20[m[K,
[3.038s]                  from [01m[K/opt/ros/foxy/include/rclcpp/executor.hpp:33[m[K,
[3.038s]                  from [01m[K/opt/ros/foxy/include/rclcpp/executors/multi_threaded_executor.hpp:25[m[K,
[3.038s]                  from [01m[K/opt/ros/foxy/include/rclcpp/executors.hpp:21[m[K,
[3.038s]                  from [01m[K/opt/ros/foxy/include/rclcpp/rclcpp.hpp:146[m[K,
[3.038s]                  from [01m[K/home/ruize/dev_ws/src/usv_gazebo_plugins/src/usv_gazebo_dynamics_plugin.cc:17[m[K:
[3.038s] [01m[K/opt/ros/foxy/include/rclcpp/logging.hpp:420:[m[K [01;36m[Knote: [m[Kmacro "RCLCPP_DEBUG_STREAM_THROTTLE" defined here
[3.038s]   420 | #define RCLCPP_DEBUG_STREAM_THROTTLE(logger, clock, duration, stream_arg) \
[3.038s]       | 
[3.039s] [01m[K/home/ruize/dev_ws/src/usv_gazebo_plugins/src/usv_gazebo_dynamics_plugin.cc:266:55:[m[K [01;31m[Kerror: [m[Kmacro "RCLCPP_DEBUG_STREAM_THROTTLE" requires 4 arguments, but only 2 given
[3.039s]   266 |   RCLCPP_DEBUG_STREAM_THROTTLE(1.0, "Dmat :\n" << Dmat[01;31m[K)[m[K;
[3.039s]       |                                                       [01;31m[K^[m[K
[3.039s] In file included from [01m[K/opt/ros/foxy/include/rclcpp/service.hpp:34[m[K,
[3.039s]                  from [01m[K/opt/ros/foxy/include/rclcpp/callback_group.hpp:25[m[K,
[3.039s]                  from [01m[K/opt/ros/foxy/include/rclcpp/any_executable.hpp:20[m[K,
[3.039s]                  from [01m[K/opt/ros/foxy/include/rclcpp/memory_strategy.hpp:24[m[K,
[3.039s]                  from [01m[K/opt/ros/foxy/include/rclcpp/memory_strategies.hpp:18[m[K,
[3.040s]                  from [01m[K/opt/ros/foxy/include/rclcpp/executor_options.hpp:20[m[K,
[3.040s]                  from [01m[K/opt/ros/foxy/include/rclcpp/executor.hpp:33[m[K,
[3.040s]                  from [01m[K/opt/ros/foxy/include/rclcpp/executors/multi_threaded_executor.hpp:25[m[K,
[3.040s]                  from [01m[K/opt/ros/foxy/include/rclcpp/executors.hpp:21[m[K,
[3.040s]                  from [01m[K/opt/ros/foxy/include/rclcpp/rclcpp.hpp:146[m[K,
[3.040s]                  from [01m[K/home/ruize/dev_ws/src/usv_gazebo_plugins/src/usv_gazebo_dynamics_plugin.cc:17[m[K:
[3.040s] [01m[K/opt/ros/foxy/include/rclcpp/logging.hpp:420:[m[K [01;36m[Knote: [m[Kmacro "RCLCPP_DEBUG_STREAM_THROTTLE" defined here
[3.040s]   420 | #define RCLCPP_DEBUG_STREAM_THROTTLE(logger, clock, duration, stream_arg) \
[3.040s]       | 
[3.040s] [01m[K/home/ruize/dev_ws/src/usv_gazebo_plugins/src/usv_gazebo_dynamics_plugin.cc:268:56:[m[K [01;31m[Kerror: [m[Kmacro "RCLCPP_DEBUG_STREAM_THROTTLE" requires 4 arguments, but only 2 given
[3.040s]   268 |   RCLCPP_DEBUG_STREAM_THROTTLE(1.0, "Dvec :\n" << kDvec[01;31m[K)[m[K;
[3.041s]       |                                                        [01;31m[K^[m[K
[3.041s] In file included from [01m[K/opt/ros/foxy/include/rclcpp/service.hpp:34[m[K,
[3.041s]                  from [01m[K/opt/ros/foxy/include/rclcpp/callback_group.hpp:25[m[K,
[3.041s]                  from [01m[K/opt/ros/foxy/include/rclcpp/any_executable.hpp:20[m[K,
[3.041s]                  from [01m[K/opt/ros/foxy/include/rclcpp/memory_strategy.hpp:24[m[K,
[3.041s]                  from [01m[K/opt/ros/foxy/include/rclcpp/memory_strategies.hpp:18[m[K,
[3.041s]                  from [01m[K/opt/ros/foxy/include/rclcpp/executor_options.hpp:20[m[K,
[3.041s]                  from [01m[K/opt/ros/foxy/include/rclcpp/executor.hpp:33[m[K,
[3.041s]                  from [01m[K/opt/ros/foxy/include/rclcpp/executors/multi_threaded_executor.hpp:25[m[K,
[3.042s]                  from [01m[K/opt/ros/foxy/include/rclcpp/executors.hpp:21[m[K,
[3.042s]                  from [01m[K/opt/ros/foxy/include/rclcpp/rclcpp.hpp:146[m[K,
[3.042s]                  from [01m[K/home/ruize/dev_ws/src/usv_gazebo_plugins/src/usv_gazebo_dynamics_plugin.cc:17[m[K:
[3.042s] [01m[K/opt/ros/foxy/include/rclcpp/logging.hpp:420:[m[K [01;36m[Knote: [m[Kmacro "RCLCPP_DEBUG_STREAM_THROTTLE" defined here
[3.042s]   420 | #define RCLCPP_DEBUG_STREAM_THROTTLE(logger, clock, duration, stream_arg) \
[3.042s]       | 
[3.042s] [01m[K/home/ruize/dev_ws/src/usv_gazebo_plugins/src/usv_gazebo_dynamics_plugin.cc:281:64:[m[K [01;31m[Kerror: [m[Kmacro "RCLCPP_DEBUG_STREAM_THROTTLE" requires 4 arguments, but only 2 given
[3.042s]   281 |   RCLCPP_DEBUG_STREAM_THROTTLE(1.0, "forceSum :\n" << kForceSum[01;31m[K)[m[K;
[3.042s]       |                                                                [01;31m[K^[m[K
[3.042s] In file included from [01m[K/opt/ros/foxy/include/rclcpp/service.hpp:34[m[K,
[3.042s]                  from [01m[K/opt/ros/foxy/include/rclcpp/callback_group.hpp:25[m[K,
[3.043s]                  from [01m[K/opt/ros/foxy/include/rclcpp/any_executable.hpp:20[m[K,
[3.043s]                  from [01m[K/opt/ros/foxy/include/rclcpp/memory_strategy.hpp:24[m[K,
[3.043s]                  from [01m[K/opt/ros/foxy/include/rclcpp/memory_strategies.hpp:18[m[K,
[3.043s]                  from [01m[K/opt/ros/foxy/include/rclcpp/executor_options.hpp:20[m[K,
[3.043s]                  from [01m[K/opt/ros/foxy/include/rclcpp/executor.hpp:33[m[K,
[3.043s]                  from [01m[K/opt/ros/foxy/include/rclcpp/executors/multi_threaded_executor.hpp:25[m[K,
[3.043s]                  from [01m[K/opt/ros/foxy/include/rclcpp/executors.hpp:21[m[K,
[3.043s]                  from [01m[K/opt/ros/foxy/include/rclcpp/rclcpp.hpp:146[m[K,
[3.043s]                  from [01m[K/home/ruize/dev_ws/src/usv_gazebo_plugins/src/usv_gazebo_dynamics_plugin.cc:17[m[K:
[3.043s] [01m[K/opt/ros/foxy/include/rclcpp/logging.hpp:420:[m[K [01;36m[Knote: [m[Kmacro "RCLCPP_DEBUG_STREAM_THROTTLE" defined here
[3.043s]   420 | #define RCLCPP_DEBUG_STREAM_THROTTLE(logger, clock, duration, stream_arg) \
[3.044s]       | 
[3.044s] [01m[K/home/ruize/dev_ws/src/usv_gazebo_plugins/src/usv_gazebo_dynamics_plugin.cc:310:76:[m[K [01;31m[Kerror: [m[Kmacro "RCLCPP_DEBUG_STREAM_THROTTLE" requires 4 arguments, but only 2 given
[3.044s]   310 |           "] grid points" << bpnt.x() << "," << bpnt.y() << "," << bpnt.z()[01;31m[K)[m[K;
[3.044s]       |                                                                            [01;31m[K^[m[K
[3.044s] In file included from [01m[K/opt/ros/foxy/include/rclcpp/service.hpp:34[m[K,
[3.044s]                  from [01m[K/opt/ros/foxy/include/rclcpp/callback_group.hpp:25[m[K,
[3.044s]                  from [01m[K/opt/ros/foxy/include/rclcpp/any_executable.hpp:20[m[K,
[3.044s]                  from [01m[K/opt/ros/foxy/include/rclcpp/memory_strategy.hpp:24[m[K,
[3.044s]                  from [01m[K/opt/ros/foxy/include/rclcpp/memory_strategies.hpp:18[m[K,
[3.045s]                  from [01m[K/opt/ros/foxy/include/rclcpp/executor_options.hpp:20[m[K,
[3.045s]                  from [01m[K/opt/ros/foxy/include/rclcpp/executor.hpp:33[m[K,
[3.045s]                  from [01m[K/opt/ros/foxy/include/rclcpp/executors/multi_threaded_executor.hpp:25[m[K,
[3.045s]                  from [01m[K/opt/ros/foxy/include/rclcpp/executors.hpp:21[m[K,
[3.045s]                  from [01m[K/opt/ros/foxy/include/rclcpp/rclcpp.hpp:146[m[K,
[3.045s]                  from [01m[K/home/ruize/dev_ws/src/usv_gazebo_plugins/src/usv_gazebo_dynamics_plugin.cc:17[m[K:
[3.045s] [01m[K/opt/ros/foxy/include/rclcpp/logging.hpp:420:[m[K [01;36m[Knote: [m[Kmacro "RCLCPP_DEBUG_STREAM_THROTTLE" defined here
[3.045s]   420 | #define RCLCPP_DEBUG_STREAM_THROTTLE(logger, clock, duration, stream_arg) \
[3.045s]       | 
[3.045s] [01m[K/home/ruize/dev_ws/src/usv_gazebo_plugins/src/usv_gazebo_dynamics_plugin.cc:311:67:[m[K [01;31m[Kerror: [m[Kmacro "RCLCPP_DEBUG_STREAM_THROTTLE" requires 4 arguments, but only 2 given
[3.046s]   311 |       RCLCPP_DEBUG_STREAM_THROTTLE(1.0, "v frame euler " << kEuler[01;31m[K)[m[K;
[3.046s]       |                                                                   [01;31m[K^[m[K
[3.046s] In file included from [01m[K/opt/ros/foxy/include/rclcpp/service.hpp:34[m[K,
[3.046s]                  from [01m[K/opt/ros/foxy/include/rclcpp/callback_group.hpp:25[m[K,
[3.046s]                  from [01m[K/opt/ros/foxy/include/rclcpp/any_executable.hpp:20[m[K,
[3.046s]                  from [01m[K/opt/ros/foxy/include/rclcpp/memory_strategy.hpp:24[m[K,
[3.046s]                  from [01m[K/opt/ros/foxy/include/rclcpp/memory_strategies.hpp:18[m[K,
[3.047s]                  from [01m[K/opt/ros/foxy/include/rclcpp/executor_options.hpp:20[m[K,
[3.047s]                  from [01m[K/opt/ros/foxy/include/rclcpp/executor.hpp:33[m[K,
[3.047s]                  from [01m[K/opt/ros/foxy/include/rclcpp/executors/multi_threaded_executor.hpp:25[m[K,
[3.047s]                  from [01m[K/opt/ros/foxy/include/rclcpp/executors.hpp:21[m[K,
[3.047s]                  from [01m[K/opt/ros/foxy/include/rclcpp/rclcpp.hpp:146[m[K,
[3.047s]                  from [01m[K/home/ruize/dev_ws/src/usv_gazebo_plugins/src/usv_gazebo_dynamics_plugin.cc:17[m[K:
[3.047s] [01m[K/opt/ros/foxy/include/rclcpp/logging.hpp:420:[m[K [01;36m[Knote: [m[Kmacro "RCLCPP_DEBUG_STREAM_THROTTLE" defined here
[3.048s]   420 | #define RCLCPP_DEBUG_STREAM_THROTTLE(logger, clock, duration, stream_arg) \
[3.048s]       | 
[3.048s] [01m[K/home/ruize/dev_ws/src/usv_gazebo_plugins/src/usv_gazebo_dynamics_plugin.cc:313:40:[m[K [01;31m[Kerror: [m[Kmacro "RCLCPP_DEBUG_STREAM_THROTTLE" requires 4 arguments, but only 2 given
[3.048s]   313 |           bpntW.y() << "," << bpntW.z()[01;31m[K)[m[K;
[3.048s]       |                                        [01;31m[K^[m[K
[3.048s] In file included from [01m[K/opt/ros/foxy/include/rclcpp/service.hpp:34[m[K,
[3.048s]                  from [01m[K/opt/ros/foxy/include/rclcpp/callback_group.hpp:25[m[K,
[3.049s]                  from [01m[K/opt/ros/foxy/include/rclcpp/any_executable.hpp:20[m[K,
[3.049s]                  from [01m[K/opt/ros/foxy/include/rclcpp/memory_strategy.hpp:24[m[K,
[3.049s]                  from [01m[K/opt/ros/foxy/include/rclcpp/memory_strategies.hpp:18[m[K,
[3.049s]                  from [01m[K/opt/ros/foxy/include/rclcpp/executor_options.hpp:20[m[K,
[3.049s]                  from [01m[K/opt/ros/foxy/include/rclcpp/executor.hpp:33[m[K,
[3.049s]                  from [01m[K/opt/ros/foxy/include/rclcpp/executors/multi_threaded_executor.hpp:25[m[K,
[3.049s]                  from [01m[K/opt/ros/foxy/include/rclcpp/executors.hpp:21[m[K,
[3.050s]                  from [01m[K/opt/ros/foxy/include/rclcpp/rclcpp.hpp:146[m[K,
[3.050s]                  from [01m[K/home/ruize/dev_ws/src/usv_gazebo_plugins/src/usv_gazebo_dynamics_plugin.cc:17[m[K:
[3.050s] [01m[K/opt/ros/foxy/include/rclcpp/logging.hpp:420:[m[K [01;36m[Knote: [m[Kmacro "RCLCPP_DEBUG_STREAM_THROTTLE" defined here
[3.050s]   420 | #define RCLCPP_DEBUG_STREAM_THROTTLE(logger, clock, duration, stream_arg) \
[3.050s]       | 
[3.050s] [01m[K/home/ruize/dev_ws/src/usv_gazebo_plugins/src/usv_gazebo_dynamics_plugin.cc:318:41:[m[K [01;31m[Kerror: [m[Kmacro "RCLCPP_DEBUG_STREAM" requires 2 arguments, but only 1 given
[3.050s]   318 |         << bpntW.z() << ", dd: " << kDdz[01;31m[K)[m[K;
[3.050s]       |                                         [01;31m[K^[m[K
[3.051s] In file included from [01m[K/opt/ros/foxy/include/rclcpp/service.hpp:34[m[K,
[3.051s]                  from [01m[K/opt/ros/foxy/include/rclcpp/callback_group.hpp:25[m[K,
[3.051s]                  from [01m[K/opt/ros/foxy/include/rclcpp/any_executable.hpp:20[m[K,
[3.051s]                  from [01m[K/opt/ros/foxy/include/rclcpp/memory_strategy.hpp:24[m[K,
[3.051s]                  from [01m[K/opt/ros/foxy/include/rclcpp/memory_strategies.hpp:18[m[K,
[3.051s]                  from [01m[K/opt/ros/foxy/include/rclcpp/executor_options.hpp:20[m[K,
[3.051s]                  from [01m[K/opt/ros/foxy/include/rclcpp/executor.hpp:33[m[K,
[3.052s]                  from [01m[K/opt/ros/foxy/include/rclcpp/executors/multi_threaded_executor.hpp:25[m[K,
[3.052s]                  from [01m[K/opt/ros/foxy/include/rclcpp/executors.hpp:21[m[K,
[3.052s]                  from [01m[K/opt/ros/foxy/include/rclcpp/rclcpp.hpp:146[m[K,
[3.052s]                  from [01m[K/home/ruize/dev_ws/src/usv_gazebo_plugins/src/usv_gazebo_dynamics_plugin.cc:17[m[K:
[3.052s] [01m[K/opt/ros/foxy/include/rclcpp/logging.hpp:294:[m[K [01;36m[Knote: [m[Kmacro "RCLCPP_DEBUG_STREAM" defined here
[3.052s]   294 | #define RCLCPP_DEBUG_STREAM(logger, stream_arg) \
[3.052s]       | 
[3.052s] [01m[K/home/ruize/dev_ws/src/usv_gazebo_plugins/src/usv_gazebo_dynamics_plugin.cc:347:54:[m[K [01;31m[Kerror: [m[Kmacro "RCLCPP_DEBUG_STREAM" requires 2 arguments, but only 1 given
[3.053s]   347 |       RCLCPP_DEBUG_STREAM("buoyForce: " << kBuoyForce[01;31m[K)[m[K;
[3.053s]       |                                                      [01;31m[K^[m[K
[3.053s] In file included from [01m[K/opt/ros/foxy/include/rclcpp/service.hpp:34[m[K,
[3.053s]                  from [01m[K/opt/ros/foxy/include/rclcpp/callback_group.hpp:25[m[K,
[3.053s]                  from [01m[K/opt/ros/foxy/include/rclcpp/any_executable.hpp:20[m[K,
[3.053s]                  from [01m[K/opt/ros/foxy/include/rclcpp/memory_strategy.hpp:24[m[K,
[3.053s]                  from [01m[K/opt/ros/foxy/include/rclcpp/memory_strategies.hpp:18[m[K,
[3.053s]                  from [01m[K/opt/ros/foxy/include/rclcpp/executor_options.hpp:20[m[K,
[3.054s]                  from [01m[K/opt/ros/foxy/include/rclcpp/executor.hpp:33[m[K,
[3.054s]                  from [01m[K/opt/ros/foxy/include/rclcpp/executors/multi_threaded_executor.hpp:25[m[K,
[3.054s]                  from [01m[K/opt/ros/foxy/include/rclcpp/executors.hpp:21[m[K,
[3.054s]                  from [01m[K/opt/ros/foxy/include/rclcpp/rclcpp.hpp:146[m[K,
[3.054s]                  from [01m[K/home/ruize/dev_ws/src/usv_gazebo_plugins/src/usv_gazebo_dynamics_plugin.cc:17[m[K:
[3.054s] [01m[K/opt/ros/foxy/include/rclcpp/logging.hpp:294:[m[K [01;36m[Knote: [m[Kmacro "RCLCPP_DEBUG_STREAM" defined here
[3.054s]   294 | #define RCLCPP_DEBUG_STREAM(logger, stream_arg) \
[3.054s]       | 
[9.418s] [01m[K/home/ruize/dev_ws/src/usv_gazebo_plugins/src/usv_gazebo_dynamics_plugin.cc:[m[K In member function ‘[01m[Kdouble gazebo::UsvDynamicsPlugin::SdfParamDouble(sdf::v9::ElementPtr, const string&, double) const[m[K’:
[9.419s] [01m[K/home/ruize/dev_ws/src/usv_gazebo_plugins/src/usv_gazebo_dynamics_plugin.cc:45:5:[m[K [01;31m[Kerror: [m[K‘[01m[KRCLCPP_INFO_STREAM[m[K’ was not declared in this scope
[9.419s]    45 |     [01;31m[KRCLCPP_INFO_STREAM[m[K("Parameter <" << _paramName << "> not found: "
[9.419s]       |     [01;31m[K^~~~~~~~~~~~~~~~~~[m[K
[9.432s] [01m[K/home/ruize/dev_ws/src/usv_gazebo_plugins/src/usv_gazebo_dynamics_plugin.cc:51:3:[m[K [01;31m[Kerror: [m[K‘[01m[KRCLCPP_DEBUG_STREAM[m[K’ was not declared in this scope
[9.432s]    51 |   [01;31m[KRCLCPP_DEBUG_STREAM[m[K("Parameter found - setting <" << _paramName <<
[9.432s]       |   [01;31m[K^~~~~~~~~~~~~~~~~~~[m[K
[9.432s] In file included from [01m[K/opt/ros/foxy/include/rclcpp/service.hpp:34[m[K,
[9.433s]                  from [01m[K/opt/ros/foxy/include/rclcpp/callback_group.hpp:25[m[K,
[9.433s]                  from [01m[K/opt/ros/foxy/include/rclcpp/any_executable.hpp:20[m[K,
[9.433s]                  from [01m[K/opt/ros/foxy/include/rclcpp/memory_strategy.hpp:24[m[K,
[9.433s]                  from [01m[K/opt/ros/foxy/include/rclcpp/memory_strategies.hpp:18[m[K,
[9.433s]                  from [01m[K/opt/ros/foxy/include/rclcpp/executor_options.hpp:20[m[K,
[9.433s]                  from [01m[K/opt/ros/foxy/include/rclcpp/executor.hpp:33[m[K,
[9.433s]                  from [01m[K/opt/ros/foxy/include/rclcpp/executors/multi_threaded_executor.hpp:25[m[K,
[9.433s]                  from [01m[K/opt/ros/foxy/include/rclcpp/executors.hpp:21[m[K,
[9.433s]                  from [01m[K/opt/ros/foxy/include/rclcpp/rclcpp.hpp:146[m[K,
[9.433s]                  from [01m[K/home/ruize/dev_ws/src/usv_gazebo_plugins/src/usv_gazebo_dynamics_plugin.cc:17[m[K:
[9.433s] [01m[K/home/ruize/dev_ws/src/usv_gazebo_plugins/src/usv_gazebo_dynamics_plugin.cc:[m[K In member function ‘[01m[Kvirtual void gazebo::UsvDynamicsPlugin::Load(gazebo::physics::ModelPtr, sdf::v9::ElementPtr)[m[K’:
[9.433s] [01m[K/home/ruize/dev_ws/src/usv_gazebo_plugins/src/usv_gazebo_dynamics_plugin.cc:59:3:[m[K [01;31m[Kerror: [m[Kstatic assertion failed: First argument to logging macros must be an rclcpp::Logger
[9.433s]    59 |   [01;31m[KRCLCPP_DEBUG[m[K("Loading usv_gazebo_dynamics_plugin");
[9.433s]       |   [01;31m[K^~~~~~~~~~~~[m[K
[9.433s] In file included from [01m[K/opt/ros/foxy/include/rclcpp/client.hpp:40[m[K,
[9.433s]                  from [01m[K/opt/ros/foxy/include/rclcpp/callback_group.hpp:23[m[K,
[9.434s]                  from [01m[K/opt/ros/foxy/include/rclcpp/any_executable.hpp:20[m[K,
[9.434s]                  from [01m[K/opt/ros/foxy/include/rclcpp/memory_strategy.hpp:24[m[K,
[9.434s]                  from [01m[K/opt/ros/foxy/include/rclcpp/memory_strategies.hpp:18[m[K,
[9.434s]                  from [01m[K/opt/ros/foxy/include/rclcpp/executor_options.hpp:20[m[K,
[9.434s]                  from [01m[K/opt/ros/foxy/include/rclcpp/executor.hpp:33[m[K,
[9.434s]                  from [01m[K/opt/ros/foxy/include/rclcpp/executors/multi_threaded_executor.hpp:25[m[K,
[9.434s]                  from [01m[K/opt/ros/foxy/include/rclcpp/executors.hpp:21[m[K,
[9.434s]                  from [01m[K/opt/ros/foxy/include/rclcpp/rclcpp.hpp:146[m[K,
[9.434s]                  from [01m[K/home/ruize/dev_ws/src/usv_gazebo_plugins/src/usv_gazebo_dynamics_plugin.cc:17[m[K:
[9.434s] [01m[K/home/ruize/dev_ws/src/usv_gazebo_plugins/src/usv_gazebo_dynamics_plugin.cc:59:3:[m[K [01;31m[Kerror: [m[Krequest for member ‘[01m[Kget_name[m[K’ in ‘[01m[K"Loading usv_gazebo_dynamics_plugin"[m[K’, which is of non-class type ‘[01m[Kconst char [35][m[K’
[9.434s]    59 |   [01;31m[KRCLCPP_DEBUG[m[K("Loading usv_gazebo_dynamics_plugin");
[9.434s]       |   [01;31m[K^~~~~~~~~~~~[m[K
[9.434s] [01m[K/home/ruize/dev_ws/src/usv_gazebo_plugins/src/usv_gazebo_dynamics_plugin.cc:59:3:[m[K [01;31m[Kerror: [m[Krequest for member ‘[01m[Kget_name[m[K’ in ‘[01m[K"Loading usv_gazebo_dynamics_plugin"[m[K’, which is of non-class type ‘[01m[Kconst char [35][m[K’
[9.434s]    59 |   [01;31m[KRCLCPP_DEBUG[m[K("Loading usv_gazebo_dynamics_plugin");
[9.434s]       |   [01;31m[K^~~~~~~~~~~~[m[K
[9.434s] [01m[K/home/ruize/dev_ws/src/usv_gazebo_plugins/src/usv_gazebo_dynamics_plugin.cc:59:3:[m[K [01;31m[Kerror: [m[Kno matching function for call to ‘[01m[Kget_c_string()[m[K’
[9.434s]    59 |   [01;31m[KRCLCPP_DEBUG[m[K("Loading usv_gazebo_dynamics_plugin");
[9.434s]       |   [01;31m[K^~~~~~~~~~~~[m[K
[9.434s] In file included from [01m[K/opt/ros/foxy/include/rclcpp/client.hpp:36[m[K,
[9.434s]                  from [01m[K/opt/ros/foxy/include/rclcpp/callback_group.hpp:23[m[K,
[9.435s]                  from [01m[K/opt/ros/foxy/include/rclcpp/any_executable.hpp:20[m[K,
[9.435s]                  from [01m[K/opt/ros/foxy/include/rclcpp/memory_strategy.hpp:24[m[K,
[9.435s]                  from [01m[K/opt/ros/foxy/include/rclcpp/memory_strategies.hpp:18[m[K,
[9.435s]                  from [01m[K/opt/ros/foxy/include/rclcpp/executor_options.hpp:20[m[K,
[9.435s]                  from [01m[K/opt/ros/foxy/include/rclcpp/executor.hpp:33[m[K,
[9.435s]                  from [01m[K/opt/ros/foxy/include/rclcpp/executors/multi_threaded_executor.hpp:25[m[K,
[9.435s]                  from [01m[K/opt/ros/foxy/include/rclcpp/executors.hpp:21[m[K,
[9.435s]                  from [01m[K/opt/ros/foxy/include/rclcpp/rclcpp.hpp:146[m[K,
[9.435s]                  from [01m[K/home/ruize/dev_ws/src/usv_gazebo_plugins/src/usv_gazebo_dynamics_plugin.cc:17[m[K:
[9.435s] [01m[K/opt/ros/foxy/include/rclcpp/utilities.hpp:296:1:[m[K [01;36m[Knote: [m[Kcandidate: ‘[01m[Kconst char* rclcpp::get_c_string(const char*)[m[K’
[9.435s]   296 | [01;36m[Kget_c_string[m[K(const char * string_in);
[9.435s]       | [01;36m[K^~~~~~~~~~~~[m[K
[9.435s] [01m[K/opt/ros/foxy/include/rclcpp/utilities.hpp:296:1:[m[K [01;36m[Knote: [m[K  candidate expects 1 argument, 0 provided
[9.435s] [01m[K/opt/ros/foxy/include/rclcpp/utilities.hpp:305:1:[m[K [01;36m[Knote: [m[Kcandidate: ‘[01m[Kconst char* rclcpp::get_c_string(const string&)[m[K’
[9.435s]   305 | [01;36m[Kget_c_string[m[K(const std::string & string_in);
[9.435s]       | [01;36m[K^~~~~~~~~~~~[m[K
[9.435s] [01m[K/opt/ros/foxy/include/rclcpp/utilities.hpp:305:1:[m[K [01;36m[Knote: [m[K  candidate expects 1 argument, 0 provided
[9.446s] [01m[K/home/ruize/dev_ws/src/usv_gazebo_plugins/src/usv_gazebo_dynamics_plugin.cc:69:5:[m[K [01;31m[Kerror: [m[K‘[01m[KRCLCPP_INFO_STREAM[m[K’ was not declared in this scope
[9.446s]    69 |     [01;31m[KRCLCPP_INFO_STREAM[m[K("Did not find SDF parameter bodyName");
[9.446s]       |     [01;31m[K^~~~~~~~~~~~~~~~~~[m[K
[9.460s] [01m[K/home/ruize/dev_ws/src/usv_gazebo_plugins/src/usv_gazebo_dynamics_plugin.cc:76:5:[m[K [01;31m[Kerror: [m[K‘[01m[KRCLCPP_DEBUG_STREAM[m[K’ was not declared in this scope
[9.460s]    76 |     [01;31m[KRCLCPP_DEBUG_STREAM[m[K("Found SDF parameter bodyName as <" << linkName<< ">");
[9.460s]       |     [01;31m[K^~~~~~~~~~~~~~~~~~~[m[K
[9.460s] In file included from [01m[K/opt/ros/foxy/include/rclcpp/service.hpp:34[m[K,
[9.460s]                  from [01m[K/opt/ros/foxy/include/rclcpp/callback_group.hpp:25[m[K,
[9.461s]                  from [01m[K/opt/ros/foxy/include/rclcpp/any_executable.hpp:20[m[K,
[9.461s]                  from [01m[K/opt/ros/foxy/include/rclcpp/memory_strategy.hpp:24[m[K,
[9.461s]                  from [01m[K/opt/ros/foxy/include/rclcpp/memory_strategies.hpp:18[m[K,
[9.461s]                  from [01m[K/opt/ros/foxy/include/rclcpp/executor_options.hpp:20[m[K,
[9.461s]                  from [01m[K/opt/ros/foxy/include/rclcpp/executor.hpp:33[m[K,
[9.461s]                  from [01m[K/opt/ros/foxy/include/rclcpp/executors/multi_threaded_executor.hpp:25[m[K,
[9.461s]                  from [01m[K/opt/ros/foxy/include/rclcpp/executors.hpp:21[m[K,
[9.461s]                  from [01m[K/opt/ros/foxy/include/rclcpp/rclcpp.hpp:146[m[K,
[9.461s]                  from [01m[K/home/ruize/dev_ws/src/usv_gazebo_plugins/src/usv_gazebo_dynamics_plugin.cc:17[m[K:
[9.461s] [01m[K/home/ruize/dev_ws/src/usv_gazebo_plugins/src/usv_gazebo_dynamics_plugin.cc:80:5:[m[K [01;31m[Kerror: [m[Kstatic assertion failed: First argument to logging macros must be an rclcpp::Logger
[9.461s]    80 |     [01;31m[KRCLCPP_FATAL[m[K("usv_gazebo_dynamics_plugin error: bodyName: %s does not exist\n",
[9.461s]       |     [01;31m[K^~~~~~~~~~~~[m[K
[9.461s] In file included from [01m[K/opt/ros/foxy/include/rclcpp/client.hpp:40[m[K,
[9.461s]                  from [01m[K/opt/ros/foxy/include/rclcpp/callback_group.hpp:23[m[K,
[9.461s]                  from [01m[K/opt/ros/foxy/include/rclcpp/any_executable.hpp:20[m[K,
[9.461s]                  from [01m[K/opt/ros/foxy/include/rclcpp/memory_strategy.hpp:24[m[K,
[9.461s]                  from [01m[K/opt/ros/foxy/include/rclcpp/memory_strategies.hpp:18[m[K,
[9.461s]                  from [01m[K/opt/ros/foxy/include/rclcpp/executor_options.hpp:20[m[K,
[9.462s]                  from [01m[K/opt/ros/foxy/include/rclcpp/executor.hpp:33[m[K,
[9.462s]                  from [01m[K/opt/ros/foxy/include/rclcpp/executors/multi_threaded_executor.hpp:25[m[K,
[9.462s]                  from [01m[K/opt/ros/foxy/include/rclcpp/executors.hpp:21[m[K,
[9.462s]                  from [01m[K/opt/ros/foxy/include/rclcpp/rclcpp.hpp:146[m[K,
[9.462s]                  from [01m[K/home/ruize/dev_ws/src/usv_gazebo_plugins/src/usv_gazebo_dynamics_plugin.cc:17[m[K:
[9.462s] [01m[K/home/ruize/dev_ws/src/usv_gazebo_plugins/src/usv_gazebo_dynamics_plugin.cc:80:5:[m[K [01;31m[Kerror: [m[Krequest for member ‘[01m[Kget_name[m[K’ in ‘[01m[K"usv_gazebo_dynamics_plugin error: bodyName: %s does not exist\012"[m[K’, which is of non-class type ‘[01m[Kconst char [63][m[K’
[9.462s]    80 |     [01;31m[KRCLCPP_FATAL[m[K("usv_gazebo_dynamics_plugin error: bodyName: %s does not exist\n",
[9.463s]       |     [01;31m[K^~~~~~~~~~~~[m[K
[9.463s] [01m[K/home/ruize/dev_ws/src/usv_gazebo_plugins/src/usv_gazebo_dynamics_plugin.cc:80:5:[m[K [01;31m[Kerror: [m[Krequest for member ‘[01m[Kget_name[m[K’ in ‘[01m[K"usv_gazebo_dynamics_plugin error: bodyName: %s does not exist\012"[m[K’, which is of non-class type ‘[01m[Kconst char [63][m[K’
[9.463s]    80 |     [01;31m[KRCLCPP_FATAL[m[K("usv_gazebo_dynamics_plugin error: bodyName: %s does not exist\n",
[9.463s]       |     [01;31m[K^~~~~~~~~~~~[m[K
[9.474s] [01m[K/home/ruize/dev_ws/src/usv_gazebo_plugins/src/usv_gazebo_dynamics_plugin.cc:86:5:[m[K [01;31m[Kerror: [m[K‘[01m[KRCLCPP_DEBUG_STREAM[m[K’ was not declared in this scope
[9.474s]    86 |     [01;31m[KRCLCPP_DEBUG_STREAM[m[K("USV Dynamics Model Link Name = " << linkName);
[9.474s]       |     [01;31m[K^~~~~~~~~~~~~~~~~~~[m[K
[9.489s] [01m[K/home/ruize/dev_ws/src/usv_gazebo_plugins/src/usv_gazebo_dynamics_plugin.cc:116:5:[m[K [01;31m[Kerror: [m[K‘[01m[KRCLCPP_INFO_STREAM[m[K’ was not declared in this scope
[9.489s]   116 |     [01;31m[KRCLCPP_INFO_STREAM[m[K("Parameter <length_n> not found: "
[9.489s]       |     [01;31m[K^~~~~~~~~~~~~~~~~~[m[K
[9.490s] In file included from [01m[K/opt/ros/foxy/include/rclcpp/service.hpp:34[m[K,
[9.490s]                  from [01m[K/opt/ros/foxy/include/rclcpp/callback_group.hpp:25[m[K,
[9.490s]                  from [01m[K/opt/ros/foxy/include/rclcpp/any_executable.hpp:20[m[K,
[9.490s]                  from [01m[K/opt/ros/foxy/include/rclcpp/memory_strategy.hpp:24[m[K,
[9.490s]                  from [01m[K/opt/ros/foxy/include/rclcpp/memory_strategies.hpp:18[m[K,
[9.490s]                  from [01m[K/opt/ros/foxy/include/rclcpp/executor_options.hpp:20[m[K,
[9.490s]                  from [01m[K/opt/ros/foxy/include/rclcpp/executor.hpp:33[m[K,
[9.490s]                  from [01m[K/opt/ros/foxy/include/rclcpp/executors/multi_threaded_executor.hpp:25[m[K,
[9.491s]                  from [01m[K/opt/ros/foxy/include/rclcpp/executors.hpp:21[m[K,
[9.491s]                  from [01m[K/opt/ros/foxy/include/rclcpp/rclcpp.hpp:146[m[K,
[9.491s]                  from [01m[K/home/ruize/dev_ws/src/usv_gazebo_plugins/src/usv_gazebo_dynamics_plugin.cc:17[m[K:
[9.491s] [01m[K/home/ruize/dev_ws/src/usv_gazebo_plugins/src/usv_gazebo_dynamics_plugin.cc:145:3:[m[K [01;31m[Kerror: [m[Kstatic assertion failed: First argument to logging macros must be an rclcpp::Logger
[9.491s]   145 |   [01;31m[KRCLCPP_DEBUG[m[K("USV Dynamics Parameters: From URDF XACRO model definition");
[9.491s]       |   [01;31m[K^~~~~~~~~~~~[m[K
[9.491s] In file included from [01m[K/opt/ros/foxy/include/rclcpp/client.hpp:40[m[K,
[9.491s]                  from [01m[K/opt/ros/foxy/include/rclcpp/callback_group.hpp:23[m[K,
[9.491s]                  from [01m[K/opt/ros/foxy/include/rclcpp/any_executable.hpp:20[m[K,
[9.491s]                  from [01m[K/opt/ros/foxy/include/rclcpp/memory_strategy.hpp:24[m[K,
[9.491s]                  from [01m[K/opt/ros/foxy/include/rclcpp/memory_strategies.hpp:18[m[K,
[9.491s]                  from [01m[K/opt/ros/foxy/include/rclcpp/executor_options.hpp:20[m[K,
[9.491s]                  from [01m[K/opt/ros/foxy/include/rclcpp/executor.hpp:33[m[K,
[9.491s]                  from [01m[K/opt/ros/foxy/include/rclcpp/executors/multi_threaded_executor.hpp:25[m[K,
[9.491s]                  from [01m[K/opt/ros/foxy/include/rclcpp/executors.hpp:21[m[K,
[9.491s]                  from [01m[K/opt/ros/foxy/include/rclcpp/rclcpp.hpp:146[m[K,
[9.491s]                  from [01m[K/home/ruize/dev_ws/src/usv_gazebo_plugins/src/usv_gazebo_dynamics_plugin.cc:17[m[K:
[9.491s] [01m[K/home/ruize/dev_ws/src/usv_gazebo_plugins/src/usv_gazebo_dynamics_plugin.cc:145:3:[m[K [01;31m[Kerror: [m[Krequest for member ‘[01m[Kget_name[m[K’ in ‘[01m[K"USV Dynamics Parameters: From URDF XACRO model definition"[m[K’, which is of non-class type ‘[01m[Kconst char [58][m[K’
[9.491s]   145 |   [01;31m[KRCLCPP_DEBUG[m[K("USV Dynamics Parameters: From URDF XACRO model definition");
[9.492s]       |   [01;31m[K^~~~~~~~~~~~[m[K
[9.492s] [01m[K/home/ruize/dev_ws/src/usv_gazebo_plugins/src/usv_gazebo_dynamics_plugin.cc:145:3:[m[K [01;31m[Kerror: [m[Krequest for member ‘[01m[Kget_name[m[K’ in ‘[01m[K"USV Dynamics Parameters: From URDF XACRO model definition"[m[K’, which is of non-class type ‘[01m[Kconst char [58][m[K’
[9.492s]   145 |   [01;31m[KRCLCPP_DEBUG[m[K("USV Dynamics Parameters: From URDF XACRO model definition");
[9.492s]       |   [01;31m[K^~~~~~~~~~~~[m[K
[9.492s] [01m[K/home/ruize/dev_ws/src/usv_gazebo_plugins/src/usv_gazebo_dynamics_plugin.cc:145:3:[m[K [01;31m[Kerror: [m[Kno matching function for call to ‘[01m[Kget_c_string()[m[K’
[9.492s]   145 |   [01;31m[KRCLCPP_DEBUG[m[K("USV Dynamics Parameters: From URDF XACRO model definition");
[9.492s]       |   [01;31m[K^~~~~~~~~~~~[m[K
[9.492s] In file included from [01m[K/opt/ros/foxy/include/rclcpp/client.hpp:36[m[K,
[9.492s]                  from [01m[K/opt/ros/foxy/include/rclcpp/callback_group.hpp:23[m[K,
[9.492s]                  from [01m[K/opt/ros/foxy/include/rclcpp/any_executable.hpp:20[m[K,
[9.492s]                  from [01m[K/opt/ros/foxy/include/rclcpp/memory_strategy.hpp:24[m[K,
[9.492s]                  from [01m[K/opt/ros/foxy/include/rclcpp/memory_strategies.hpp:18[m[K,
[9.492s]                  from [01m[K/opt/ros/foxy/include/rclcpp/executor_options.hpp:20[m[K,
[9.492s]                  from [01m[K/opt/ros/foxy/include/rclcpp/executor.hpp:33[m[K,
[9.492s]                  from [01m[K/opt/ros/foxy/include/rclcpp/executors/multi_threaded_executor.hpp:25[m[K,
[9.492s]                  from [01m[K/opt/ros/foxy/include/rclcpp/executors.hpp:21[m[K,
[9.492s]                  from [01m[K/opt/ros/foxy/include/rclcpp/rclcpp.hpp:146[m[K,
[9.492s]                  from [01m[K/home/ruize/dev_ws/src/usv_gazebo_plugins/src/usv_gazebo_dynamics_plugin.cc:17[m[K:
[9.492s] [01m[K/opt/ros/foxy/include/rclcpp/utilities.hpp:296:1:[m[K [01;36m[Knote: [m[Kcandidate: ‘[01m[Kconst char* rclcpp::get_c_string(const char*)[m[K’
[9.492s]   296 | [01;36m[Kget_c_string[m[K(const char * string_in);
[9.493s]       | [01;36m[K^~~~~~~~~~~~[m[K
[9.493s] [01m[K/opt/ros/foxy/include/rclcpp/utilities.hpp:296:1:[m[K [01;36m[Knote: [m[K  candidate expects 1 argument, 0 provided
[9.493s] [01m[K/opt/ros/foxy/include/rclcpp/utilities.hpp:305:1:[m[K [01;36m[Knote: [m[Kcandidate: ‘[01m[Kconst char* rclcpp::get_c_string(const string&)[m[K’
[9.493s]   305 | [01;36m[Kget_c_string[m[K(const std::string & string_in);
[9.493s]       | [01;36m[K^~~~~~~~~~~~[m[K
[9.493s] [01m[K/opt/ros/foxy/include/rclcpp/utilities.hpp:305:1:[m[K [01;36m[Knote: [m[K  candidate expects 1 argument, 0 provided
[9.505s] [01m[K/home/ruize/dev_ws/src/usv_gazebo_plugins/src/usv_gazebo_dynamics_plugin.cc:146:3:[m[K [01;31m[Kerror: [m[K‘[01m[KRCLCPP_DEBUG_STREAM[m[K’ was not declared in this scope
[9.505s]   146 |   [01;31m[KRCLCPP_DEBUG_STREAM[m[K("Vessel Mass (rigid-body): " << kMass);
[9.505s]       |   [01;31m[K^~~~~~~~~~~~~~~~~~~[m[K
[9.511s] [01m[K/home/ruize/dev_ws/src/usv_gazebo_plugins/src/usv_gazebo_dynamics_plugin.cc:137:18:[m[K [01;35m[Kwarning: [m[Kunused variable ‘[01m[KkMass[m[K’ [[01;35m[K-Wunused-variable[m[K]
[9.511s]   137 |     const double [01;35m[KkMass[m[K = this->link->GetInertial()->Mass();
[9.511s]       |                  [01;35m[K^~~~~[m[K
[9.531s] [01m[K/home/ruize/dev_ws/src/usv_gazebo_plugins/src/usv_gazebo_dynamics_plugin.cc:[m[K In member function ‘[01m[Kvirtual void gazebo::UsvDynamicsPlugin::Update()[m[K’:
[9.531s] [01m[K/home/ruize/dev_ws/src/usv_gazebo_plugins/src/usv_gazebo_dynamics_plugin.cc:213:3:[m[K [01;31m[Kerror: [m[K‘[01m[KRCLCPP_DEBUG_STREAM_THROTTLE[m[K’ was not declared in this scope
[9.531s]   213 |   [01;31m[KRCLCPP_DEBUG_STREAM_THROTTLE[m[K(0.5, "Vel linear: " << kVelLinearBody);
[9.531s]       |   [01;31m[K^~~~~~~~~~~~~~~~~~~~~~~~~~~~[m[K
[9.592s] [01m[K/home/ruize/dev_ws/src/usv_gazebo_plugins/src/usv_gazebo_dynamics_plugin.cc:317:7:[m[K [01;31m[Kerror: [m[K‘[01m[KRCLCPP_DEBUG_STREAM[m[K’ was not declared in this scope
[9.592s]   317 |       [01;31m[KRCLCPP_DEBUG_STREAM[m[K("Z, pose: " << kPose.Pos().Z() << ", bpnt: "
[9.592s]       |       [01;31m[K^~~~~~~~~~~~~~~~~~~[m[K
[9.593s] [01m[K/home/ruize/dev_ws/src/usv_gazebo_plugins/src/usv_gazebo_dynamics_plugin.cc:[m[K At global scope:
[9.593s] [01m[K/home/ruize/dev_ws/src/usv_gazebo_plugins/src/usv_gazebo_dynamics_plugin.cc:359:44:[m[K [01;35m[Kwarning: [m[Kextra ‘[01m[K;[m[K’ [[01;35m[K-Wpedantic[m[K]
[9.593s]   359 | GZ_REGISTER_MODEL_PLUGIN(UsvDynamicsPlugin)[01;35m[K;[m[K
[9.593s]       |                                            [01;35m[K^[m[K
[11.434s] make[2]: *** [CMakeFiles/usv_gazebo_dynamics_plugin.dir/build.make:63: CMakeFiles/usv_gazebo_dynamics_plugin.dir/src/usv_gazebo_dynamics_plugin.cc.o] Error 1
[11.434s] make[1]: *** [CMakeFiles/Makefile2:109: CMakeFiles/usv_gazebo_dynamics_plugin.dir/all] Error 2
[11.434s] make: *** [Makefile:141: all] Error 2
[11.438s] Invoked command in '/home/ruize/dev_ws/build/usv_gazebo_plugins' returned '2': CMAKE_PREFIX_PATH=${CMAKE_PREFIX_PATH}:/opt/ros/foxy /usr/bin/cmake --build /home/ruize/dev_ws/build/usv_gazebo_plugins -- -j4 -l4
