[0.018s] Invoking command in '/home/ruize/dev_ws/build/vrx_gazebo': CMAKE_PREFIX_PATH=${CMAKE_PREFIX_PATH}:/opt/ros/foxy /usr/bin/cmake --build /home/ruize/dev_ws/build/vrx_gazebo -- -j4 -l4
[0.040s] -- Found ament_cmake: 0.9.8 (/opt/ros/foxy/share/ament_cmake/cmake)
[0.059s] -- Using PYTHON_EXECUTABLE: /usr/bin/python3
[0.198s] -- Found PkgConfig: /usr/bin/pkg-config (found version "0.29.1") 
[0.203s] -- Checking for module 'bullet>=2.82'
[0.213s] --   Found bullet, version 2.88
[0.317s] -- Found ccd: /usr/include (found suitable version "2.0", minimum required is "2.0") 
[0.364s] -- Found fcl: /usr/include (found suitable version "0.5.0", minimum required is "0.3.2") 
[0.408s] -- Found assimp: /usr/include (found version "5.0.0") 
[0.429s] -- Found DART: /usr/include (Required is at least version "6.6") found components: dart 
[0.723s] -- Found Boost: /usr/lib/x86_64-linux-gnu/cmake/Boost-1.71.0/BoostConfig.cmake (found suitable version "1.71.0", minimum required is "1.40.0") found components: thread system filesystem program_options regex iostreams date_time 
[0.742s] -- Found Protobuf: /usr/lib/x86_64-linux-gnu/libprotobuf.so;-lpthread (found version "3.6.1") 
[0.746s] -- Looking for ignition-math6 -- found version 6.8.0
[0.753s] -- Searching for dependencies of ignition-math6
[0.755s] -- Looking for OGRE...
[0.755s] -- OGRE_PREFIX_WATCH changed.
[0.759s] -- Checking for module 'OGRE'
[0.770s] --   Found OGRE, version 1.9.0
[0.801s] -- Found Ogre Ghadamon (1.9.0)
[0.816s] -- Found OGRE: optimized;/usr/lib/x86_64-linux-gnu/libOgreMain.so;debug;/usr/lib/x86_64-linux-gnu/libOgreMain.so
[0.824s] -- Looking for OGRE_Paging...
[0.830s] -- Found OGRE_Paging: optimized;/usr/lib/x86_64-linux-gnu/libOgrePaging.so;debug;/usr/lib/x86_64-linux-gnu/libOgrePaging.so
[0.831s] -- Looking for OGRE_Terrain...
[0.836s] -- Found OGRE_Terrain: optimized;/usr/lib/x86_64-linux-gnu/libOgreTerrain.so;debug;/usr/lib/x86_64-linux-gnu/libOgreTerrain.so
[0.836s] -- Looking for OGRE_Property...
[0.840s] -- Found OGRE_Property: optimized;/usr/lib/x86_64-linux-gnu/libOgreProperty.so;debug;/usr/lib/x86_64-linux-gnu/libOgreProperty.so
[0.840s] -- Looking for OGRE_RTShaderSystem...
[0.844s] -- Found OGRE_RTShaderSystem: optimized;/usr/lib/x86_64-linux-gnu/libOgreRTShaderSystem.so;debug;/usr/lib/x86_64-linux-gnu/libOgreRTShaderSystem.so
[0.844s] -- Looking for OGRE_Volume...
[0.848s] -- Found OGRE_Volume: optimized;/usr/lib/x86_64-linux-gnu/libOgreVolume.so;debug;/usr/lib/x86_64-linux-gnu/libOgreVolume.so
[0.848s] -- Looking for OGRE_Overlay...
[0.854s] -- Found OGRE_Overlay: optimized;/usr/lib/x86_64-linux-gnu/libOgreOverlay.so;debug;/usr/lib/x86_64-linux-gnu/libOgreOverlay.so
[0.950s] -- Looking for ignition-math6 -- found version 6.8.0
[0.952s] -- Looking for ignition-transport8 -- found version 8.2.0
[0.952s] -- Searching for dependencies of ignition-transport8
[0.968s] -- Found Protobuf: /usr/lib/x86_64-linux-gnu/libprotobuf.so;-lpthread (found suitable version "3.6.1", minimum required is "3") 
[0.979s] -- Config-file not installed for ZeroMQ -- checking for pkg-config
[0.983s] -- Checking for module 'libzmq >= 4'
[0.995s] --   Found libzmq , version 4.3.2
[1.028s] -- Found ZeroMQ: TRUE (Required is at least version "4") 
[1.037s] -- Checking for module 'uuid'
[1.052s] --   Found uuid, version 2.34.0
[1.076s] -- Found UUID: TRUE  
[1.080s] -- Looking for ignition-msgs5 -- found version 5.7.0
[1.080s] -- Searching for dependencies of ignition-msgs5
[1.096s] -- Looking for ignition-math6 -- found version 6.8.0
[1.101s] -- Checking for module 'tinyxml2'
[1.114s] --   Found tinyxml2, version 6.2.0
[1.146s] -- Looking for ignition-msgs5 -- found version 5.7.0
[1.149s] -- Looking for ignition-common3 -- found version 3.11.1
[1.150s] -- Searching for dependencies of ignition-common3
[1.151s] -- Looking for dlfcn.h - found
[1.153s] -- Looking for libdl - found
[1.154s] -- Found DL: TRUE  
[1.160s] -- Searching for <ignition-common3> component [graphics]
[1.162s] -- Looking for ignition-common3-graphics -- found version 3.11.1
[1.164s] -- Searching for dependencies of ignition-common3-graphics
[1.164s] -- Looking for ignition-math6 -- found version 6.8.0
[1.167s] -- Looking for ignition-fuel_tools4 -- found version 4.3.0
[1.169s] -- Searching for dependencies of ignition-fuel_tools4
[1.216s] -- Found CURL: /usr/lib/x86_64-linux-gnu/libcurl.so (found version "7.68.0")  
[1.224s] -- Checking for module 'jsoncpp'
[1.235s] --   Found jsoncpp, version 1.7.4
[1.265s] -- Found JSONCPP: TRUE  
[1.270s] -- Checking for module 'libzip'
[1.281s] --   Found libzip, version 1.5.1
[1.304s] -- Found ZIP: TRUE  
[1.305s] -- Looking for ignition-common3 -- found version 3.11.1
[1.305s] -- Looking for ignition-msgs5 -- found version 5.7.0
[1.307s] -- Found gazebo_ros: 3.5.0 (/opt/ros/foxy/share/gazebo_ros/cmake)
[1.340s] -- Using all available rosidl_typesupport_c: rosidl_typesupport_fastrtps_c;rosidl_typesupport_introspection_c
[1.346s] -- Found rosidl_adapter: 1.2.0 (/opt/ros/foxy/share/rosidl_adapter/cmake)
[1.405s] -- Found OpenSSL: /usr/lib/x86_64-linux-gnu/libcrypto.so (found version "1.1.1f")  
[1.426s] -- Found FastRTPS: /opt/ros/foxy/include  
[1.492s] -- Using all available rosidl_typesupport_cpp: rosidl_typesupport_fastrtps_cpp;rosidl_typesupport_introspection_cpp
[1.533s] -- Found rmw_implementation_cmake: 1.0.2 (/opt/ros/foxy/share/rmw_implementation_cmake/cmake)
[1.537s] -- Using RMW implementation 'rmw_fastrtps_cpp' as default
[1.538s] -- Found Threads: TRUE  
[1.658s] -- Gazebo version: 11.3
[1.664s] -- Found ament_lint_auto: 0.9.6 (/opt/ros/foxy/share/ament_lint_auto/cmake)
[1.715s] -- Added test 'copyright' to check source files copyright and LICENSE
[1.717s] -- Added test 'lint_cmake' to check CMake code style
[1.718s] -- Added test 'xmllint' to check XML markup files
[1.727s] -- Configuring done
[1.727s] -- Generating done
[1.727s] -- Build files have been written to: /home/ruize/dev_ws/build/vrx_gazebo
[1.751s] Invoked command in '/home/ruize/dev_ws/build/vrx_gazebo' returned '0': CMAKE_PREFIX_PATH=${CMAKE_PREFIX_PATH}:/opt/ros/foxy /usr/bin/cmake --build /home/ruize/dev_ws/build/vrx_gazebo -- -j4 -l4
[1.778s] Invoking command in '/home/ruize/dev_ws/build/vrx_gazebo': CMAKE_PREFIX_PATH=${CMAKE_PREFIX_PATH}:/opt/ros/foxy /usr/bin/cmake --install /home/ruize/dev_ws/build/vrx_gazebo
[1.794s] -- Install configuration: ""
[1.794s] -- Installing: /home/ruize/dev_ws/install/vrx_gazebo/share/vrx_gazebo/models
[1.794s] -- Installing: /home/ruize/dev_ws/install/vrx_gazebo/share/vrx_gazebo/models/battery
[1.795s] -- Installing: /home/ruize/dev_ws/install/vrx_gazebo/share/vrx_gazebo/models/battery/model.sdf
[1.795s] -- Installing: /home/ruize/dev_ws/install/vrx_gazebo/share/vrx_gazebo/models/battery/model.config
[1.795s] -- Installing: /home/ruize/dev_ws/install/vrx_gazebo/share/vrx_gazebo/models/battery/mesh
[1.795s] -- Installing: /home/ruize/dev_ws/install/vrx_gazebo/share/vrx_gazebo/models/battery/mesh/battery.dae
[1.795s] -- Installing: /home/ruize/dev_ws/install/vrx_gazebo/share/vrx_gazebo/models/battery/mesh/battery.png
[1.795s] -- Installing: /home/ruize/dev_ws/install/vrx_gazebo/share/vrx_gazebo/models/cpu_cases
[1.795s] -- Installing: /home/ruize/dev_ws/install/vrx_gazebo/share/vrx_gazebo/models/cpu_cases/model.sdf
[1.795s] -- Installing: /home/ruize/dev_ws/install/vrx_gazebo/share/vrx_gazebo/models/cpu_cases/model.config
[1.795s] -- Installing: /home/ruize/dev_ws/install/vrx_gazebo/share/vrx_gazebo/models/cpu_cases/mesh
[1.795s] -- Installing: /home/ruize/dev_ws/install/vrx_gazebo/share/vrx_gazebo/models/cpu_cases/mesh/cpu_cases.png
[1.797s] -- Installing: /home/ruize/dev_ws/install/vrx_gazebo/share/vrx_gazebo/models/cpu_cases/mesh/cpu_cases.dae
[1.798s] -- Installing: /home/ruize/dev_ws/install/vrx_gazebo/share/ament_index/resource_index/package_run_dependencies/vrx_gazebo
[1.798s] -- Installing: /home/ruize/dev_ws/install/vrx_gazebo/share/ament_index/resource_index/parent_prefix_path/vrx_gazebo
[1.798s] -- Up-to-date: /home/ruize/dev_ws/install/vrx_gazebo/share/vrx_gazebo/environment/ament_prefix_path.sh
[1.798s] -- Installing: /home/ruize/dev_ws/install/vrx_gazebo/share/vrx_gazebo/environment/ament_prefix_path.dsv
[1.798s] -- Up-to-date: /home/ruize/dev_ws/install/vrx_gazebo/share/vrx_gazebo/environment/path.sh
[1.798s] -- Installing: /home/ruize/dev_ws/install/vrx_gazebo/share/vrx_gazebo/environment/path.dsv
[1.798s] -- Up-to-date: /home/ruize/dev_ws/install/vrx_gazebo/share/vrx_gazebo/local_setup.bash
[1.798s] -- Up-to-date: /home/ruize/dev_ws/install/vrx_gazebo/share/vrx_gazebo/local_setup.sh
[1.799s] -- Up-to-date: /home/ruize/dev_ws/install/vrx_gazebo/share/vrx_gazebo/local_setup.zsh
[1.799s] -- Installing: /home/ruize/dev_ws/install/vrx_gazebo/share/vrx_gazebo/local_setup.dsv
[1.799s] -- Installing: /home/ruize/dev_ws/install/vrx_gazebo/share/vrx_gazebo/package.dsv
[1.799s] -- Up-to-date: /home/ruize/dev_ws/install/vrx_gazebo/share/ament_index/resource_index/packages/vrx_gazebo
[1.799s] -- Up-to-date: /home/ruize/dev_ws/install/vrx_gazebo/share/vrx_gazebo/cmake/vrx_gazeboConfig.cmake
[1.799s] -- Up-to-date: /home/ruize/dev_ws/install/vrx_gazebo/share/vrx_gazebo/cmake/vrx_gazeboConfig-version.cmake
[1.799s] -- Installing: /home/ruize/dev_ws/install/vrx_gazebo/share/vrx_gazebo/package.xml
[1.803s] Invoked command in '/home/ruize/dev_ws/build/vrx_gazebo' returned '0': CMAKE_PREFIX_PATH=${CMAKE_PREFIX_PATH}:/opt/ros/foxy /usr/bin/cmake --install /home/ruize/dev_ws/build/vrx_gazebo
