[0.224s] DEBUG:colcon:Command line arguments: ['/usr/bin/colcon', 'build', '--packages-select', 'wamv_gazebo']
[0.225s] DEBUG:colcon:Parsed command line arguments: Namespace(ament_cmake_args=None, base_paths=['.'], build_base='build', catkin_cmake_args=None, catkin_skip_building_tests=False, cmake_args=None, cmake_clean_cache=False, cmake_clean_first=False, cmake_force_configure=False, cmake_target=None, cmake_target_skip_unavailable=False, continue_on_error=False, event_handlers=None, executor='parallel', ignore_user_meta=False, install_base='install', log_base=None, log_level=None, main=<bound method BuildVerb.main of <colcon_core.verb.build.BuildVerb object at 0x7fd7b0f22130>>, merge_install=False, metas=['./colcon.meta'], packages_above=None, packages_above_and_dependencies=None, packages_above_depth=None, packages_end=None, packages_ignore=None, packages_ignore_regex=None, packages_select=['wamv_gazebo'], packages_select_build_failed=False, packages_select_by_dep=None, packages_select_regex=None, packages_select_test_failures=False, packages_skip=None, packages_skip_build_finished=False, packages_skip_by_dep=None, packages_skip_regex=None, packages_skip_test_passed=False, packages_skip_up_to=None, packages_start=None, packages_up_to=None, packages_up_to_regex=None, parallel_workers=4, paths=None, symlink_install=False, test_result_base=None, verb_extension=<colcon_core.verb.build.BuildVerb object at 0x7fd7b0f22130>, verb_name='build', verb_parser=<colcon_defaults.argument_parser.defaults.DefaultArgumentsDecorator object at 0x7fd7b0f22670>)
[0.230s] Level 1:colcon.colcon_core.package_discovery:discover_packages(colcon_meta) check parameters
[0.230s] Level 1:colcon.colcon_core.package_discovery:discover_packages(recursive) check parameters
[0.230s] Level 1:colcon.colcon_core.package_discovery:discover_packages(ignore) check parameters
[0.230s] Level 1:colcon.colcon_core.package_discovery:discover_packages(path) check parameters
[0.230s] Level 1:colcon.colcon_core.package_discovery:discover_packages(colcon_meta) discover
[0.230s] Level 1:colcon.colcon_core.package_discovery:discover_packages(recursive) discover
[0.230s] INFO:colcon.colcon_core.package_discovery:Crawling recursively for packages in '/home/ruize/dev_ws'
[0.231s] Level 1:colcon.colcon_core.package_identification:_identify(.) by extensions ['ignore', 'ignore_ament_install']
[0.231s] Level 1:colcon.colcon_core.package_identification:_identify(.) by extension 'ignore'
[0.231s] Level 1:colcon.colcon_core.package_identification:_identify(.) by extension 'ignore_ament_install'
[0.231s] Level 1:colcon.colcon_core.package_identification:_identify(.) by extensions ['colcon_pkg']
[0.231s] Level 1:colcon.colcon_core.package_identification:_identify(.) by extension 'colcon_pkg'
[0.231s] Level 1:colcon.colcon_core.package_identification:_identify(.) by extensions ['colcon_meta']
[0.231s] Level 1:colcon.colcon_core.package_identification:_identify(.) by extension 'colcon_meta'
[0.231s] Level 1:colcon.colcon_core.package_identification:_identify(.) by extensions ['ros']
[0.231s] Level 1:colcon.colcon_core.package_identification:_identify(.) by extension 'ros'
[0.239s] Level 1:colcon.colcon_core.package_identification:_identify(.) by extensions ['cmake', 'python']
[0.239s] Level 1:colcon.colcon_core.package_identification:_identify(.) by extension 'cmake'
[0.239s] Level 1:colcon.colcon_core.package_identification:_identify(.) by extension 'python'
[0.239s] Level 1:colcon.colcon_core.package_identification:_identify(.) by extensions ['python_setup_py']
[0.239s] Level 1:colcon.colcon_core.package_identification:_identify(.) by extension 'python_setup_py'
[0.239s] Level 1:colcon.colcon_core.package_identification:_identify(build) by extensions ['ignore', 'ignore_ament_install']
[0.239s] Level 1:colcon.colcon_core.package_identification:_identify(build) by extension 'ignore'
[0.239s] Level 1:colcon.colcon_core.package_identification:_identify(build) ignored
[0.239s] Level 1:colcon.colcon_core.package_identification:_identify(install) by extensions ['ignore', 'ignore_ament_install']
[0.239s] Level 1:colcon.colcon_core.package_identification:_identify(install) by extension 'ignore'
[0.239s] Level 1:colcon.colcon_core.package_identification:_identify(install) ignored
[0.240s] Level 1:colcon.colcon_core.package_identification:_identify(log) by extensions ['ignore', 'ignore_ament_install']
[0.240s] Level 1:colcon.colcon_core.package_identification:_identify(log) by extension 'ignore'
[0.240s] Level 1:colcon.colcon_core.package_identification:_identify(log) ignored
[0.240s] Level 1:colcon.colcon_core.package_identification:_identify(src) by extensions ['ignore', 'ignore_ament_install']
[0.240s] Level 1:colcon.colcon_core.package_identification:_identify(src) by extension 'ignore'
[0.240s] Level 1:colcon.colcon_core.package_identification:_identify(src) by extension 'ignore_ament_install'
[0.240s] Level 1:colcon.colcon_core.package_identification:_identify(src) by extensions ['colcon_pkg']
[0.240s] Level 1:colcon.colcon_core.package_identification:_identify(src) by extension 'colcon_pkg'
[0.240s] Level 1:colcon.colcon_core.package_identification:_identify(src) by extensions ['colcon_meta']
[0.240s] Level 1:colcon.colcon_core.package_identification:_identify(src) by extension 'colcon_meta'
[0.240s] Level 1:colcon.colcon_core.package_identification:_identify(src) by extensions ['ros']
[0.240s] Level 1:colcon.colcon_core.package_identification:_identify(src) by extension 'ros'
[0.240s] Level 1:colcon.colcon_core.package_identification:_identify(src) by extensions ['cmake', 'python']
[0.240s] Level 1:colcon.colcon_core.package_identification:_identify(src) by extension 'cmake'
[0.240s] Level 1:colcon.colcon_core.package_identification:_identify(src) by extension 'python'
[0.240s] Level 1:colcon.colcon_core.package_identification:_identify(src) by extensions ['python_setup_py']
[0.240s] Level 1:colcon.colcon_core.package_identification:_identify(src) by extension 'python_setup_py'
[0.240s] Level 1:colcon.colcon_core.package_identification:_identify(src/usv_gazebo_plugins) by extensions ['ignore', 'ignore_ament_install']
[0.240s] Level 1:colcon.colcon_core.package_identification:_identify(src/usv_gazebo_plugins) by extension 'ignore'
[0.240s] Level 1:colcon.colcon_core.package_identification:_identify(src/usv_gazebo_plugins) by extension 'ignore_ament_install'
[0.240s] Level 1:colcon.colcon_core.package_identification:_identify(src/usv_gazebo_plugins) by extensions ['colcon_pkg']
[0.240s] Level 1:colcon.colcon_core.package_identification:_identify(src/usv_gazebo_plugins) by extension 'colcon_pkg'
[0.240s] Level 1:colcon.colcon_core.package_identification:_identify(src/usv_gazebo_plugins) by extensions ['colcon_meta']
[0.240s] Level 1:colcon.colcon_core.package_identification:_identify(src/usv_gazebo_plugins) by extension 'colcon_meta'
[0.240s] Level 1:colcon.colcon_core.package_identification:_identify(src/usv_gazebo_plugins) by extensions ['ros']
[0.240s] Level 1:colcon.colcon_core.package_identification:_identify(src/usv_gazebo_plugins) by extension 'ros'
[0.243s] DEBUG:colcon.colcon_core.package_identification:Package 'src/usv_gazebo_plugins' with type 'ros.ament_cmake' and name 'usv_gazebo_plugins'
[0.243s] Level 1:colcon.colcon_core.package_identification:_identify(src/usv_msgs) by extensions ['ignore', 'ignore_ament_install']
[0.243s] Level 1:colcon.colcon_core.package_identification:_identify(src/usv_msgs) by extension 'ignore'
[0.243s] Level 1:colcon.colcon_core.package_identification:_identify(src/usv_msgs) by extension 'ignore_ament_install'
[0.243s] Level 1:colcon.colcon_core.package_identification:_identify(src/usv_msgs) by extensions ['colcon_pkg']
[0.243s] Level 1:colcon.colcon_core.package_identification:_identify(src/usv_msgs) by extension 'colcon_pkg'
[0.243s] Level 1:colcon.colcon_core.package_identification:_identify(src/usv_msgs) by extensions ['colcon_meta']
[0.243s] Level 1:colcon.colcon_core.package_identification:_identify(src/usv_msgs) by extension 'colcon_meta'
[0.243s] Level 1:colcon.colcon_core.package_identification:_identify(src/usv_msgs) by extensions ['ros']
[0.243s] Level 1:colcon.colcon_core.package_identification:_identify(src/usv_msgs) by extension 'ros'
[0.244s] DEBUG:colcon.colcon_core.package_identification:Package 'src/usv_msgs' with type 'ros.ament_cmake' and name 'usv_msgs'
[0.244s] Level 1:colcon.colcon_core.package_identification:_identify(src/vrx_gazebo) by extensions ['ignore', 'ignore_ament_install']
[0.244s] Level 1:colcon.colcon_core.package_identification:_identify(src/vrx_gazebo) by extension 'ignore'
[0.244s] Level 1:colcon.colcon_core.package_identification:_identify(src/vrx_gazebo) by extension 'ignore_ament_install'
[0.244s] Level 1:colcon.colcon_core.package_identification:_identify(src/vrx_gazebo) by extensions ['colcon_pkg']
[0.244s] Level 1:colcon.colcon_core.package_identification:_identify(src/vrx_gazebo) by extension 'colcon_pkg'
[0.244s] Level 1:colcon.colcon_core.package_identification:_identify(src/vrx_gazebo) by extensions ['colcon_meta']
[0.244s] Level 1:colcon.colcon_core.package_identification:_identify(src/vrx_gazebo) by extension 'colcon_meta'
[0.244s] Level 1:colcon.colcon_core.package_identification:_identify(src/vrx_gazebo) by extensions ['ros']
[0.244s] Level 1:colcon.colcon_core.package_identification:_identify(src/vrx_gazebo) by extension 'ros'
[0.245s] DEBUG:colcon.colcon_core.package_identification:Package 'src/vrx_gazebo' with type 'ros.ament_cmake' and name 'vrx_gazebo'
[0.245s] Level 1:colcon.colcon_core.package_identification:_identify(src/wamv_description) by extensions ['ignore', 'ignore_ament_install']
[0.245s] Level 1:colcon.colcon_core.package_identification:_identify(src/wamv_description) by extension 'ignore'
[0.245s] Level 1:colcon.colcon_core.package_identification:_identify(src/wamv_description) by extension 'ignore_ament_install'
[0.245s] Level 1:colcon.colcon_core.package_identification:_identify(src/wamv_description) by extensions ['colcon_pkg']
[0.245s] Level 1:colcon.colcon_core.package_identification:_identify(src/wamv_description) by extension 'colcon_pkg'
[0.245s] Level 1:colcon.colcon_core.package_identification:_identify(src/wamv_description) by extensions ['colcon_meta']
[0.245s] Level 1:colcon.colcon_core.package_identification:_identify(src/wamv_description) by extension 'colcon_meta'
[0.245s] Level 1:colcon.colcon_core.package_identification:_identify(src/wamv_description) by extensions ['ros']
[0.245s] Level 1:colcon.colcon_core.package_identification:_identify(src/wamv_description) by extension 'ros'
[0.246s] DEBUG:colcon.colcon_core.package_identification:Package 'src/wamv_description' with type 'ros.ament_cmake' and name 'wamv_description'
[0.246s] Level 1:colcon.colcon_core.package_identification:_identify(src/wamv_gazebo) by extensions ['ignore', 'ignore_ament_install']
[0.246s] Level 1:colcon.colcon_core.package_identification:_identify(src/wamv_gazebo) by extension 'ignore'
[0.246s] Level 1:colcon.colcon_core.package_identification:_identify(src/wamv_gazebo) by extension 'ignore_ament_install'
[0.246s] Level 1:colcon.colcon_core.package_identification:_identify(src/wamv_gazebo) by extensions ['colcon_pkg']
[0.246s] Level 1:colcon.colcon_core.package_identification:_identify(src/wamv_gazebo) by extension 'colcon_pkg'
[0.246s] Level 1:colcon.colcon_core.package_identification:_identify(src/wamv_gazebo) by extensions ['colcon_meta']
[0.246s] Level 1:colcon.colcon_core.package_identification:_identify(src/wamv_gazebo) by extension 'colcon_meta'
[0.246s] Level 1:colcon.colcon_core.package_identification:_identify(src/wamv_gazebo) by extensions ['ros']
[0.246s] Level 1:colcon.colcon_core.package_identification:_identify(src/wamv_gazebo) by extension 'ros'
[0.247s] DEBUG:colcon.colcon_core.package_identification:Package 'src/wamv_gazebo' with type 'ros.ament_cmake' and name 'wamv_gazebo'
[0.247s] Level 1:colcon.colcon_core.package_identification:_identify(src/wave_gazebo_plugins) by extensions ['ignore', 'ignore_ament_install']
[0.247s] Level 1:colcon.colcon_core.package_identification:_identify(src/wave_gazebo_plugins) by extension 'ignore'
[0.247s] Level 1:colcon.colcon_core.package_identification:_identify(src/wave_gazebo_plugins) by extension 'ignore_ament_install'
[0.247s] Level 1:colcon.colcon_core.package_identification:_identify(src/wave_gazebo_plugins) by extensions ['colcon_pkg']
[0.247s] Level 1:colcon.colcon_core.package_identification:_identify(src/wave_gazebo_plugins) by extension 'colcon_pkg'
[0.247s] Level 1:colcon.colcon_core.package_identification:_identify(src/wave_gazebo_plugins) by extensions ['colcon_meta']
[0.247s] Level 1:colcon.colcon_core.package_identification:_identify(src/wave_gazebo_plugins) by extension 'colcon_meta'
[0.247s] Level 1:colcon.colcon_core.package_identification:_identify(src/wave_gazebo_plugins) by extensions ['ros']
[0.247s] Level 1:colcon.colcon_core.package_identification:_identify(src/wave_gazebo_plugins) by extension 'ros'
[0.247s] DEBUG:colcon.colcon_core.package_identification:Package 'src/wave_gazebo_plugins' with type 'ros.ament_cmake' and name 'wave_gazebo_plugins'
[0.247s] Level 1:colcon.colcon_core.package_discovery:discover_packages(recursive) using defaults
[0.247s] Level 1:colcon.colcon_core.package_discovery:discover_packages(ignore) discover
[0.247s] Level 1:colcon.colcon_core.package_discovery:discover_packages(ignore) using defaults
[0.247s] Level 1:colcon.colcon_core.package_discovery:discover_packages(path) discover
[0.247s] Level 1:colcon.colcon_core.package_discovery:discover_packages(path) using defaults
[0.261s] INFO:colcon.colcon_core.package_selection:Skipping not selected package 'usv_msgs' in 'src/usv_msgs'
[0.261s] INFO:colcon.colcon_core.package_selection:Skipping not selected package 'vrx_gazebo' in 'src/vrx_gazebo'
[0.261s] INFO:colcon.colcon_core.package_selection:Skipping not selected package 'wamv_description' in 'src/wamv_description'
[0.261s] INFO:colcon.colcon_core.package_selection:Skipping not selected package 'wave_gazebo_plugins' in 'src/wave_gazebo_plugins'
[0.261s] INFO:colcon.colcon_core.package_selection:Skipping not selected package 'usv_gazebo_plugins' in 'src/usv_gazebo_plugins'
[0.263s] Level 5:colcon.colcon_core.verb:set package 'wamv_gazebo' build argument 'cmake_args' from command line to 'None'
[0.263s] Level 5:colcon.colcon_core.verb:set package 'wamv_gazebo' build argument 'cmake_target' from command line to 'None'
[0.263s] Level 5:colcon.colcon_core.verb:set package 'wamv_gazebo' build argument 'cmake_target_skip_unavailable' from command line to 'False'
[0.263s] Level 5:colcon.colcon_core.verb:set package 'wamv_gazebo' build argument 'cmake_clean_cache' from command line to 'False'
[0.263s] Level 5:colcon.colcon_core.verb:set package 'wamv_gazebo' build argument 'cmake_clean_first' from command line to 'False'
[0.264s] Level 5:colcon.colcon_core.verb:set package 'wamv_gazebo' build argument 'cmake_force_configure' from command line to 'False'
[0.264s] Level 5:colcon.colcon_core.verb:set package 'wamv_gazebo' build argument 'ament_cmake_args' from command line to 'None'
[0.264s] Level 5:colcon.colcon_core.verb:set package 'wamv_gazebo' build argument 'catkin_cmake_args' from command line to 'None'
[0.264s] Level 5:colcon.colcon_core.verb:set package 'wamv_gazebo' build argument 'catkin_skip_building_tests' from command line to 'False'
[0.264s] DEBUG:colcon.colcon_core.verb:Building package 'wamv_gazebo' with the following arguments: {'ament_cmake_args': None, 'build_base': '/home/ruize/dev_ws/build/wamv_gazebo', 'catkin_cmake_args': None, 'catkin_skip_building_tests': False, 'cmake_args': None, 'cmake_clean_cache': False, 'cmake_clean_first': False, 'cmake_force_configure': False, 'cmake_target': None, 'cmake_target_skip_unavailable': False, 'install_base': '/home/ruize/dev_ws/install/wamv_gazebo', 'merge_install': False, 'path': '/home/ruize/dev_ws/src/wamv_gazebo', 'symlink_install': False, 'test_result_base': None}
[0.264s] INFO:colcon.colcon_core.executor:Executing jobs using 'parallel' executor
[0.265s] DEBUG:colcon.colcon_parallel_executor.executor.parallel:run_until_complete
[0.265s] INFO:colcon.colcon_ros.task.ament_cmake.build:Building ROS package in '/home/ruize/dev_ws/src/wamv_gazebo' with build type 'ament_cmake'
[0.265s] INFO:colcon.colcon_cmake.task.cmake.build:Building CMake package in '/home/ruize/dev_ws/src/wamv_gazebo'
[0.268s] INFO:colcon.colcon_core.plugin_system:Skipping extension 'colcon_core.shell.bat': Not used on non-Windows systems
[0.268s] INFO:colcon.colcon_core.shell:Skip shell extension 'powershell' for command environment: Not usable outside of PowerShell
[0.268s] DEBUG:colcon.colcon_core.shell:Skip shell extension 'dsv' for command environment
[0.270s] DEBUG:colcon.colcon_core.shell:Ignoring prefix path '/opt/ros/foxy'
[0.286s] DEBUG:colcon.colcon_core.event_handler.log_command:Invoking command in '/home/ruize/dev_ws/build/wamv_gazebo': CMAKE_PREFIX_PATH=/home/ruize/dev_ws/install/usv_gazebo_plugins:/home/ruize/dev_ws/install/wave_gazebo_plugins:/home/ruize/dev_ws/install/wamv_description:/home/ruize/dev_ws/install/usv_msgs:/home/ruize/dev_ws/install/wamv_gazebo:/home/ruize/dev_ws/install/vrx_gazebo:/home/ruize/px4_ros_com_ros2/install/px4_ros_com:/home/ruize/px4_ros_com_ros2/install/px4_msgs:/opt/ros/foxy /usr/bin/cmake --build /home/ruize/dev_ws/build/wamv_gazebo -- -j4 -l4
[1.600s] DEBUG:colcon.colcon_core.event_handler.log_command:Invoked command in '/home/ruize/dev_ws/build/wamv_gazebo' returned '0': CMAKE_PREFIX_PATH=/home/ruize/dev_ws/install/usv_gazebo_plugins:/home/ruize/dev_ws/install/wave_gazebo_plugins:/home/ruize/dev_ws/install/wamv_description:/home/ruize/dev_ws/install/usv_msgs:/home/ruize/dev_ws/install/wamv_gazebo:/home/ruize/dev_ws/install/vrx_gazebo:/home/ruize/px4_ros_com_ros2/install/px4_ros_com:/home/ruize/px4_ros_com_ros2/install/px4_msgs:/opt/ros/foxy /usr/bin/cmake --build /home/ruize/dev_ws/build/wamv_gazebo -- -j4 -l4
[1.631s] DEBUG:colcon.colcon_core.event_handler.log_command:Invoking command in '/home/ruize/dev_ws/build/wamv_gazebo': CMAKE_PREFIX_PATH=/home/ruize/dev_ws/install/usv_gazebo_plugins:/home/ruize/dev_ws/install/wave_gazebo_plugins:/home/ruize/dev_ws/install/wamv_description:/home/ruize/dev_ws/install/usv_msgs:/home/ruize/dev_ws/install/wamv_gazebo:/home/ruize/dev_ws/install/vrx_gazebo:/home/ruize/px4_ros_com_ros2/install/px4_ros_com:/home/ruize/px4_ros_com_ros2/install/px4_msgs:/opt/ros/foxy /usr/bin/cmake --install /home/ruize/dev_ws/build/wamv_gazebo
[1.639s] Level 1:colcon.colcon_core.environment:create_environment_scripts_only(wamv_gazebo)
[1.641s] Level 1:colcon.colcon_core.environment:checking '/home/ruize/dev_ws/install/wamv_gazebo' for CMake module files
[1.642s] Level 1:colcon.colcon_core.environment:checking '/home/ruize/dev_ws/install/wamv_gazebo' for CMake config files
[1.642s] Level 1:colcon.colcon_core.shell:create_environment_hook('wamv_gazebo', 'cmake_prefix_path')
[1.643s] INFO:colcon.colcon_core.shell:Creating environment hook '/home/ruize/dev_ws/install/wamv_gazebo/share/wamv_gazebo/hook/cmake_prefix_path.ps1'
[1.643s] INFO:colcon.colcon_core.shell:Creating environment descriptor '/home/ruize/dev_ws/install/wamv_gazebo/share/wamv_gazebo/hook/cmake_prefix_path.dsv'
[1.644s] INFO:colcon.colcon_core.shell:Creating environment hook '/home/ruize/dev_ws/install/wamv_gazebo/share/wamv_gazebo/hook/cmake_prefix_path.sh'
[1.644s] Level 1:colcon.colcon_core.environment:checking '/home/ruize/dev_ws/install/wamv_gazebo/bin'
[1.644s] Level 1:colcon.colcon_core.environment:checking '/home/ruize/dev_ws/install/wamv_gazebo/lib/pkgconfig/wamv_gazebo.pc'
[1.645s] Level 1:colcon.colcon_core.environment:checking '/home/ruize/dev_ws/install/wamv_gazebo/lib/python3.8/site-packages'
[1.645s] INFO:colcon.colcon_core.shell:Creating package script '/home/ruize/dev_ws/install/wamv_gazebo/share/wamv_gazebo/package.ps1'
[1.645s] INFO:colcon.colcon_core.shell:Creating package descriptor '/home/ruize/dev_ws/install/wamv_gazebo/share/wamv_gazebo/package.dsv'
[1.646s] INFO:colcon.colcon_core.shell:Creating package script '/home/ruize/dev_ws/install/wamv_gazebo/share/wamv_gazebo/package.sh'
[1.646s] INFO:colcon.colcon_core.shell:Creating package script '/home/ruize/dev_ws/install/wamv_gazebo/share/wamv_gazebo/package.bash'
[1.647s] INFO:colcon.colcon_core.shell:Creating package script '/home/ruize/dev_ws/install/wamv_gazebo/share/wamv_gazebo/package.zsh'
[1.648s] Level 1:colcon.colcon_core.environment:create_file_with_runtime_dependencies(/home/ruize/dev_ws/install/wamv_gazebo/share/colcon-core/packages/wamv_gazebo)
[1.649s] DEBUG:colcon.colcon_core.event_handler.log_command:Invoked command in '/home/ruize/dev_ws/build/wamv_gazebo' returned '0': CMAKE_PREFIX_PATH=/home/ruize/dev_ws/install/usv_gazebo_plugins:/home/ruize/dev_ws/install/wave_gazebo_plugins:/home/ruize/dev_ws/install/wamv_description:/home/ruize/dev_ws/install/usv_msgs:/home/ruize/dev_ws/install/wamv_gazebo:/home/ruize/dev_ws/install/vrx_gazebo:/home/ruize/px4_ros_com_ros2/install/px4_ros_com:/home/ruize/px4_ros_com_ros2/install/px4_msgs:/opt/ros/foxy /usr/bin/cmake --install /home/ruize/dev_ws/build/wamv_gazebo
[1.668s] Level 1:colcon.colcon_core.environment:create_environment_scripts_only(wamv_gazebo)
[1.669s] Level 1:colcon.colcon_core.environment:checking '/home/ruize/dev_ws/install/wamv_gazebo' for CMake module files
[1.669s] Level 1:colcon.colcon_core.environment:checking '/home/ruize/dev_ws/install/wamv_gazebo' for CMake config files
[1.670s] Level 1:colcon.colcon_core.shell:create_environment_hook('wamv_gazebo', 'cmake_prefix_path')
[1.670s] INFO:colcon.colcon_core.shell:Creating environment hook '/home/ruize/dev_ws/install/wamv_gazebo/share/wamv_gazebo/hook/cmake_prefix_path.ps1'
[1.671s] INFO:colcon.colcon_core.shell:Creating environment descriptor '/home/ruize/dev_ws/install/wamv_gazebo/share/wamv_gazebo/hook/cmake_prefix_path.dsv'
[1.671s] INFO:colcon.colcon_core.shell:Creating environment hook '/home/ruize/dev_ws/install/wamv_gazebo/share/wamv_gazebo/hook/cmake_prefix_path.sh'
[1.671s] Level 1:colcon.colcon_core.environment:checking '/home/ruize/dev_ws/install/wamv_gazebo/bin'
[1.672s] Level 1:colcon.colcon_core.environment:checking '/home/ruize/dev_ws/install/wamv_gazebo/lib/pkgconfig/wamv_gazebo.pc'
[1.672s] Level 1:colcon.colcon_core.environment:checking '/home/ruize/dev_ws/install/wamv_gazebo/lib/python3.8/site-packages'
[1.672s] INFO:colcon.colcon_core.shell:Creating package script '/home/ruize/dev_ws/install/wamv_gazebo/share/wamv_gazebo/package.ps1'
[1.673s] INFO:colcon.colcon_core.shell:Creating package descriptor '/home/ruize/dev_ws/install/wamv_gazebo/share/wamv_gazebo/package.dsv'
[1.673s] INFO:colcon.colcon_core.shell:Creating package script '/home/ruize/dev_ws/install/wamv_gazebo/share/wamv_gazebo/package.sh'
[1.673s] INFO:colcon.colcon_core.shell:Creating package script '/home/ruize/dev_ws/install/wamv_gazebo/share/wamv_gazebo/package.bash'
[1.674s] INFO:colcon.colcon_core.shell:Creating package script '/home/ruize/dev_ws/install/wamv_gazebo/share/wamv_gazebo/package.zsh'
[1.674s] Level 1:colcon.colcon_core.environment:create_file_with_runtime_dependencies(/home/ruize/dev_ws/install/wamv_gazebo/share/colcon-core/packages/wamv_gazebo)
[1.675s] DEBUG:colcon.colcon_parallel_executor.executor.parallel:closing loop
[1.675s] DEBUG:colcon.colcon_parallel_executor.executor.parallel:loop closed
[1.675s] DEBUG:colcon.colcon_parallel_executor.executor.parallel:run_until_complete finished with '0'
[1.675s] DEBUG:colcon.colcon_core.event_reactor:joining thread
[1.687s] INFO:colcon.colcon_core.plugin_system:Skipping extension 'colcon_notification.desktop_notification.terminal_notifier': Not used on non-Darwin systems
[1.687s] INFO:colcon.colcon_core.plugin_system:Skipping extension 'colcon_notification.desktop_notification.win32': Not used on non-Windows systems
[1.687s] INFO:colcon.colcon_notification.desktop_notification:Sending desktop notification using 'notify2'
[1.705s] DEBUG:colcon.colcon_core.event_reactor:joined thread
[1.706s] INFO:colcon.colcon_core.shell:Creating prefix script '/home/ruize/dev_ws/install/local_setup.ps1'
[1.707s] INFO:colcon.colcon_core.shell:Creating prefix util module '/home/ruize/dev_ws/install/_local_setup_util_ps1.py'
[1.708s] INFO:colcon.colcon_core.shell:Creating prefix chain script '/home/ruize/dev_ws/install/setup.ps1'
[1.710s] INFO:colcon.colcon_core.shell:Creating prefix script '/home/ruize/dev_ws/install/local_setup.sh'
[1.711s] INFO:colcon.colcon_core.shell:Creating prefix util module '/home/ruize/dev_ws/install/_local_setup_util_sh.py'
[1.711s] INFO:colcon.colcon_core.shell:Creating prefix chain script '/home/ruize/dev_ws/install/setup.sh'
[1.720s] INFO:colcon.colcon_core.shell:Creating prefix script '/home/ruize/dev_ws/install/local_setup.bash'
[1.721s] INFO:colcon.colcon_core.shell:Creating prefix chain script '/home/ruize/dev_ws/install/setup.bash'
[1.724s] INFO:colcon.colcon_core.shell:Creating prefix script '/home/ruize/dev_ws/install/local_setup.zsh'
[1.725s] INFO:colcon.colcon_core.shell:Creating prefix chain script '/home/ruize/dev_ws/install/setup.zsh'
