[0.009s] Invoking command in '/home/ruize/dev_ws/build/wave_gazebo': CMAKE_PREFIX_PATH=${CMAKE_PREFIX_PATH}:/opt/ros/foxy /usr/bin/cmake /home/ruize/dev_ws/src/wave_gazebo -DCMAKE_INSTALL_PREFIX=/home/ruize/dev_ws/install/wave_gazebo
[0.070s] -- The C compiler identification is GNU 9.3.0
[0.110s] -- The CXX compiler identification is GNU 9.3.0
[0.116s] -- Check for working C compiler: /usr/bin/cc
[0.176s] -- Check for working C compiler: /usr/bin/cc -- works
[0.176s] -- Detecting C compiler ABI info
[0.229s] -- Detecting C compiler ABI info - done
[0.237s] -- Detecting C compile features
[0.237s] -- Detecting C compile features - done
[0.240s] -- Check for working CXX compiler: /usr/bin/c++
[0.321s] -- Check for working CXX compiler: /usr/bin/c++ -- works
[0.321s] -- Detecting CXX compiler ABI info
[0.378s] -- Detecting CXX compiler ABI info - done
[0.386s] -- Detecting CXX compile features
[0.388s] -- Detecting CXX compile features - done
[0.403s] -- Found ament_cmake: 0.9.8 (/opt/ros/foxy/share/ament_cmake/cmake)
[0.424s] -- Found PythonInterp: /usr/bin/python3 (found suitable version "3.8.5", minimum required is "3") 
[0.425s] -- Using PYTHON_EXECUTABLE: /usr/bin/python3
[0.574s] -- Found ament_lint_auto: 0.9.6 (/opt/ros/foxy/share/ament_lint_auto/cmake)
[0.638s] -- Added test 'copyright' to check source files copyright and LICENSE
[0.639s] -- Added test 'lint_cmake' to check CMake code style
[0.640s] -- Added test 'xmllint' to check XML markup files
[0.642s] -- Configuring done
[0.643s] -- Generating done
[0.644s] -- Build files have been written to: /home/ruize/dev_ws/build/wave_gazebo
[0.648s] Invoked command in '/home/ruize/dev_ws/build/wave_gazebo' returned '0': CMAKE_PREFIX_PATH=${CMAKE_PREFIX_PATH}:/opt/ros/foxy /usr/bin/cmake /home/ruize/dev_ws/src/wave_gazebo -DCMAKE_INSTALL_PREFIX=/home/ruize/dev_ws/install/wave_gazebo
[0.651s] Invoking command in '/home/ruize/dev_ws/build/wave_gazebo': CMAKE_PREFIX_PATH=${CMAKE_PREFIX_PATH}:/opt/ros/foxy /usr/bin/cmake --build /home/ruize/dev_ws/build/wave_gazebo -- -j4 -l4
[0.683s] Invoked command in '/home/ruize/dev_ws/build/wave_gazebo' returned '0': CMAKE_PREFIX_PATH=${CMAKE_PREFIX_PATH}:/opt/ros/foxy /usr/bin/cmake --build /home/ruize/dev_ws/build/wave_gazebo -- -j4 -l4
[0.710s] Invoking command in '/home/ruize/dev_ws/build/wave_gazebo': CMAKE_PREFIX_PATH=${CMAKE_PREFIX_PATH}:/opt/ros/foxy /usr/bin/cmake --install /home/ruize/dev_ws/build/wave_gazebo
[0.717s] -- Install configuration: ""
[0.717s] -- Installing: /home/ruize/dev_ws/install/wave_gazebo/share/ament_index/resource_index/package_run_dependencies/wave_gazebo
[0.717s] -- Installing: /home/ruize/dev_ws/install/wave_gazebo/share/ament_index/resource_index/parent_prefix_path/wave_gazebo
[0.717s] -- Installing: /home/ruize/dev_ws/install/wave_gazebo/share/wave_gazebo/environment/ament_prefix_path.sh
[0.717s] -- Installing: /home/ruize/dev_ws/install/wave_gazebo/share/wave_gazebo/environment/ament_prefix_path.dsv
[0.717s] -- Installing: /home/ruize/dev_ws/install/wave_gazebo/share/wave_gazebo/environment/path.sh
[0.717s] -- Installing: /home/ruize/dev_ws/install/wave_gazebo/share/wave_gazebo/environment/path.dsv
[0.717s] -- Installing: /home/ruize/dev_ws/install/wave_gazebo/share/wave_gazebo/local_setup.bash
[0.718s] -- Installing: /home/ruize/dev_ws/install/wave_gazebo/share/wave_gazebo/local_setup.sh
[0.718s] -- Installing: /home/ruize/dev_ws/install/wave_gazebo/share/wave_gazebo/local_setup.zsh
[0.718s] -- Installing: /home/ruize/dev_ws/install/wave_gazebo/share/wave_gazebo/local_setup.dsv
[0.718s] -- Installing: /home/ruize/dev_ws/install/wave_gazebo/share/wave_gazebo/package.dsv
[0.718s] -- Installing: /home/ruize/dev_ws/install/wave_gazebo/share/ament_index/resource_index/packages/wave_gazebo
[0.718s] -- Installing: /home/ruize/dev_ws/install/wave_gazebo/share/wave_gazebo/cmake/wave_gazeboConfig.cmake
[0.718s] -- Installing: /home/ruize/dev_ws/install/wave_gazebo/share/wave_gazebo/cmake/wave_gazeboConfig-version.cmake
[0.718s] -- Installing: /home/ruize/dev_ws/install/wave_gazebo/share/wave_gazebo/package.xml
[0.720s] Invoked command in '/home/ruize/dev_ws/build/wave_gazebo' returned '0': CMAKE_PREFIX_PATH=${CMAKE_PREFIX_PATH}:/opt/ros/foxy /usr/bin/cmake --install /home/ruize/dev_ws/build/wave_gazebo
